RUN	VtsTrails.GetQueueData	getqueuedata	1699440978057	 	3.9.5
USER	Get Data From VTS	START	1699440983258
REQUEST		Get VTS Data	1699440983224	1699440983832	OK	 
REQUEST		Get VTS Data Redirect 1	1699440983838	1699440984121	OK	 
REQUEST		request testing	1699440985660	1699440985660	OK	 
REQUEST		Post VTS Data	1699440985663	1699440985972	OK	 
REQUEST		Post VTS Data Redirect 1	1699440985972	1699440986276	OK	 
REQUEST		Get VTS Data	1699440987290	1699440987572	OK	 
REQUEST		Get VTS Data Redirect 1	1699440987572	1699440987895	OK	 
REQUEST		request testing	1699440987897	1699440987897	OK	 
REQUEST		Post VTS Data	1699440987898	1699440988211	OK	 
REQUEST		Post VTS Data Redirect 1	1699440988211	1699440988492	OK	 
REQUEST		Get VTS Data	1699440989507	1699440989785	OK	 
REQUEST		Get VTS Data Redirect 1	1699440989786	1699440990069	OK	 
REQUEST		request testing	1699440990071	1699440990071	OK	 
REQUEST		Post VTS Data	1699440990071	1699440990351	OK	 
REQUEST		Post VTS Data Redirect 1	1699440990352	1699440990647	OK	 
REQUEST		Get VTS Data	1699440991653	1699440991932	OK	 
REQUEST		Get VTS Data Redirect 1	1699440991932	1699440992211	OK	 
REQUEST		request testing	1699440992212	1699440992212	OK	 
REQUEST		Post VTS Data	1699440992213	1699440992491	OK	 
REQUEST		Post VTS Data Redirect 1	1699440992491	1699440992771	OK	 
REQUEST		Get VTS Data	1699440993778	1699440994056	OK	 
REQUEST		Get VTS Data Redirect 1	1699440994057	1699440994339	OK	 
REQUEST		request testing	1699440994341	1699440994341	OK	 
REQUEST		Post VTS Data	1699440994342	1699440994620	OK	 
REQUEST		Post VTS Data Redirect 1	1699440994621	1699440994898	OK	 
REQUEST		Get VTS Data	1699440995905	1699440996200	OK	 
REQUEST		Get VTS Data Redirect 1	1699440996201	1699440996486	OK	 
REQUEST		request testing	1699440996487	1699440996487	OK	 
REQUEST		Post VTS Data	1699440996487	1699440996772	OK	 
REQUEST		Post VTS Data Redirect 1	1699440996772	1699440997098	OK	 
REQUEST		Get VTS Data	1699440998111	1699440998554	OK	 
REQUEST		Get VTS Data Redirect 1	1699440998555	1699440998835	OK	 
REQUEST		request testing	1699440998839	1699440998839	OK	 
REQUEST		Post VTS Data	1699440998839	1699440999118	OK	 
REQUEST		Post VTS Data Redirect 1	1699440999119	1699440999399	OK	 
USER	Get Data From VTS	END	1699441000413
