RUN	VtsTrails.GetQueueData	getqueuedata	1699444588716	 	3.9.5
USER	Get Data From VTS	START	1699444594192
REQUEST		Get VTS Data	1699444594162	1699444594764	OK	 
REQUEST		Get VTS Data Redirect 1	1699444594773	1699444595059	OK	 
REQUEST		request testing	1699444595985	1699444595985	OK	 
REQUEST		Post VTS Data	1699444595988	1699444596402	OK	 
REQUEST		Post VTS Data Redirect 1	1699444596403	1699444596754	OK	 
REQUEST		Get VTS Data	1699444597770	1699444598049	OK	 
REQUEST		Get VTS Data Redirect 1	1699444598050	1699444598331	OK	 
REQUEST		request testing	1699444598337	1699444598337	OK	 
REQUEST		Post VTS Data	1699444598338	1699444598616	OK	 
REQUEST		Post VTS Data Redirect 1	1699444598616	1699444598958	OK	 
REQUEST		Get VTS Data	1699444599961	1699444600238	OK	 
REQUEST		Get VTS Data Redirect 1	1699444600239	1699444600775	OK	 
REQUEST		request testing	1699444600777	1699444600777	OK	 
REQUEST		Post VTS Data	1699444600778	1699444601130	OK	 
REQUEST		Post VTS Data Redirect 1	1699444601130	1699444601546	OK	 
REQUEST		Get VTS Data	1699444602561	1699444602858	OK	 
REQUEST		Get VTS Data Redirect 1	1699444602858	1699444603380	OK	 
REQUEST		request testing	1699444603383	1699444603383	OK	 
REQUEST		Post VTS Data	1699444603383	1699444603663	OK	 
REQUEST		Post VTS Data Redirect 1	1699444603664	1699444604024	OK	 
REQUEST		Get VTS Data	1699444605027	1699444605309	OK	 
REQUEST		Get VTS Data Redirect 1	1699444605310	1699444605633	OK	 
REQUEST		request testing	1699444605636	1699444605636	OK	 
REQUEST		Post VTS Data	1699444605636	1699444605940	OK	 
REQUEST		Post VTS Data Redirect 1	1699444605941	1699444606332	OK	 
REQUEST		Get VTS Data	1699444607347	1699444607663	OK	 
REQUEST		Get VTS Data Redirect 1	1699444607664	1699444607955	OK	 
REQUEST		request testing	1699444607957	1699444607957	OK	 
REQUEST		Post VTS Data	1699444607958	1699444608382	OK	 
REQUEST		Post VTS Data Redirect 1	1699444608383	1699444608667	OK	 
REQUEST		Get VTS Data	1699444609680	1699444609983	OK	 
REQUEST		Get VTS Data Redirect 1	1699444609984	1699444610329	OK	 
REQUEST		request testing	1699444610336	1699444610336	OK	 
REQUEST		Post VTS Data	1699444610336	1699444610750	OK	 
REQUEST		Post VTS Data Redirect 1	1699444610751	1699444611148	OK	 
USER	Get Data From VTS	END	1699444612166
