RUN	VtsTrails.GetQueueData	getqueuedata	1700634668745	 	3.9.5
USER	Get Data From VTS	START	1700634673971
REQUEST		Get VTS Data	1700634673966	1700634674518	OK	 
REQUEST		Get VTS Data Redirect 1	1700634674526	1700634674809	OK	 
REQUEST		request testing	1700634675699	1700634675699	OK	 
REQUEST		Post VTS Data	1700634675702	1700634676051	OK	 
REQUEST		Post VTS Data Redirect 1	1700634676051	1700634676341	OK	 
REQUEST		Get VTS Data	1700634677350	1700634677618	OK	 
REQUEST		Get VTS Data Redirect 1	1700634677619	1700634677893	OK	 
REQUEST		request testing	1700634677899	1700634677899	OK	 
REQUEST		Post VTS Data	1700634677899	1700634678202	OK	 
REQUEST		Post VTS Data Redirect 1	1700634678203	1700634678502	OK	 
REQUEST		Get VTS Data	1700634679507	1700634679774	OK	 
REQUEST		Get VTS Data Redirect 1	1700634679774	1700634680044	OK	 
REQUEST		request testing	1700634680047	1700634680047	OK	 
REQUEST		Post VTS Data	1700634680047	1700634680453	OK	 
REQUEST		Post VTS Data Redirect 1	1700634680454	1700634680758	OK	 
REQUEST		Get VTS Data	1700634681769	1700634682037	OK	 
REQUEST		Get VTS Data Redirect 1	1700634682038	1700634682310	OK	 
REQUEST		request testing	1700634682314	1700634682314	OK	 
REQUEST		Post VTS Data	1700634682315	1700634682588	OK	 
REQUEST		Post VTS Data Redirect 1	1700634682589	1700634682864	OK	 
REQUEST		Get VTS Data	1700634683875	1700634684142	OK	 
REQUEST		Get VTS Data Redirect 1	1700634684143	1700634684417	OK	 
REQUEST		request testing	1700634684420	1700634684420	OK	 
REQUEST		Post VTS Data	1700634684422	1700634684695	OK	 
REQUEST		Post VTS Data Redirect 1	1700634684696	1700634684966	OK	 
REQUEST		Get VTS Data	1700634685974	1700634686244	OK	 
REQUEST		Get VTS Data Redirect 1	1700634686245	1700634686525	OK	 
REQUEST		request testing	1700634686529	1700634686529	OK	 
REQUEST		Post VTS Data	1700634686530	1700634686810	OK	 
REQUEST		Post VTS Data Redirect 1	1700634686812	1700634687085	OK	 
REQUEST		Get VTS Data	1700634688103	1700634688371	OK	 
REQUEST		Get VTS Data Redirect 1	1700634688372	1700634688648	OK	 
REQUEST		request testing	1700634688656	1700634688656	OK	 
REQUEST		Post VTS Data	1700634688658	1700634688932	OK	 
REQUEST		Post VTS Data Redirect 1	1700634688933	1700634689203	OK	 
USER	Get Data From VTS	END	1700634690215
