RUN	VtsTrails.GetQueueData	getqueuedata	1699433599661	 	3.9.5
USER	Get Data From VTS	START	1699433605278
REQUEST		Get VTS Data	1699433605239	1699433606165	OK	 
REQUEST		Get VTS Data Redirect 1	1699433606185	1699433606570	OK	 
REQUEST		request testing	1699433607611	1699433607611	OK	 
REQUEST		Get VTS Data	1699433608617	1699433608897	OK	 
REQUEST		Get VTS Data Redirect 1	1699433608897	1699433609208	OK	 
REQUEST		request testing	1699433609213	1699433609213	OK	 
REQUEST		Get VTS Data	1699433610218	1699433610492	OK	 
REQUEST		Get VTS Data Redirect 1	1699433610494	1699433610852	OK	 
REQUEST		request testing	1699433610855	1699433610855	OK	 
REQUEST		Get VTS Data	1699433611860	1699433612145	OK	 
REQUEST		Get VTS Data Redirect 1	1699433612146	1699433612421	OK	 
REQUEST		request testing	1699433612423	1699433612423	OK	 
REQUEST		Get VTS Data	1699433613440	1699433613710	OK	 
REQUEST		Get VTS Data Redirect 1	1699433613711	1699433613985	OK	 
REQUEST		request testing	1699433613988	1699433613988	OK	 
REQUEST		Get VTS Data	1699433614997	1699433615352	OK	 
REQUEST		Get VTS Data Redirect 1	1699433615354	1699433615624	OK	 
REQUEST		request testing	1699433615626	1699433615626	OK	 
REQUEST		Get VTS Data	1699433616634	1699433616910	OK	 
REQUEST		Get VTS Data Redirect 1	1699433616911	1699433617300	OK	 
REQUEST		request testing	1699433617303	1699433617303	OK	 
USER	Get Data From VTS	END	1699433618326
