RUN	VtsTrails.GetQueueData	getqueuedata	1699444157100	 	3.9.5
USER	Get Data From VTS	START	1699444162724
REQUEST		Get VTS Data	1699444162484	1699444163322	OK	 
REQUEST		Get VTS Data Redirect 1	1699444163331	1699444163622	OK	 
REQUEST		request testing	1699444164595	1699444164595	OK	 
REQUEST		Post VTS Data	1699444164597	1699444164895	OK	 
REQUEST		Post VTS Data Redirect 1	1699444164896	1699444165181	OK	 
REQUEST		Get VTS Data	1699444166195	1699444166523	OK	 
REQUEST		Get VTS Data Redirect 1	1699444166524	1699444167093	OK	 
REQUEST		request testing	1699444167097	1699444167097	OK	 
REQUEST		Post VTS Data	1699444167098	1699444167415	OK	 
REQUEST		Post VTS Data Redirect 1	1699444167415	1699444167698	OK	 
REQUEST		Get VTS Data	1699444168713	1699444169097	OK	 
REQUEST		Get VTS Data Redirect 1	1699444169097	1699444169529	OK	 
REQUEST		request testing	1699444169533	1699444169533	OK	 
REQUEST		Post VTS Data	1699444169534	1699444169811	OK	 
REQUEST		Post VTS Data Redirect 1	1699444169811	1699444170140	OK	 
REQUEST		Get VTS Data	1699444171154	1699444171773	OK	 
REQUEST		Get VTS Data Redirect 1	1699444171774	1699444172103	OK	 
REQUEST		request testing	1699444172105	1699444172105	OK	 
REQUEST		Post VTS Data	1699444172106	1699444172567	OK	 
REQUEST		Post VTS Data Redirect 1	1699444172569	1699444172897	OK	 
REQUEST		Get VTS Data	1699444173909	1699444174191	OK	 
REQUEST		Get VTS Data Redirect 1	1699444174192	1699444174482	OK	 
REQUEST		request testing	1699444174485	1699444174485	OK	 
REQUEST		Post VTS Data	1699444174487	1699444174865	OK	 
REQUEST		Post VTS Data Redirect 1	1699444174867	1699444175190	OK	 
REQUEST		Get VTS Data	1699444176204	1699444176489	OK	 
REQUEST		Get VTS Data Redirect 1	1699444176490	1699444176842	OK	 
REQUEST		request testing	1699444176845	1699444176845	OK	 
REQUEST		Post VTS Data	1699444176846	1699444177383	OK	 
REQUEST		Post VTS Data Redirect 1	1699444177384	1699444177741	OK	 
REQUEST		Get VTS Data	1699444178747	1699444179064	OK	 
REQUEST		Get VTS Data Redirect 1	1699444179065	1699444179442	OK	 
REQUEST		request testing	1699444179450	1699444179450	OK	 
REQUEST		Post VTS Data	1699444179451	1699444179850	OK	 
REQUEST		Post VTS Data Redirect 1	1699444179851	1699444180196	OK	 
USER	Get Data From VTS	END	1699444181219
