RUN	VtsTrails.GetQueueData	getqueuedata	1699350263926	 	3.9.5
USER	Get Data From VTS	START	1699350269548
REQUEST		Get VTS Data	1699350269236	1699350270369	OK	 
REQUEST		Get VTS Data Redirect 1	1699350270379	1699350270771	OK	 
ERROR	request testing: Failed to build request: j.l.RuntimeException: No attribute named 'enterprise' is defined 	1699350271923
REQUEST		Get VTS Data	1699350272932	1699350273328	OK	 
REQUEST		Get VTS Data Redirect 1	1699350273329	1699350273632	OK	 
ERROR	request testing: Failed to build request: j.l.RuntimeException: No attribute named 'enterprise' is defined 	1699350273635
REQUEST		Get VTS Data	1699350274639	1699350274932	OK	 
REQUEST		Get VTS Data Redirect 1	1699350274933	1699350275270	OK	 
ERROR	request testing: Failed to build request: j.l.RuntimeException: No attribute named 'enterprise' is defined 	1699350275272
REQUEST		Get VTS Data	1699350276277	1699350276601	OK	 
REQUEST		Get VTS Data Redirect 1	1699350276602	1699350276908	OK	 
ERROR	request testing: Failed to build request: j.l.RuntimeException: No attribute named 'enterprise' is defined 	1699350276910
REQUEST		Get VTS Data	1699350277915	1699350278207	OK	 
REQUEST		Get VTS Data Redirect 1	1699350278207	1699350278500	OK	 
ERROR	request testing: Failed to build request: j.l.RuntimeException: No attribute named 'enterprise' is defined 	1699350278501
REQUEST		Get VTS Data	1699350279503	1699350279797	OK	 
REQUEST		Get VTS Data Redirect 1	1699350279797	1699350280090	OK	 
ERROR	request testing: Failed to build request: j.l.RuntimeException: No attribute named 'enterprise' is defined 	1699350280092
REQUEST		Get VTS Data	1699350281101	1699350281418	OK	 
REQUEST		Get VTS Data Redirect 1	1699350281418	1699350281724	OK	 
ERROR	request testing: Failed to build request: j.l.RuntimeException: No attribute named 'enterprise' is defined 	1699350281726
USER	Get Data From VTS	END	1699350282741
