RUN	VtsTrails.OrderModification	ordermodification	1702660789982	 	3.9.5
USER	Initial Scenario	START	1702660794249
REQUEST		Request_X:VTS_GetColumSize	1702660794242	1702660794918	OK	 
REQUEST		Request_X:VTS_GetColumSize Redirect 1	1702660794942	1702660795235	OK	 
USER	Initial Scenario	END	1702660795315
USER	Retrieve order scenario	START	1702660796553
REQUEST		LoginAPI	1702660796223	1702660796628	OK	 
REQUEST		Request_X:VTS_QueryColumn	1702660796700	1702660797460	OK	 
REQUEST		Request_X:VTS_QueryColumn Redirect 1	1702660797461	1702660797977	OK	 
REQUEST		ModifyOrderSyncAPI	1702660798007	1702660798072	KO	j.n.UnknownHostException: pp5eusomapp.ikeadt.com
REQUEST		ModifyOrderSyncAPI	1702660798086	1702660798086	KO	j.n.UnknownHostException: pp5eusomapp.ikeadt.com
REQUEST		ModifyOrderSyncAPI	1702660798093	1702660798093	KO	j.n.UnknownHostException: pp5eusomapp.ikeadt.com
USER	Retrieve order scenario	END	1702660798100
USER	Retrieve order scenario	START	1702660807218
REQUEST		LoginAPI	1702660807215	1702660807291	OK	 
REQUEST		Request_X:VTS_QueryColumn	1702660807294	1702660807872	OK	 
REQUEST		Request_X:VTS_QueryColumn Redirect 1	1702660807874	1702660808205	OK	 
REQUEST		ModifyOrderSyncAPI	1702660808209	1702660808218	KO	j.n.UnknownHostException: pp5eusomapp.ikeadt.com
REQUEST		ModifyOrderSyncAPI	1702660808231	1702660808231	KO	j.n.UnknownHostException: pp5eusomapp.ikeadt.com
REQUEST		ModifyOrderSyncAPI	1702660808242	1702660808242	KO	j.n.UnknownHostException: pp5eusomapp.ikeadt.com
USER	Retrieve order scenario	END	1702660808251
USER	Retrieve order scenario	START	1702660818215
REQUEST		LoginAPI	1702660818214	1702660818306	OK	 
REQUEST		Request_X:VTS_QueryColumn	1702660818307	1702660818971	OK	 
REQUEST		Request_X:VTS_QueryColumn Redirect 1	1702660818972	1702660819393	OK	 
USER	Retrieve order scenario	END	1702660819405
USER	Retrieve order scenario	START	1702660830215
REQUEST		LoginAPI	1702660830211	1702660830336	OK	 
REQUEST		Request_X:VTS_QueryColumn	1702660830337	1702660830942	OK	 
REQUEST		Request_X:VTS_QueryColumn Redirect 1	1702660830943	1702660831312	OK	 
USER	Retrieve order scenario	END	1702660831320
USER	Retrieve order scenario	START	1702660841223
REQUEST		LoginAPI	1702660841221	1702660841288	OK	 
REQUEST		Request_X:VTS_QueryColumn	1702660841290	1702660842217	OK	 
REQUEST		Request_X:VTS_QueryColumn Redirect 1	1702660842218	1702660842618	OK	 
USER	Retrieve order scenario	END	1702660842627
USER	Retrieve order scenario	START	1702660853227
REQUEST		LoginAPI	1702660853224	1702660853305	OK	 
REQUEST		Request_X:VTS_QueryColumn	1702660853306	1702660853955	OK	 
REQUEST		Request_X:VTS_QueryColumn Redirect 1	1702660853956	1702660854244	OK	 
USER	Retrieve order scenario	END	1702660854252
USER	Retrieve order scenario	START	1702660864223
REQUEST		LoginAPI	1702660864220	1702660864290	OK	 
REQUEST		Request_X:VTS_QueryColumn	1702660864291	1702660864932	OK	 
REQUEST		Request_X:VTS_QueryColumn Redirect 1	1702660864933	1702660865242	OK	 
USER	Retrieve order scenario	END	1702660865247
USER	Retrieve order scenario	START	1702660876222
REQUEST		LoginAPI	1702660876219	1702660876281	OK	 
REQUEST		Request_X:VTS_QueryColumn	1702660876282	1702660876954	OK	 
REQUEST		Request_X:VTS_QueryColumn Redirect 1	1702660876954	1702660877734	OK	 
USER	Retrieve order scenario	END	1702660877776
USER	Retrieve order scenario	START	1702660887219
REQUEST		LoginAPI	1702660887216	1702660887291	OK	 
REQUEST		Request_X:VTS_QueryColumn	1702660887292	1702660887981	OK	 
REQUEST		Request_X:VTS_QueryColumn Redirect 1	1702660887982	1702660888267	OK	 
REQUEST		ModifyOrderSyncAPI	1702660888270	1702660888280	KO	j.n.UnknownHostException: pp5eusomapp.ikeadt.com
REQUEST		ModifyOrderSyncAPI	1702660888285	1702660888285	KO	j.n.UnknownHostException: pp5eusomapp.ikeadt.com
REQUEST		ModifyOrderSyncAPI	1702660888292	1702660888292	KO	j.n.UnknownHostException: pp5eusomapp.ikeadt.com
USER	Retrieve order scenario	END	1702660888300
USER	Retrieve order scenario	START	1702660898217
REQUEST		LoginAPI	1702660898214	1702660898298	OK	 
REQUEST		Request_X:VTS_QueryColumn	1702660898299	1702660898866	OK	 
REQUEST		Request_X:VTS_QueryColumn Redirect 1	1702660898867	1702660899339	OK	 
USER	Retrieve order scenario	END	1702660899345
USER	Retrieve order scenario	START	1702660910220
REQUEST		LoginAPI	1702660910219	1702660910297	OK	 
REQUEST		Request_X:VTS_QueryColumn	1702660910299	1702660910913	OK	 
REQUEST		Request_X:VTS_QueryColumn Redirect 1	1702660910913	1702660911219	OK	 
USER	Retrieve order scenario	END	1702660911225
USER	Retrieve order scenario	START	1702660921224
REQUEST		LoginAPI	1702660921222	1702660921281	OK	 
REQUEST		Request_X:VTS_QueryColumn	1702660921282	1702660921982	OK	 
REQUEST		Request_X:VTS_QueryColumn Redirect 1	1702660921983	1702660922382	OK	 
USER	Retrieve order scenario	END	1702660922388
USER	Retrieve order scenario	START	1702660933213
REQUEST		LoginAPI	1702660933210	1702660933271	OK	 
REQUEST		Request_X:VTS_QueryColumn	1702660933272	1702660934464	OK	 
REQUEST		Request_X:VTS_QueryColumn Redirect 1	1702660934465	1702660934778	OK	 
REQUEST		ModifyOrderSyncAPI	1702660934781	1702660934812	KO	j.n.UnknownHostException: pp5eusomapp.ikeadt.com
REQUEST		ModifyOrderSyncAPI	1702660934824	1702660934824	KO	j.n.UnknownHostException: pp5eusomapp.ikeadt.com
REQUEST		ModifyOrderSyncAPI	1702660934828	1702660934828	KO	j.n.UnknownHostException: pp5eusomapp.ikeadt.com
USER	Retrieve order scenario	END	1702660934849
USER	Retrieve order scenario	START	1702660944213
REQUEST		LoginAPI	1702660944211	1702660944277	OK	 
REQUEST		Request_X:VTS_QueryColumn	1702660944279	1702660945020	OK	 
REQUEST		Request_X:VTS_QueryColumn Redirect 1	1702660945022	1702660945421	OK	 
USER	Retrieve order scenario	END	1702660945427
USER	Retrieve order scenario	START	1702660956216
REQUEST		LoginAPI	1702660956214	1702660956281	OK	 
REQUEST		Request_X:VTS_QueryColumn	1702660956282	1702660956890	OK	 
REQUEST		Request_X:VTS_QueryColumn Redirect 1	1702660956891	1702660957209	OK	 
REQUEST		ModifyOrderSyncAPI	1702660957212	1702660957224	KO	j.n.UnknownHostException: pp5eusomapp.ikeadt.com
REQUEST		ModifyOrderSyncAPI	1702660957230	1702660957230	KO	j.n.UnknownHostException: pp5eusomapp.ikeadt.com
REQUEST		ModifyOrderSyncAPI	1702660957236	1702660957236	KO	j.n.UnknownHostException: pp5eusomapp.ikeadt.com
USER	Retrieve order scenario	END	1702660957241
USER	Retrieve order scenario	START	1702660967218
REQUEST		LoginAPI	1702660967216	1702660967280	OK	 
REQUEST		Request_X:VTS_QueryColumn	1702660967281	1702660967959	OK	 
REQUEST		Request_X:VTS_QueryColumn Redirect 1	1702660967960	1702660968368	OK	 
USER	Retrieve order scenario	END	1702660968376
USER	Retrieve order scenario	START	1702660978215
REQUEST		LoginAPI	1702660978214	1702660978261	OK	 
REQUEST		Request_X:VTS_QueryColumn	1702660978262	1702660978958	OK	 
REQUEST		Request_X:VTS_QueryColumn Redirect 1	1702660978959	1702660979362	OK	 
USER	Retrieve order scenario	END	1702660979367
USER	Retrieve order scenario	START	1702660990222
REQUEST		LoginAPI	1702660990221	1702660990285	OK	 
REQUEST		Request_X:VTS_QueryColumn	1702660990286	1702660990988	OK	 
REQUEST		Request_X:VTS_QueryColumn Redirect 1	1702660990989	1702660991397	OK	 
USER	Retrieve order scenario	END	1702660991403
USER	Retrieve order scenario	START	1702661001216
REQUEST		LoginAPI	1702661001213	1702661001290	OK	 
REQUEST		Request_X:VTS_QueryColumn	1702661001292	1702661001952	OK	 
REQUEST		Request_X:VTS_QueryColumn Redirect 1	1702661001953	1702661002399	OK	 
REQUEST		ModifyOrderSyncAPI	1702661002403	1702661002414	KO	j.n.UnknownHostException: pp5eusomapp.ikeadt.com
REQUEST		ModifyOrderSyncAPI	1702661002426	1702661002426	KO	j.n.UnknownHostException: pp5eusomapp.ikeadt.com
REQUEST		ModifyOrderSyncAPI	1702661002433	1702661002433	KO	j.n.UnknownHostException: pp5eusomapp.ikeadt.com
USER	Retrieve order scenario	END	1702661002445
USER	Retrieve order scenario	START	1702661013214
REQUEST		LoginAPI	1702661013213	1702661013283	OK	 
REQUEST		Request_X:VTS_QueryColumn	1702661013285	1702661013976	OK	 
REQUEST		