RUN	VtsTrails.OrderModification	ordermodification	1702613862568	 	3.9.5
USER	Initial Scenario	START	1702613866900
REQUEST		Request_X:VTS_GetColumSize	1702613866896	1702613867471	OK	 
REQUEST		Request_X:VTS_GetColumSize Redirect 1	1702613867478	1702613867763	OK	 
USER	Initial Scenario	END	1702613867822
USER	Retrieve order scenario	START	1702613868115
REQUEST		LoginAPI	1702613867835	1702613868178	OK	 
REQUEST		Request_X:VTS_QueryColumn	1702613868267	1702613868832	OK	 
REQUEST		Request_X:VTS_QueryColumn Redirect 1	1702613868833	1702613869114	OK	 
USER	Retrieve order scenario	END	1702613869144
USER	Retrieve order scenario	START	1702613878833
REQUEST		LoginAPI	1702613878832	1702613878887	OK	 
REQUEST		Request_X:VTS_QueryColumn	1702613878890	1702613879446	OK	 
REQUEST		Request_X:VTS_QueryColumn Redirect 1	1702613879447	1702613879724	OK	 
USER	Retrieve order scenario	END	1702613879727
USER	Retrieve order scenario	START	1702613889828
REQUEST		LoginAPI	1702613889826	1702613889891	OK	 
REQUEST		Request_X:VTS_QueryColumn	1702613889893	1702613890490	OK	 
REQUEST		Request_X:VTS_QueryColumn Redirect 1	1702613890491	1702613890770	OK	 
USER	Retrieve order scenario	END	1702613890780
USER	Retrieve order scenario	START	1702613901836
REQUEST		LoginAPI	1702613901834	1702613901882	OK	 
REQUEST		Request_X:VTS_QueryColumn	1702613901883	1702613902444	OK	 
REQUEST		Request_X:VTS_QueryColumn Redirect 1	1702613902445	1702613902734	OK	 
USER	Retrieve order scenario	END	1702613902739
USER	Retrieve order scenario	START	1702613912828
REQUEST		LoginAPI	1702613912826	1702613912906	OK	 
REQUEST		Request_X:VTS_QueryColumn	1702613912907	1702613913478	OK	 
REQUEST		Request_X:VTS_QueryColumn Redirect 1	1702613913478	1702613913758	OK	 
USER	Retrieve order scenario	END	1702613913762
USER	Retrieve order scenario	START	1702613924839
REQUEST		LoginAPI	1702613924837	1702613924894	OK	 
REQUEST		Request_X:VTS_QueryColumn	1702613924896	1702613925469	OK	 
REQUEST		Request_X:VTS_QueryColumn Redirect 1	1702613925470	1702613925752	OK	 
USER	Retrieve order scenario	END	1702613925759
USER	Retrieve order scenario	START	1702613935844
REQUEST		LoginAPI	1702613935840	1702613935907	OK	 
REQUEST		Request_X:VTS_QueryColumn	1702613935909	1702613936468	OK	 
REQUEST		Request_X:VTS_QueryColumn Redirect 1	1702613936469	1702613936752	OK	 
USER	Retrieve order scenario	END	1702613936762
USER	Retrieve order scenario	START	1702613947829
REQUEST		LoginAPI	1702613947827	1702613947878	OK	 
REQUEST		Request_X:VTS_QueryColumn	1702613947881	1702613948450	OK	 
REQUEST		Request_X:VTS_QueryColumn Redirect 1	1702613948451	1702613948736	OK	 
USER	Retrieve order scenario	END	1702613948746
USER	Retrieve order scenario	START	1702613958841
REQUEST		LoginAPI	1702613958839	1702613958894	OK	 
REQUEST		Request_X:VTS_QueryColumn	1702613958897	1702613959454	OK	 
REQUEST		Request_X:VTS_QueryColumn Redirect 1	1702613959455	1702613959733	OK	 
USER	Retrieve order scenario	END	1702613959739
USER	Retrieve order scenario	START	1702613969834
REQUEST		LoginAPI	1702613969831	1702613969888	OK	 
REQUEST		Request_X:VTS_QueryColumn	1702613969890	1702613970461	OK	 
REQUEST		Request_X:VTS_QueryColumn Redirect 1	1702613970462	1702613970743	OK	 
USER	Retrieve order scenario	END	1702613970749
USER	Retrieve order scenario	START	1702613981839
REQUEST		LoginAPI	1702613981836	1702613981893	OK	 
REQUEST		Request_X:VTS_QueryColumn	1702613981895	1702613982467	OK	 
REQUEST		Request_X:VTS_QueryColumn Redirect 1	1702613982468	1702613982782	OK	 
USER	Retrieve order scenario	END	1702613982788
USER	Retrieve order scenario	START	1702613992843
REQUEST		LoginAPI	1702613992842	1702613992911	OK	 
REQUEST		Request_X:VTS_QueryColumn	1702613992913	1702613993476	OK	 
REQUEST		Request_X:VTS_QueryColumn Redirect 1	1702613993477	1702613993762	OK	 
USER	Retrieve order scenario	END	1702613993770
USER	Retrieve order scenario	START	1702614004830
REQUEST		LoginAPI	1702614004828	1702614004890	OK	 
REQUEST		Request_X:VTS_QueryColumn	1702614004892	1702614005454	OK	 
REQUEST		Request_X:VTS_QueryColumn Redirect 1	1702614005455	1702614005734	OK	 
USER	Retrieve order scenario	END	1702614005747
USER	Retrieve order scenario	START	1702614015828
REQUEST		LoginAPI	1702614015826	1702614015883	OK	 
REQUEST		Request_X:VTS_QueryColumn	1702614015885	1702614016453	OK	 
REQUEST		Request_X:VTS_QueryColumn Redirect 1	1702614016454	1702614016753	OK	 
USER	Retrieve order scenario	END	1702614016759
