RUN	VtsTrails.GetQueueData	getqueuedata	1701070210085	2	3.9.5
USER	Get Data From VTS	START	1701070216298
REQUEST		Get VTS Data	1701070216294	1701070217213	OK	 
REQUEST		Get VTS Data Redirect 1	1701070217228	1701070217643	OK	 
REQUEST		request testing	1701070218915	1701070218915	OK	 
REQUEST		Post VTS Data	1701070218918	1701070219360	OK	 
REQUEST		Post VTS Data Redirect 1	1701070219361	1701070219815	OK	 
REQUEST		Get VTS Data	1701070220827	1701070221209	OK	 
REQUEST		Get VTS Data Redirect 1	1701070221210	1701070221600	OK	 
REQUEST		request testing	1701070221604	1701070221604	OK	 
REQUEST		Post VTS Data	1701070221605	1701070222058	OK	 
REQUEST		Post VTS Data Redirect 1	1701070222058	1701070222514	OK	 
REQUEST		Get VTS Data	1701070223517	1701070223946	OK	 
REQUEST		Get VTS Data Redirect 1	1701070223946	1701070224374	OK	 
REQUEST		request testing	1701070224376	1701070224376	OK	 
REQUEST		Post VTS Data	1701070224377	1701070224796	OK	 
REQUEST		Post VTS Data Redirect 1	1701070224797	1701070225175	OK	 
REQUEST		Get VTS Data	1701070226185	1701070226586	OK	 
REQUEST		Get VTS Data Redirect 1	1701070226586	1701070226964	OK	 
REQUEST		request testing	1701070226966	1701070226966	OK	 
REQUEST		Post VTS Data	1701070226966	1701070227420	OK	 
REQUEST		Post VTS Data Redirect 1	1701070227420	1701070227780	OK	 
REQUEST		Get VTS Data	1701070228790	1701070229166	OK	 
REQUEST		Get VTS Data Redirect 1	1701070229167	1701070229543	OK	 
REQUEST		request testing	1701070229545	1701070229545	OK	 
REQUEST		Post VTS Data	1701070229545	1701070229957	OK	 
REQUEST		Post VTS Data Redirect 1	1701070229958	1701070230368	OK	 
REQUEST		Get VTS Data	1701070231383	1701070231834	OK	 
REQUEST		Get VTS Data Redirect 1	1701070231834	1701070232447	OK	 
REQUEST		request testing	1701070232449	1701070232449	OK	 
REQUEST		Post VTS Data	1701070232449	1701070232867	OK	 
REQUEST		Post VTS Data Redirect 1	1701070232867	1701070233227	OK	 
REQUEST		Get VTS Data	1701070234235	1701070234599	OK	 
REQUEST		Get VTS Data Redirect 1	1701070234600	1701070235110	OK	 
REQUEST		request testing	1701070235114	1701070235114	OK	 
REQUEST		Post VTS Data	1701070235114	1701070235478	OK	 
REQUEST		Post VTS Data Redirect 1	1701070235479	1701070235848	OK	 
USER	Get Data From VTS	END	1701070236853
