RUN	VtsTrails.OrderModification	ordermodification	1702545218656	 	3.9.5
USER	Initial Scenario	START	1702545222718
REQUEST		Request_X:VTS_GetColumSize	1702545222714	1702545223322	OK	 
REQUEST		Request_X:VTS_GetColumSize Redirect 1	1702545223331	1702545223669	OK	 
USER	Initial Scenario	END	1702545223728
USER	Retrieve order scenario	START	1702545224871
REQUEST		LoginAPI	1702545224627	1702545224933	OK	 
REQUEST		Request_X:VTS_QueryColumn	1702545225003	1702545225567	OK	 
REQUEST		Request_X:VTS_QueryColumn Redirect 1	1702545225567	1702545225851	OK	 
USER	Retrieve order scenario	END	1702545225880
USER	Retrieve order scenario	START	1702545235629
REQUEST		LoginAPI	1702545235628	1702545235681	OK	 
REQUEST		Request_X:VTS_QueryColumn	1702545235683	1702545236282	OK	 
REQUEST		Request_X:VTS_QueryColumn Redirect 1	1702545236283	1702545236590	OK	 
USER	Retrieve order scenario	END	1702545236611
USER	Retrieve order scenario	START	1702545246620
REQUEST		LoginAPI	1702545246619	1702545246687	OK	 
REQUEST		Request_X:VTS_QueryColumn	1702545246688	1702545247323	OK	 
REQUEST		Request_X:VTS_QueryColumn Redirect 1	1702545247324	1702545247650	OK	 
USER	Retrieve order scenario	END	1702545247653
USER	Retrieve order scenario	START	1702545258618
REQUEST		LoginAPI	1702545258615	1702545258672	OK	 
REQUEST		Request_X:VTS_QueryColumn	1702545258673	1702545259322	OK	 
REQUEST		Request_X:VTS_QueryColumn Redirect 1	1702545259323	1702545259630	OK	 
USER	Retrieve order scenario	END	1702545259634
USER	Retrieve order scenario	START	1702545269624
REQUEST		LoginAPI	1702545269621	1702545269673	OK	 
REQUEST		Request_X:VTS_QueryColumn	1702545269674	1702545270279	OK	 
REQUEST		Request_X:VTS_QueryColumn Redirect 1	1702545270280	1702545270587	OK	 
USER	Retrieve order scenario	END	1702545270590
