RUN	VtsTrails.OrderModification	ordermodification	1702545518314	 	3.9.5
USER	Initial Scenario	START	1702545522359
REQUEST		Request_X:VTS_GetColumSize	1702545522354	1702545523006	OK	 
REQUEST		Request_X:VTS_GetColumSize Redirect 1	1702545523017	1702545523310	OK	 
USER	Initial Scenario	END	1702545523363
USER	Retrieve order scenario	START	1702545524512
REQUEST		LoginAPI	1702545524288	1702545524559	OK	 
REQUEST		Request_X:VTS_QueryColumn	1702545524612	1702545525227	OK	 
REQUEST		Request_X:VTS_QueryColumn Redirect 1	1702545525227	1702545525518	OK	 
USER	Retrieve order scenario	END	1702545525545
USER	Retrieve order scenario	START	1702545535288
REQUEST		LoginAPI	1702545535287	1702545535343	OK	 
REQUEST		Request_X:VTS_QueryColumn	1702545535346	1702545536006	OK	 
REQUEST		Request_X:VTS_QueryColumn Redirect 1	1702545536007	1702545536293	OK	 
USER	Retrieve order scenario	END	1702545536299
USER	Retrieve order scenario	START	1702545546281
REQUEST		LoginAPI	1702545546280	1702545546329	OK	 
REQUEST		Request_X:VTS_QueryColumn	1702545546330	1702545546961	OK	 
REQUEST		Request_X:VTS_QueryColumn Redirect 1	1702545546961	1702545547253	OK	 
USER	Retrieve order scenario	END	1702545547261
USER	Retrieve order scenario	START	1702545558280
REQUEST		LoginAPI	1702545558278	1702545558328	OK	 
REQUEST		Request_X:VTS_QueryColumn	1702545558329	1702545558917	OK	 
REQUEST		Request_X:VTS_QueryColumn Redirect 1	1702545558918	1702545559201	OK	 
USER	Retrieve order scenario	END	1702545559205
USER	Retrieve order scenario	START	1702545569281
REQUEST		LoginAPI	1702545569280	1702545569327	OK	 
REQUEST		Request_X:VTS_QueryColumn	1702545569328	1702545569988	OK	 
REQUEST		Request_X:VTS_QueryColumn Redirect 1	1702545569988	1702545570308	OK	 
USER	Retrieve order scenario	END	1702545570312
