RUN	VtsTrails.OrderModification	ordermodification	1702612858248	 	3.9.5
USER	Initial Scenario	START	1702612862541
REQUEST		Request_X:VTS_GetColumSize	1702612862537	1702612863140	OK	 
REQUEST		Request_X:VTS_GetColumSize Redirect 1	1702612863149	1702612863445	OK	 
USER	Initial Scenario	END	1702612863514
USER	Retrieve order scenario	START	1702612864751
REQUEST		LoginAPI	1702612864450	1702612864822	OK	 
REQUEST		Request_X:VTS_QueryColumn	1702612864889	1702612865484	OK	 
REQUEST		Request_X:VTS_QueryColumn Redirect 1	1702612865485	1702612865765	OK	 
USER	Retrieve order scenario	END	1702612865792
USER	Retrieve order scenario	START	1702612875441
REQUEST		LoginAPI	1702612875440	1702612875497	OK	 
REQUEST		Request_X:VTS_QueryColumn	1702612875499	1702612876062	OK	 
REQUEST		Request_X:VTS_QueryColumn Redirect 1	1702612876063	1702612876344	OK	 
USER	Retrieve order scenario	END	1702612876388
USER	Retrieve order scenario	START	1702612886442
REQUEST		LoginAPI	1702612886441	1702612886546	OK	 
REQUEST		Request_X:VTS_QueryColumn	1702612886547	1702612887106	OK	 
REQUEST		Request_X:VTS_QueryColumn Redirect 1	1702612887107	1702612887399	OK	 
USER	Retrieve order scenario	END	1702612887434
USER	Retrieve order scenario	START	1702612898440
REQUEST		LoginAPI	1702612898438	1702612898515	OK	 
REQUEST		Request_X:VTS_QueryColumn	1702612898517	1702612899071	OK	 
REQUEST		Request_X:VTS_QueryColumn Redirect 1	1702612899071	1702612899348	OK	 
USER	Retrieve order scenario	END	1702612899353
USER	Retrieve order scenario	START	1702612909451
REQUEST		LoginAPI	1702612909450	1702612909510	OK	 
REQUEST		Request_X:VTS_QueryColumn	1702612909512	1702612910072	OK	 
REQUEST		Request_X:VTS_QueryColumn Redirect 1	1702612910072	1702612910349	OK	 
USER	Retrieve order scenario	END	1702612910354
