RUN	VtsTrails.GetQueueData	getqueuedata	1699440367346	 	3.9.5
USER	Get Data From VTS	START	1699440372962
REQUEST		Get VTS Data	1699440372725	1699440373559	OK	 
REQUEST		Get VTS Data Redirect 1	1699440373569	1699440373853	OK	 
REQUEST		request testing	1699440374752	1699440374752	OK	 
REQUEST		Post VTS Data	1699440374753	1699440375034	OK	 
REQUEST		Post VTS Data Redirect 1	1699440375035	1699440375317	KO	jsonPath($.data.VTS_Trails).find.exists, found nothing
REQUEST		Get VTS Data	1699440376342	1699440376627	OK	 
REQUEST		Get VTS Data Redirect 1	1699440376628	1699440376918	OK	 
REQUEST		request testing	1699440376920	1699440376920	OK	 
REQUEST		Post VTS Data	1699440376921	1699440377204	OK	 
REQUEST		Post VTS Data Redirect 1	1699440377205	1699440377483	KO	jsonPath($.data.VTS_Trails).find.exists, found nothing
REQUEST		Get VTS Data	1699440378488	1699440378771	OK	 
REQUEST		Get VTS Data Redirect 1	1699440378771	1699440379056	OK	 
REQUEST		request testing	1699440379057	1699440379057	OK	 
REQUEST		Post VTS Data	1699440379057	1699440379340	OK	 
REQUEST		Post VTS Data Redirect 1	1699440379340	1699440379628	KO	jsonPath($.data.VTS_Trails).find.exists, found nothing
REQUEST		Get VTS Data	1699440380643	1699440380927	OK	 
REQUEST		Get VTS Data Redirect 1	1699440380928	1699440381208	OK	 
REQUEST		request testing	1699440381210	1699440381210	OK	 
REQUEST		Post VTS Data	1699440381211	1699440381490	OK	 
REQUEST		Post VTS Data Redirect 1	1699440381490	1699440381799	KO	jsonPath($.data.VTS_Trails).find.exists, found nothing
REQUEST		Get VTS Data	1699440382803	1699440383101	OK	 
REQUEST		Get VTS Data Redirect 1	1699440383101	1699440383387	OK	 
REQUEST		request testing	1699440383388	1699440383388	OK	 
REQUEST		Post VTS Data	1699440383389	1699440383667	OK	 
REQUEST		Post VTS Data Redirect 1	1699440383668	1699440383946	KO	jsonPath($.data.VTS_Trails).find.exists, found nothing
REQUEST		Get VTS Data	1699440384962	1699440385250	OK	 
REQUEST		Get VTS Data Redirect 1	1699440385251	1699440385542	OK	 
REQUEST		request testing	1699440385544	1699440385544	OK	 
REQUEST		Post VTS Data	1699440385544	1699440385859	OK	 
REQUEST		Post VTS Data Redirect 1	1699440385860	1699440386142	KO	jsonPath($.data.VTS_Trails).find.exists, found nothing
REQUEST		Get VTS Data	1699440387146	1699440387427	OK	 
REQUEST		Get VTS Data Redirect 1	1699440387427	1699440387784	OK	 
REQUEST		request testing	1699440387787	1699440387787	OK	 
REQUEST		Post VTS Data	1699440387787	1699440388080	OK	 
REQUEST		Post VTS Data Redirect 1	1699440388081	1699440388442	KO	jsonPath($.data.VTS_Trails).find.exists, found nothing
USER	Get Data From VTS	END	1699440389460
