RUN	VtsTrails.GetQueueData	getqueuedata	1699441212333	 	3.9.5
USER	Get Data From VTS	START	1699441217398
REQUEST		Get VTS Data	1699441217372	1699441217957	OK	 
REQUEST		Get VTS Data Redirect 1	1699441217964	1699441218245	OK	 
REQUEST		request testing	1699441219168	1699441219168	OK	 
REQUEST		Post VTS Data	1699441219170	1699441219456	OK	 
REQUEST		Post VTS Data Redirect 1	1699441219457	1699441219736	OK	 
REQUEST		Get VTS Data	1699441220755	1699441221042	OK	 
REQUEST		Get VTS Data Redirect 1	1699441221042	1699441221318	OK	 
REQUEST		request testing	1699441221320	1699441221320	OK	 
REQUEST		Post VTS Data	1699441221320	1699441221612	OK	 
REQUEST		Post VTS Data Redirect 1	1699441221612	1699441221889	OK	 
REQUEST		Get VTS Data	1699441222896	1699441223178	OK	 
REQUEST		Get VTS Data Redirect 1	1699441223179	1699441223457	OK	 
REQUEST		request testing	1699441223458	1699441223458	OK	 
REQUEST		Post VTS Data	1699441223458	1699441223735	OK	 
REQUEST		Post VTS Data Redirect 1	1699441223735	1699441224027	OK	 
REQUEST		Get VTS Data	1699441225032	1699441225309	OK	 
REQUEST		Get VTS Data Redirect 1	1699441225309	1699441225599	OK	 
REQUEST		request testing	1699441225600	1699441225600	OK	 
REQUEST		Post VTS Data	1699441225600	1699441225891	OK	 
REQUEST		Post VTS Data Redirect 1	1699441225892	1699441226171	OK	 
REQUEST		Get VTS Data	1699441227175	1699441227455	OK	 
REQUEST		Get VTS Data Redirect 1	1699441227456	1699441227735	OK	 
REQUEST		request testing	1699441227737	1699441227737	OK	 
REQUEST		Post VTS Data	1699441227738	1699441228050	OK	 
REQUEST		Post VTS Data Redirect 1	1699441228051	1699441228332	OK	 
REQUEST		Get VTS Data	1699441229348	1699441229661	OK	 
REQUEST		Get VTS Data Redirect 1	1699441229662	1699441229992	OK	 
REQUEST		request testing	1699441229993	1699441229993	OK	 
REQUEST		Post VTS Data	1699441229994	1699441230347	OK	 
REQUEST		Post VTS Data Redirect 1	1699441230348	1699441230988	OK	 
REQUEST		Get VTS Data	1699441231994	1699441232270	OK	 
REQUEST		Get VTS Data Redirect 1	1699441232271	1699441232549	OK	 
REQUEST		request testing	1699441232556	1699441232556	OK	 
REQUEST		Post VTS Data	1699441232557	1699441232836	OK	 
REQUEST		Post VTS Data Redirect 1	1699441232838	1699441233116	OK	 
USER	Get Data From VTS	END	1699441234132
