RUN	VtsTrails.GetQueueData	getqueuedata	1702534396265	 	3.9.5
USER	Get Data From VTS	START	1702534401897
REQUEST		Get VTS Data	1702534401891	1702534402605	OK	 
REQUEST		Get VTS Data Redirect 1	1702534402622	1702534402932	OK	 
REQUEST		request testing	1702534404027	1702534404027	OK	 
REQUEST		Post VTS Data	1702534404033	1702534404332	OK	 
REQUEST		Post VTS Data Redirect 1	1702534404333	1702534404630	OK	 
REQUEST		Get VTS Data	1702534405638	1702534405933	OK	 
REQUEST		Get VTS Data Redirect 1	1702534405934	1702534406229	OK	 
REQUEST		request testing	1702534406233	1702534406233	OK	 
REQUEST		Post VTS Data	1702534406234	1702534406587	OK	 
REQUEST		Post VTS Data Redirect 1	1702534406587	1702534406884	OK	 
REQUEST		Get VTS Data	1702534407892	1702534408224	OK	 
REQUEST		Get VTS Data Redirect 1	1702534408225	1702534408531	OK	 
REQUEST		request testing	1702534408533	1702534408533	OK	 
REQUEST		Post VTS Data	1702534408534	1702534408840	OK	 
REQUEST		Post VTS Data Redirect 1	1702534408840	1702534409137	OK	 
REQUEST		Get VTS Data	1702534410148	1702534410476	OK	 
REQUEST		Get VTS Data Redirect 1	1702534410476	1702534410783	OK	 
REQUEST		request testing	1702534410785	1702534410785	OK	 
REQUEST		Post VTS Data	1702534410785	1702534411129	OK	 
REQUEST		Post VTS Data Redirect 1	1702534411129	1702534411500	OK	 
REQUEST		Get VTS Data	1702534412515	1702534412831	OK	 
REQUEST		Get VTS Data Redirect 1	1702534412832	1702534413139	OK	 
REQUEST		request testing	1702534413140	1702534413140	OK	 
REQUEST		Post VTS Data	1702534413141	1702534413447	OK	 
REQUEST		Post VTS Data Redirect 1	1702534413447	1702534413752	OK	 
REQUEST		Get VTS Data	1702534414762	1702534415057	OK	 
REQUEST		Get VTS Data Redirect 1	1702534415057	1702534415354	OK	 
REQUEST		request testing	1702534415356	1702534415356	OK	 
REQUEST		Post VTS Data	1702534415357	1702534415654	OK	 
REQUEST		Post VTS Data Redirect 1	1702534415654	1702534415952	OK	 
REQUEST		Get VTS Data	1702534416965	1702534417244	OK	 
REQUEST		Get VTS Data Redirect 1	1702534417245	1702534417528	OK	 
REQUEST		request testing	1702534417533	1702534417533	OK	 
REQUEST		Post VTS Data	1702534417534	1702534417831	OK	 
REQUEST		Post VTS Data Redirect 1	1702534417831	1702534418125	OK	 
USER	Get Data From VTS	END	1702534419134
