RUN	VtsTrails.GetQueueData	getqueuedata	1701068510466	 	3.9.5
USER	Get Data From VTS	START	1701068515941
REQUEST		Get VTS Data	1701068515937	1701068516540	OK	 
REQUEST		Get VTS Data Redirect 1	1701068516548	1701068516855	OK	 
REQUEST		request testing	1701068517764	1701068517764	OK	 
REQUEST		Post VTS Data	1701068517766	1701068518065	OK	 
REQUEST		Post VTS Data Redirect 1	1701068518066	1701068518374	OK	 
REQUEST		Get VTS Data	1701068519390	1701068519675	OK	 
REQUEST		Get VTS Data Redirect 1	1701068519675	1701068519961	OK	 
REQUEST		request testing	1701068519964	1701068519964	OK	 
REQUEST		Post VTS Data	1701068519965	1701068520255	OK	 
REQUEST		Post VTS Data Redirect 1	1701068520255	1701068520534	OK	 
REQUEST		Get VTS Data	1701068521544	1701068521839	OK	 
REQUEST		Get VTS Data Redirect 1	1701068521840	1701068522147	OK	 
REQUEST		request testing	1701068522149	1701068522149	OK	 
REQUEST		Post VTS Data	1701068522149	1701068522428	OK	 
REQUEST		Post VTS Data Redirect 1	1701068522428	1701068522729	OK	 
REQUEST		Get VTS Data	1701068523736	1701068524037	OK	 
REQUEST		Get VTS Data Redirect 1	1701068524037	1701068524315	OK	 
REQUEST		request testing	1701068524317	1701068524317	OK	 
REQUEST		Post VTS Data	1701068524318	1701068524595	OK	 
REQUEST		Post VTS Data Redirect 1	1701068524596	1701068524902	OK	 
REQUEST		Get VTS Data	1701068525912	1701068526220	OK	 
REQUEST		Get VTS Data Redirect 1	1701068526220	1701068526516	OK	 
REQUEST		request testing	1701068526518	1701068526518	OK	 
REQUEST		Post VTS Data	1701068526518	1701068526799	OK	 
REQUEST		Post VTS Data Redirect 1	1701068526800	1701068527111	OK	 
REQUEST		Get VTS Data	1701068528115	1701068528405	OK	 
REQUEST		Get VTS Data Redirect 1	1701068528405	1701068528683	OK	 
REQUEST		request testing	1701068528685	1701068528685	OK	 
REQUEST		Post VTS Data	1701068528686	1701068528986	OK	 
REQUEST		Post VTS Data Redirect 1	1701068528986	1701068529267	OK	 
REQUEST		Get VTS Data	1701068530283	1701068530576	OK	 
REQUEST		Get VTS Data Redirect 1	1701068530577	1701068530884	OK	 
REQUEST		request testing	1701068530888	1701068530888	OK	 
REQUEST		Post VTS Data	1701068530889	1701068531190	OK	 
REQUEST		Post VTS Data Redirect 1	1701068531191	1701068531474	OK	 
USER	Get Data From VTS	END	1701068532488
