RUN	VtsTrails.GetQueueData	getqueuedata	1699419553545	 	3.9.5
USER	Get Data From VTS	START	1699419559507
REQUEST		Get VTS Data	1699419559152	1699419560195	OK	 
REQUEST		Get VTS Data Redirect 1	1699419560201	1699419560523	OK	 
REQUEST		request testing	1699419561442	1699419561442	OK	 
REQUEST		Get VTS Data	1699419562453	1699419562730	OK	 
REQUEST		Get VTS Data Redirect 1	1699419562731	1699419563077	OK	 
REQUEST		request testing	1699419563079	1699419563079	OK	 
REQUEST		Get VTS Data	1699419564082	1699419564410	OK	 
REQUEST		Get VTS Data Redirect 1	1699419564410	1699419564687	OK	 
REQUEST		request testing	1699419564688	1699419564688	OK	 
REQUEST		Get VTS Data	1699419565704	1699419566116	OK	 
REQUEST		Get VTS Data Redirect 1	1699419566117	1699419566457	OK	 
REQUEST		request testing	1699419566458	1699419566458	OK	 
REQUEST		Get VTS Data	1699419567460	1699419567743	OK	 
REQUEST		Get VTS Data Redirect 1	1699419567744	1699419568100	OK	 
REQUEST		request testing	1699419568101	1699419568101	OK	 
REQUEST		Get VTS Data	1699419569116	1699419569429	OK	 
REQUEST		Get VTS Data Redirect 1	1699419569430	1699419569737	OK	 
REQUEST		request testing	1699419569739	1699419569739	OK	 
REQUEST		Get VTS Data	1699419570752	1699419571037	OK	 
REQUEST		Get VTS Data Redirect 1	1699419571038	1699419571326	OK	 
REQUEST		request testing	1699419571327	1699419571327	OK	 
ERROR	request testing: Failed to build request: j.l.RuntimeException: No attribute named 'item_id' is defined 	1699419572348
USER	Get Data From VTS	END	1699419572360
