RUN	VtsTrails.VTSTrailsPostXMLMsgs	vtstrailspostxmlmsgs	1700638136556	 	3.9.5
ERROR	Get VTS Data: Failed to build request: Failed to build request: j.l.NullPointerException 	1700638141740
ERROR	request testing: Failed to build request: j.l.RuntimeException: No attribute named 'work_order_no' is defined 	1700638142589
ERROR	Post VTS Data: Failed to build request: Failed to build request: j.l.NullPointerException 	1700638142590
USER	Get Data From VTS	START	1700638142591
ERROR	Get VTS Data: Failed to build request: Failed to build request: j.l.NullPointerException 	1700638143595
ERROR	request testing: Failed to build request: j.l.RuntimeException: No attribute named 'work_order_no' is defined 	1700638143597
ERROR	Post VTS Data: Failed to build request: Failed to build request: j.l.NullPointerException 	1700638143597
ERROR	Get VTS Data: Failed to build request: Failed to build request: j.l.NullPointerException 	1700638144613
ERROR	request testing: Failed to build request: j.l.RuntimeException: No attribute named 'work_order_no' is defined 	1700638144614
ERROR	Post VTS Data: Failed to build request: Failed to build request: j.l.NullPointerException 	1700638144615
ERROR	Get VTS Data: Failed to build request: Failed to build request: j.l.NullPointerException 	1700638145620
ERROR	request testing: Failed to build request: j.l.RuntimeException: No attribute named 'work_order_no' is defined 	1700638145622
ERROR	Post VTS Data: Failed to build request: Failed to build request: j.l.NullPointerException 	1700638145624
ERROR	Get VTS Data: Failed to build request: Failed to build request: j.l.NullPointerException 	1700638146632
ERROR	request testing: Failed to build request: j.l.RuntimeException: No attribute named 'work_order_no' is defined 	1700638146634
ERROR	Post VTS Data: Failed to build request: Failed to build request: j.l.NullPointerException 	1700638146635
ERROR	Get VTS Data: Failed to build request: Failed to build request: j.l.NullPointerException 	1700638147649
ERROR	request testing: Failed to build request: j.l.RuntimeException: No attribute named 'work_order_no' is defined 	1700638147650
ERROR	Post VTS Data: Failed to build request: Failed to build request: j.l.NullPointerException 	1700638147651
ERROR	Get VTS Data: Failed to build request: Failed to build request: j.l.NullPointerException 	1700638148652
ERROR	request testing: Failed to build request: j.l.RuntimeException: No attribute named 'work_order_no' is defined 	1700638148653
ERROR	Post VTS Data: Failed to build request: Failed to build request: j.l.NullPointerException 	1700638148654
USER	Get Data From VTS	END	1700638149675
