RUN	VtsTrails.OrderModification	ordermodification	1702614540509	 	3.9.5
USER	Initial Scenario	START	1702614544855
REQUEST		Request_X:VTS_GetColumSize	1702614544848	1702614545436	OK	 
REQUEST		Request_X:VTS_GetColumSize Redirect 1	1702614545444	1702614545729	OK	 
USER	Initial Scenario	END	1702614545788
USER	Retrieve order scenario	START	1702614547633
REQUEST		LoginAPI	1702614546767	1702614547719	OK	 
REQUEST		Request_X:VTS_QueryColumn	1702614547913	1702614548488	OK	 
REQUEST		Request_X:VTS_QueryColumn Redirect 1	1702614548489	1702614548774	OK	 
USER	Retrieve order scenario	END	1702614548847
USER	Retrieve order scenario	START	1702614557733
REQUEST		LoginAPI	1702614557732	1702614557782	OK	 
REQUEST		Request_X:VTS_QueryColumn	1702614557784	1702614558358	OK	 
REQUEST		Request_X:VTS_QueryColumn Redirect 1	1702614558359	1702614558643	OK	 
USER	Retrieve order scenario	END	1702614558649
USER	Retrieve order scenario	START	1702614568736
REQUEST		LoginAPI	1702614568735	1702614568799	OK	 
REQUEST		Request_X:VTS_QueryColumn	1702614568800	1702614569377	OK	 
REQUEST		Request_X:VTS_QueryColumn Redirect 1	1702614569377	1702614569888	OK	 
USER	Retrieve order scenario	END	1702614569897
USER	Retrieve order scenario	START	1702614580736
REQUEST		LoginAPI	1702614580733	1702614580826	OK	 
REQUEST		Request_X:VTS_QueryColumn	1702614580829	1702614581440	OK	 
REQUEST		Request_X:VTS_QueryColumn Redirect 1	1702614581441	1702614581724	OK	 
USER	Retrieve order scenario	END	1702614581731
USER	Retrieve order scenario	START	1702614591734
REQUEST		LoginAPI	1702614591732	1702614591792	OK	 
REQUEST		Request_X:VTS_QueryColumn	1702614591795	1702614592371	OK	 
REQUEST		Request_X:VTS_QueryColumn Redirect 1	1702614592372	1702614592658	OK	 
USER	Retrieve order scenario	END	1702614592665
USER	Retrieve order scenario	START	1702614603747
REQUEST		LoginAPI	1702614603746	1702614603795	OK	 
REQUEST		Request_X:VTS_QueryColumn	1702614603797	1702614605552	OK	 
REQUEST		Request_X:VTS_QueryColumn Redirect 1	1702614605553	1702614605839	OK	 
USER	Retrieve order scenario	END	1702614605845
USER	Retrieve order scenario	START	1702614614740
REQUEST		LoginAPI	1702614614736	1702614614798	OK	 
REQUEST		Request_X:VTS_QueryColumn	1702614614800	1702614615366	OK	 
REQUEST		Request_X:VTS_QueryColumn Redirect 1	1702614615367	1702614615655	OK	 
USER	Retrieve order scenario	END	1702614615661
USER	Retrieve order scenario	START	1702614626735
REQUEST		LoginAPI	1702614626733	1702614626779	OK	 
REQUEST		Request_X:VTS_QueryColumn	1702614626781	1702614627367	OK	 
REQUEST		Request_X:VTS_QueryColumn Redirect 1	1702614627368	1702614627648	OK	 
USER	Retrieve order scenario	END	1702614627653
USER	Retrieve order scenario	START	1702614637735
REQUEST		LoginAPI	1702614637733	1702614637787	OK	 
REQUEST		Request_X:VTS_QueryColumn	1702614637789	1702614638371	OK	 
REQUEST		Request_X:VTS_QueryColumn Redirect 1	1702614638372	1702614638657	OK	 
USER	Retrieve order scenario	END	1702614638664
USER	Retrieve order scenario	START	1702614648745
REQUEST		LoginAPI	1702614648741	1702614648794	OK	 
REQUEST		Request_X:VTS_QueryColumn	1702614648795	1702614649366	OK	 
REQUEST		Request_X:VTS_QueryColumn Redirect 1	1702614649367	1702614649674	OK	 
USER	Retrieve order scenario	END	1702614649679
USER	Retrieve order scenario	START	1702614660728
REQUEST		LoginAPI	1702614660726	1702614660782	OK	 
REQUEST		Request_X:VTS_QueryColumn	1702614660783	1702614661349	OK	 
REQUEST		Request_X:VTS_QueryColumn Redirect 1	1702614661349	1702614661642	OK	 
USER	Retrieve order scenario	END	1702614661646
USER	Retrieve order scenario	START	1702614671732
REQUEST		LoginAPI	1702614671729	1702614671790	OK	 
REQUEST		Request_X:VTS_QueryColumn	1702614671792	1702614672353	OK	 
REQUEST		Request_X:VTS_QueryColumn Redirect 1	1702614672354	1702614672651	OK	 
USER	Retrieve order scenario	END	1702614672657
USER	Retrieve order scenario	START	1702614683737
REQUEST		LoginAPI	1702614683734	1702614683797	OK	 
REQUEST		Request_X:VTS_QueryColumn	1702614683799	1702614684390	OK	 
REQUEST		Request_X:VTS_QueryColumn Redirect 1	1702614684391	1702614684679	OK	 
USER	Retrieve order scenario	END	1702614684684
USER	Retrieve order scenario	START	1702614694738
REQUEST		LoginAPI	1702614694736	1702614694792	OK	 
REQUEST		Request_X:VTS_QueryColumn	1702614694794	1702614695472	OK	 
REQUEST		Request_X:VTS_QueryColumn Redirect 1	1702614695473	1702614695790	OK	 
USER	Retrieve order scenario	END	1702614695794
