RUN	VtsTrails.OrderModification	ordermodification	1703138471771	 	3.9.5
USER	Initial Scenario	START	1703138476009
REQUEST		Request_X:VTS_GetColumSize	1703138475997	1703138476576	OK	 
REQUEST		Request_X:VTS_GetColumSize Redirect 1	1703138476586	1703138476870	OK	 
USER	Initial Scenario	END	1703138476942
USER	Retrieve order scenario	START	1703138477281
REQUEST		LoginAPI	1703138476987	1703138477333	OK	 
REQUEST		Request_X:VTS_QueryColumn	1703138477395	1703138477955	OK	 
REQUEST		Request_X:VTS_QueryColumn Redirect 1	1703138477956	1703138478237	OK	 
USER	Retrieve order scenario	END	1703138478266
USER	Retrieve order scenario	START	1703138487989
REQUEST		LoginAPI	1703138487989	1703138488045	OK	 
REQUEST		Request_X:VTS_QueryColumn	1703138488047	1703138488607	OK	 
REQUEST		Request_X:VTS_QueryColumn Redirect 1	1703138488608	1703138488885	OK	 
USER	Retrieve order scenario	END	1703138488888
USER	Retrieve order scenario	START	1703138498980
REQUEST		LoginAPI	1703138498978	1703138499020	OK	 
REQUEST		Request_X:VTS_QueryColumn	1703138499021	1703138499581	OK	 
REQUEST		Request_X:VTS_QueryColumn Redirect 1	1703138499581	1703138499862	OK	 
USER	Retrieve order scenario	END	1703138499866
USER	Retrieve order scenario	START	1703138510978
REQUEST		LoginAPI	1703138510976	1703138511019	OK	 
REQUEST		Request_X:VTS_QueryColumn	1703138511021	1703138511594	OK	 
REQUEST		Request_X:VTS_QueryColumn Redirect 1	1703138511594	1703138511873	OK	 
USER	Retrieve order scenario	END	1703138511875
USER	Retrieve order scenario	START	1703138521979
REQUEST		LoginAPI	1703138521978	1703138522018	OK	 
REQUEST		Request_X:VTS_QueryColumn	1703138522019	1703138522569	OK	 
REQUEST		Request_X:VTS_QueryColumn Redirect 1	1703138522569	1703138522843	OK	 
USER	Retrieve order scenario	END	1703138522847
USER	Retrieve order scenario	START	1703138533980
REQUEST		LoginAPI	1703138533979	1703138534017	OK	 
REQUEST		Request_X:VTS_QueryColumn	1703138534018	1703138534576	OK	 
REQUEST		Request_X:VTS_QueryColumn Redirect 1	1703138534577	1703138534857	OK	 
USER	Retrieve order scenario	END	1703138534863
USER	Retrieve order scenario	START	1703138544990
REQUEST		LoginAPI	1703138544989	1703138545029	OK	 
REQUEST		Request_X:VTS_QueryColumn	1703138545030	1703138545582	OK	 
REQUEST		Request_X:VTS_QueryColumn Redirect 1	1703138545583	1703138545864	OK	 
USER	Retrieve order scenario	END	1703138545870
USER	Retrieve order scenario	START	1703138556981
REQUEST		LoginAPI	1703138556979	1703138557020	OK	 
REQUEST		Request_X:VTS_QueryColumn	1703138557021	1703138557578	OK	 
REQUEST		Request_X:VTS_QueryColumn Redirect 1	1703138557582	1703138557862	OK	 
USER	Retrieve order scenario	END	1703138557867
USER	Retrieve order scenario	START	1703138567983
REQUEST		LoginAPI	1703138567981	1703138568018	OK	 
REQUEST		Request_X:VTS_QueryColumn	1703138568019	1703138568574	OK	 
REQUEST		Request_X:VTS_QueryColumn Redirect 1	1703138568575	1703138568870	OK	 
USER	Retrieve order scenario	END	1703138568875
USER	Retrieve order scenario	START	1703138578987
REQUEST		LoginAPI	1703138578984	1703138579034	OK	 
REQUEST		Request_X:VTS_QueryColumn	1703138579035	1703138579597	OK	 
REQUEST		Request_X:VTS_QueryColumn Redirect 1	1703138579598	1703138579883	OK	 
USER	Retrieve order scenario	END	1703138579887
USER	Retrieve order scenario	START	1703138590980
REQUEST		LoginAPI	1703138590979	1703138591016	OK	 
REQUEST		Request_X:VTS_QueryColumn	1703138591017	1703138591578	OK	 
REQUEST		Request_X:VTS_QueryColumn Redirect 1	1703138591579	1703138591858	OK	 
USER	Retrieve order scenario	END	1703138591863
USER	Retrieve order scenario	START	1703138601988
REQUEST		LoginAPI	1703138601986	1703138602041	OK	 
REQUEST		Request_X:VTS_QueryColumn	1703138602042	1703138602603	OK	 
REQUEST		Request_X:VTS_QueryColumn Redirect 1	1703138602603	1703138602880	OK	 
USER	Retrieve order scenario	END	1703138602883
USER	Retrieve order scenario	START	1703138613988
REQUEST		LoginAPI	1703138613987	1703138614032	OK	 
REQUEST		Request_X:VTS_QueryColumn	1703138614034	1703138614594	OK	 
REQUEST		Request_X:VTS_QueryColumn Redirect 1	1703138614594	1703138614872	OK	 
REQUEST		ModifyOrderSyncAPI	1703138614876	1703138614903	KO	j.n.UnknownHostException: pp5eusomapp.ikeadt.com
REQUEST		ModifyOrderSyncAPI	1703138614916	1703138614916	KO	j.n.UnknownHostException: pp5eusomapp.ikeadt.com
REQUEST		ModifyOrderSyncAPI	1703138614922	1703138614922	KO	j.n.UnknownHostException: pp5eusomapp.ikeadt.com
USER	Retrieve order scenario	END	1703138614930
USER	Retrieve order scenario	START	1703138624978
REQUEST		LoginAPI	1703138624977	1703138625018	OK	 
REQUEST		Request_X:VTS_QueryColumn	1703138625018	1703138625570	OK	 
REQUEST		Request_X:VTS_QueryColumn Redirect 1	1703138625570	1703138625846	OK	 
USER	Retrieve order scenario	END	1703138625850
USER	Retrieve order scenario	START	1703138636981
REQUEST		LoginAPI	1703138636980	1703138637017	OK	 
REQUEST		Request_X:VTS_QueryColumn	1703138637018	1703138637571	OK	 
REQUEST		Request_X:VTS_QueryColumn Redirect 1	1703138637572	1703138637849	OK	 
USER	Retrieve order scenario	END	1703138637852
USER	Retrieve order scenario	START	1703138647987
REQUEST		LoginAPI	1703138647985	1703138648024	OK	 
REQUEST		Request_X:VTS_QueryColumn	1703138648025	1703138648576	OK	 
REQUEST		Request_X:VTS_QueryColumn Redirect 1	1703138648577	1703138648856	OK	 
REQUEST		ModifyOrderSyncAPI	1703138648858	1703138648864	KO	j.n.UnknownHostException: pp5eusomapp.ikeadt.com
REQUEST		ModifyOrderSyncAPI	1703138648880	1703138648880	KO	j.n.UnknownHostException: pp5eusomapp.ikeadt.com
REQUEST		ModifyOrderSyncAPI	1703138648886	1703138648886	KO	j.n.UnknownHostException: pp5eusomapp.ikeadt.com
USER	Retrieve order scenario	END	1703138648896
USER	Retrieve order scenario	START	1703138658991
REQUEST		LoginAPI	1703138658990	1703138659039	OK	 
REQUEST		Request_X:VTS_QueryColumn	1703138659040	1703138659583	OK	 
REQUEST		Request_X:VTS_QueryColumn Redirect 1	1703138659583	1703138659854	OK	 
USER	Retrieve order scenario	END	1703138659857
USER	Retrieve order scenario	START	1703138670980
REQUEST		LoginAPI	1703138670979	1703138671032	OK	 
REQUEST		Request_X:VTS_QueryColumn	1703138671033	1703138671594	OK	 
REQUEST		Request_X:VTS_QueryColumn Redirect 1	1703138671595	1703138671871	OK	 
REQUEST		ModifyOrderSyncAPI	1703138671874	1703138671885	KO	j.n.UnknownHostException: pp5eusomapp.ikeadt.com
REQUEST		ModifyOrderSyncAPI	1703138671895	1703138671895	KO	j.n.UnknownHostException: pp5eusomapp.ikeadt.com
REQUEST		ModifyOrderSyncAPI	1703138671906	1703138671906	KO	j.n.UnknownHostException: pp5eusomapp.ikeadt.com
USER	Retrieve order scenario	END	1703138671914
USER	Retrieve order scenario	START	1703138681985
REQUEST		LoginAPI	1703138681984	1703138682021	OK	 
REQUEST		Request_X:VTS_QueryColumn	1703138682022	1703138682569	OK	 
REQUEST		Request_X:VTS_QueryColumn Redirect 1	1703138682570	1703138682849	OK	 
REQUEST		ModifyOrderSyncAPI	1703138682851	1703138682861	KO	j.n.UnknownHostException: pp5eusomapp.ikeadt.com
REQUEST		ModifyOrderSyncAPI	1703138682877	1703138682877	KO	j.n.UnknownHostException: pp5eusomapp.ikeadt.com
REQUEST		ModifyOrderSyncAPI	1703138682883	1703138682883	KO	j.n.UnknownHostException: pp5eusomapp.ikeadt.com
USER	Retrieve order scenario	END	1703138682890
USER	Retrieve order scenario	START	1703138693987
REQUEST		LoginAPI	1703138693986	1703138694026	OK	 
REQUEST		Request_X:VTS_QueryColumn	1703138694027	1703138694576	OK	 
REQUEST		Request_X:VTS_QueryColumn Redirect 1	1703138694576	1703138694857	OK	 
REQUEST		ModifyOrderSyncAPI	1703138694860	1703138694864	KO	j.n.UnknownHostException: pp5eusomapp.ikeadt.com
REQUEST		ModifyOrderSyncAPI	1703138694871	1703138694871	KO	j.n.UnknownHostException: pp5eusomapp.ikeadt.com
REQUEST		ModifyOrderSyncAPI	1703138694881	1703138694882	KO	j.n.UnknownHostException: pp5eusomapp.ikeadt.com
USER	Retrieve order scenario	END	1703138694888
USER	Retrieve order scenario	START	1703138704986
REQUEST		LoginAPI	1703138704985	1703138705030	OK	 
REQUEST		Request_X:VTS_QueryColumn	1703138705031	1703138705586	OK	 
REQUEST		Request_X:VTS_QueryColumn Redirect 1	1703138705587	1703138705861	OK	 
USER	Retrieve order scenario	END	1703138705865
USER	Retrieve order scenario	START	1703138716981
REQUEST		LoginAPI	1703138716980	1703138717031	OK	 
REQUEST		Request_X:VTS_QueryColumn	1703138717032	1703138717602	OK	 
REQUEST		Request_X:VTS_QueryColumn Redirect 1	1703138717603	1703138717879	OK	 
USER	Retrieve order scenario	END	1703138717882
USER	Retrieve order scenario	START	1703138727980
REQUEST		LoginAPI	1703138727980	1703138728024	OK	 
REQUEST		Request_X:VTS_QueryColumn	1703138728025	1703138728597	OK	 
REQUEST		Request_X:VTS_QueryColumn Redirect 1	1703138728598	1703138728879	OK	 
USER	Retrieve order scenario	END	1703138728883
USER	Retrieve order scenario	START	1703138738984
REQUEST		LoginAPI	1703138738983	1703138739029	OK	 
REQUEST		Request_X:VTS_QueryColumn	1703138739030	1703138739603	OK	 
REQUEST		Request_X:VTS_QueryColumn Redirect 1	1703138739604	1703138739878	OK	 
USER	Retrieve order scenario	END	1703138739883
USER	Retrieve order scenario	START	1703138750990
REQUEST		LoginAPI	1703138750988	1703138751038	OK	 
REQUEST		Request_X:VTS_QueryColumn	1703138751039	1703138751589	OK	 
REQUEST		Request_X:VTS_QueryColumn Redirect 1	1703138751589	1703138751873	OK	 
REQUEST		ModifyOrderSyncAPI	1703138751875	1703138751882	KO	j.n.UnknownHostException: pp5eusomapp.ikeadt.com
REQUEST		ModifyOrderSyncAPI	1703138751888	1703138751889	KO	j.n.UnknownHostException: pp5eusomapp.ikeadt.com
REQUEST		ModifyOrderSyncAPI	1703138751896	1703138751896	KO	j.n.UnknownHostException: pp5eusomapp.ikeadt.com
USER	Retrieve order scenario	END	1703138751903
USER	Retrieve order scenario	START	1703138761993
REQUEST		LoginAPI	1703138761992	1703138762052	OK	 
REQUEST		Request_X:VTS_QueryColumn	1703138762053	1703138762614	OK	 
REQUEST		Request_X:VTS_QueryColumn Redirect 1	1703138762615	1703138762894	OK	 
USER	Retrieve order scenario	END	1703138762897
USER	Retrieve order scenario	START	1703138773982
REQUEST		LoginAPI	1703138773981	1703138774016	OK	 
REQUEST		Request_X:VTS_QueryColumn	1703138774017	1703138774581	OK	 
REQUEST		Request_X:VTS_QueryColumn Redirect 1	1703138774581	1703138774869	OK	 
REQUEST		ModifyOrderSyncAPI	1703138774871	1703138774876	KO	j.n.UnknownHostException: pp5eusomapp.ikeadt.com
REQUEST		ModifyOrderSyncAPI	1703138774894	1703138774894	KO	j.n.UnknownHostException: pp5eusomapp.ikeadt.com
REQUEST		ModifyOrderSyncAPI	1703138774900	1703138774900	KO	j.n.UnknownHostException: pp5eusomapp.ikeadt.com
USER	Retrieve order scenario	END	1703138774908
USER	Retrieve order scenario	START	1703138784982
REQUEST		LoginAPI	1703138784981	1703138785019	OK	 
REQUEST		Request_X:VTS_QueryColumn	1703138785020	1703138785564	OK	 
REQUEST		Request_X:VTS_QueryColumn Redirect 1	1703138785565	1703138785842	OK	 
USER	Retrieve order scenario	END	1703138785847
USER	Retrieve order scenario	START	1703138796979
REQUEST		LoginAPI	1703138796978	1703138797013	OK	 
REQUEST		Request_X:VTS_QueryColumn	1703138797014	1703138797576	OK	 
REQUEST		Request_X:VTS_QueryColumn Redirect 1	1703138797576	1703138797854	OK	 
USER	Retrieve order scenario	END	1703138797856
USER	Retrieve order scenario	START	1703138807983
REQUEST		LoginAPI	1703138807983	1703138808024	OK	 
REQUEST		Request_X:VTS_QueryColumn	1703138808024	1703138808568	OK	 
REQUEST		Request_X:VTS_QueryColumn Redirect 1	1703138808568	1703138808844	OK	 
USER	Retrieve order scenario	END	1703138808847
USER	Retrieve order scenario	START	1703138818981
REQUEST		LoginAPI	1703138818980	1703138819039	OK	 
REQUEST		Request_X:VTS_QueryColumn	1703138819040	1703138819592	OK	 
REQUEST		Request_X:VTS_QueryColumn Redirect 1	1703138819592	1703138819869	OK	 
REQUEST		ModifyOrderSyncAPI	1703138819870	1703138819879	KO	j.n.UnknownHostException: pp5eusomapp.ikeadt.com
REQUEST		ModifyOrderSyncAPI	1703138819887	1703138819887	KO	j.n.UnknownHostException: pp5eusomapp.ikeadt.com
REQUEST		ModifyOrderSyncAPI	1703138819897	1703138819897	KO	j.n.UnknownHostException: pp5eusomapp.ikeadt.com
USER	Retrieve order scenario	END	1703138819907
USER	Retrieve order scenario	START	1703138830991
REQUEST		LoginAPI	1703138830990	1703138831026	OK	 
REQUEST		Request_X:VTS_QueryColumn	1703138831027	1703138831583	OK	 
REQUEST		Request_X:VTS_QueryColumn Redirect 1	1703138831584	1703138832133	OK	 
USER	Retrieve order scenario	END	1703138832151
USER	Retrieve order scenario	START	1703138841979
REQUEST		LoginAPI	1703138841978	1703138842027	OK	 
REQUEST		Request_X:VTS_QueryColumn	1703138842028	1703138842588	OK	 
REQUEST		Request_X:VTS_QueryColumn Redirect 1	1703138842589	1703138842883	OK	 
USER	Retrieve order scenario	END	1703138842885
USER	Retrieve order scenario	START	1703138853993
REQUEST		LoginAPI	1703138853992	1703138854030	OK	 
REQUEST		Request_X:VTS_QueryColumn	1703138854031	1703138854585	OK	 
REQUEST		Request_X:VTS_QueryColumn Redirect 1	1703138854586	1703138854860	OK	 
REQUEST		ModifyOrderSyncAPI	1703138854863	1703138854875	KO	j.n.UnknownHostException: pp5eusomapp.ikeadt.com
REQUEST		ModifyOrderSyncAPI	1703138854886	1703138854886	KO	j.n.UnknownHostException: pp5eusomapp.ikeadt.com
REQUEST		ModifyOrderSyncAPI	1703138854898	1703138854898	KO	j.n.UnknownHostException: pp5eusomapp.ikeadt.com
USER	Retrieve order scenario	END	1703138854905
USER	Retrieve order scenario	START	1703138864979
REQUEST		LoginAPI	1703138864978	1703138865012	OK	 
REQUEST		Request_X:VTS_QueryColumn	1703138865012	1703138865581	OK	 
REQUEST		Request_X:VTS_QueryColumn Redirect 1	1703138865581	1703138865859	OK	 
USER	Retrieve order scenario	END	1703138865862
USER	Retrieve order scenario	START	1703138876991
REQUEST		LoginAPI	1703138876991	1703138877034	OK	 
REQUEST		Request_X:VTS_QueryColumn	1703138877035	1703138877603	OK	 
REQUEST		Request_X:VTS_QueryColumn Redirect 1	1703138877603	1703138877907	OK	 
REQUEST		ModifyOrderSyncAPI	1703138877910	1703138877916	KO	j.n.UnknownHostException: pp5eusomapp.ikeadt.com
REQUEST		ModifyOrderSyncAPI	1703138877928	1703138877928	KO	j.n.UnknownHostException: pp5eusomapp.ikeadt.com
REQUEST		ModifyOrderSyncAPI	1703138877935	1703138877935	KO	j.n.UnknownHostException: pp5eusomapp.ikeadt.com
USER	Retrieve order scenario	END	1703138877943
USER	Retrieve order scenario	START	1703138887984
REQUEST		LoginAPI	1703138887982	1703138888030	OK	 
REQUEST		Request_X:VTS_QueryColumn	1703138888031	1703138888589	OK	 
REQUEST		Request_X:VTS_QueryColumn Redirect 1	1703138888590	1703138888879	OK	 
REQUEST		ModifyOrderSyncAPI	1703138888881	1703138888885	KO	j.n.UnknownHostException: pp5eusomapp.ikeadt.com
REQUEST		ModifyOrderSyncAPI	1703138888893	1703138888893	KO	j.n.UnknownHostException: pp5eusomapp.ikeadt.com
REQUEST		ModifyOrderSyncAPI	1703138888900	1703138888900	KO	j.n.UnknownHostException: pp5eusomapp.ikeadt.com
USER	Retrieve order scenario	END	1703138888907
USER	Retrieve order scenario	START	1703138898986
REQUEST		LoginAPI	1703138898986	1703138899026	OK	 
REQUEST		Request_X:VTS_QueryColumn	1703138899027	1703138899580	OK	 
REQUEST		Request_X:VTS_QueryColumn Redirect 1	1703138899580	1703138899861	OK	 
REQUEST		ModifyOrderSyncAPI	1703138899863	1703138899872	KO	j.n.UnknownHostException: pp5eusomapp.ikeadt.com
REQUEST		ModifyOrderSyncAPI	1703138899886	1703138899886	KO	j.n.UnknownHostException: pp5eusomapp.ikeadt.com
REQUEST		ModifyOrderSyncAPI	1703138899894	1703138899894	KO	j.n.UnknownHostException: pp5eusomapp.ikeadt.com
USER	Retrieve order scenario	END	1703138899902
USER	Retrieve order scenario	START	1703138910990
REQUEST		LoginAPI	1703138910989	1703138911033	OK	 
REQUEST		Request_X:VTS_QueryColumn	1703138911034	1703138911594	OK	 
REQUEST		Request_X:VTS_QueryColumn Redirect 1	1703138911594	1703138911870	OK	 
USER	Retrieve order scenario	END	1703138911873
USER	Retrieve order scenario	START	1703138921983
REQUEST		LoginAPI	1703138921982	1703138922030	OK	 
REQUEST		Request_X:VTS_QueryColumn	1703138922031	1703138922581	OK	 
REQUEST		Request_X:VTS_QueryColumn Redirect 1	1703138922581	1703138922854	OK	 
REQUEST		ModifyOrderSyncAPI	1703138922856	1703138922867	KO	j.n.UnknownHostException: pp5eusomapp.ikeadt.com
REQUEST		ModifyOrderSyncAPI	1703138922882	1703138922882	KO	j.n.UnknownHostException: pp5eusomapp.ikeadt.com
REQUEST		ModifyOrderSyncAPI	1703138922887	1703138922887	KO	j.n.UnknownHostException: pp5eusomapp.ikeadt.com
USER	Retrieve order scenario	END	1703138922895
USER	Retrieve order scenario	START	1703138933991
REQUEST		LoginAPI	1703138933990	1703138934030	OK	 
REQUEST		Request_X:VTS_QueryColumn	1703138934031	1703138934587	OK	 
REQUEST		Request_X:VTS_QueryColumn Redirect 1	1703138934587	1703138934870	OK	 
REQUEST		ModifyOrderSyncAPI	1703138934872	1703138934896	KO	j.n.UnknownHostException: pp5eusomapp.ikeadt.com
REQUEST		ModifyOrderSyncAPI	1703138934902	1703138934902	KO	j.n.UnknownHostException: pp5eusomapp.ikeadt.com
REQUEST		ModifyOrderSyncAPI	1703138934911	1703138934911	KO	j.n.UnknownHostException: pp5eusomapp.ikeadt.com
USER	Retrieve order scenario	END	1703138934917
USER	Retrieve order scenario	START	1703138944990
REQUEST		LoginAPI	1703138944989	1703138945031	OK	 
REQUEST		Request_X:VTS_QueryColumn	1703138945031	1703138945588	OK	 
REQUEST		Request_X:VTS_QueryColumn Redirect 1	1703138945588	1703138945863	OK	 
USER	Retrieve order scenario	END	1703138945869
USER	Retrieve order scenario	START	1703138956982
REQUEST		LoginAPI	1703138956981	1703138957023	OK	 
REQUEST		Request_X:VTS_QueryColumn	1703138957024	1703138957628	OK	 
REQUEST		Request_X:VTS_QueryColumn Redirect 1	1703138957628	1703138957908	OK	 
USER	Retrieve order scenario	END	1703138957910
USER	Retrieve order scenario	START	1703138967984
REQUEST		LoginAPI	1703138967983	1703138968019	OK	 
REQUEST		Request_X:VTS_QueryColumn	1703138968020	1703138968575	OK	 
REQUEST		Request_X:VTS_QueryColumn Redirect 1	1703138968575	1703138968865	OK	 
USER	Retrieve order scenario	END	1703138968868
USER	Retrieve order scenario	START	1703138978986
REQUEST		LoginAPI	1703138978986	1703138979027	OK	 
REQUEST		Request_X:VTS_QueryColumn	1703138979028	1703138979573	OK	 
REQUEST		Request_X:VTS_QueryColumn Redirect 1	1703138979574	1703138979849	OK	 
USER	Retrieve order scenario	END	1703138979852
USER	Retrieve order scenario	START	1703138990981
REQUEST		LoginAPI	1703138990980	1703138991022	OK	 
REQUEST		Request_X:VTS_QueryColumn	1703138991023	1703138991610	OK	 
REQUEST		Request_X:VTS_QueryColumn Redirect 1	1703138991611	1703138991892	OK	 
USER	Retrieve order scenario	END	1703138991894
USER	Retrieve order scenario	START	1703139001979
REQUEST		LoginAPI	1703139001978	1703139002022	OK	 
REQUEST		Request_X:VTS_QueryColumn	1703139002023	1703139002571	OK	 
REQUEST		Request_X:VTS_QueryColumn Redirect 1	1703139002572	1703139002846	OK	 
USER	Retrieve order scenario	END	1703139002848
USER	Retrieve order scenario	START	1703139013992
REQUEST		LoginAPI	1703139013991	1703139014024	OK	 
REQUEST		Request_X:VTS_QueryColumn	1703139014025	1703139014573	OK	 
REQUEST		Request_X:VTS_QueryColumn Redirect 1	1703139014573	1703139014876	OK	 
REQUEST		ModifyOrderSyncAPI	1703139014878	1703139014899	KO	j.n.UnknownHostException: pp5eusomapp.ikeadt.com
REQUEST		ModifyOrderSyncAPI	1703139014913	1703139014913	KO	j.n.UnknownHostException: pp5eusomapp.ikeadt.com
REQUEST		ModifyOrderSyncAPI	1703139014917	1703139014917	KO	j.n.UnknownHostException: pp5eusomapp.ikeadt.com
USER	Retrieve order scenario	END	1703139014923
USER	Retrieve order scenario	START	1703139024984
REQUEST		LoginAPI	1703139024983	1703139025021	OK	 
REQUEST		Request_X:VTS_QueryColumn	1703139025022	1703139025579	OK	 
REQUEST		Request_X:VTS_QueryColumn Redirect 1	1703139025579	1703139025859	OK	 
USER	Retrieve order scenario	END	1703139025862
USER	Retrieve order scenario	START	1703139036982
REQUEST		LoginAPI	1703139036981	1703139037016	OK	 
REQUEST		Request_X:VTS_QueryColumn	1703139037017	1703139037569	OK	 
REQUEST		Request_X:VTS_QueryColumn Redirect 1	1703139037570	1703139037843	OK	 
USER	Retrieve order scenario	END	1703139037845
USER	Retrieve order scenario	START	1703139047987
REQUEST		LoginAPI	1703139047987	1703139048033	OK	 
REQUEST		Request_X:VTS_QueryColumn	1703139048034	1703139048596	OK	 
REQUEST		Request_X:VTS_QueryColumn Redirect 1	1703139048596	1703139048872	OK	 
USER	Retrieve order scenario	END	1703139048876
USER	Retrieve order scenario	START	1703139058989
REQUEST		LoginAPI	1703139058988	1703139059025	OK	 
REQUEST		Request_X:VTS_QueryColumn	1703139059025	1703139059571	OK	 
REQUEST		Request_X:VTS_QueryColumn Redirect 1	1703139059571	1703139059863	OK	 
USER	Retrieve order scenario	END	1703139059866
USER	Retrieve order scenario	START	1703139070983
REQUEST		LoginAPI	1703139070983	1703139071016	OK	 
REQUEST		Request_X:VTS_QueryColumn	1703139071016	1703139071577	OK	 
REQUEST		Request_X:VTS_QueryColumn Redirect 1	1703139071578	1703139071853	OK	 
USER	Retrieve order scenario	END	1703139071855
USER	Retrieve order scenario	START	1703139081980
REQUEST		LoginAPI	1703139081979	1703139082022	OK	 
REQUEST		Request_X:VTS_QueryColumn	1703139082024	1703139082567	OK	 
REQUEST		Request_X:VTS_QueryColumn Redirect 1	1703139082568	1703139082841	OK	 
REQUEST		ModifyOrderSyncAPI	1703139082843	1703139082847	KO	j.n.UnknownHostException: pp5eusomapp.ikeadt.com
REQUEST		ModifyOrderSyncAPI	1703139082865	1703139082865	KO	j.n.UnknownHostException: pp5eusomapp.ikeadt.com
REQUEST		ModifyOrderSyncAPI	1703139082875	1703139082876	KO	j.n.UnknownHostException: pp5eusomapp.ikeadt.com
USER	Retrieve order scenario	END	1703139082883
USER	Retrieve order scenario	START	1703139093981
REQUEST		LoginAPI	1703139093980	1703139094039	OK	 
REQUEST		Request_X:VTS_QueryColumn	1703139094040	1703139094595	OK	 
REQUEST		Request_X:VTS_QueryColumn Redirect 1	1703139094596	1703139094872	OK	 
USER	Retrieve order scenario	END	1703139094875
USER	Retrieve order scenario	START	1703139104982
REQUEST		LoginAPI	1703139104981	1703139105013	OK	 
REQUEST		Request_X:VTS_QueryColumn	1703139105014	1703139105574	OK	 
REQUEST		Request_X:VTS_QueryColumn Redirect 1	1703139105574	1703139105860	OK	 
USER	Retrieve order scenario	END	1703139105862
USER	Retrieve order scenario	START	1703139116987
REQUEST		LoginAPI	1703139116987	1703139117020	OK	 
REQUEST		Request_X:VTS_QueryColumn	1703139117021	1703139117577	OK	 
REQUEST		Request_X:VTS_QueryColumn Redirect 1	1703139117577	1703139117853	OK	 
REQUEST		ModifyOrderSyncAPI	1703139117855	1703139117866	KO	j.n.UnknownHostException: pp5eusomapp.ikeadt.com
REQUEST		ModifyOrderSyncAPI	1703139117889	1703139117889	KO	j.n.UnknownHostException: pp5eusomapp.ikeadt.com
REQUEST		ModifyOrderSyncAPI	1703139117895	1703139117895	KO	j.n.UnknownHostException: pp5eusomapp.ikeadt.com
USER	Retrieve order scenario	END	1703139117904
USER	Retrieve order scenario	START	1703139127982
REQUEST		LoginAPI	1703139127981	1703139128014	OK	 
REQUEST		Request_X:VTS_QueryColumn	1703139128015	1703139128599	OK	 
REQUEST		Request_X:VTS_QueryColumn Redirect 1	1703139128600	1703139128874	OK	 
USER	Retrieve order scenario	END	1703139128876
USER	Retrieve order scenario	START	1703139138987
REQUEST		LoginAPI	1703139138986	1703139139026	OK	 
REQUEST		Request_X:VTS_QueryColumn	1703139139028	1703139139605	OK	 
REQUEST		Request_X:VTS_QueryColumn Redirect 1	1703139139605	1703139139887	OK	 
REQUEST		ModifyOrderSyncAPI	1703139139889	1703139139904	KO	j.n.UnknownHostException: pp5eusomapp.ikeadt.com
REQUEST		ModifyOrderSyncAPI	1703139139910	1703139139910	KO	j.n.UnknownHostException: pp5eusomapp.ikeadt.com
REQUEST		ModifyOrderSyncAPI	1703139139917	1703139139917	KO	j.n.UnknownHostException: pp5eusomapp.ikeadt.com
USER	Retrieve order scenario	END	1703139139923
USER	Retrieve order scenario	START	1703139150991
REQUEST		LoginAPI	1703139150990	1703139151026	OK	 
REQUEST		Request_X:VTS_QueryColumn	1703139151027	1703139151577	OK	 
REQUEST		Request_X:VTS_QueryColumn Redirect 1	1703139151577	1703139151870	OK	 
USER	Retrieve order scenario	END	1703139151872
USER	Retrieve order scenario	START	1703139161987
REQUEST		LoginAPI	1703139161986	1703139162038	OK	 
REQUEST		Request_X:VTS_QueryColumn	1703139162038	1703139162592	OK	 
REQUEST		Request_X:VTS_QueryColumn Redirect 1	1703139162593	1703139162870	OK	 
USER	Retrieve order scenario	END	1703139162874
USER	Retrieve order scenario	START	1703139173984
REQUEST		LoginAPI	1703139173984	1703139174027	OK	 
REQUEST		Request_X:VTS_QueryColumn	1703139174028	1703139174591	OK	 
REQUEST		Request_X:VTS_QueryColumn Redirect 1	1703139174591	1703139174870	OK	 
USER	Retrieve order scenario	END	1703139174873
USER	Retrieve order scenario	START	1703139184988
REQUEST		LoginAPI	1703139184987	1703139185030	OK	 
REQUEST		Request_X:VTS_QueryColumn	1703139185031	1703139186595	OK	 
REQUEST		Request_X:VTS_QueryColumn Redirect 1	1703139186596	1703139186874	OK	 
USER	Retrieve order scenario	END	1703139186877
