RUN	VtsTrails.OrderModification	ordermodification	1702375513913	 	3.9.5
USER	Initial Scenario	START	1702375517973
REQUEST		Request_X:VTS_GetColumSize	1702375517967	1702375518729	OK	 
REQUEST		Request_X:VTS_GetColumSize Redirect 1	1702375518739	1702375519094	OK	 
USER	Initial Scenario	END	1702375519149
USER	Retrieve order scenario	START	1702375520081
REQUEST		LoginAPI	1702375519897	1702375520203	OK	 
REQUEST		Request_X:VTS_QueryColumn	1702375520263	1702375520876	OK	 
REQUEST		Request_X:VTS_QueryColumn Redirect 1	1702375520877	1702375521181	OK	 
REQUEST		LoginAPI	1702375523222	1702375523251	OK	 
REQUEST		Request_X:VTS_QueryColumn	1702375523253	1702375523638	OK	 
REQUEST		Request_X:VTS_QueryColumn Redirect 1	1702375523639	1702375523922	OK	 
REQUEST		LoginAPI	1702375525940	1702375525974	OK	 
REQUEST		Request_X:VTS_QueryColumn	1702375525975	1702375526302	OK	 
REQUEST		Request_X:VTS_QueryColumn Redirect 1	1702375526303	1702375526608	OK	 
REQUEST		LoginAPI	1702375528612	1702375528640	OK	 
REQUEST		Request_X:VTS_QueryColumn	1702375528641	1702375528964	OK	 
REQUEST		Request_X:VTS_QueryColumn Redirect 1	1702375528966	1702375529251	OK	 
USER	Retrieve order scenario	START	1702375530884
REQUEST		LoginAPI	1702375530883	1702375530974	OK	 
REQUEST		LoginAPI	1702375531274	1702375531293	OK	 
REQUEST		Request_X:VTS_QueryColumn	1702375530975	1702375531729	OK	 
REQUEST		Request_X:VTS_QueryColumn	1702375531294	1702375531729	OK	 
REQUEST		Request_X:VTS_QueryColumn Redirect 1	1702375531730	1702375532015	OK	 
REQUEST		Request_X:VTS_QueryColumn Redirect 1	1702375531730	1702375532025	OK	 
REQUEST		LoginAPI	1702375534034	1702375534066	OK	 
REQUEST		LoginAPI	1702375534034	1702375534066	OK	 
REQUEST		Request_X:VTS_QueryColumn	1702375534067	1702375534391	OK	 
REQUEST		Request_X:VTS_QueryColumn	1702375534067	1702375534392	OK	 
REQUEST		Request_X:VTS_QueryColumn Redirect 1	1702375534392	1702375534698	OK	 
REQUEST		Request_X:VTS_QueryColumn Redirect 1	1702375534392	1702375534698	OK	 
REQUEST		LoginAPI	1702375536701	1702375536731	OK	 
REQUEST		LoginAPI	1702375536716	1702375536742	OK	 
REQUEST		Request_X:VTS_QueryColumn	1702375536733	1702375537053	OK	 
REQUEST		Request_X:VTS_QueryColumn	1702375536743	1702375537053	OK	 
REQUEST		Request_X:VTS_QueryColumn Redirect 1	1702375537053	1702375537360	OK	 
REQUEST		Request_X:VTS_QueryColumn Redirect 1	1702375537053	1702375537361	OK	 
REQUEST		LoginAPI	1702375539368	1702375539387	OK	 
REQUEST		LoginAPI	1702375539368	1702375539387	OK	 
REQUEST		Request_X:VTS_QueryColumn	1702375539389	1702375539670	OK	 
REQUEST		Request_X:VTS_QueryColumn	1702375539388	1702375539676	OK	 
REQUEST		Request_X:VTS_QueryColumn Redirect 1	1702375539670	1702375539951	OK	 
REQUEST		Request_X:VTS_QueryColumn Redirect 1	1702375539677	1702375539964	OK	 
USER	Retrieve order scenario	START	1702375541894
REQUEST		LoginAPI	1702375541954	1702375541979	OK	 
REQUEST		LoginAPI	1702375541892	1702375541979	OK	 
REQUEST		LoginAPI	1702375541969	1702375541985	OK	 
REQUEST		Request_X:VTS_QueryColumn	1702375541980	1702375542275	OK	 
REQUEST		Request_X:VTS_QueryColumn	1702375541987	1702375542275	OK	 
REQUEST		Request_X:VTS_QueryColumn Redirect 1	1702375542275	1702375542583	OK	 
REQUEST		Request_X:VTS_QueryColumn Redirect 1	1702375542275	1702375542583	OK	 
REQUEST		Request_X:VTS_QueryColumn	1702375541980	1702375542585	OK	 
REQUEST		Request_X:VTS_QueryColumn Redirect 1	1702375542588	1702375542878	OK	 
REQUEST		LoginAPI	1702375544593	1702375544622	OK	 
REQUEST		LoginAPI	1702375544593	1702375544622	OK	 
REQUEST		LoginAPI	1702375544887	1702375544911	OK	 
REQUEST		Request_X:VTS_QueryColumn	1702375544623	1702375544961	OK	 
REQUEST		Request_X:VTS_QueryColumn	1702375544623	1702375544967	OK	 
REQUEST		Request_X:VTS_QueryColumn	1702375544912	1702375545203	OK	 
REQUEST		Request_X:VTS_QueryColumn Redirect 1	1702375544961	1702375545242	OK	 
REQUEST		Request_X:VTS_QueryColumn Redirect 1	1702375544968	1702375545256	OK	 
REQUEST		Request_X:VTS_QueryColumn Redirect 1	1702375545204	1702375545552	OK	 
REQUEST		LoginAPI	1702375547259	1702375547280	OK	 
REQUEST		LoginAPI	1702375547273	1702375547291	OK	 
REQUEST		Request_X:VTS_QueryColumn	1702375547281	1702375547561	OK	 
REQUEST		Request_X:VTS_QueryColumn	1702375547292	1702375547577	OK	 
REQUEST		LoginAPI	1702375547569	1702375547585	OK	 
REQUEST		Request_X:VTS_QueryColumn	1702375547586	1702375547907	OK	 
REQUEST		Request_X:VTS_QueryColumn Redirect 1	1702375547578	1702375547907	OK	 
REQUEST		Request_X:VTS_QueryColumn Redirect 1	1702375547561	1702375547907	OK	 
REQUEST		Request_X:VTS_QueryColumn Redirect 1	1702375547908	1702375548214	OK	 
REQUEST		LoginAPI	1702375549921	1702375549948	OK	 
REQUEST		LoginAPI	1702375549921	1702375549948	OK	 
REQUEST		Request_X:VTS_QueryColumn	1702375549949	1702375550229	OK	 
REQUEST		LoginAPI	1702375550218	1702375550233	OK	 
REQUEST		Request_X:VTS_QueryColumn	1702375549949	1702375550235	OK	 
REQUEST		Request_X:VTS_QueryColumn	1702375550234	1702375550570	OK	 
REQUEST		Request_X:VTS_QueryColumn Redirect 1	1702375550229	1702375550571	OK	 
REQUEST		Request_X:VTS_QueryColumn Redirect 1	1702375550236	1702375550570	OK	 
REQUEST		Request_X:VTS_QueryColumn Redirect 1	1702375550570	1702375550878	OK	 
REQUEST		LoginAPI	1702375552584	1702375552603	OK	 
REQUEST		LoginAPI	1702375552584	1702375552603	OK	 
REQUEST		LoginAPI	1702375552881	1702375552908	OK	 
REQUEST		Request_X:VTS_QueryColumn	1702375552604	1702375552912	OK	 
REQUEST		Request_X:VTS_QueryColumn	1702375552604	1702375552912	OK	 
REQUEST		Request_X:VTS_QueryColumn	1702375552909	1702375553231	OK	 
REQUEST		Request_X:VTS_QueryColumn Redirect 1	1702375552912	1702375553231	OK	 
REQUEST		Request_X:VTS_QueryColumn Redirect 1	1702375552912	1702375553231	OK	 
REQUEST		Request_X:VTS_QueryColumn Redirect 1	1702375553232	1702375553539	OK	 
USER	Retrieve order scenario	START	1702375553892
REQUEST		LoginAPI	1702375553890	1702375553970	OK	 
REQUEST		Request_X:VTS_QueryColumn	1702375553971	1702375554665	OK	 
REQUEST		Request_X:VTS_QueryColumn Redirect 1	1702375554665	1702375554972	OK	 
REQUEST		LoginAPI	1702375555237	1702375555260	OK	 
REQUEST		LoginAPI	1702375555238	1702375555260	OK	 
REQUEST		Request_X:VTS_QueryColumn	1702375555261	1702375555541	OK	 
REQUEST		Request_X:VTS_QueryColumn	1702375555261	1702375555550	OK	 
REQUEST		LoginAPI	1702375555549	1702375555571	OK	 
REQUEST		Request_X:VTS_QueryColumn	1702375555572	1702375555998	OK	 
REQUEST		Request_X:VTS_QueryColumn Redirect 1	1702375555550	1702375555998	OK	 
REQUEST		Request_X:VTS_QueryColumn Redirect 1	1702375555542	1702375555998	OK	 
REQUEST		Request_X:VTS_QueryColumn Redirect 1	1702375555998	1702375556303	OK	 
REQUEST		LoginAPI	1702375556980	1702375557004	OK	 
REQUEST		Request_X:VTS_QueryColumn	1702375557005	1702375557337	OK	 
REQUEST		Request_X:VTS_QueryColumn Redirect 1	1702375557338	1702375557635	OK	 
REQUEST		LoginAPI	1702375558009	1702375558034	OK	 
REQUEST		LoginAPI	1702375558009	1702375558036	OK	 
REQUEST		LoginAPI	1702375558307	1702375558324	OK	 
REQUEST		Request_X:VTS_QueryColumn	1702375558035	1702375558329	OK	 
REQUEST		Request_X:VTS_QueryColumn	1702375558037	1702375558329	OK	 
REQUEST		Request_X:VTS_QueryColumn	1702375558325	1702375558659	OK	 
REQUEST		Request_X:VTS_QueryColumn Redirect 1	1702375558329	1702375558659	OK	 
REQUEST		Request_X:VTS_QueryColumn Redirect 1	1702375558329	1702375558659	OK	 
REQUEST		Request_X:VTS_QueryColumn Redirect 1	1702375558659	1702375559069	OK	 
REQUEST		LoginAPI	1702375559648	1702375559684	OK	 
REQUEST		Request_X:VTS_QueryColumn	1702375559685	1702375560014	OK	 
REQUEST		Request_X:VTS_QueryColumn Redirect 1	1702375560014	1702375560302	OK	 
REQUEST		LoginAPI	1702375560661	1702375560686	OK	 
REQUEST		LoginAPI	1702375560677	1702375560693	OK	 
REQUEST		Request_X:VTS_QueryColumn	1702375560693	1702375561064	OK	 
REQUEST		Request_X:VTS_QueryColumn	1702375560687	1702375561064	OK	 
REQUEST		LoginAPI	1702375561081	1702375561100	OK	 
REQUEST		Request_X:VTS_QueryColumn	1702375561101	1702375561425	OK	 
REQUEST		Request_X:VTS_QueryColumn Redirect 1	1702375561064	1702375561425	OK	 
REQUEST		Request_X:VTS_QueryColumn Redirect 1	1702375561064	1702375561425	OK	 
REQUEST		Request_X:VTS_QueryColumn Redirect 1	1702375561426	1702375561715	OK	 
REQUEST		LoginAPI	1702375562312	1702375562347	OK	 
REQUEST		Request_X:VTS_QueryColumn	1702375562349	1702375562653	OK	 
REQUEST		Request_X:VTS_QueryColumn Redirect 1	1702375562654	1702375562960	OK	 
REQUEST		LoginAPI	1702375563436	1702375563469	OK	 
REQUEST		LoginAPI	1702375563436	1702375563474	OK	 
REQUEST		LoginAPI	1702375563727	1702375563754	OK	 
REQUEST		Request_X:VTS_QueryColumn	1702375563470	1702375563758	OK	 
REQUEST		Request_X:VTS_QueryColumn	1702375563475	1702375563761	OK	 
REQUEST		Request_X:VTS_QueryColumn	1702375563755	1702375564072	OK	 
REQUEST		Request_X:VTS_QueryColumn Redirect 1	1702375563761	1702375564072	OK	 
REQUEST		Request_X:VTS_QueryColumn Redirect 1	1702375563759	1702375564072	OK	 
REQUEST		Request_X:VTS_QueryColumn Redirect 1	1702375564073	1702375564496	OK	 
USER	Retrieve order scenario	START	1702375564890
REQUEST		LoginAPI	1702375564889	1702375564929	OK	 
REQUEST		LoginAPI	1702375564965	1702375564979	OK	 
REQUEST		Request_X:VTS_QueryColumn	1702375564980	1702375565269	OK	 
REQUEST		Request_X:VTS_QueryColumn	1702375564930	1702375565520	OK	 
REQUEST		Request_X:VTS_QueryColumn Redirect 1	1702375565270	1702375565558	OK	 
REQUEST		Request_X:VTS_QueryColumn Redirect 1	1702375565520	1702375565829	OK	 
REQUEST		LoginAPI	1702375566086	1702375566112	OK	 
REQUEST		LoginAPI	1702375566086	1702375566113	OK	 
REQUEST		Request_X:VTS_QueryColumn	1702375566113	1702375566392	OK	 
REQUEST		Request_X:VTS_QueryColumn	1702375566113	1702375566399	OK	 
REQUEST		LoginAPI	1702375566510	1702375566537	OK	 
REQUEST		Request_X:VTS_QueryColumn Redirect 1	1702375566393	1702375566748	OK	 
REQUEST		Request_X:VTS_QueryColumn Redirect 1	1702375566400	1702375566749	OK	 
REQUEST		Request_X:VTS_QueryColumn	1702375566538	1702375566826	OK	 
REQUEST		Request_X:VTS_QueryColumn Redirect 1	1702375566827	1702375567160	OK	 
REQUEST		LoginAPI	1702375567567	1702375567589	OK	 
REQUEST		LoginAPI	1702375567833	1702375567847	OK	 
REQUEST		Request_X:VTS_QueryColumn	1702375567590	1702375567878	OK	 
REQUEST		Request_X:VTS_QueryColumn	1702375567848	1702375568182	OK	 
REQUEST		Request_X:VTS_QueryColumn Redirect 1	1702375567879	1702375568183	OK	 
REQUEST		Request_X:VTS_QueryColumn Redirect 1	1702375568183	1702375568489	OK	 
REQUEST		LoginAPI	1702375568766	1702375568794	OK	 
REQUEST		LoginAPI	1702375568766	1702375568794	OK	 
REQUEST		Request_X:VTS_QueryColumn	1702375568795	1702375569095	OK	 
REQUEST		Request_X:VTS_QueryColumn	1702375568795	1702375569095	OK	 
REQUEST		LoginAPI	1702375569171	1702375569192	OK	 
REQUEST		Request_X:VTS_QueryColumn Redirect 1	1702375569096	1702375569412	OK	 
REQUEST		Request_X:VTS_QueryColumn Redirect 1	1702375569096	1702375569411	OK	 
REQUEST		Request_X:VTS_QueryColumn	1702375569193	1702375569482	OK	 
REQUEST		Request_X:VTS_QueryColumn Redirect 1	1702375569482	1702375569821	OK	 
REQUEST		LoginAPI	1702375570193	1702375570228	OK	 
REQUEST		LoginAPI	1702375570503	1702375570530	OK	 
REQUEST		Request_X:VTS_QueryColumn	1702375570229	1702375570534	OK	 
REQUEST		Request_X:VTS_QueryColumn	1702375570531	1702375570844	OK	 
REQUEST		Request_X:VTS_QueryColumn Redirect 1	1702375570534	1702375570844	OK	 
REQUEST		Request_X:VTS_QueryColumn Redirect 1	1702375570845	1702375571151	OK	 
REQUEST		LoginAPI	1702375571426	1702375571455	OK	 
REQUEST		LoginAPI	1702375571426	1702375571455	OK	 
REQUEST		Request_X:VTS_QueryColumn	1702375571455	1702375571766	OK	 
REQUEST		Request_X:VTS_QueryColumn	1702375571455	1702375571766	OK	 
REQUEST		LoginAPI	1702375571828	1702375571853	OK	 
REQUEST		Request_X:VTS_QueryColumn Redirect 1	1702375571767	1702375572074	OK	 
REQUEST		Request_X:VTS_QueryColumn Redirect 1	1702375571767	1702375572074	OK	 
REQUEST		Request_X:VTS_QueryColumn	1702375571854	1702375572142	OK	 
REQUEST		Request_X:VTS_QueryColumn Redirect 1	1702375572142	1702375572483	OK	 
REQUEST		LoginAPI	1702375572855	1702375572883	OK	 
REQUEST		LoginAPI	1702375573153	1702375573172	OK	 
REQUEST		Request_X:VTS_QueryColumn	1702375572884	1702375573176	OK	 
REQUEST		Request_X:VTS_QueryColumn	1702375573173	1702375573506	OK	 
REQUEST		Request_X:VTS_QueryColumn Redirect 1	1702375573176	1702375573506	OK	 
REQUEST		Request_X:VTS_QueryColumn Redirect 1	1702375573507	1702375573815	OK	 
REQUEST		LoginAPI	1702375574086	1702375574105	OK	 
REQUEST		LoginAPI	1702375574086	1702375574105	OK	 
REQUEST		Request_X:VTS_QueryColumn	1702375574106	1702375574428	OK	 
REQUEST		Request_X:VTS_QueryColumn	1702375574106	1702375574429	OK	 
REQUEST		LoginAPI	1702375574490	1702375574512	OK	 
REQUEST		Request_X:VTS_QueryColumn Redirect 1	1702375574429	1702375574735	OK	 
REQUEST		Request_X:VTS_QueryColumn Redirect 1	1702375574429	1702375574736	OK	 
REQUEST		Request_X:VTS_QueryColumn	1702375574513	1702375574802	OK	 
REQUEST		Request_X:VTS_QueryColumn Redirect 1	1702375574802	1702375575146	OK	 
REQUEST		LoginAPI	1702375575516	1702375575530	OK	 
REQUEST		LoginAPI	1702375575829	1702375575851	OK	 
REQUEST		Request_X:VTS_QueryColumn	1702375575531	1702375575856	OK	 
REQUEST		Request_X:VTS_QueryColumn Redirect 1	1702375575856	1702375576143	OK	 
REQUEST		Request_X:VTS_QueryColumn	1702375575852	1702375576145	OK	 
REQUEST		Request_X:VTS_QueryColumn Redirect 1	1702375576145	1702375576479	OK	 
REQUEST		LoginAPI	1702375576748	1702375576779	OK	 
REQUEST		LoginAPI	1702375576748	1702375576779	OK	 
USER	Retrieve order scenario	START	1702375576889
REQUEST		LoginAPI	1702375576888	1702375576926	OK	 
REQUEST		Request_X:VTS_QueryColumn	1702375576780	1702375577090	OK	 
REQUEST		Request_X:VTS_QueryColumn	1702375576780	1702375577090	OK	 
REQUEST		LoginAPI	1702375577154	1702375577180	OK	 
REQUEST		Request_X:VTS_QueryColumn Redirect 1	1702375577091	1702375577371	OK	 
REQUEST		Request_X:VTS_QueryColumn Redirect 1	1702375577091	1702375577378	OK	 
REQUEST		Request_X:VTS_QueryColumn	1702375577181	1702375577468	OK	 
REQUEST		Request_X:VTS_QueryColumn	1702375576927	1702375577494	OK	 
REQUEST		Request_X:VTS_QueryColumn Redirect 1	1702375577469	1702375577757	OK	 
REQUEST		Request_X:VTS_QueryColumn Redirect 1	1702375577495	1702375577780	OK	 
REQUEST		LoginAPI	1702375578151	1702375578181	OK	 
REQUEST		LoginAPI	1702375578494	1702375578517	OK	 
REQUEST		Request_X:VTS_QueryColumn	1702375578182	1702375578525	OK	 
REQUEST		Request_X:VTS_QueryColumn	1702375578518	1702375578833	OK	 
REQUEST		Request_X:VTS_QueryColumn Redirect 1	1702375578526	1702375578833	OK	 
REQUEST		Request_X:VTS_QueryColumn Redirect 1	1702375578833	1702375579126	OK	 
REQUEST		LoginAPI	1702375579378	1702375579405	OK	 
REQUEST		LoginAPI	1702375579393	1702375579410	OK	 
REQUEST		Request_X:VTS_QueryColumn	1702375579411	1702375579753	OK	 
REQUEST		Request_X:VTS_QueryColumn	1702375579406	1702375579753	OK	 
REQUEST		LoginAPI	1702375579767	1702375579791	OK	 
REQUEST		LoginAPI	1702375579798	1702375579812	OK	 
REQUEST		Request_X:VTS_QueryColumn Redirect 1	1702375579754	1702375580036	OK	 
REQUEST		Request_X:VTS_QueryColumn Redirect 1	1702375579754	1702375580042	OK	 
REQUEST		Request_X:VTS_QueryColumn	1702375579792	1702375580079	OK	 
REQUEST		Request_X:VTS_QueryColumn	1702375579813	1702375580095	OK	 
REQUEST		Request_X:VTS_QueryColumn Redirect 1	1702375580080	1702375580370	OK	 
REQUEST		Request_X:VTS_QueryColumn Redirect 1	1702375580095	1702375580379	OK	 
REQUEST		LoginAPI	1702375580844	1702375580873	OK	 
REQUEST		LoginAPI	1702375581139	1702375581161	OK	 
REQUEST		Request_X:VTS_QueryColumn	1702375580874	1702375581165	OK	 
REQUEST		Request_X:VTS_QueryColumn Redirect 1	1702375581166	1702375581453	OK	 
REQUEST		Request_X:VTS_QueryColumn	1702375581162	1702375581457	OK	 
REQUEST		Request_X:VTS_QueryColumn Redirect 1	1702375581457	1702375581801	OK	 
REQUEST		LoginAPI	1702375582040	1702375582063	OK	 
REQUEST		LoginAPI	1702375582056	1702375582071	OK	 
REQUEST		Request_X:VTS_QueryColumn	1702375582064	1702375582346	OK	 
REQUEST		