RUN	VtsTrails.GetQueueData	getqueuedata	1700635043285	 	3.9.5
USER	Get Data From VTS	START	1700635048483
REQUEST		Get VTS Data	1700635048479	1700635049037	OK	 
REQUEST		Get VTS Data Redirect 1	1700635049048	1700635049345	OK	 
REQUEST		request testing	1700635050246	1700635050246	OK	 
REQUEST		Post VTS Data	1700635050249	1700635050549	OK	 
REQUEST		Post VTS Data Redirect 1	1700635050550	1700635050822	OK	 
REQUEST		Get VTS Data	1700635051834	1700635052103	OK	 
REQUEST		Get VTS Data Redirect 1	1700635052104	1700635052374	OK	 
REQUEST		request testing	1700635052377	1700635052377	OK	 
REQUEST		Post VTS Data	1700635052377	1700635052649	OK	 
REQUEST		Post VTS Data Redirect 1	1700635052650	1700635052943	OK	 
REQUEST		Get VTS Data	1700635053952	1700635054300	OK	 
REQUEST		Get VTS Data Redirect 1	1700635054302	1700635054614	OK	 
REQUEST		request testing	1700635054618	1700635054618	OK	 
REQUEST		Post VTS Data	1700635054619	1700635054922	OK	 
REQUEST		Post VTS Data Redirect 1	1700635054922	1700635055199	OK	 
REQUEST		Get VTS Data	1700635056205	1700635056476	OK	 
REQUEST		Get VTS Data Redirect 1	1700635056477	1700635056750	OK	 
REQUEST		request testing	1700635056754	1700635056754	OK	 
REQUEST		Post VTS Data	1700635056755	1700635057033	OK	 
REQUEST		Post VTS Data Redirect 1	1700635057034	1700635057308	OK	 
REQUEST		Get VTS Data	1700635058316	1700635058591	OK	 
REQUEST		Get VTS Data Redirect 1	1700635058592	1700635058868	OK	 
REQUEST		request testing	1700635058872	1700635058872	OK	 
REQUEST		Post VTS Data	1700635058873	1700635059147	OK	 
REQUEST		Post VTS Data Redirect 1	1700635059148	1700635059423	OK	 
REQUEST		Get VTS Data	1700635060439	1700635060718	OK	 
REQUEST		Get VTS Data Redirect 1	1700635060719	1700635060992	OK	 
REQUEST		request testing	1700635060996	1700635060996	OK	 
REQUEST		Post VTS Data	1700635060997	1700635061285	OK	 
REQUEST		Post VTS Data Redirect 1	1700635061286	1700635061558	OK	 
REQUEST		Get VTS Data	1700635062566	1700635062845	OK	 
REQUEST		Get VTS Data Redirect 1	1700635062846	1700635063117	OK	 
REQUEST		request testing	1700635063124	1700635063124	OK	 
REQUEST		Post VTS Data	1700635063125	1700635063406	OK	 
REQUEST		Post VTS Data Redirect 1	1700635063407	1700635063682	OK	 
USER	Get Data From VTS	END	1700635064695
