RUN	VtsTrails.OrderModification	ordermodification	1702613736304	 	3.9.5
USER	Initial Scenario	START	1702613740538
REQUEST		Request_X:VTS_GetColumSize	1702613740530	1702613741128	OK	 
REQUEST		Request_X:VTS_GetColumSize Redirect 1	1702613741139	1702613741441	OK	 
USER	Initial Scenario	END	1702613741500
USER	Retrieve order scenario	START	1702613742724
REQUEST		LoginAPI	1702613742447	1702613742787	OK	 
REQUEST		Request_X:VTS_QueryColumn	1702613742855	1702613743435	OK	 
REQUEST		Request_X:VTS_QueryColumn Redirect 1	1702613743436	1702613743733	OK	 
USER	Retrieve order scenario	END	1702613743759
USER	Retrieve order scenario	START	1702613753440
REQUEST		LoginAPI	1702613753439	1702613753493	OK	 
REQUEST		Request_X:VTS_QueryColumn	1702613753495	1702613754075	OK	 
REQUEST		Request_X:VTS_QueryColumn Redirect 1	1702613754076	1702613754360	OK	 
USER	Retrieve order scenario	END	1702613754369
USER	Retrieve order scenario	START	1702613764442
REQUEST		LoginAPI	1702613764441	1702613764529	OK	 
REQUEST		Request_X:VTS_QueryColumn	1702613764530	1702613765125	OK	 
REQUEST		Request_X:VTS_QueryColumn Redirect 1	1702613765125	1702613765428	OK	 
USER	Retrieve order scenario	END	1702613765435
USER	Retrieve order scenario	START	1702613776436
REQUEST		LoginAPI	1702613776434	1702613776524	OK	 
REQUEST		Request_X:VTS_QueryColumn	1702613776525	1702613777090	OK	 
REQUEST		Request_X:VTS_QueryColumn Redirect 1	1702613777091	1702613777375	OK	 
USER	Retrieve order scenario	END	1702613777380
USER	Retrieve order scenario	START	1702613787435
REQUEST		LoginAPI	1702613787434	1702613787495	OK	 
REQUEST		Request_X:VTS_QueryColumn	1702613787497	1702613788080	OK	 
REQUEST		Request_X:VTS_QueryColumn Redirect 1	1702613788081	1702613788369	OK	 
USER	Retrieve order scenario	END	1702613788372
