RUN	VtsTrails.VTSTrailsPostXMLMsgs	vtstrailspostxmlmsgs	1700637824967	 	3.9.5
ERROR	Get VTS Data: Failed to build request: Failed to build request: j.l.NullPointerException 	1700637830114
ERROR	request testing: Failed to build request: j.l.RuntimeException: No attribute named 'work_order_no' is defined 	1700637830990
ERROR	Post VTS Data: Failed to build request: Failed to build request: j.l.NullPointerException 	1700637830992
USER	Get Data From VTS	START	1700637830997
ERROR	Get VTS Data: Failed to build request: Failed to build request: j.l.NullPointerException 	1700637832005
ERROR	request testing: Failed to build request: j.l.RuntimeException: No attribute named 'work_order_no' is defined 	1700637832007
ERROR	Post VTS Data: Failed to build request: Failed to build request: j.l.NullPointerException 	1700637832009
ERROR	Get VTS Data: Failed to build request: Failed to build request: j.l.NullPointerException 	1700637833024
ERROR	request testing: Failed to build request: j.l.RuntimeException: No attribute named 'work_order_no' is defined 	1700637833027
ERROR	Post VTS Data: Failed to build request: Failed to build request: j.l.NullPointerException 	1700637833029
ERROR	Get VTS Data: Failed to build request: Failed to build request: j.l.NullPointerException 	1700637834032
ERROR	request testing: Failed to build request: j.l.RuntimeException: No attribute named 'work_order_no' is defined 	1700637834036
ERROR	Post VTS Data: Failed to build request: Failed to build request: j.l.NullPointerException 	1700637834038
ERROR	Get VTS Data: Failed to build request: Failed to build request: j.l.NullPointerException 	1700637835042
ERROR	request testing: Failed to build request: j.l.RuntimeException: No attribute named 'work_order_no' is defined 	1700637835044
ERROR	Post VTS Data: Failed to build request: Failed to build request: j.l.NullPointerException 	1700637835047
ERROR	Get VTS Data: Failed to build request: Failed to build request: j.l.NullPointerException 	1700637836059
ERROR	request testing: Failed to build request: j.l.RuntimeException: No attribute named 'work_order_no' is defined 	1700637836062
ERROR	Post VTS Data: Failed to build request: Failed to build request: j.l.NullPointerException 	1700637836064
ERROR	Get VTS Data: Failed to build request: Failed to build request: j.l.NullPointerException 	1700637837079
ERROR	request testing: Failed to build request: j.l.RuntimeException: No attribute named 'work_order_no' is defined 	1700637837082
ERROR	Post VTS Data: Failed to build request: Failed to build request: j.l.NullPointerException 	1700637837084
USER	Get Data From VTS	END	1700637838108
