RUN	VtsTrails.GetQueueData	getqueuedata	1699440895137	 	3.9.5
USER	Get Data From VTS	START	1699440900244
REQUEST		Get VTS Data	1699440900209	1699440900812	OK	 
REQUEST		Get VTS Data Redirect 1	1699440900820	1699440901103	OK	 
REQUEST		request testing	1699440901987	1699440901987	OK	 
REQUEST		Post VTS Data	1699440901989	1699440902268	OK	 
REQUEST		Post VTS Data Redirect 1	1699440902268	1699440902547	OK	 
REQUEST		Get VTS Data	1699440903560	1699440903839	OK	 
REQUEST		Get VTS Data Redirect 1	1699440903840	1699440904127	OK	 
REQUEST		request testing	1699440904130	1699440904130	OK	 
REQUEST		Post VTS Data	1699440904131	1699440904426	OK	 
REQUEST		Post VTS Data Redirect 1	1699440904427	1699440904707	OK	 
REQUEST		Get VTS Data	1699440905719	1699440906088	OK	 
REQUEST		Get VTS Data Redirect 1	1699440906089	1699440906369	OK	 
REQUEST		request testing	1699440906372	1699440906372	OK	 
REQUEST		Post VTS Data	1699440906372	1699440906653	OK	 
REQUEST		Post VTS Data Redirect 1	1699440906654	1699440906934	OK	 
REQUEST		Get VTS Data	1699440907941	1699440908217	OK	 
REQUEST		Get VTS Data Redirect 1	1699440908217	1699440908496	OK	 
REQUEST		request testing	1699440908497	1699440908497	OK	 
REQUEST		Post VTS Data	1699440908498	1699440908776	OK	 
REQUEST		Post VTS Data Redirect 1	1699440908777	1699440909060	OK	 
REQUEST		Get VTS Data	1699440910074	1699440910352	OK	 
REQUEST		Get VTS Data Redirect 1	1699440910354	1699440910634	OK	 
REQUEST		request testing	1699440910636	1699440910636	OK	 
REQUEST		Post VTS Data	1699440910636	1699440910919	OK	 
REQUEST		Post VTS Data Redirect 1	1699440910920	1699440911197	OK	 
REQUEST		Get VTS Data	1699440912215	1699440912496	OK	 
REQUEST		Get VTS Data Redirect 1	1699440912496	1699440912775	OK	 
REQUEST		request testing	1699440912776	1699440912776	OK	 
REQUEST		Post VTS Data	1699440912776	1699440913055	OK	 
REQUEST		Post VTS Data Redirect 1	1699440913056	1699440913335	OK	 
REQUEST		Get VTS Data	1699440914343	1699440914622	OK	 
REQUEST		Get VTS Data Redirect 1	1699440914623	1699440914914	OK	 
REQUEST		request testing	1699440914917	1699440914917	OK	 
REQUEST		Post VTS Data	1699440914917	1699440915199	OK	 
REQUEST		Post VTS Data Redirect 1	1699440915200	1699440915478	OK	 
USER	Get Data From VTS	END	1699440916488
