RUN	VtsTrails.OrderModification	ordermodification	1702542968118	 	3.9.5
USER	Initial Scenario	START	1702542972567
REQUEST		Request_X:VTS_GetColumSize	1702542972561	1702542973157	OK	 
REQUEST		Request_X:VTS_GetColumSize Redirect 1	1702542973167	1702542973455	OK	 
USER	Initial Scenario	END	1702542973520
USER	Retrieve order scenario	START	1702542974692
REQUEST		LoginAPI	1702542974498	1702542974823	OK	 
REQUEST		Request_X:VTS_QueryColumn	1702542974883	1702542975449	OK	 
REQUEST		Request_X:VTS_QueryColumn Redirect 1	1702542975450	1702542975733	OK	 
USER	Retrieve order scenario	END	1702542975765
USER	Retrieve order scenario	START	1702542985508
REQUEST		LoginAPI	1702542985507	1702542985557	OK	 
REQUEST		Request_X:VTS_QueryColumn	1702542985559	1702542986129	OK	 
REQUEST		Request_X:VTS_QueryColumn Redirect 1	1702542986130	1702542986415	OK	 
USER	Retrieve order scenario	END	1702542986422
USER	Retrieve order scenario	START	1702542996492
REQUEST		LoginAPI	1702542996491	1702542996543	OK	 
REQUEST		Request_X:VTS_QueryColumn	1702542996545	1702542997109	OK	 
REQUEST		Request_X:VTS_QueryColumn Redirect 1	1702542997110	1702542997393	OK	 
USER	Retrieve order scenario	END	1702542997397
USER	Retrieve order scenario	START	1702543008491
REQUEST		LoginAPI	1702543008489	1702543008555	OK	 
REQUEST		Request_X:VTS_QueryColumn	1702543008556	1702543009114	OK	 
REQUEST		Request_X:VTS_QueryColumn Redirect 1	1702543009114	1702543009396	OK	 
USER	Retrieve order scenario	END	1702543009399
USER	Retrieve order scenario	START	1702543019494
REQUEST		LoginAPI	1702543019493	1702543019540	OK	 
REQUEST		Request_X:VTS_QueryColumn	1702543019541	1702543020130	OK	 
REQUEST		Request_X:VTS_QueryColumn Redirect 1	1702543020130	1702543020423	OK	 
USER	Retrieve order scenario	END	1702543020428
