RUN	VtsTrails.GetQueueData	getqueuedata	1700633725298	 	3.9.5
USER	Get Data From VTS	START	1700633730818
REQUEST		Get VTS Data	1700633730810	1700633731410	OK	 
REQUEST		Get VTS Data Redirect 1	1700633731427	1700633731720	OK	 
REQUEST		request testing	1700633732682	1700633732682	OK	 
REQUEST		Post VTS Data	1700633732684	1700633732977	OK	 
REQUEST		Post VTS Data Redirect 1	1700633732978	1700633733255	OK	 
REQUEST		Get VTS Data	1700633734271	1700633734541	OK	 
REQUEST		Get VTS Data Redirect 1	1700633734541	1700633734812	OK	 
REQUEST		request testing	1700633734815	1700633734815	OK	 
REQUEST		Post VTS Data	1700633734816	1700633735089	OK	 
REQUEST		Post VTS Data Redirect 1	1700633735090	1700633735366	OK	 
REQUEST		Get VTS Data	1700633736370	1700633736638	OK	 
REQUEST		Get VTS Data Redirect 1	1700633736639	1700633736914	OK	 
REQUEST		request testing	1700633736916	1700633736916	OK	 
REQUEST		Post VTS Data	1700633736917	1700633737190	OK	 
REQUEST		Post VTS Data Redirect 1	1700633737191	1700633737462	OK	 
REQUEST		Get VTS Data	1700633738475	1700633738749	OK	 
REQUEST		Get VTS Data Redirect 1	1700633738750	1700633739019	OK	 
REQUEST		request testing	1700633739022	1700633739022	OK	 
REQUEST		Post VTS Data	1700633739023	1700633739294	OK	 
REQUEST		Post VTS Data Redirect 1	1700633739295	1700633739567	OK	 
REQUEST		Get VTS Data	1700633740580	1700633740847	OK	 
REQUEST		Get VTS Data Redirect 1	1700633740848	1700633741115	OK	 
REQUEST		request testing	1700633741117	1700633741117	OK	 
REQUEST		Post VTS Data	1700633741118	1700633741390	OK	 
REQUEST		Post VTS Data Redirect 1	1700633741390	1700633741682	OK	 
REQUEST		Get VTS Data	1700633742684	1700633742952	OK	 
REQUEST		Get VTS Data Redirect 1	1700633742952	1700633743222	OK	 
REQUEST		request testing	1700633743225	1700633743225	OK	 
REQUEST		Post VTS Data	1700633743225	1700633743541	OK	 
REQUEST		Post VTS Data Redirect 1	1700633743542	1700633743819	OK	 
REQUEST		Get VTS Data	1700633744826	1700633745096	OK	 
REQUEST		Get VTS Data Redirect 1	1700633745097	1700633745366	OK	 
REQUEST		request testing	1700633745379	1700633745379	OK	 
REQUEST		Post VTS Data	1700633745379	1700633745655	OK	 
REQUEST		Post VTS Data Redirect 1	1700633745656	1700633745930	OK	 
USER	Get Data From VTS	END	1700633746947
