RUN	VtsTrails.OrderModification	ordermodification	1703135709961	 	3.9.5
USER	Initial Scenario	START	1703135715440
REQUEST		Request_X:VTS_GetColumSize	1703135715420	1703135716055	OK	 
REQUEST		Request_X:VTS_GetColumSize Redirect 1	1703135716076	1703135716363	OK	 
USER	Initial Scenario	END	1703135716505
USER	Retrieve order scenario	START	1703135718547
REQUEST		LoginAPI	1703135717428	1703135718982	OK	 
REQUEST		Request_X:VTS_QueryColumn	1703135719351	1703135719945	OK	 
REQUEST		Request_X:VTS_QueryColumn Redirect 1	1703135719947	1703135720227	OK	 
USER	Retrieve order scenario	END	1703135720385
USER	Retrieve order scenario	START	1703135728345
REQUEST		LoginAPI	1703135728342	1703135728608	OK	 
REQUEST		Request_X:VTS_QueryColumn	1703135728613	1703135729203	OK	 
REQUEST		Request_X:VTS_QueryColumn Redirect 1	1703135729204	1703135729481	OK	 
REQUEST		ModifyOrderSyncAPI	1703135729509	1703135729548	KO	j.n.UnknownHostException: pp5eusomapp.ikeadt.com
REQUEST		ModifyOrderSyncAPI	1703135729779	1703135729779	KO	j.n.UnknownHostException: pp5eusomapp.ikeadt.com
REQUEST		ModifyOrderSyncAPI	1703135729810	1703135729810	KO	j.n.UnknownHostException: pp5eusomapp.ikeadt.com
USER	Retrieve order scenario	END	1703135729844
USER	Retrieve order scenario	START	1703135739339
REQUEST		LoginAPI	1703135739336	1703135739446	OK	 
REQUEST		Request_X:VTS_QueryColumn	1703135739448	1703135740002	OK	 
REQUEST		Request_X:VTS_QueryColumn Redirect 1	1703135740002	1703135740280	OK	 
REQUEST		ModifyOrderSyncAPI	1703135740283	1703135740297	KO	j.n.UnknownHostException: pp5eusomapp.ikeadt.com
REQUEST		ModifyOrderSyncAPI	1703135740307	1703135740307	KO	j.n.UnknownHostException: pp5eusomapp.ikeadt.com
REQUEST		ModifyOrderSyncAPI	1703135740323	1703135740323	KO	j.n.UnknownHostException: pp5eusomapp.ikeadt.com
USER	Retrieve order scenario	END	1703135740335
USER	Retrieve order scenario	START	1703135751339
REQUEST		LoginAPI	1703135751336	1703135751407	OK	 
REQUEST		Request_X:VTS_QueryColumn	1703135751408	1703135751957	OK	 
REQUEST		Request_X:VTS_QueryColumn Redirect 1	1703135751958	1703135752235	OK	 
USER	Retrieve order scenario	END	1703135752244
USER	Retrieve order scenario	START	1703135762348
REQUEST		LoginAPI	1703135762345	1703135762447	OK	 
REQUEST		Request_X:VTS_QueryColumn	1703135762449	1703135762994	OK	 
REQUEST		Request_X:VTS_QueryColumn Redirect 1	1703135762995	1703135763268	OK	 
USER	Retrieve order scenario	END	1703135763276
USER	Retrieve order scenario	START	1703135774345
REQUEST		LoginAPI	1703135774342	1703135774434	OK	 
REQUEST		Request_X:VTS_QueryColumn	1703135774436	1703135774986	OK	 
REQUEST		Request_X:VTS_QueryColumn Redirect 1	1703135774987	1703135775267	OK	 
USER	Retrieve order scenario	END	1703135775272
USER	Retrieve order scenario	START	1703135785341
REQUEST		LoginAPI	1703135785338	1703135785420	OK	 
REQUEST		Request_X:VTS_QueryColumn	1703135785423	1703135785965	OK	 
REQUEST		Request_X:VTS_QueryColumn Redirect 1	1703135785966	1703135786242	OK	 
USER	Retrieve order scenario	END	1703135786248
USER	Retrieve order scenario	START	1703135797349
REQUEST		LoginAPI	1703135797346	1703135797505	OK	 
REQUEST		Request_X:VTS_QueryColumn	1703135797508	1703135798087	OK	 
REQUEST		Request_X:VTS_QueryColumn Redirect 1	1703135798089	1703135798390	OK	 
USER	Retrieve order scenario	END	1703135798449
USER	Retrieve order scenario	START	1703135808350
REQUEST		LoginAPI	1703135808347	1703135808409	OK	 
REQUEST		Request_X:VTS_QueryColumn	1703135808411	1703135808976	OK	 
REQUEST		Request_X:VTS_QueryColumn Redirect 1	1703135808977	1703135809254	OK	 
USER	Retrieve order scenario	END	1703135809259
USER	Retrieve order scenario	START	1703135819337
REQUEST		LoginAPI	1703135819336	1703135819393	OK	 
REQUEST		Request_X:VTS_QueryColumn	1703135819394	1703135819975	OK	 
REQUEST		Request_X:VTS_QueryColumn Redirect 1	1703135819975	1703135820249	OK	 
USER	Retrieve order scenario	END	1703135820257
USER	Retrieve order scenario	START	1703135831346
REQUEST		LoginAPI	1703135831344	1703135831430	OK	 
REQUEST		Request_X:VTS_QueryColumn	1703135831432	1703135831988	OK	 
REQUEST		Request_X:VTS_QueryColumn Redirect 1	1703135831988	1703135832262	OK	 
REQUEST		ModifyOrderSyncAPI	1703135832265	1703135832289	KO	j.n.UnknownHostException: pp5eusomapp.ikeadt.com
REQUEST		ModifyOrderSyncAPI	1703135832302	1703135832302	KO	j.n.UnknownHostException: pp5eusomapp.ikeadt.com
REQUEST		ModifyOrderSyncAPI	1703135832317	1703135832317	KO	j.n.UnknownHostException: pp5eusomapp.ikeadt.com
USER	Retrieve order scenario	END	1703135832335
USER	Retrieve order scenario	START	1703135842350
REQUEST		LoginAPI	1703135842348	1703135842560	OK	 
REQUEST		Request_X:VTS_QueryColumn	1703135842564	1703135843123	OK	 
REQUEST		Request_X:VTS_QueryColumn Redirect 1	1703135843125	1703135843410	OK	 
USER	Retrieve order scenario	END	1703135843426
USER	Retrieve order scenario	START	1703135854353
REQUEST		LoginAPI	1703135854350	1703135854423	OK	 
REQUEST		Request_X:VTS_QueryColumn	1703135854425	1703135854976	OK	 
REQUEST		Request_X:VTS_QueryColumn Redirect 1	1703135854976	1703135855268	OK	 
USER	Retrieve order scenario	END	1703135855274
USER	Retrieve order scenario	START	1703135865342
REQUEST		LoginAPI	1703135865340	1703135865400	OK	 
REQUEST		Request_X:VTS_QueryColumn	1703135865401	1703135865955	OK	 
REQUEST		Request_X:VTS_QueryColumn Redirect 1	1703135865956	1703135866233	OK	 
REQUEST		ModifyOrderSyncAPI	1703135866234	1703135866252	KO	j.n.UnknownHostException: pp5eusomapp.ikeadt.com
REQUEST		ModifyOrderSyncAPI	1703135866277	1703135866278	KO	j.n.UnknownHostException: pp5eusomapp.ikeadt.com
REQUEST		ModifyOrderSyncAPI	1703135866290	1703135866290	KO	j.n.UnknownHostException: pp5eusomapp.ikeadt.com
USER	Retrieve order scenario	END	1703135866307
USER	Retrieve order scenario	START	1703135877346
REQUEST		LoginAPI	1703135877345	1703135877400	OK	 
REQUEST		Request_X:VTS_QueryColumn	1703135877403	1703135877986	OK	 
REQUEST		Request_X:VTS_QueryColumn Redirect 1	1703135877987	1703135879064	OK	 
USER	Retrieve order scenario	END	1703135879069
USER	Retrieve order scenario	START	1703135888359
REQUEST		LoginAPI	1703135888357	1703135888427	OK	 
REQUEST		Request_X:VTS_QueryColumn	1703135888429	1703135888974	OK	 
REQUEST		Request_X:VTS_QueryColumn Redirect 1	1703135888975	1703135889250	OK	 
USER	Retrieve order scenario	END	1703135889255
USER	Retrieve order scenario	START	1703135899343
REQUEST		LoginAPI	1703135899342	1703135899405	OK	 
REQUEST		Request_X:VTS_QueryColumn	1703135899408	1703135899959	OK	 
REQUEST		Request_X:VTS_QueryColumn Redirect 1	1703135899959	1703135900237	OK	 
USER	Retrieve order scenario	END	1703135900245
USER	Retrieve order scenario	START	1703135911341
REQUEST		LoginAPI	1703135911340	1703135911404	OK	 
REQUEST		Request_X:VTS_QueryColumn	1703135911406	1703135911959	OK	 
REQUEST		Request_X:VTS_QueryColumn Redirect 1	1703135911959	1703135912234	OK	 
REQUEST		ModifyOrderSyncAPI	1703135912238	1703135912246	KO	j.n.UnknownHostException: pp5eusomapp.ikeadt.com
REQUEST		ModifyOrderSyncAPI	1703135912259	1703135912259	KO	j.n.UnknownHostException: pp5eusomapp.ikeadt.com
REQUEST		ModifyOrderSyncAPI	1703135912268	1703135912269	KO	j.n.UnknownHostException: pp5eusomapp.ikeadt.com
USER	Retrieve order scenario	END	1703135912285
USER	Retrieve order scenario	START	1703135922340
REQUEST		LoginAPI	1703135922338	1703135922415	OK	 
REQUEST		Request_X:VTS_QueryColumn	1703135922417	1703135922970	OK	 
REQUEST		Request_X:VTS_QueryColumn Redirect 1	1703135922971	1703135923253	OK	 
USER	Retrieve order scenario	END	1703135923259
USER	Retrieve order scenario	START	1703135934344
REQUEST		LoginAPI	1703135934343	1703135934414	OK	 
REQUEST		Request_X:VTS_QueryColumn	1703135934416	1703135934984	OK	 
REQUEST		Request_X:VTS_QueryColumn Redirect 1	1703135934985	1703135935265	OK	 
USER	Retrieve order scenario	END	1703135935271
USER	Retrieve order scenario	START	1703135945342
REQUEST		LoginAPI	1703135945341	1703135945421	OK	 
REQUEST		Request_X:VTS_QueryColumn	1703135945423	1703135945986	OK	 
REQUEST		Request_X:VTS_QueryColumn Redirect 1	1703135945987	1703135946270	OK	 
REQUEST		ModifyOrderSyncAPI	1703135946273	1703135946293	KO	j.n.UnknownHostException: pp5eusomapp.ikeadt.com
REQUEST		ModifyOrderSyncAPI	1703135946306	1703135946306	KO	j.n.UnknownHostException: pp5eusomapp.ikeadt.com
REQUEST		ModifyOrderSyncAPI	1703135946324	1703135946324	KO	j.n.UnknownHostException: pp5eusomapp.ikeadt.com
USER	Retrieve order scenario	END	1703135946339
USER	Retrieve order scenario	START	1703135957342
REQUEST		LoginAPI	1703135957340	1703135957402	OK	 
REQUEST		Request_X:VTS_QueryColumn	1703135957404	1703135957959	OK	 
REQUEST		Request_X:VTS_QueryColumn Redirect 1	1703135957960	1703135958236	OK	 
USER	Retrieve order scenario	END	1703135958243
USER	Retrieve order scenario	START	1703135968335
REQUEST		LoginAPI	1703135968334	1703135968375	OK	 
REQUEST		Request_X:VTS_QueryColumn	1703135968376	1703135968935	OK	 
REQUEST		Request_X:VTS_QueryColumn Redirect 1	1703135968935	1703135969223	OK	 
USER	Retrieve order scenario	END	1703135969226
USER	Retrieve order scenario	START	1703135979338
REQUEST		LoginAPI	1703135979337	1703135979380	OK	 
REQUEST		Request_X:VTS_QueryColumn	1703135979381	1703135979940	OK	 
REQUEST		Request_X:VTS_QueryColumn Redirect 1	1703135979940	1703135980218	OK	 
REQUEST		ModifyOrderSyncAPI	1703135980220	1703135980233	KO	j.n.UnknownHostException: pp5eusomapp.ikeadt.com
REQUEST		ModifyOrderSyncAPI	1703135980251	1703135980251	KO	j.n.UnknownHostException: pp5eusomapp.ikeadt.com
REQUEST		ModifyOrderSyncAPI	1703135980259	1703135980259	KO	j.n.UnknownHostException: pp5eusomapp.ikeadt.com
USER	Retrieve order scenario	END	1703135980266
USER	Retrieve order scenario	START	1703135991340
REQUEST		LoginAPI	1703135991339	1703135991386	OK	 
REQUEST		Request_X:VTS_QueryColumn	1703135991388	1703135991956	OK	 
REQUEST		Request_X:VTS_QueryColumn Redirect 1	1703135991956	1703135992229	OK	 
USER	Retrieve order scenario	END	1703135992233
USER	Retrieve order scenario	START	1703136002350
REQUEST		LoginAPI	1703136002349	1703136002391	OK	 
REQUEST		Request_X:VTS_QueryColumn	1703136002392	1703136002950	OK	 
REQUEST		Request_X:VTS_QueryColumn Redirect 1	1703136002951	1703136003228	OK	 
REQUEST		ModifyOrderSyncAPI	1703136003232	1703136003236	KO	j.n.UnknownHostException: pp5eusomapp.ikeadt.com
REQUEST		ModifyOrderSyncAPI	1703136003243	1703136003243	KO	j.n.UnknownHostException: pp5eusomapp.ikeadt.com
REQUEST		ModifyOrderSyncAPI	1703136003250	1703136003250	KO	j.n.UnknownHostException: pp5eusomapp.ikeadt.com
USER	Retrieve order scenario	END	1703136003258
USER	Retrieve order scenario	START	1703136014340
REQUEST		LoginAPI	1703136014339	1703136014379	OK	 
REQUEST		Request_X:VTS_QueryColumn	1703136014380	1703136014938	OK	 
REQUEST		Request_X:VTS_QueryColumn Redirect 1	1703136014939	1703136015212	OK	 
USER	Retrieve order scenario	END	1703136015216
USER	Retrieve order scenario	START	1703136025343
REQUEST		LoginAPI	1703136025342	1703136025382	OK	 
REQUEST		Request_X:VTS_QueryColumn	1703136025383	1703136025924	OK	 
REQUEST		Request_X:VTS_QueryColumn Redirect 1	1703136025924	1703136026204	OK	 
REQUEST		ModifyOrderSyncAPI	1703136026205	1703136026209	KO	j.n.UnknownHostException: pp5eusomapp.ikeadt.com
REQUEST		ModifyOrderSyncAPI	1703136026224	1703136026224	KO	j.n.UnknownHostException: pp5eusomapp.ikeadt.com
REQUEST		ModifyOrderSyncAPI	1703136026229	1703136026229	KO	j.n.UnknownHostException: pp5eusomapp.ikeadt.com
USER	Retrieve order scenario	END	1703136026238
USER	Retrieve order scenario	START	1703136037339
REQUEST		LoginAPI	1703136037338	1703136037379	OK	 
REQUEST		Request_X:VTS_QueryColumn	1703136037380	1703136037936	OK	 
REQUEST		Request_X:VTS_QueryColumn Redirect 1	1703136037937	1703136038209	OK	 
USER	Retrieve order scenario	END	1703136038212
USER	Retrieve order scenario	START	1703136048340
REQUEST		LoginAPI	1703136048340	1703136048378	OK	 
REQUEST		Request_X:VTS_QueryColumn	1703136048379	1703136048927	OK	 
REQUEST		Request_X:VTS_QueryColumn Redirect 1	1703136048928	1703136049202	OK	 
USER	Retrieve order scenario	END	1703136049205
USER	Retrieve order scenario	START	1703136059351
REQUEST		LoginAPI	1703136059349	1703136059392	OK	 
REQUEST		Request_X:VTS_QueryColumn	1703136059393	1703136059942	OK	 
REQUEST		Request_X:VTS_QueryColumn Redirect 1	1703136059942	1703136060224	OK	 
REQUEST		ModifyOrderSyncAPI	1703136060226	1703136060237	KO	j.n.UnknownHostException: pp5eusomapp.ikeadt.com
REQUEST		ModifyOrderSyncAPI	1703136060244	1703136060244	KO	j.n.UnknownHostException: pp5eusomapp.ikeadt.com
REQUEST		ModifyOrderSyncAPI	1703136060248	1703136060248	KO	j.n.UnknownHostException: pp5eusomapp.ikeadt.com
USER	Retrieve order scenario	END	1703136060256
USER	Retrieve order scenario	START	1703136071339
REQUEST		LoginAPI	1703136071339	1703136071373	OK	 
REQUEST		Request_X:VTS_QueryColumn	1703136071374	1703136071928	OK	 
REQUEST		Request_X:VTS_QueryColumn Redirect 1	1703136071929	1703136072208	OK	 
REQUEST		ModifyOrderSyncAPI	1703136072210	1703136072215	KO	j.n.UnknownHostException: pp5eusomapp.ikeadt.com
REQUEST		ModifyOrderSyncAPI	1703136072221	1703136072221	KO	j.n.UnknownHostException: pp5eusomapp.ikeadt.com
REQUEST		ModifyOrderSyncAPI	1703136072228	1703136072228	KO	j.n.UnknownHostException: pp5eusomapp.ikeadt.com
USER	Retrieve order scenario	END	1703136072237
USER	Retrieve order scenario	START	1703136082342
REQUEST		LoginAPI	1703136082342	1703136082382	OK	 
REQUEST		Request_X:VTS_QueryColumn	1703136082383	1703136082960	OK	 
REQUEST		Request_X:VTS_QueryColumn Redirect 1	1703136082961	1703136083242	OK	 
USER	Retrieve order scenario	END	1703136083243
USER	Retrieve order scenario	START	1703136094337
REQUEST		LoginAPI	1703136094336	1703136094379	OK	 
REQUEST		Request_X:VTS_QueryColumn	1703136094379	1703136094939	OK	 
REQUEST		Request_X:VTS_QueryColumn Redirect 1	1703136094939	1703136095213	OK	 
REQUEST		ModifyOrderSyncAPI	1703136095215	1703136095220	KO	j.n.UnknownHostException: pp5eusomapp.ikeadt.com
REQUEST		ModifyOrderSyncAPI	1703136095225	1703136095226	KO	j.n.UnknownHostException: pp5eusomapp.ikeadt.com
REQUEST		ModifyOrderSyncAPI	1703136095235	1703136095235	KO	j.n.UnknownHostException: pp5eusomapp.ikeadt.com
USER	Retrieve order scenario	END	1703136095241
USER	Retrieve order scenario	START	1703136105337
REQUEST		LoginAPI	1703136105336	1703136105374	OK	 
REQUEST		Request_X:VTS_QueryColumn	1703136105375	1703136105933	OK	 
REQUEST		Request_X:VTS_QueryColumn Redirect 1	1703136105933	1703136106210	OK	 
USER	Retrieve order scenario	END	1703136106212
USER	Retrieve order scenario	START	1703136117339
REQUEST		LoginAPI	1703136117338	1703136117383	OK	 
REQUEST		Request_X:VTS_QueryColumn	1703136117384	1703136117936	OK	 
REQUEST		Request_X:VTS_QueryColumn Redirect 1	1703136117937	1703136118221	OK	 
USER	Retrieve order scenario	END	1703136118224
USER	Retrieve order scenario	START	1703136128342
REQUEST		LoginAPI	1703136128341	1703136128382	OK	 
REQUEST		Request_X:VTS_QueryColumn	1703136128384	1703136128936	OK	 
REQUEST		Request_X:VTS_QueryColumn Redirect 1	1703136128937	1703136129210	OK	 
REQUEST		ModifyOrderSyncAPI	1703136129212	1703136129220	KO	j.n.UnknownHostException: pp5eusomapp.ikeadt.com
REQUEST		ModifyOrderSyncAPI	1703136129226	1703136129226	KO	j.n.UnknownHostException: pp5eusomapp.ikeadt.com
REQUEST		ModifyOrderSyncAPI	1703136129231	1703136129231	KO	j.n.UnknownHostException: pp5eusomapp.ikeadt.com
USER	Retrieve order scenario	END	1703136129238
USER	Retrieve order scenario	START	1703136139347
REQUEST		LoginAPI	1703136139347	1703136139398	OK	 
REQUEST		Request_X:VTS_QueryColumn	1703136139399	1703136139950	OK	 
REQUEST		Request_X:VTS_QueryColumn Redirect 1	1703136139951	1703136140229	OK	 
USER	Retrieve order scenario	END	1703136140231
USER	Retrieve order scenario	START	1703136151335
REQUEST		LoginAPI	1703136151334	1703136151380	OK	 
REQUEST		Request_X:VTS_QueryColumn	1703136151381	1703136151934	OK	 
REQUEST		Request_X:VTS_QueryColumn Redirect 1	1703136151935	1703136152215	OK	 
USER	Retrieve order scenario	END	1703136152218
USER	Retrieve order scenario	START	1703136162342
REQUEST		LoginAPI	1703136162341	1703136162379	OK	 
REQUEST		Request_X:VTS_QueryColumn	1703136162380	1703136162929	OK	 
REQUEST		Request_X:VTS_QueryColumn Redirect 1	1703136162930	1703136163206	OK	 
USER	Retrieve order scenario	END	1703136163209
USER	Retrieve order scenario	START	1703136174348
REQUEST		LoginAPI	1703136174348	1703136174390	OK	 
REQUEST		Request_X:VTS_QueryColumn	1703136174391	1703136174953	OK	 
REQUEST		Request_X:VTS_QueryColumn Redirect 1	1703136174954	1703136175231	OK	 
USER	Retrieve order scenario	END	1703136175235
USER	Retrieve order scenario	START	1703136185336
REQUEST		LoginAPI	1703136185335	1703136185371	OK	 
REQUEST		Request_X:VTS_QueryColumn	1703136185372	1703136185925	OK	 
REQUEST		Request_X:VTS_QueryColumn Redirect 1	1703136185925	1703136186208	OK	 
USER	Retrieve order scenario	END	1703136186212
USER	Retrieve order scenario	START	1703136197342
REQUEST		LoginAPI	1703136197341	1703136197385	OK	 
REQUEST		Request_X:VTS_QueryColumn	1703136197386	1703136197935	OK	 
REQUEST		Request_X:VTS_QueryColumn Redirect 1	1703136197935	1703136198212	OK	 
REQUEST		ModifyOrderSyncAPI	1703136198214	1703136198218	KO	j.n.UnknownHostException: pp5eusomapp.ikeadt.com
REQUEST		ModifyOrderSyncAPI	1703136198223	1703136198223	KO	j.n.UnknownHostException: pp5eusomapp.ikeadt.com
REQUEST		ModifyOrderSyncAPI	1703136198230	1703136198230	KO	j.n.UnknownHostException: pp5eusomapp.ikeadt.com
USER	Retrieve order scenario	END	1703136198236
USER	Retrieve order scenario	START	1703136208341
REQUEST		LoginAPI	1703136208340	1703136208384	OK	 
REQUEST		Request_X:VTS_QueryColumn	1703136208384	1703136208940	OK	 
REQUEST		Request_X:VTS_QueryColumn Redirect 1	1703136208940	1703136209216	OK	 
REQUEST		ModifyOrderSyncAPI	1703136209217	1703136209225	KO	j.n.UnknownHostException: pp5eusomapp.ikeadt.com
REQUEST		ModifyOrderSyncAPI	1703136209234	1703136209234	KO	j.n.UnknownHostException: pp5eusomapp.ikeadt.com
REQUEST		ModifyOrderSyncAPI	1703136209246	1703136209246	KO	j.n.UnknownHostException: pp5eusomapp.ikeadt.com
USER	Retrieve order scenario	END	1703136209252
USER	Retrieve order scenario	START	1703136219345
REQUEST		LoginAPI	1703136219345	1703136219376	OK	 
REQUEST		Request_X:VTS_QueryColumn	1703136219376	1703136219932	OK	 
REQUEST		Request_X:VTS_QueryColumn Redirect 1	1703136219932	1703136220207	OK	 
REQUEST		ModifyOrderSyncAPI	1703136220209	1703136220219	KO	j.n.UnknownHostException: pp5eusomapp.ikeadt.com
REQUEST		ModifyOrderSyncAPI	1703136220238	1703136220238	KO	j.n.UnknownHostException: pp5eusomapp.ikeadt.com
REQUEST		ModifyOrderSyncAPI	1703136220244	1703136220244	KO	j.n.UnknownHostException: pp5eusomapp.ikeadt.com
USER	Retrieve order scenario	END	1703136220251
USER	Retrieve order scenario	START	1703136231337
REQUEST		LoginAPI	1703136231336	1703136231392	OK	 
REQUEST		Request_X:VTS_QueryColumn	1703136231392	1703136231937	OK	 
REQUEST		Request_X:VTS_QueryColumn Redirect 1	1703136231937	1703136232211	OK	 
USER	Retrieve order scenario	END	1703136232213
USER	Retrieve order scenario	START	1703136242342
REQUEST		LoginAPI	1703136242341	1703136242375	OK	 
REQUEST		Request_X:VTS_QueryColumn	1703136242376	1703136242938	OK	 
REQUEST		Request_X:VTS_QueryColumn Redirect 1	1703136242938	1703136243228	OK	 
REQUEST		ModifyOrderSyncAPI	1703136243229	1703136243242	KO	j.n.UnknownHostException: pp5eusomapp.ikeadt.com
REQUEST		ModifyOrderSyncAPI	1703136243250	1703136243250	KO	j.n.UnknownHostException: pp5eusomapp.ikeadt.com
REQUEST		ModifyOrderSyncAPI	1703136243259	1703136243259	KO	j.n.UnknownHostException: pp5eusomapp.ikeadt.com
USER	Retrieve order scenario	END	1703136243267
USER	Retrieve order scenario	START	1703136254341
REQUEST		LoginAPI	1703136254340	1703136254382	OK	 
REQUEST		Request_X:VTS_QueryColumn	1703136254383	1703136254935	OK	 
REQUEST		Request_X:VTS_QueryColumn Redirect 1	1703136254936	1703136255209	OK	 
REQUEST		ModifyOrderSyncAPI	1703136255210	1703136255225	KO	j.n.UnknownHostException: pp5eusomapp.ikeadt.com
REQUEST		ModifyOrderSyncAPI	1703136255230	1703136255230	KO	j.n.UnknownHostException: pp5eusomapp.ikeadt.com
REQUEST		ModifyOrderSyncAPI	1703136255238	1703136255238	KO	j.n.UnknownHostException: pp5eusomapp.ikeadt.com
USER	Retrieve order scenario	END	1703136255243
USER	Retrieve order scenario	START	1703136265351
REQUEST		LoginAPI	1703136265350	1703136265388	OK	 
REQUEST		Request_X:VTS_QueryColumn	1703136265389	1703136265941	OK	 
REQUEST		Request_X:VTS_QueryColumn Redirect 1	1703136265941	1703136266216	OK	 
USER	Retrieve order scenario	END	1703136266220
USER	Retrieve order scenario	START	1703136277339
REQUEST		LoginAPI	1703136277338	1703136277372	OK	 
REQUEST		Request_X:VTS_QueryColumn	1703136277373	1703136277929	OK	 
REQUEST		Request_X:VTS_QueryColumn Redirect 1	1703136277929	1703136278208	OK	 
REQUEST		ModifyOrderSyncAPI	1703136278209	1703136278214	KO	j.n.UnknownHostException: pp5eusomapp.ikeadt.com
REQUEST		ModifyOrderSyncAPI	1703136278219	1703136278219	KO	j.n.UnknownHostException: pp5eusomapp.ikeadt.com
REQUEST		ModifyOrderSyncAPI	1703136278224	1703136278224	KO	j.n.UnknownHostException: pp5eusomapp.ikeadt.com
USER	Retrieve order scenario	END	1703136278230
USER	Retrieve order scenario	START	1703136288346
REQUEST		LoginAPI	1703136288345	1703136288384	OK	 
REQUEST		Request_X:VTS_QueryColumn	1703136288385	1703136288940	OK	 
REQUEST		Request_X:VTS_QueryColumn Redirect 1	1703136288941	1703136289228	OK	 
REQUEST		ModifyOrderSyncAPI	1703136289231	1703136289362	KO	j.n.UnknownHostException: pp5eusomapp.ikeadt.com
REQUEST		ModifyOrderSyncAPI	1703136289390	1703136289390	KO	j.n.UnknownHostException: pp5eusomapp.ikeadt.com
REQUEST		ModifyOrderSyncAPI	1703136289401	1703136289401	KO	j.n.UnknownHostException: pp5eusomapp.ikeadt.com
USER	Retrieve order scenario	END	1703136289410
USER	Retrieve order scenario	START	1703136299359
REQUEST		LoginAPI	1703136299358	1703136299404	OK	 
REQUEST		Request_X:VTS_QueryColumn	1703136299405	1703136299953	OK	 
REQUEST		Request_X:VTS_QueryColumn Redirect 1	1703136299954	1703136300229	OK	 
USER	Retrieve order scenario	END	1703136300232
USER	Retrieve order scenario	START	1703136311353
REQUEST		LoginAPI	1703136311352	1703136311421	OK	 
REQUEST		Request_X:VTS_QueryColumn	1703136311422	1703136311967	OK	 
REQUEST		Request_X:VTS_QueryColumn Redirect 1	1703136311967	1703136312241	OK	 
USER	Retrieve order scenario	END	1703136312244
USER	Retrieve order scenario	START	1703136322339
REQUEST		LoginAPI	1703136322338	1703136322380	OK	 
REQUEST		Request_X:VTS_QueryColumn	1703136322381	1703136322937	OK	 
REQUEST		Request_X:VTS_QueryColumn Redirect 1	1703136322937	1703136323215	OK	 
REQUEST		ModifyOrderSyncAPI	1703136323215	1703136323231	KO	j.n.UnknownHostException: pp5eusomapp.ikeadt.com
REQUEST		ModifyOrderSyncAPI	1703136323255	1703136323256	KO	j.n.UnknownHostException: pp5eusomapp.ikeadt.com
REQUEST		ModifyOrderSyncAPI	1703136323258	1703136323258	KO	j.n.UnknownHostException: pp5eusomapp.ikeadt.com
USER	Retrieve order scenario	END	1703136323263
USER	Retrieve order scenario	START	1703136334344
REQUEST		LoginAPI	1703136334343	1703136334378	OK	 
REQUEST		Request_X:VTS_QueryColumn	1703136334379	1703136334927	OK	 
REQUEST		Request_X:VTS_QueryColumn Redirect 1	1703136334927	1703136335201	OK	 
USER	Retrieve order scenario	END	1703136335206
USER	Retrieve order scenario	START	1703136345351
REQUEST		LoginAPI	1703136345350	1703136345386	OK	 
REQUEST		Request_X:VTS_QueryColumn	1703136345386	1703136345928	OK	 
REQUEST		Request_X:VTS_QueryColumn Redirect 1	1703136345928	1703136346200	OK	 
USER	Retrieve order scenario	END	1703136346204
USER	Retrieve order scenario	START	1703136357344
REQUEST		LoginAPI	1703136357344	1703136357387	OK	 
REQUEST		Request_X:VTS_QueryColumn	1703136357388	1703136357937	OK	 
REQUEST		Request_X:VTS_QueryColumn Redirect 1	1703136357937	1703136358213	OK	 
USER	Retrieve order scenario	END	1703136358215
USER	Retrieve order scenario	START	1703136368347
REQUEST		LoginAPI	1703136368346	1703136368383	OK	 
REQUEST		Request_X:VTS_QueryColumn	1703136368384	1703136368934	OK	 
REQUEST		Request_X:VTS_QueryColumn Redirect 1	1703136368935	1703136369215	OK	 
USER	Retrieve order scenario	END	1703136369218
USER	Retrieve order scenario	START	1703136379336
REQUEST		LoginAPI	1703136379336	1703136379381	OK	 
REQUEST		Request_X:VTS_QueryColumn	1703136379382	1703136379932	OK	 
REQUEST		Request_X:VTS_QueryColumn Redirect 1	1703136379933	1703136380206	OK	 
REQUEST		ModifyOrderSyncAPI	1703136380208	1703136380224	KO	j.n.UnknownHostException: pp5eusomapp.ikeadt.com
REQUEST		ModifyOrderSyncAPI	1703136380229	1703136380229	KO	j.n.UnknownHostException: pp5eusomapp.ikeadt.com
REQUEST		ModifyOrderSyncAPI	1703136380234	1703136380235	KO	j.n.UnknownHostException: pp5eusomapp.ikeadt.com
USER	Retrieve order scenario	END	1703136380241
USER	Retrieve order scenario	START	1703136391337
REQUEST		LoginAPI	1703136391336	1703136391372	OK	 
REQUEST		Request_X:VTS_QueryColumn	1703136391372	1703136391915	OK	 
REQUEST		Request_X:VTS_QueryColumn Redirect 1	1703136391916	1703136392195	OK	 
REQUEST		ModifyOrderSyncAPI	1703136392197	1703136392201	KO	j.n.UnknownHostException: pp5eusomapp.ikeadt.com
REQUEST		ModifyOrderSyncAPI	1703136392206	1703136392206	KO	j.n.UnknownHostException: pp5eusomapp.ikeadt.com
REQUEST		ModifyOrderSyncAPI	1703136392213	1703136392213	KO	j.n.UnknownHostException: pp5eusomapp.ikeadt.com
USER	Retrieve order scenario	END	1703136392221
USER	Retrieve order scenario	START	1703136402340
REQUEST		LoginAPI	1703136402338	1703136402384	OK	 
REQUEST		Request_X:VTS_QueryColumn	1703136402385	1703136402935	OK	 
REQUEST		Request_X:VTS_QueryColumn Redirect 1	1703136402935	1703136403209	OK	 
USER	Retrieve order scenario	END	1703136403213
USER	Retrieve order scenario	START	1703136414338
REQUEST		LoginAPI	1703136414338	1703136414374	OK	 
REQUEST		Request_X:VTS_QueryColumn	1703136414375	1703136414919	OK	 
REQUEST		Request_X:VTS_QueryColumn Redirect 1	1703136414920	1703136415197	OK	 
REQUEST		ModifyOrderSyncAPI	1703136415199	1703136415207	KO	j.n.UnknownHostException: pp5eusomapp.ikeadt.com
REQUEST		ModifyOrderSyncAPI	1703136415213	1703136415213	KO	j.n.UnknownHostException: pp5eusomapp.ikeadt.com
REQUEST		ModifyOrderSyncAPI	1703136415222	1703136415222	KO	j.n.UnknownHostException: pp5eusomapp.ikeadt.com
USER	Retrieve order scenario	END	1703136415228
USER	Retrieve order scenario	START	1703136425341
REQUEST		LoginAPI	1703136425341	1703136425381	OK	 
REQUEST		Request_X:VTS_QueryColumn	1703136425382	1703136425941	OK	 
REQUEST		Request_X:VTS_QueryColumn Redirect 1	1703136425941	1703136426229	OK	 
USER	Retrieve order scenario	END	1703136426233
