RUN	VtsTrails.OrderModification	ordermodification	1702545401627	 	3.9.5
USER	Initial Scenario	START	1702545405698
REQUEST		Request_X:VTS_GetColumSize	1702545405693	1702545406286	OK	 
REQUEST		Request_X:VTS_GetColumSize Redirect 1	1702545406297	1702545406593	OK	 
USER	Initial Scenario	END	1702545406651
USER	Retrieve order scenario	START	1702545407822
REQUEST		LoginAPI	1702545407618	1702545407863	OK	 
REQUEST		Request_X:VTS_QueryColumn	1702545407927	1702545408595	OK	 
REQUEST		Request_X:VTS_QueryColumn Redirect 1	1702545408596	1702545408879	OK	 
USER	Retrieve order scenario	END	1702545408927
USER	Retrieve order scenario	START	1702545418614
REQUEST		LoginAPI	1702545418612	1702545418665	OK	 
REQUEST		Request_X:VTS_QueryColumn	1702545418667	1702545419272	OK	 
REQUEST		Request_X:VTS_QueryColumn Redirect 1	1702545419273	1702545419578	OK	 
USER	Retrieve order scenario	END	1702545419588
USER	Retrieve order scenario	START	1702545429610
REQUEST		LoginAPI	1702545429609	1702545429674	OK	 
REQUEST		Request_X:VTS_QueryColumn	1702545429675	1702545430330	OK	 
REQUEST		Request_X:VTS_QueryColumn Redirect 1	1702545430330	1702545430639	OK	 
USER	Retrieve order scenario	END	1702545430646
USER	Retrieve order scenario	START	1702545441603
REQUEST		LoginAPI	1702545441601	1702545441658	OK	 
REQUEST		Request_X:VTS_QueryColumn	1702545441659	1702545442310	OK	 
REQUEST		Request_X:VTS_QueryColumn Redirect 1	1702545442312	1702545442617	OK	 
USER	Retrieve order scenario	END	1702545442620
USER	Retrieve order scenario	START	1702545452609
REQUEST		LoginAPI	1702545452607	1702545452650	OK	 
REQUEST		Request_X:VTS_QueryColumn	1702545452651	1702545453267	OK	 
REQUEST		Request_X:VTS_QueryColumn Redirect 1	1702545453268	1702545453574	OK	 
USER	Retrieve order scenario	END	1702545453589
