RUN	VtsTrails.OrderModification	ordermodification	1702658338440	 	3.9.5
USER	Initial Scenario	START	1702658343091
REQUEST		Request_X:VTS_GetColumSize	1702658343083	1702658343875	OK	 
REQUEST		Request_X:VTS_GetColumSize Redirect 1	1702658343883	1702658344169	OK	 
USER	Initial Scenario	END	1702658344260
USER	Retrieve order scenario	START	1702658345364
REQUEST		LoginAPI	1702658345068	1702658348484	OK	 
REQUEST		Request_X:VTS_QueryColumn	1702658348596	1702658349280	OK	 
REQUEST		Request_X:VTS_QueryColumn Redirect 1	1702658349280	1702658349565	OK	 
USER	Retrieve order scenario	END	1702658349602
USER	Retrieve order scenario	START	1702658356058
REQUEST		LoginAPI	1702658356056	1702658356116	OK	 
REQUEST		Request_X:VTS_QueryColumn	1702658356118	1702658356874	OK	 
REQUEST		Request_X:VTS_QueryColumn Redirect 1	1702658356874	1702658357184	OK	 
REQUEST		ModifyOrderSyncAPI	1702658357192	1702658357321	KO	j.n.UnknownHostException: pp5eusomapp.ikeadt.com
REQUEST		ModifyOrderSyncAPI	1702658357356	1702658357356	KO	j.n.UnknownHostException: pp5eusomapp.ikeadt.com
REQUEST		ModifyOrderSyncAPI	1702658357362	1702658357363	KO	j.n.UnknownHostException: pp5eusomapp.ikeadt.com
USER	Retrieve order scenario	END	1702658357394
USER	Retrieve order scenario	START	1702658367063
REQUEST		LoginAPI	1702658367060	1702658367148	OK	 
REQUEST		Request_X:VTS_QueryColumn	1702658367149	1702658367934	OK	 
REQUEST		Request_X:VTS_QueryColumn Redirect 1	1702658367935	1702658368297	OK	 
USER	Retrieve order scenario	END	1702658368302
USER	Retrieve order scenario	START	1702658379072
REQUEST		LoginAPI	1702658379070	1702658379147	OK	 
REQUEST		Request_X:VTS_QueryColumn	1702658379148	1702658379828	OK	 
REQUEST		Request_X:VTS_QueryColumn Redirect 1	1702658379829	1702658380138	OK	 
USER	Retrieve order scenario	END	1702658380145
USER	Retrieve order scenario	START	1702658390061
REQUEST		LoginAPI	1702658390059	1702658390199	OK	 
REQUEST		Request_X:VTS_QueryColumn	1702658390200	1702658390799	OK	 
REQUEST		Request_X:VTS_QueryColumn Redirect 1	1702658390800	1702658391179	OK	 
REQUEST		ModifyOrderSyncAPI	1702658391198	1702658391208	KO	j.n.UnknownHostException: pp5eusomapp.ikeadt.com
REQUEST		ModifyOrderSyncAPI	1702658391222	1702658391222	KO	j.n.UnknownHostException: pp5eusomapp.ikeadt.com
REQUEST		ModifyOrderSyncAPI	1702658391240	1702658391241	KO	j.n.UnknownHostException: pp5eusomapp.ikeadt.com
USER	Retrieve order scenario	END	1702658391257
USER	Retrieve order scenario	START	1702658402056
REQUEST		LoginAPI	1702658402055	1702658402106	OK	 
REQUEST		Request_X:VTS_QueryColumn	1702658402108	1702658402748	OK	 
REQUEST		Request_X:VTS_QueryColumn Redirect 1	1702658402749	1702658403022	OK	 
USER	Retrieve order scenario	END	1702658403026
USER	Retrieve order scenario	START	1702658413069
REQUEST		LoginAPI	1702658413066	1702658413110	OK	 
REQUEST		Request_X:VTS_QueryColumn	1702658413111	1702658413817	OK	 
REQUEST		Request_X:VTS_QueryColumn Redirect 1	1702658413818	1702658414092	OK	 
USER	Retrieve order scenario	END	1702658414096
USER	Retrieve order scenario	START	1702658425055
REQUEST		LoginAPI	1702658425054	1702658425154	OK	 
REQUEST		Request_X:VTS_QueryColumn	1702658425155	1702658425817	OK	 
REQUEST		Request_X:VTS_QueryColumn Redirect 1	1702658425817	1702658426096	OK	 
USER	Retrieve order scenario	END	1702658426099
USER	Retrieve order scenario	START	1702658436057
REQUEST		LoginAPI	1702658436055	1702658436108	OK	 
REQUEST		Request_X:VTS_QueryColumn	1702658436109	1702658436857	OK	 
REQUEST		Request_X:VTS_QueryColumn Redirect 1	1702658436857	1702658437285	OK	 
USER	Retrieve order scenario	END	1702658437287
USER	Retrieve order scenario	START	1702658447055
REQUEST		LoginAPI	1702658447053	1702658447092	OK	 
REQUEST		Request_X:VTS_QueryColumn	1702658447093	1702658447689	OK	 
REQUEST		Request_X:VTS_QueryColumn Redirect 1	1702658447690	1702658447966	OK	 
USER	Retrieve order scenario	END	1702658447969
USER	Retrieve order scenario	START	1702658459061
REQUEST		LoginAPI	1702658459060	1702658459144	OK	 
REQUEST		Request_X:VTS_QueryColumn	1702658459145	1702658459888	OK	 
REQUEST		Request_X:VTS_QueryColumn Redirect 1	1702658459889	1702658460194	OK	 
USER	Retrieve order scenario	END	1702658460197
USER	Retrieve order scenario	START	1702658470059
REQUEST		LoginAPI	1702658470059	1702658470135	OK	 
REQUEST		Request_X:VTS_QueryColumn	1702658470136	1702658470692	OK	 
REQUEST		Request_X:VTS_QueryColumn Redirect 1	1702658470693	1702658471010	OK	 
USER	Retrieve order scenario	END	1702658471014
USER	Retrieve order scenario	START	1702658482068
REQUEST		LoginAPI	1702658482065	1702658482121	OK	 
REQUEST		Request_X:VTS_QueryColumn	1702658482122	1702658482792	OK	 
REQUEST		Request_X:VTS_QueryColumn Redirect 1	1702658482793	1702658483069	OK	 
REQUEST		ModifyOrderSyncAPI	1702658483072	1702658483090	KO	j.n.UnknownHostException: pp5eusomapp.ikeadt.com
REQUEST		ModifyOrderSyncAPI	1702658483115	1702658483115	KO	j.n.UnknownHostException: pp5eusomapp.ikeadt.com
REQUEST		ModifyOrderSyncAPI	1702658483119	1702658483119	KO	j.n.UnknownHostException: pp5eusomapp.ikeadt.com
USER	Retrieve order scenario	END	1702658483125
USER	Retrieve order scenario	START	1702658493061
REQUEST		LoginAPI	1702658493060	1702658493104	OK	 
REQUEST		Request_X:VTS_QueryColumn	1702658493106	1702658493870	OK	 
REQUEST		Request_X:VTS_QueryColumn Redirect 1	1702658493871	1702658494156	OK	 
REQUEST		ModifyOrderSyncAPI	1702658494160	1702658494173	KO	j.n.UnknownHostException: pp5eusomapp.ikeadt.com
REQUEST		ModifyOrderSyncAPI	1702658494195	1702658494195	KO	j.n.UnknownHostException: pp5eusomapp.ikeadt.com
REQUEST		ModifyOrderSyncAPI	1702658494199	1702658494199	KO	j.n.UnknownHostException: pp5eusomapp.ikeadt.com
USER	Retrieve order scenario	END	1702658494205
USER	Retrieve order scenario	START	1702658505052
REQUEST		LoginAPI	1702658505051	1702658505129	OK	 
REQUEST		Request_X:VTS_QueryColumn	1702658505130	1702658505877	OK	 
REQUEST		Request_X:VTS_QueryColumn Redirect 1	1702658505877	1702658506202	OK	 
USER	Retrieve order scenario	END	1702658506205
USER	Retrieve order scenario	START	1702658516061
REQUEST		LoginAPI	1702658516059	1702658516105	OK	 
REQUEST		Request_X:VTS_QueryColumn	1702658516106	1702658516784	OK	 
REQUEST		Request_X:VTS_QueryColumn Redirect 1	1702658516785	1702658517194	OK	 
USER	Retrieve order scenario	END	1702658517201
USER	Retrieve order scenario	START	1702658527065
REQUEST		LoginAPI	1702658527064	1702658527111	OK	 
REQUEST		Request_X:VTS_QueryColumn	1702658527112	1702658527799	OK	 
REQUEST		Request_X:VTS_QueryColumn Redirect 1	1702658527800	1702658528190	OK	 
USER	Retrieve order scenario	END	1702658528194
USER	Retrieve order scenario	START	1702658539059
REQUEST		LoginAPI	1702658539058	1702658539101	OK	 
REQUEST		Request_X:VTS_QueryColumn	1702658539102	1702658539763	OK	 
REQUEST		Request_X:VTS_QueryColumn Redirect 1	1702658539764	1702658540069	OK	 
USER	Retrieve order scenario	END	1702658540072
USER	Retrieve order scenario	START	1702658550058
REQUEST		LoginAPI	1702658550057	1702658550106	OK	 
REQUEST		Request_X:VTS_QueryColumn	1702658550107	1702658550818	OK	 
REQUEST		Request_X:VTS_QueryColumn Redirect 1	1702658550819	1702658551092	OK	 
REQUEST		ModifyOrderSyncAPI	1702658551094	1702658551104	KO	j.n.UnknownHostException: pp5eusomapp.ikeadt.com
REQUEST		ModifyOrderSyncAPI	1702658551109	1702658551109	KO	j.n.UnknownHostException: pp5eusomapp.ikeadt.com
REQUEST		ModifyOrderSyncAPI	1702658551115	1702658551115	KO	j.n.UnknownHostException: pp5eusomapp.ikeadt.com
USER	Retrieve order scenario	END	1702658551120
USER	Retrieve order scenario	START	1702658562057
REQUEST		LoginAPI	1702658562056	1702658562103	OK	 
REQUEST		Request_X:VTS_QueryColumn	1702658562104	1702658562696	OK	 
REQUEST		Request_X:VTS_QueryColumn Redirect 1	1702658562696	1702658563108	OK	 
REQUEST		ModifyOrderSyncAPI	1702658563111	1702658563115	KO	j.n.UnknownHostException: pp5eusomapp.ikeadt.com
REQUEST		ModifyOrderSyncAPI	1702658563122	1702658563122	KO	