RUN	VtsTrails.GetQueueData	getqueuedata	1699440023815	 	3.9.5
USER	Get Data From VTS	START	1699440028959
REQUEST		Get VTS Data	1699440028911	1699440029530	OK	 
REQUEST		Get VTS Data Redirect 1	1699440029542	1699440029826	OK	 
REQUEST		request testing	1699440030755	1699440030755	OK	 
REQUEST		Post VTS Data	1699440030756	1699440031044	OK	 
REQUEST		Post VTS Data Redirect 1	1699440031044	1699440031322	KO	jsonPath($.data.VTS_Trails).find.exists, found nothing
REQUEST		Get VTS Data	1699440032343	1699440032622	OK	 
REQUEST		Get VTS Data Redirect 1	1699440032623	1699440032902	OK	 
REQUEST		request testing	1699440032903	1699440032903	OK	 
REQUEST		Post VTS Data	1699440032904	1699440033183	OK	 
REQUEST		Post VTS Data Redirect 1	1699440033184	1699440033483	KO	jsonPath($.data.VTS_Trails).find.exists, found nothing
REQUEST		Get VTS Data	1699440034500	1699440034780	OK	 
REQUEST		Get VTS Data Redirect 1	1699440034781	1699440035059	OK	 
REQUEST		request testing	1699440035060	1699440035060	OK	 
REQUEST		Post VTS Data	1699440035061	1699440035350	OK	 
REQUEST		Post VTS Data Redirect 1	1699440035350	1699440035630	KO	jsonPath($.data.VTS_Trails).find.exists, found nothing
REQUEST		Get VTS Data	1699440036641	1699440036918	OK	 
REQUEST		Get VTS Data Redirect 1	1699440036919	1699440037197	OK	 
REQUEST		request testing	1699440037198	1699440037198	OK	 
REQUEST		Post VTS Data	1699440037198	1699440037481	OK	 
REQUEST		Post VTS Data Redirect 1	1699440037482	1699440037761	KO	jsonPath($.data.VTS_Trails).find.exists, found nothing
REQUEST		Get VTS Data	1699440038764	1699440039046	OK	 
REQUEST		Get VTS Data Redirect 1	1699440039046	1699440039325	OK	 
REQUEST		request testing	1699440039327	1699440039327	OK	 
REQUEST		Post VTS Data	1699440039328	1699440039628	OK	 
REQUEST		Post VTS Data Redirect 1	1699440039629	1699440039909	KO	jsonPath($.data.VTS_Trails).find.exists, found nothing
REQUEST		Get VTS Data	1699440040925	1699440041204	OK	 
REQUEST		Get VTS Data Redirect 1	1699440041205	1699440041533	OK	 
REQUEST		request testing	1699440041535	1699440041535	OK	 
REQUEST		Post VTS Data	1699440041536	1699440041845	OK	 
REQUEST		Post VTS Data Redirect 1	1699440041846	1699440042123	KO	jsonPath($.data.VTS_Trails).find.exists, found nothing
REQUEST		Get VTS Data	1699440043141	1699440043419	OK	 
REQUEST		Get VTS Data Redirect 1	1699440043420	1699440043701	OK	 
REQUEST		request testing	1699440043706	1699440043706	OK	 
REQUEST		Post VTS Data	1699440043707	1699440043995	OK	 
REQUEST		Post VTS Data Redirect 1	1699440043996	1699440044273	KO	jsonPath($.data.VTS_Trails).find.exists, found nothing
USER	Get Data From VTS	END	1699440045282
