RUN	VtsTrails.VTSTrailsPostXMLMsgs	vtstrailspostxmlmsgs	1700638651188	 	3.9.5
USER	Get Data From VTS	START	1700638656295
REQUEST		Get VTS Data	1700638656292	1700638656851	OK	 
REQUEST		Get VTS Data Redirect 1	1700638656863	1700638657153	OK	 
REQUEST		request testing	1700638658066	1700638658066	OK	 
REQUEST		Post VTS Data	1700638658071	1700638658364	OK	 
REQUEST		Post VTS Data Redirect 1	1700638658365	1700638658662	OK	 
REQUEST		Get VTS Data	1700638659678	1700638659950	OK	 
REQUEST		Get VTS Data Redirect 1	1700638659951	1700638660261	OK	 
REQUEST		request testing	1700638660265	1700638660265	OK	 
REQUEST		Post VTS Data	1700638660265	1700638660573	OK	 
REQUEST		Post VTS Data Redirect 1	1700638660573	1700638660898	OK	 
REQUEST		Get VTS Data	1700638661915	1700638662194	OK	 
REQUEST		Get VTS Data Redirect 1	1700638662194	1700638662470	OK	 
REQUEST		request testing	1700638662474	1700638662474	OK	 
REQUEST		Post VTS Data	1700638662475	1700638662783	OK	 
REQUEST		Post VTS Data Redirect 1	1700638662784	1700638663095	OK	 
REQUEST		Get VTS Data	1700638664106	1700638664382	OK	 
REQUEST		Get VTS Data Redirect 1	1700638664383	1700638664655	OK	 
REQUEST		request testing	1700638664657	1700638664657	OK	 
REQUEST		Post VTS Data	1700638664657	1700638664983	OK	 
REQUEST		Post VTS Data Redirect 1	1700638664984	1700638665308	OK	 
REQUEST		Get VTS Data	1700638666313	1700638666638	OK	 
REQUEST		Get VTS Data Redirect 1	1700638666638	1700638666919	OK	 
REQUEST		request testing	1700638666920	1700638666920	OK	 
REQUEST		Post VTS Data	1700638666921	1700638667224	OK	 
REQUEST		Post VTS Data Redirect 1	1700638667225	1700638667521	OK	 
REQUEST		Get VTS Data	1700638668532	1700638668804	OK	 
REQUEST		Get VTS Data Redirect 1	1700638668804	1700638669095	OK	 
REQUEST		request testing	1700638669099	1700638669099	OK	 
REQUEST		Post VTS Data	1700638669100	1700638669413	OK	 
REQUEST		Post VTS Data Redirect 1	1700638669413	1700638669710	OK	 
REQUEST		Get VTS Data	1700638670713	1700638670987	OK	 
REQUEST		Get VTS Data Redirect 1	1700638670987	1700638671267	OK	 
REQUEST		request testing	1700638671272	1700638671272	OK	 
REQUEST		Post VTS Data	1700638671272	1700638671567	OK	 
REQUEST		Post VTS Data Redirect 1	1700638671568	1700638671866	OK	 
USER	Get Data From VTS	END	1700638672884
