RUN	VtsTrails.GetQueueData	getqueuedata	1700634235513	 	3.9.5
USER	Get Data From VTS	START	1700634240674
REQUEST		Get VTS Data	1700634240669	1700634241270	OK	 
REQUEST		Get VTS Data Redirect 1	1700634241280	1700634241563	OK	 
REQUEST		request testing	1700634242458	1700634242458	OK	 
REQUEST		Post VTS Data	1700634242463	1700634242741	OK	 
REQUEST		Post VTS Data Redirect 1	1700634242741	1700634243020	OK	 
REQUEST		Get VTS Data	1700634244038	1700634244323	OK	 
REQUEST		Get VTS Data Redirect 1	1700634244323	1700634244596	OK	 
REQUEST		request testing	1700634244599	1700634244599	OK	 
REQUEST		Post VTS Data	1700634244599	1700634244873	OK	 
REQUEST		Post VTS Data Redirect 1	1700634244873	1700634245155	OK	 
REQUEST		Get VTS Data	1700634246173	1700634246446	OK	 
REQUEST		Get VTS Data Redirect 1	1700634246446	1700634246722	OK	 
REQUEST		request testing	1700634246724	1700634246724	OK	 
REQUEST		Post VTS Data	1700634246725	1700634247042	OK	 
REQUEST		Post VTS Data Redirect 1	1700634247043	1700634247337	OK	 
REQUEST		Get VTS Data	1700634248343	1700634248622	OK	 
REQUEST		Get VTS Data Redirect 1	1700634248623	1700634248904	OK	 
REQUEST		request testing	1700634248907	1700634248907	OK	 
REQUEST		Post VTS Data	1700634248908	1700634249181	OK	 
REQUEST		Post VTS Data Redirect 1	1700634249181	1700634249496	OK	 
REQUEST		Get VTS Data	1700634250506	1700634250783	OK	 
REQUEST		Get VTS Data Redirect 1	1700634250784	1700634251059	OK	 
REQUEST		request testing	1700634251063	1700634251063	OK	 
REQUEST		Post VTS Data	1700634251065	1700634251337	OK	 
REQUEST		Post VTS Data Redirect 1	1700634251338	1700634251612	OK	 
REQUEST		Get VTS Data	1700634252628	1700634252903	OK	 
REQUEST		Get VTS Data Redirect 1	1700634252905	1700634253179	OK	 
REQUEST		request testing	1700634253183	1700634253183	OK	 
REQUEST		Post VTS Data	1700634253185	1700634253460	OK	 
REQUEST		Post VTS Data Redirect 1	1700634253461	1700634253738	OK	 
REQUEST		Get VTS Data	1700634254750	1700634255025	OK	 
REQUEST		Get VTS Data Redirect 1	1700634255026	1700634255299	OK	 
REQUEST		request testing	1700634255307	1700634255307	OK	 
REQUEST		Post VTS Data	1700634255308	1700634255583	OK	 
REQUEST		Post VTS Data Redirect 1	1700634255584	1700634255860	OK	 
USER	Get Data From VTS	END	1700634256881
