RUN	VtsTrails.OrderModification	ordermodification	1702449808259	 	3.9.5
USER	Initial Scenario	START	1702449812456
REQUEST		Request_X:VTS_GetColumSize	1702449812450	1702449813026	OK	 
REQUEST		Request_X:VTS_GetColumSize Redirect 1	1702449813035	1702449813322	OK	 
USER	Initial Scenario	END	1702449813383
USER	Retrieve order scenario	START	1702449814605
REQUEST		LoginAPI	1702449814377	1702449814659	OK	 
REQUEST		Request_X:VTS_QueryColumn	1702449814722	1702449815285	OK	 
REQUEST		Request_X:VTS_QueryColumn Redirect 1	1702449815286	1702449815572	OK	 
USER	Retrieve order scenario	END	1702449817607
USER	Retrieve order scenario	START	1702449825377
REQUEST		LoginAPI	1702449825375	1702449825425	OK	 
REQUEST		Request_X:VTS_QueryColumn	1702449825427	1702449825984	OK	 
REQUEST		Request_X:VTS_QueryColumn Redirect 1	1702449825984	1702449826261	OK	 
USER	Retrieve order scenario	END	1702449828284
USER	Retrieve order scenario	START	1702449836375
REQUEST		LoginAPI	1702449836374	1702449836429	OK	 
REQUEST		Request_X:VTS_QueryColumn	1702449836430	1702449836983	OK	 
REQUEST		Request_X:VTS_QueryColumn Redirect 1	1702449836984	1702449837263	OK	 
USER	Retrieve order scenario	END	1702449839275
USER	Retrieve order scenario	START	1702449848368
REQUEST		LoginAPI	1702449848366	1702449848410	OK	 
REQUEST		Request_X:VTS_QueryColumn	1702449848411	1702449848967	OK	 
REQUEST		Request_X:VTS_QueryColumn Redirect 1	1702449848967	1702449849247	OK	 
USER	Retrieve order scenario	END	1702449851256
USER	Retrieve order scenario	START	1702449859372
REQUEST		LoginAPI	1702449859371	1702449859414	OK	 
REQUEST		Request_X:VTS_QueryColumn	1702449859416	1702449859967	OK	 
REQUEST		Request_X:VTS_QueryColumn Redirect 1	1702449859967	1702449860246	OK	 
USER	Retrieve order scenario	END	1702449862260
USER	Retrieve order scenario	START	1702449871368
REQUEST		LoginAPI	1702449871367	1702449871427	OK	 
REQUEST		Request_X:VTS_QueryColumn	1702449871428	1702449871977	OK	 
REQUEST		Request_X:VTS_QueryColumn Redirect 1	1702449871978	1702449872253	OK	 
USER	Retrieve order scenario	END	1702449874267
USER	Retrieve order scenario	START	1702449882375
REQUEST		LoginAPI	1702449882373	1702449882421	OK	 
REQUEST		Request_X:VTS_QueryColumn	1702449882422	1702449882975	OK	 
REQUEST		Request_X:VTS_QueryColumn Redirect 1	1702449882975	1702449883254	OK	 
USER	Retrieve order scenario	END	1702449885263
USER	Retrieve order scenario	START	1702449894372
REQUEST		LoginAPI	1702449894371	1702449894418	OK	 
REQUEST		Request_X:VTS_QueryColumn	1702449894419	1702449894966	OK	 
REQUEST		Request_X:VTS_QueryColumn Redirect 1	1702449894966	1702449895515	OK	 
USER	Retrieve order scenario	END	1702449897537
USER	Retrieve order scenario	START	1702449905370
REQUEST		LoginAPI	1702449905369	1702449905417	OK	 
REQUEST		Request_X:VTS_QueryColumn	1702449905418	1702449905974	OK	 
REQUEST		Request_X:VTS_QueryColumn Redirect 1	1702449905974	1702449906252	OK	 
USER	Retrieve order scenario	END	1702449908264
USER	Retrieve order scenario	START	1702449916380
REQUEST		LoginAPI	1702449916379	1702449916424	OK	 
REQUEST		Request_X:VTS_QueryColumn	1702449916425	1702449916978	OK	 
REQUEST		Request_X:VTS_QueryColumn Redirect 1	1702449916979	1702449917255	OK	 
USER	Retrieve order scenario	END	1702449919262
USER	Retrieve order scenario	START	1702449928376
REQUEST		LoginAPI	1702449928375	1702449928417	OK	 
REQUEST		Request_X:VTS_QueryColumn	1702449928418	1702449928965	OK	 
REQUEST		Request_X:VTS_QueryColumn Redirect 1	1702449928965	1702449929240	OK	 
USER	Retrieve order scenario	END	1702449931247
USER	Retrieve order scenario	START	1702449939369
REQUEST		LoginAPI	1702449939366	1702449939418	OK	 
REQUEST		Request_X:VTS_QueryColumn	1702449939419	1702449939989	OK	 
REQUEST		Request_X:VTS_QueryColumn Redirect 1	1702449939990	1702449940275	OK	 
USER	Retrieve order scenario	END	1702449942287
USER	Retrieve order scenario	START	1702449951379
REQUEST		LoginAPI	1702449951378	1702449951417	OK	 
REQUEST		Request_X:VTS_QueryColumn	1702449951418	1702449951981	OK	 
REQUEST		Request_X:VTS_QueryColumn Redirect 1	1702449951981	1702449952260	OK	 
USER	Retrieve order scenario	END	1702449954264
USER	Retrieve order scenario	START	1702449962379
REQUEST		LoginAPI	1702449962377	1702449962428	OK	 
REQUEST		Request_X:VTS_QueryColumn	1702449962429	1702449962978	OK	 
REQUEST		Request_X:VTS_QueryColumn Redirect 1	1702449962978	1702449963254	OK	 
USER	Retrieve order scenario	END	1702449965273
USER	Retrieve order scenario	START	1702449974368
REQUEST		LoginAPI	1702449974366	1702449974420	OK	 
REQUEST		Request_X:VTS_QueryColumn	1702449974421	1702449974978	OK	 
REQUEST		Request_X:VTS_QueryColumn Redirect 1	1702449974978	1702449975256	OK	 
USER	Retrieve order scenario	END	1702449977266
USER	Retrieve order scenario	START	1702449985376
REQUEST		LoginAPI	1702449985374	1702449985417	OK	 
REQUEST		Request_X:VTS_QueryColumn	1702449985418	1702449985967	OK	 
REQUEST		Request_X:VTS_QueryColumn Redirect 1	1702449985968	1702449986244	OK	 
USER	Retrieve order scenario	END	1702449988247
USER	Retrieve order scenario	START	1702449996379
REQUEST		LoginAPI	1702449996378	1702449996431	OK	 
REQUEST		Request_X:VTS_QueryColumn	1702449996432	1702449997034	OK	 
REQUEST		Request_X:VTS_QueryColumn Redirect 1	1702449997035	1702449997316	OK	 
USER	Retrieve order scenario	END	1702449999323
USER	Retrieve order scenario	START	1702450008379
REQUEST		LoginAPI	1702450008378	1702450008420	OK	 
REQUEST		Request_X:VTS_QueryColumn	1702450008421	1702450008981	OK	 
REQUEST		Request_X:VTS_QueryColumn Redirect 1	1702450008981	1702450009265	OK	 
USER	Retrieve order scenario	END	1702450011271
USER	Retrieve order scenario	START	1702450019381
REQUEST		LoginAPI	1702450019380	1702450019427	OK	 
REQUEST		Request_X:VTS_QueryColumn	1702450019428	1702450019984	OK	 
REQUEST		Request_X:VTS_QueryColumn Redirect 1	1702450019985	1702450020539	OK	 
USER	Retrieve order scenario	END	1702450022582
USER	Retrieve order scenario	START	1702450031366
REQUEST		LoginAPI	1702450031366	1702450031410	OK	 
REQUEST		Request_X:VTS_QueryColumn	1702450031411	1702450031957	OK	 
REQUEST		Request_X:VTS_QueryColumn Redirect 1	1702450031957	1702450032231	OK	 
USER	Retrieve order scenario	END	1702450034247
USER	Retrieve order scenario	START	1702450042377
REQUEST		LoginAPI	1702450042377	1702450042433	OK	 
REQUEST		Request_X:VTS_QueryColumn	1702450042434	1702450042984	OK	 
REQUEST		Request_X:VTS_QueryColumn Redirect 1	1702450042984	1702450043259	OK	 
USER	Retrieve order scenario	END	1702450045273
USER	Retrieve order scenario	START	1702450054373
REQUEST		LoginAPI	1702450054371	1702450054424	OK	 
REQUEST		Request_X:VTS_QueryColumn	1702450054425	1702450054986	OK	 
REQUEST		Request_X:VTS_QueryColumn Redirect 1	1702450054987	1702450055268	OK	 
USER	Retrieve order scenario	END	1702450057282
USER	Retrieve order scenario	START	1702450065372
REQUEST		LoginAPI	1702450065371	1702450065417	OK	 
REQUEST		Request_X:VTS_QueryColumn	1702450065418	1702450065976	OK	 
REQUEST		Request_X:VTS_QueryColumn Redirect 1	1702450065977	1702450066261	OK	 
USER	Retrieve order scenario	END	1702450068274
USER	Retrieve order scenario	START	1702450076379
REQUEST		LoginAPI	1702450076378	1702450076421	OK	 
REQUEST		Request_X:VTS_QueryColumn	1702450076421	1702450076973	OK	 
REQUEST		Request_X:VTS_QueryColumn Redirect 1	1702450076974	1702450077253	OK	 
USER	Retrieve order scenario	END	1702450079261
USER	Retrieve order scenario	START	1702450088367
REQUEST		LoginAPI	1702450088366	1702450088410	OK	 
REQUEST		Request_X:VTS_QueryColumn	1702450088411	1702450088969	OK	 
REQUEST		Request_X:VTS_QueryColumn Redirect 1	1702450088969	1702450089248	OK	 
USER	Retrieve order scenario	END	1702450091264
USER	Retrieve order scenario	START	1702450099378
REQUEST		LoginAPI	1702450099378	1702450099423	OK	 
REQUEST		Request_X:VTS_QueryColumn	1702450099424	1702450099971	OK	 
REQUEST		Request_X:VTS_QueryColumn Redirect 1	1702450099971	1702450100246	OK	 
USER	Retrieve order scenario	END	1702450102259
USER	Retrieve order scenario	START	1702450111373
REQUEST		LoginAPI	1702450111373	1702450111423	OK	 
REQUEST	