RUN	VtsTrails.OrderModification	ordermodification	1703136953251	 	3.9.5
USER	Initial Scenario	START	1703136957351
REQUEST		Request_X:VTS_GetColumSize	1703136957344	1703136957913	OK	 
REQUEST		Request_X:VTS_GetColumSize Redirect 1	1703136957923	1703136958204	OK	 
USER	Initial Scenario	END	1703136958274
USER	Retrieve order scenario	START	1703136958613
REQUEST		LoginAPI	1703136958330	1703136958669	OK	 
REQUEST		Request_X:VTS_QueryColumn	1703136958725	1703136959287	OK	 
REQUEST		Request_X:VTS_QueryColumn Redirect 1	1703136959287	1703136959568	OK	 
USER	Retrieve order scenario	END	1703136959601
USER	Retrieve order scenario	START	1703136969332
REQUEST		LoginAPI	1703136969331	1703136969372	OK	 
REQUEST		Request_X:VTS_QueryColumn	1703136969374	1703136969934	OK	 
REQUEST		Request_X:VTS_QueryColumn Redirect 1	1703136969935	1703136970219	OK	 
USER	Retrieve order scenario	END	1703136970223
USER	Retrieve order scenario	START	1703136980330
REQUEST		LoginAPI	1703136980329	1703136980381	OK	 
REQUEST		Request_X:VTS_QueryColumn	1703136980382	1703136980946	OK	 
REQUEST		Request_X:VTS_QueryColumn Redirect 1	1703136980947	1703136981225	OK	 
REQUEST		ModifyOrderSyncAPI	1703136981229	1703136981237	KO	j.n.UnknownHostException: pp5eusomapp.ikeadt.com
REQUEST		ModifyOrderSyncAPI	1703136981252	1703136981252	KO	j.n.UnknownHostException: pp5eusomapp.ikeadt.com
REQUEST		ModifyOrderSyncAPI	1703136981259	1703136981260	KO	j.n.UnknownHostException: pp5eusomapp.ikeadt.com
USER	Retrieve order scenario	END	1703136981266
USER	Retrieve order scenario	START	1703136992322
REQUEST		LoginAPI	1703136992319	1703136992365	OK	 
REQUEST		Request_X:VTS_QueryColumn	1703136992367	1703136992923	OK	 
REQUEST		Request_X:VTS_QueryColumn Redirect 1	1703136992924	1703136993206	OK	 
REQUEST		ModifyOrderSyncAPI	1703136993209	1703136993213	KO	j.n.UnknownHostException: pp5eusomapp.ikeadt.com
REQUEST		ModifyOrderSyncAPI	1703136993217	1703136993217	KO	j.n.UnknownHostException: pp5eusomapp.ikeadt.com
REQUEST		ModifyOrderSyncAPI	1703136993226	1703136993226	KO	j.n.UnknownHostException: pp5eusomapp.ikeadt.com
USER	Retrieve order scenario	END	1703136993234
USER	Retrieve order scenario	START	1703137003330
REQUEST		LoginAPI	1703137003329	1703137003372	OK	 
REQUEST		Request_X:VTS_QueryColumn	1703137003373	1703137003945	OK	 
REQUEST		Request_X:VTS_QueryColumn Redirect 1	1703137003946	1703137004221	OK	 
USER	Retrieve order scenario	END	1703137004230
USER	Retrieve order scenario	START	1703137015324
REQUEST		LoginAPI	1703137015324	1703137015370	OK	 
REQUEST		Request_X:VTS_QueryColumn	1703137015371	1703137015928	OK	 
REQUEST		Request_X:VTS_QueryColumn Redirect 1	1703137015929	1703137016204	OK	 
REQUEST		ModifyOrderSyncAPI	1703137016210	1703137016222	KO	j.n.UnknownHostException: pp5eusomapp.ikeadt.com
REQUEST		ModifyOrderSyncAPI	1703137016235	1703137016235	KO	j.n.UnknownHostException: pp5eusomapp.ikeadt.com
REQUEST		ModifyOrderSyncAPI	1703137016249	1703137016249	KO	j.n.UnknownHostException: pp5eusomapp.ikeadt.com
USER	Retrieve order scenario	END	1703137016258
USER	Retrieve order scenario	START	1703137026331
REQUEST		LoginAPI	1703137026327	1703137026387	OK	 
REQUEST		Request_X:VTS_QueryColumn	1703137026388	1703137026936	OK	 
REQUEST		Request_X:VTS_QueryColumn Redirect 1	1703137026937	1703137027217	OK	 
USER	Retrieve order scenario	END	1703137027221
USER	Retrieve order scenario	START	1703137038325
REQUEST		LoginAPI	1703137038323	1703137038373	OK	 
REQUEST		Request_X:VTS_QueryColumn	1703137038374	1703137038983	OK	 
REQUEST		Request_X:VTS_QueryColumn Redirect 1	1703137038984	1703137039265	OK	 
REQUEST		ModifyOrderSyncAPI	1703137039267	1703137039271	KO	j.n.UnknownHostException: pp5eusomapp.ikeadt.com
REQUEST		ModifyOrderSyncAPI	1703137039275	1703137039276	KO	j.n.UnknownHostException: pp5eusomapp.ikeadt.com
REQUEST		ModifyOrderSyncAPI	1703137039285	1703137039285	KO	j.n.UnknownHostException: pp5eusomapp.ikeadt.com
USER	Retrieve order scenario	END	1703137039294
USER	Retrieve order scenario	START	1703137049330
REQUEST		LoginAPI	1703137049329	1703137049363	OK	 
REQUEST		Request_X:VTS_QueryColumn	1703137049364	1703137049910	OK	 
REQUEST		Request_X:VTS_QueryColumn Redirect 1	1703137049910	1703137050193	OK	 
REQUEST		ModifyOrderSyncAPI	1703137050195	1703137050211	KO	j.n.UnknownHostException: pp5eusomapp.ikeadt.com
REQUEST		ModifyOrderSyncAPI	1703137050218	1703137050218	KO	j.n.UnknownHostException: pp5eusomapp.ikeadt.com
REQUEST		ModifyOrderSyncAPI	1703137050225	1703137050225	KO	j.n.UnknownHostException: pp5eusomapp.ikeadt.com
USER	Retrieve order scenario	END	1703137050232
USER	Retrieve order scenario	START	1703137060323
REQUEST		LoginAPI	1703137060322	1703137060359	OK	 
REQUEST		Request_X:VTS_QueryColumn	1703137060360	1703137060909	OK	 
REQUEST		Request_X:VTS_QueryColumn Redirect 1	1703137060909	1703137061188	OK	 
USER	Retrieve order scenario	END	1703137061193
USER	Retrieve order scenario	START	1703137072320
REQUEST		LoginAPI	1703137072319	1703137072364	OK	 
REQUEST		Request_X:VTS_QueryColumn	1703137072365	1703137072908	OK	 
REQUEST		Request_X:VTS_QueryColumn Redirect 1	1703137072908	1703137073179	OK	 
REQUEST		ModifyOrderSyncAPI	1703137073182	1703137073188	KO	j.n.UnknownHostException: pp5eusomapp.ikeadt.com
REQUEST		ModifyOrderSyncAPI	1703137073199	1703137073199	KO	j.n.UnknownHostException: pp5eusomapp.ikeadt.com
REQUEST		ModifyOrderSyncAPI	1703137073210	1703137073210	KO	j.n.UnknownHostException: pp5eusomapp.ikeadt.com
USER	Retrieve order scenario	END	1703137073219
USER	Retrieve order scenario	START	1703137083331
REQUEST		LoginAPI	1703137083330	1703137083375	OK	 
REQUEST		Request_X:VTS_QueryColumn	1703137083376	1703137083931	OK	 
REQUEST		Request_X:VTS_QueryColumn Redirect 1	1703137083932	1703137084209	OK	 
USER	Retrieve order scenario	END	1703137084217
USER	Retrieve order scenario	START	1703137095318
REQUEST		LoginAPI	1703137095317	1703137095355	OK	 
REQUEST		Request_X:VTS_QueryColumn	1703137095356	1703137095899	OK	 
REQUEST		Request_X:VTS_QueryColumn Redirect 1	1703137095900	1703137096172	OK	 
REQUEST		ModifyOrderSyncAPI	1703137096174	1703137096178	KO	j.n.UnknownHostException: pp5eusomapp.ikeadt.com
REQUEST		ModifyOrderSyncAPI	1703137096185	1703137096185	KO	j.n.UnknownHostException: pp5eusomapp.ikeadt.com
REQUEST		ModifyOrderSyncAPI	1703137096194	1703137096194	KO	j.n.UnknownHostException: pp5eusomapp.ikeadt.com
USER	Retrieve order scenario	END	1703137096200
USER	Retrieve order scenario	START	1703137106322
REQUEST		LoginAPI	1703137106321	1703137106374	OK	 
REQUEST		Request_X:VTS_QueryColumn	1703137106375	1703137106927	OK	 
REQUEST		Request_X:VTS_QueryColumn Redirect 1	1703137106928	1703137107198	OK	 
USER	Retrieve order scenario	END	1703137107202
USER	Retrieve order scenario	START	1703137118331
REQUEST		LoginAPI	1703137118330	1703137118375	OK	 
REQUEST		Request_X:VTS_QueryColumn	1703137118376	1703137118926	OK	 
REQUEST		Request_X:VTS_QueryColumn Redirect 1	1703137118926	1703137119214	OK	 
USER	Retrieve order scenario	END	1703137119221
USER	Retrieve order scenario	START	1703137129321
REQUEST		LoginAPI	1703137129320	1703137129359	OK	 
REQUEST		Request_X:VTS_QueryColumn	1703137129360	1703137129911	OK	 
REQUEST		Request_X:VTS_QueryColumn Redirect 1	1703137129911	1703137130458	OK	 
REQUEST		ModifyOrderSyncAPI	1703137130477	1703137130490	KO	j.n.UnknownHostException: pp5eusomapp.ikeadt.com
REQUEST		ModifyOrderSyncAPI	1703137130499	1703137130499	KO	j.n.UnknownHostException: pp5eusomapp.ikeadt.com
REQUEST		ModifyOrderSyncAPI	1703137130515	1703137130515	KO	j.n.UnknownHostException: pp5eusomapp.ikeadt.com
USER	Retrieve order scenario	END	1703137130525
USER	Retrieve order scenario	START	1703137140323
REQUEST		LoginAPI	1703137140321	1703137140382	OK	 
REQUEST		Request_X:VTS_QueryColumn	1703137140384	1703137140937	OK	 
REQUEST		Request_X:VTS_QueryColumn Redirect 1	1703137140938	1703137141226	OK	 
REQUEST		ModifyOrderSyncAPI	1703137141231	1703137141240	KO	j.n.UnknownHostException: pp5eusomapp.ikeadt.com
REQUEST		ModifyOrderSyncAPI	1703137141252	1703137141252	KO	j.n.UnknownHostException: pp5eusomapp.ikeadt.com
REQUEST		ModifyOrderSyncAPI	1703137141262	1703137141262	KO	j.n.UnknownHostException: pp5eusomapp.ikeadt.com
USER	Retrieve order scenario	END	1703137141269
USER	Retrieve order scenario	START	1703137152323
REQUEST		LoginAPI	1703137152323	1703137152364	OK	 
REQUEST		Request_X:VTS_QueryColumn	1703137152365	1703137152918	OK	 
REQUEST		Request_X:VTS_QueryColumn Redirect 1	1703137152918	1703137153193	OK	 
REQUEST		ModifyOrderSyncAPI	1703137153195	1703137153201	KO	j.n.UnknownHostException: pp5eusomapp.ikeadt.com
REQUEST		ModifyOrderSyncAPI	1703137153208	1703137153208	KO	j.n.UnknownHostException: pp5eusomapp.ikeadt.com
REQUEST		ModifyOrderSyncAPI	1703137153212	1703137153212	KO	j.n.UnknownHostException: pp5eusomapp.ikeadt.com
USER	Retrieve order scenario	END	1703137153222
USER	Retrieve order scenario	START	1703137163322
REQUEST		LoginAPI	1703137163321	1703137163368	OK	 
REQUEST		Request_X:VTS_QueryColumn	1703137163369	1703137163919	OK	 
REQUEST		Request_X:VTS_QueryColumn Redirect 1	1703137163919	1703137164193	OK	 
REQUEST		ModifyOrderSyncAPI	1703137164197	1703137164210	KO	j.n.UnknownHostException: pp5eusomapp.ikeadt.com
REQUEST		ModifyOrderSyncAPI	1703137164215	1703137164215	KO	j.n.UnknownHostException: pp5eusomapp.ikeadt.com
REQUEST		ModifyOrderSyncAPI	1703137164219	1703137164219	KO	j.n.UnknownHostException: pp5eusomapp.ikeadt.com
USER	Retrieve order scenario	END	1703137164225
USER	Retrieve order scenario	START	1703137175324
REQUEST		LoginAPI	1703137175323	1703137175362	OK	 
REQUEST		Request_X:VTS_QueryColumn	1703137175363	1703137175920	OK	 
REQUEST		Request_X:VTS_QueryColumn Redirect 1	1703137175920	1703137176198	OK	 
REQUEST		ModifyOrderSyncAPI	1703137176200	1703137176216	KO	j.n.UnknownHostException: pp5eusomapp.ikeadt.com
REQUEST		ModifyOrderSyncAPI	1703137176223	1703137176224	KO	j.n.UnknownHostException: pp5eusomapp.ikeadt.com
REQUEST		ModifyOrderSyncAPI	1703137176229	1703137176229	KO	j.n.UnknownHostException: pp5eusomapp.ikeadt.com
USER	Retrieve order scenario	END	1703137176235
USER	Retrieve order scenario	START	1703137186324
REQUEST		LoginAPI	1703137186324	1703137186364	OK	 
REQUEST		Request_X:VTS_QueryColumn	1703137186365	1703137186921	OK	 
REQUEST		Request_X:VTS_QueryColumn Redirect 1	1703137186922	1703137187199	OK	 
USER	Retrieve order scenario	END	1703137187205
USER	Retrieve order scenario	START	1703137198323
REQUEST		LoginAPI	1703137198321	1703137198377	OK	 
REQUEST		Request_X:VTS_QueryColumn	1703137198378	1703137198929	OK	 
REQUEST		Request_X:VTS_QueryColumn Redirect 1	1703137198929	1703137199206	OK	 
USER	Retrieve order scenario	END	1703137199210
USER	Retrieve order scenario	START	1703137209329
REQUEST		LoginAPI	1703137209328	1703137209366	OK	 
REQUEST		Request_X:VTS_QueryColumn	1703137209367	1703137209921	OK	 
REQUEST		Request_X:VTS_QueryColumn Redirect 1	1703137209921	1703137210199	OK	 
USER	Retrieve order scenario	END	1703137210207
USER	Retrieve order scenario	START	1703137220329
REQUEST		LoginAPI	1703137220329	1703137220365	OK	 
REQUEST		Request_X:VTS_QueryColumn	1703137220366	1703137220919	OK	 
REQUEST		Request_X:VTS_QueryColumn Redirect 1	1703137220919	1703137221198	OK	 
USER	Retrieve order scenario	END	1703137221203
USER	Retrieve order scenario	START	1703137232328
REQUEST		LoginAPI	1703137232327	1703137232374	OK	 
REQUEST		Request_X:VTS_QueryColumn	1703137232375	1703137232926	OK	 
REQUEST		Request_X:VTS_QueryColumn Redirect 1	1703137232927	1703137233207	OK	 
REQUEST		ModifyOrderSyncAPI	1703137233213	1703137233236	KO	j.n.UnknownHostException: pp5eusomapp.ikeadt.com
REQUEST		ModifyOrderSyncAPI	1703137233244	1703137233244	KO	j.n.UnknownHostException: pp5eusomapp.ikeadt.com
REQUEST		ModifyOrderSyncAPI	1703137233253	1703137233253	KO	j.n.UnknownHostException: pp5eusomapp.ikeadt.com
USER	Retrieve order scenario	END	1703137233268
USER	Retrieve order scenario	START	1703137243324
REQUEST		LoginAPI	1703137243323	1703137243382	OK	 
REQUEST		Request_X:VTS_QueryColumn	1703137243383	1703137243947	OK	 
REQUEST		Request_X:VTS_QueryColumn Redirect 1	1703137243948	1703137244226	OK	 
USER	Retrieve order scenario	END	1703137244234
USER	Retrieve order scenario	START	1703137255328
REQUEST		LoginAPI	1703137255327	1703137255366	OK	 
REQUEST		Request_X:VTS_QueryColumn	1703137255368	1703137255915	OK	 
REQUEST		Request_X:VTS_QueryColumn Redirect 1	1703137255916	1703137256190	OK	 
USER	Retrieve order scenario	END	1703137256194
USER	Retrieve order scenario	START	1703137266318
REQUEST		LoginAPI	1703137266317	1703137266365	OK	 
REQUEST		Request_X:VTS_QueryColumn	1703137266366	1703137266913	OK	 
REQUEST		Request_X:VTS_QueryColumn Redirect 1	1703137266914	1703137267190	OK	 
USER	Retrieve order scenario	END	1703137267199
USER	Retrieve order scenario	START	1703137278332
REQUEST		LoginAPI	1703137278331	1703137278383	OK	 
REQUEST		Request_X:VTS_QueryColumn	1703137278385	1703137278935	OK	 
REQUEST		Request_X:VTS_QueryColumn Redirect 1	1703137278936	1703137279211	OK	 
REQUEST		ModifyOrderSyncAPI	1703137279216	1703137279234	KO	j.n.UnknownHostException: pp5eusomapp.ikeadt.com
REQUEST		ModifyOrderSyncAPI	1703137279243	1703137279243	KO	j.n.UnknownHostException: pp5eusomapp.ikeadt.com
REQUEST		ModifyOrderSyncAPI	1703137279253	1703137279253	KO	j.n.UnknownHostException: pp5eusomapp.ikeadt.com
USER	Retrieve order scenario	END	1703137279264
USER	Retrieve order scenario	START	1703137289320
REQUEST		LoginAPI	1703137289319	1703137289368	OK	 
REQUEST		Request_X:VTS_QueryColumn	1703137289370	1703137289932	OK	 
REQUEST		Request_X:VTS_QueryColumn Redirect 1	1703137289932	1703137290211	OK	 
REQUEST		ModifyOrderSyncAPI	1703137290215	1703137290228	KO	j.n.UnknownHostException: pp5eusomapp.ikeadt.com
REQUEST		ModifyOrderSyncAPI	1703137290236	1703137290236	KO	j.n.UnknownHostException: pp5eusomapp.ikeadt.com
REQUEST		ModifyOrderSyncAPI	1703137290256	1703137290256	KO	j.n.UnknownHostException: pp5eusomapp.ikeadt.com
USER	Retrieve order scenario	END	1703137290266
USER	Retrieve order scenario	START	1703137300331
REQUEST		LoginAPI	1703137300329	1703137300373	OK	 
REQUEST		Request_X:VTS_QueryColumn	1703137300374	1703137300932	OK	 
REQUEST		Request_X:VTS_QueryColumn Redirect 1	1703137300933	1703137301214	OK	 
REQUEST		ModifyOrderSyncAPI	1703137301217	1703137301227	KO	j.n.UnknownHostException: pp5eusomapp.ikeadt.com
REQUEST		ModifyOrderSyncAPI	1703137301238	1703137301238	KO	j.n.UnknownHostException: pp5eusomapp.ikeadt.com
REQUEST		ModifyOrderSyncAPI	1703137301254	1703137301254	KO	j.n.UnknownHostException: pp5eusomapp.ikeadt.com
USER	Retrieve order scenario	END	1703137301260
USER	Retrieve order scenario	START	1703137312321
REQUEST		LoginAPI	1703137312320	1703137312355	OK	 
REQUEST		Request_X:VTS_QueryColumn	1703137312357	1703137312918	OK	 
REQUEST		Request_X:VTS_QueryColumn Redirect 1	1703137312919	1703137313195	OK	 
USER	Retrieve order scenario	END	1703137313198
USER	Retrieve order scenario	START	1703137323323
REQUEST		LoginAPI	1703137323323	1703137323369	OK	 
REQUEST		Request_X:VTS_QueryColumn	1703137323370	1703137323919	OK	 
REQUEST		Request_X:VTS_QueryColumn Redirect 1	1703137323919	1703137324195	OK	 
REQUEST		ModifyOrderSyncAPI	1703137324198	1703137324202	KO	j.n.UnknownHostException: pp5eusomapp.ikeadt.com
REQUEST		ModifyOrderSyncAPI	1703137324208	1703137324208	KO	j.n.UnknownHostException: pp5eusomapp.ikeadt.com
REQUEST		ModifyOrderSyncAPI	1703137324216	1703137324217	KO	j.n.UnknownHostException: pp5eusomapp.ikeadt.com
USER	Retrieve order scenario	END	1703137324223
USER	Retrieve order scenario	START	1703137335327
REQUEST		LoginAPI	1703137335325	1703137335365	OK	 
REQUEST		Request_X:VTS_QueryColumn	1703137335365	1703137335918	OK	 
REQUEST		Request_X:VTS_QueryColumn Redirect 1	1703137335919	1703137336195	OK	 
USER	Retrieve order scenario	END	1703137336201
USER	Retrieve order scenario	START	1703137346317
REQUEST		LoginAPI	1703137346316	1703137346361	OK	 
REQUEST		