RUN	VtsTrails.GetQueueData	getqueuedata	1699419657277	 	3.9.5
USER	Get Data From VTS	START	1699419662600
REQUEST		Get VTS Data	1699419662527	1699419663223	OK	 
REQUEST		Get VTS Data Redirect 1	1699419663231	1699419663530	OK	 
REQUEST		request testing	1699419664569	1699419664569	OK	 
REQUEST		Get VTS Data	1699419665577	1699419665885	OK	 
REQUEST		Get VTS Data Redirect 1	1699419665885	1699419666192	OK	 
REQUEST		request testing	1699419666193	1699419666193	OK	 
REQUEST		Get VTS Data	1699419667205	1699419667506	OK	 
REQUEST		Get VTS Data Redirect 1	1699419667507	1699419667904	OK	 
REQUEST		request testing	1699419667905	1699419667905	OK	 
REQUEST		Get VTS Data	1699419668907	1699419669264	OK	 
REQUEST		Get VTS Data Redirect 1	1699419669265	1699419669569	OK	 
REQUEST		request testing	1699419669571	1699419669571	OK	 
REQUEST		Get VTS Data	1699419670579	1699419670905	OK	 
REQUEST		Get VTS Data Redirect 1	1699419670906	1699419671217	OK	 
REQUEST		request testing	1699419671218	1699419671218	OK	 
REQUEST		Get VTS Data	1699419672224	1699419672602	OK	 
REQUEST		Get VTS Data Redirect 1	1699419672603	1699419672958	OK	 
REQUEST		request testing	1699419672960	1699419672960	OK	 
REQUEST		Get VTS Data	1699419673965	1699419674392	OK	 
REQUEST		Get VTS Data Redirect 1	1699419674394	1699419674798	OK	 
REQUEST		request testing	1699419674799	1699419674799	OK	 
ERROR	request testing: Failed to build request: j.l.RuntimeException: No attribute named 'item_id' is defined 	1699419675823
USER	Get Data From VTS	END	1699419675831
