RUN	VtsTrails.OrderModification	ordermodification	1702983372882	 	3.9.5
USER	Initial Scenario	START	1702983377264
REQUEST		Request_X:VTS_GetColumSize	1702983377253	1702983377878	OK	 
REQUEST		Request_X:VTS_GetColumSize Redirect 1	1702983377888	1702983378229	OK	 
USER	Initial Scenario	END	1702983378288
USER	Retrieve order scenario	START	1702983379497
REQUEST		LoginAPI	1702983379218	1702983379616	OK	 
REQUEST		Request_X:VTS_QueryColumn	1702983379687	1702983380306	OK	 
REQUEST		Request_X:VTS_QueryColumn Redirect 1	1702983380306	1702983380588	OK	 
REQUEST		ModifyOrderSyncAPI	1702983380618	1702983380654	KO	j.n.UnknownHostException: pp5eusomapp.ikeadt.com
REQUEST		ModifyOrderSyncAPI	1702983380666	1702983380666	KO	j.n.UnknownHostException: pp5eusomapp.ikeadt.com
REQUEST		ModifyOrderSyncAPI	1702983380675	1702983380675	KO	j.n.UnknownHostException: pp5eusomapp.ikeadt.com
USER	Retrieve order scenario	END	1702983380686
USER	Retrieve order scenario	START	1702983390211
REQUEST		LoginAPI	1702983390210	1702983390269	OK	 
REQUEST		Request_X:VTS_QueryColumn	1702983390273	1702983390975	OK	 
REQUEST		Request_X:VTS_QueryColumn Redirect 1	1702983390976	1702983391280	OK	 
USER	Retrieve order scenario	END	1702983391283
USER	Retrieve order scenario	START	1702983401224
REQUEST		LoginAPI	1702983401223	1702983401287	OK	 
REQUEST		Request_X:VTS_QueryColumn	1702983401288	1702983401909	OK	 
REQUEST		Request_X:VTS_QueryColumn Redirect 1	1702983401910	1702983402250	OK	 
USER	Retrieve order scenario	END	1702983402255
USER	Retrieve order scenario	START	1702983413212
REQUEST		LoginAPI	1702983413209	1702983413264	OK	 
REQUEST		Request_X:VTS_QueryColumn	1702983413265	1702983413865	OK	 
REQUEST		Request_X:VTS_QueryColumn Redirect 1	1702983413866	1702983414153	OK	 
USER	Retrieve order scenario	END	1702983414164
USER	Retrieve order scenario	START	1702983424222
REQUEST		LoginAPI	1702983424220	1702983424271	OK	 
REQUEST		Request_X:VTS_QueryColumn	1702983424272	1702983424837	OK	 
REQUEST		Request_X:VTS_QueryColumn Redirect 1	1702983424837	1702983425107	OK	 
USER	Retrieve order scenario	END	1702983425112
USER	Retrieve order scenario	START	1702983436211
REQUEST		LoginAPI	1702983436210	1702983436256	OK	 
REQUEST		Request_X:VTS_QueryColumn	1702983436257	1702983436823	OK	 
REQUEST		Request_X:VTS_QueryColumn Redirect 1	1702983436824	1702983437124	OK	 
REQUEST		ModifyOrderSyncAPI	1702983437127	1702983437132	KO	j.n.UnknownHostException: pp5eusomapp.ikeadt.com
REQUEST		ModifyOrderSyncAPI	1702983437159	1702983437159	KO	j.n.UnknownHostException: pp5eusomapp.ikeadt.com
REQUEST		ModifyOrderSyncAPI	1702983437165	1702983437165	KO	j.n.UnknownHostException: pp5eusomapp.ikeadt.com
USER	Retrieve order scenario	END	1702983437171
USER	Retrieve order scenario	START	1702983447222
REQUEST		LoginAPI	1702983447219	1702983447266	OK	 
REQUEST		Request_X:VTS_QueryColumn	1702983447267	1702983447843	OK	 
REQUEST		Request_X:VTS_QueryColumn Redirect 1	1702983447843	1702983448138	OK	 
USER	Retrieve order scenario	END	1702983448142
USER	Retrieve order scenario	START	1702983459217
REQUEST		LoginAPI	1702983459215	1702983459268	OK	 
REQUEST		Request_X:VTS_QueryColumn	1702983459269	1702983459979	OK	 
REQUEST		Request_X:VTS_QueryColumn Redirect 1	1702983459980	1702983460257	OK	 
REQUEST		ModifyOrderSyncAPI	1702983460259	1702983460265	KO	j.n.UnknownHostException: pp5eusomapp.ikeadt.com
REQUEST		ModifyOrderSyncAPI	1702983460282	1702983460282	KO	j.n.UnknownHostException: pp5eusomapp.ikeadt.com
REQUEST		ModifyOrderSyncAPI	1702983460287	1702983460287	KO	j.n.UnknownHostException: pp5eusomapp.ikeadt.com
USER	Retrieve order scenario	END	1702983460295
USER	Retrieve order scenario	START	1702983470214
REQUEST		LoginAPI	1702983470213	1702983470263	OK	 
REQUEST		Request_X:VTS_QueryColumn	1702983470265	1702983471007	OK	 
REQUEST		Request_X:VTS_QueryColumn Redirect 1	1702983471007	1702983471297	OK	 
USER	Retrieve order scenario	END	1702983471300
USER	Retrieve order scenario	START	1702983481215
REQUEST		LoginAPI	1702983481214	1702983481278	OK	 
REQUEST		Request_X:VTS_QueryColumn	1702983481279	1702983482023	OK	 
REQUEST		Request_X:VTS_QueryColumn Redirect 1	1702983482024	1702983482344	OK	 
USER	Retrieve order scenario	END	1702983482348
USER	Retrieve order scenario	START	1702983493212
REQUEST		LoginAPI	1702983493210	1702983493269	OK	 
REQUEST		Request_X:VTS_QueryColumn	1702983493270	1702983493837	OK	 
REQUEST		Request_X:VTS_QueryColumn Redirect 1	1702983493837	1702983494116	OK	 
REQUEST		ModifyOrderSyncAPI	1702983494117	1702983494130	KO	j.n.UnknownHostException: pp5eusomapp.ikeadt.com
REQUEST		ModifyOrderSyncAPI	1702983494146	1702983494147	KO	j.n.UnknownHostException: pp5eusomapp.ikeadt.com
REQUEST		ModifyOrderSyncAPI	1702983494152	1702983494152	KO	j.n.UnknownHostException: pp5eusomapp.ikeadt.com
USER	Retrieve order scenario	END	1702983494162
USER	Retrieve order scenario	START	1702983504209
REQUEST		LoginAPI	1702983504208	1702983504256	OK	 
REQUEST		Request_X:VTS_QueryColumn	1702983504258	1702983504810	OK	 
REQUEST		Request_X:VTS_QueryColumn Redirect 1	1702983504811	1702983505089	OK	 
USER	Retrieve order scenario	END	1702983505092
USER	Retrieve order scenario	START	1702983516217
REQUEST		LoginAPI	1702983516215	1702983516271	OK	 
REQUEST		Request_X:VTS_QueryColumn	1702983516272	1702983516821	OK	 
REQUEST		Request_X:VTS_QueryColumn Redirect 1	1702983516822	1702983517100	OK	 
USER	Retrieve order scenario	END	1702983517106
USER	Retrieve order scenario	START	1702983527215
REQUEST		LoginAPI	1702983527214	1702983527268	OK	 
REQUEST		Request_X:VTS_QueryColumn	1702983527269	1702983527819	OK	 
REQUEST		Request_X:VTS_QueryColumn Redirect 1	1702983527820	1702983528099	OK	 
USER	Retrieve order scenario	END	1702983528105
USER	Retrieve order scenario	START	1702983539219
REQUEST		LoginAPI	1702983539218	1702983539260	OK	 
REQUEST		Request_X:VTS_QueryColumn	1702983539260	1702983539808	OK	 
REQUEST		Request_X:VTS_QueryColumn Redirect 1	1702983539808	1702983540086	OK	 
USER	Retrieve order scenario	END	1702983540090
USER	Retrieve order scenario	START	1702983550222
REQUEST		LoginAPI	1702983550221	1702983550262	OK	 
REQUEST		Request_X:VTS_QueryColumn	1702983550263	1702983550817	OK	 
REQUEST		Request_X:VTS_QueryColumn Redirect 1	1702983550818	1702983551090	OK	 
USER	Retrieve order scenario	END	1702983551092
USER	Retrieve order scenario	START	1702983561215
REQUEST		LoginAPI	1702983561214	1702983561259	OK	 
REQUEST		Request_X:VTS_QueryColumn	1702983561260	1702983561837	OK	 
REQUEST		Request_X:VTS_QueryColumn Redirect 1	1702983561837	1702983562116	OK	 
USER	Retrieve order scenario	END	1702983562118
USER	Retrieve order scenario	START	1702983573219
REQUEST		LoginAPI	1702983573218	1702983573270	OK	 
REQUEST		Request_X:VTS_QueryColumn	1702983573271	1702983573832	OK	 
REQUEST		Request_X:VTS_QueryColumn Redirect 1	1702983573833	1702983574128	OK	 
REQUEST		ModifyOrderSyncAPI	1702983574130	1702983574166	KO	j.n.UnknownHostException: pp5eusomapp.ikeadt.com
REQUEST		ModifyOrderSyncAPI	1702983574171	1702983574171	KO	j.n.UnknownHostException: pp5eusomapp.ikeadt.com
REQUEST		ModifyOrderSyncAPI	1702983574177	1702983574177	KO	j.n.UnknownHostException: pp5eusomapp.ikeadt.com
USER	Retrieve order scenario	END	1702983574193
USER	Retrieve order scenario	START	1702983584211
REQUEST		LoginAPI	1702983584210	1702983584249	OK	 
REQUEST		Request_X:VTS_QueryColumn	1702983584250	1702983584797	OK	 
REQUEST		Request_X:VTS_QueryColumn Redirect 1	1702983584797	1702983585074	OK	 
REQUEST		ModifyOrderSyncAPI	1702983585076	1702983585095	KO	j.n.UnknownHostException: pp5eusomapp.ikeadt.com
REQUEST		ModifyOrderSyncAPI	1702983585101	1702983585101	KO	j.n.UnknownHostException: pp5eusomapp.ikeadt.com
REQUEST		ModifyOrderSyncAPI	1702983585107	1702983585107	KO	j.n.UnknownHostException: pp5eusomapp.ikeadt.com
USER	Retrieve order scenario	END	1702983585112
USER	Retrieve order scenario	START	1702983596211
REQUEST		LoginAPI	1702983596210	1702983596267	OK	 
REQUEST		Request_X:VTS_QueryColumn	1702983596268	1702983596852	OK	 
REQUEST		