RUN	VtsTrails.OrderModification	ordermodification	1702545119557	 	3.9.5
USER	Initial Scenario	START	1702545123605
REQUEST		Request_X:VTS_GetColumSize	1702545123601	1702545124238	OK	 
REQUEST		Request_X:VTS_GetColumSize Redirect 1	1702545124245	1702545124534	OK	 
USER	Initial Scenario	END	1702545124595
USER	Retrieve order scenario	START	1702545125759
REQUEST		LoginAPI	1702545125500	1702545125818	OK	 
REQUEST		Request_X:VTS_QueryColumn	1702545125889	1702545126478	OK	 
REQUEST		Request_X:VTS_QueryColumn Redirect 1	1702545126479	1702545126819	OK	 
USER	Retrieve order scenario	END	1702545126862
USER	Retrieve order scenario	START	1702545136501
REQUEST		LoginAPI	1702545136499	1702545136547	OK	 
REQUEST		Request_X:VTS_QueryColumn	1702545136549	1702545137162	OK	 
REQUEST		Request_X:VTS_QueryColumn Redirect 1	1702545137163	1702545137469	OK	 
USER	Retrieve order scenario	END	1702545137475
USER	Retrieve order scenario	START	1702545147504
REQUEST		LoginAPI	1702545147503	1702545147551	OK	 
REQUEST		Request_X:VTS_QueryColumn	1702545147552	1702545148222	OK	 
REQUEST		Request_X:VTS_QueryColumn Redirect 1	1702545148223	1702545148529	OK	 
USER	Retrieve order scenario	END	1702545148533
USER	Retrieve order scenario	START	1702545159496
REQUEST		LoginAPI	1702545159494	1702545159545	OK	 
REQUEST		Request_X:VTS_QueryColumn	1702545159546	1702545160201	OK	 
REQUEST		Request_X:VTS_QueryColumn Redirect 1	1702545160202	1702545160508	OK	 
USER	Retrieve order scenario	END	1702545160515
USER	Retrieve order scenario	START	1702545170497
REQUEST		LoginAPI	1702545170496	1702545170546	OK	 
REQUEST		Request_X:VTS_QueryColumn	1702545170547	1702545171137	OK	 
REQUEST		Request_X:VTS_QueryColumn Redirect 1	1702545171137	1702545171465	OK	 
USER	Retrieve order scenario	END	1702545171472
