RUN	VtsTrails.OrderModification	ordermodification	1702543129776	 	3.9.5
USER	Initial Scenario	START	1702543133794
REQUEST		Request_X:VTS_GetColumSize	1702543133788	1702543134353	OK	 
REQUEST		Request_X:VTS_GetColumSize Redirect 1	1702543134360	1702543134643	OK	 
USER	Initial Scenario	END	1702543134685
USER	Retrieve order scenario	START	1702543134926
REQUEST		LoginAPI	1702543134722	1702543134986	OK	 
REQUEST		Request_X:VTS_QueryColumn	1702543135041	1702543135595	OK	 
REQUEST		Request_X:VTS_QueryColumn Redirect 1	1702543135596	1702543135875	OK	 
USER	Retrieve order scenario	END	1702543135907
USER	Retrieve order scenario	START	1702543145718
REQUEST		LoginAPI	1702543145717	1702543145772	OK	 
REQUEST		Request_X:VTS_QueryColumn	1702543145774	1702543146361	OK	 
REQUEST		Request_X:VTS_QueryColumn Redirect 1	1702543146362	1702543146657	OK	 
USER	Retrieve order scenario	END	1702543146662
USER	Retrieve order scenario	START	1702543156723
REQUEST		LoginAPI	1702543156722	1702543156772	OK	 
REQUEST		Request_X:VTS_QueryColumn	1702543156773	1702543157340	OK	 
REQUEST		Request_X:VTS_QueryColumn Redirect 1	1702543157341	1702543157626	OK	 
USER	Retrieve order scenario	END	1702543157628
USER	Retrieve order scenario	START	1702543168722
REQUEST		LoginAPI	1702543168720	1702543168770	OK	 
REQUEST		Request_X:VTS_QueryColumn	1702543168771	1702543169339	OK	 
REQUEST		Request_X:VTS_QueryColumn Redirect 1	1702543169339	1702543169624	OK	 
USER	Retrieve order scenario	END	1702543169629
USER	Retrieve order scenario	START	1702543179721
REQUEST		LoginAPI	1702543179720	1702543179771	OK	 
REQUEST		Request_X:VTS_QueryColumn	1702543179772	1702543180326	OK	 
REQUEST		Request_X:VTS_QueryColumn Redirect 1	1702543180326	1702543180605	OK	 
USER	Retrieve order scenario	END	1702543180609
