RUN	VtsTrails.GetQueueData	getqueuedata	1699419758841	 	3.9.5
USER	Get Data From VTS	START	1699419764092
REQUEST		Get VTS Data	1699419764055	1699419764813	OK	 
REQUEST		Get VTS Data Redirect 1	1699419764823	1699419765218	OK	 
REQUEST		request testing	1699419766462	1699419766462	OK	 
REQUEST		Get VTS Data	1699419767473	1699419767881	OK	 
REQUEST		Get VTS Data Redirect 1	1699419767881	1699419768287	OK	 
REQUEST		request testing	1699419768289	1699419768289	OK	 
REQUEST		Get VTS Data	1699419769303	1699419769620	OK	 
REQUEST		Get VTS Data Redirect 1	1699419769620	1699419769962	OK	 
REQUEST		request testing	1699419769963	1699419769963	OK	 
REQUEST		Get VTS Data	1699419770969	1699419771645	OK	 
REQUEST		Get VTS Data Redirect 1	1699419771646	1699419771974	OK	 
REQUEST		request testing	1699419771976	1699419771976	OK	 
REQUEST		Get VTS Data	1699419772986	1699419773272	OK	 
REQUEST		Get VTS Data Redirect 1	1699419773273	1699419773622	OK	 
REQUEST		request testing	1699419773623	1699419773623	OK	 
REQUEST		Get VTS Data	1699419774634	1699419774918	OK	 
REQUEST		Get VTS Data Redirect 1	1699419774919	1699419775207	OK	 
REQUEST		request testing	1699419775208	1699419775208	OK	 
REQUEST		Get VTS Data	1699419776213	1699419776514	OK	 
REQUEST		Get VTS Data Redirect 1	1699419776514	1699419776794	OK	 
REQUEST		request testing	1699419776796	1699419776796	OK	 
ERROR	request testing: Failed to build request: j.l.RuntimeException: No attribute named 'item_id' is defined 	1699419777811
USER	Get Data From VTS	END	1699419777820
