RUN	VtsTrails.GetQueueData	getqueuedata	1699441273052	 	3.9.5
USER	Get Data From VTS	START	1699441278205
REQUEST		Get VTS Data	1699441278118	1699441278775	OK	 
REQUEST		Get VTS Data Redirect 1	1699441278785	1699441279119	OK	 
REQUEST		request testing	1699441280033	1699441280033	OK	 
REQUEST		Post VTS Data	1699441280034	1699441280339	OK	 
REQUEST		Post VTS Data Redirect 1	1699441280339	1699441280619	OK	 
REQUEST		Get VTS Data	1699441281639	1699441281955	OK	 
REQUEST		Get VTS Data Redirect 1	1699441281955	1699441282242	OK	 
REQUEST		request testing	1699441282244	1699441282244	OK	 
REQUEST		Post VTS Data	1699441282245	1699441282526	OK	 
REQUEST		Post VTS Data Redirect 1	1699441282527	1699441282816	OK	 
REQUEST		Get VTS Data	1699441283820	1699441284095	OK	 
REQUEST		Get VTS Data Redirect 1	1699441284095	1699441284373	OK	 
REQUEST		request testing	1699441284374	1699441284374	OK	 
REQUEST		Post VTS Data	1699441284375	1699441284659	OK	 
REQUEST		Post VTS Data Redirect 1	1699441284660	1699441284973	OK	 
REQUEST		Get VTS Data	1699441285987	1699441286263	OK	 
REQUEST		Get VTS Data Redirect 1	1699441286264	1699441286541	OK	 
REQUEST		request testing	1699441286543	1699441286543	OK	 
REQUEST		Post VTS Data	1699441286543	1699441287404	OK	 
REQUEST		Post VTS Data Redirect 1	1699441287404	1699441287687	OK	 
REQUEST		Get VTS Data	1699441288699	1699441288980	OK	 
REQUEST		Get VTS Data Redirect 1	1699441288980	1699441289259	OK	 
REQUEST		request testing	1699441289260	1699441289260	OK	 
REQUEST		Post VTS Data	1699441289261	1699441289560	OK	 
REQUEST		Post VTS Data Redirect 1	1699441289560	1699441289841	OK	 
REQUEST		Get VTS Data	1699441290853	1699441291150	OK	 
REQUEST		Get VTS Data Redirect 1	1699441291152	1699441291441	OK	 
REQUEST		request testing	1699441291444	1699441291444	OK	 
REQUEST		Post VTS Data	1699441291445	1699441291742	OK	 
REQUEST		Post VTS Data Redirect 1	1699441291743	1699441292235	OK	 
REQUEST		Get VTS Data	1699441293244	1699441293527	OK	 
REQUEST		Get VTS Data Redirect 1	1699441293528	1699441293809	OK	 
REQUEST		request testing	1699441293816	1699441293816	OK	 
REQUEST		Post VTS Data	1699441293816	1699441294111	OK	 
REQUEST		Post VTS Data Redirect 1	1699441294112	1699441294395	OK	 
USER	Get Data From VTS	END	1699441295400
