RUN	VtsTrails.GetQueueData	getqueuedata	1699440485747	 	3.9.5
USER	Get Data From VTS	START	1699440490825
REQUEST		Get VTS Data	1699440490798	1699440491408	OK	 
REQUEST		Get VTS Data Redirect 1	1699440491417	1699440491718	OK	 
REQUEST		request testing	1699440492621	1699440492621	OK	 
REQUEST		Post VTS Data	1699440492621	1699440492902	OK	 
REQUEST		Post VTS Data Redirect 1	1699440492903	1699440493181	OK	 
REQUEST		Get VTS Data	1699440494202	1699440494486	OK	 
REQUEST		Get VTS Data Redirect 1	1699440494487	1699440494765	OK	 
REQUEST		request testing	1699440494768	1699440494768	OK	 
REQUEST		Post VTS Data	1699440494768	1699440495047	OK	 
REQUEST		Post VTS Data Redirect 1	1699440495048	1699440495328	OK	 
REQUEST		Get VTS Data	1699440496344	1699440496624	OK	 
REQUEST		Get VTS Data Redirect 1	1699440496624	1699440496907	OK	 
REQUEST		request testing	1699440496908	1699440496908	OK	 
REQUEST		Post VTS Data	1699440496909	1699440497206	OK	 
REQUEST		Post VTS Data Redirect 1	1699440497206	1699440497508	OK	 
REQUEST		Get VTS Data	1699440498517	1699440498801	OK	 
REQUEST		Get VTS Data Redirect 1	1699440498801	1699440499080	OK	 
REQUEST		request testing	1699440499082	1699440499082	OK	 
REQUEST		Post VTS Data	1699440499083	1699440499364	OK	 
REQUEST		Post VTS Data Redirect 1	1699440499365	1699440499673	OK	 
REQUEST		Get VTS Data	1699440500689	1699440500971	OK	 
REQUEST		Get VTS Data Redirect 1	1699440500972	1699440501261	OK	 
REQUEST		request testing	1699440501262	1699440501262	OK	 
REQUEST		Post VTS Data	1699440501262	1699440501539	OK	 
REQUEST		Post VTS Data Redirect 1	1699440501540	1699440501819	OK	 
REQUEST		Get VTS Data	1699440502837	1699440503138	OK	 
REQUEST		Get VTS Data Redirect 1	1699440503139	1699440503419	OK	 
REQUEST		request testing	1699440503420	1699440503420	OK	 
REQUEST		Post VTS Data	1699440503420	1699440503699	OK	 
REQUEST		Post VTS Data Redirect 1	1699440503700	1699440503978	OK	 
REQUEST		Get VTS Data	1699440504987	1699440505271	OK	 
REQUEST		Get VTS Data Redirect 1	1699440505271	1699440505550	OK	 
REQUEST		request testing	1699440505552	1699440505552	OK	 
REQUEST		Post VTS Data	1699440505552	1699440505836	OK	 
REQUEST		Post VTS Data Redirect 1	1699440505837	1699440506114	OK	 
USER	Get Data From VTS	END	1699440507132
