RUN	VtsTrails.OrderModification	ordermodification	1702659327567	 	3.9.5
USER	Initial Scenario	START	1702659331697
REQUEST		Request_X:VTS_GetColumSize	1702659331688	1702659332333	OK	 
REQUEST		Request_X:VTS_GetColumSize Redirect 1	1702659332342	1702659332749	OK	 
USER	Initial Scenario	END	1702659332791
USER	Retrieve order scenario	START	1702659333929
REQUEST		LoginAPI	1702659333688	1702659333992	OK	 
REQUEST		Request_X:VTS_QueryColumn	1702659334056	1702659334685	OK	 
REQUEST		Request_X:VTS_QueryColumn Redirect 1	1702659334685	1702659335070	OK	 
USER	Retrieve order scenario	END	1702659335092
USER	Retrieve order scenario	START	1702659344683
REQUEST		LoginAPI	1702659344681	1702659344733	OK	 
REQUEST		Request_X:VTS_QueryColumn	1702659344734	1702659345460	OK	 
REQUEST		Request_X:VTS_QueryColumn Redirect 1	1702659345461	1702659345747	OK	 
USER	Retrieve order scenario	END	1702659345754
USER	Retrieve order scenario	START	1702659355678
REQUEST		LoginAPI	1702659355675	1702659355746	OK	 
REQUEST		Request_X:VTS_QueryColumn	1702659355747	1702659356401	OK	 
REQUEST		Request_X:VTS_QueryColumn Redirect 1	1702659356402	1702659356709	OK	 
USER	Retrieve order scenario	END	1702659356715
USER	Retrieve order scenario	START	1702659367682
REQUEST		LoginAPI	1702659367680	1702659367726	OK	 
REQUEST		Request_X:VTS_QueryColumn	1702659367728	1702659368382	OK	 
REQUEST		Request_X:VTS_QueryColumn Redirect 1	1702659368382	1702659368684	OK	 
USER	Retrieve order scenario	END	1702659368688
USER	Retrieve order scenario	START	1702659378690
REQUEST		LoginAPI	1702659378687	1702659378745	OK	 
REQUEST		Request_X:VTS_QueryColumn	1702659378746	1702659379439	OK	 
REQUEST		Request_X:VTS_QueryColumn Redirect 1	1702659379440	1702659380045	OK	 
USER	Retrieve order scenario	END	1702659380052
USER	Retrieve order scenario	START	1702659390681
REQUEST		LoginAPI	1702659390680	1702659390721	OK	 
REQUEST		Request_X:VTS_QueryColumn	1702659390722	1702659391417	OK	 
REQUEST		Request_X:VTS_QueryColumn Redirect 1	1702659391418	1702659391819	OK	 
REQUEST		ModifyOrderSyncAPI	1702659391822	1702659391884	KO	j.n.UnknownHostException: pp5eusomapp.ikeadt.com
REQUEST		ModifyOrderSyncAPI	1702659391893	1702659391893	KO	j.n.UnknownHostException: pp5eusomapp.ikeadt.com
REQUEST		ModifyOrderSyncAPI	1702659391897	1702659391898	KO	j.n.UnknownHostException: pp5eusomapp.ikeadt.com
USER	Retrieve order scenario	END	1702659391904
USER	Retrieve order scenario	START	1702659401689
REQUEST		LoginAPI	1702659401686	1702659401762	OK	 
REQUEST		Request_X:VTS_QueryColumn	1702659401763	1702659402386	OK	 
REQUEST		Request_X:VTS_QueryColumn Redirect 1	1702659402387	1702659402985	OK	 
REQUEST		ModifyOrderSyncAPI	1702659402987	1702659403033	KO	j.n.UnknownHostException: pp5eusomapp.ikeadt.com
REQUEST		ModifyOrderSyncAPI	1702659403054	1702659403054	KO	j.n.UnknownHostException: pp5eusomapp.ikeadt.com
REQUEST		ModifyOrderSyncAPI	1702659403057	1702659403057	KO	j.n.UnknownHostException: pp5eusomapp.ikeadt.com
USER	Retrieve order scenario	END	1702659403078
USER	Retrieve order scenario	START	1702659413681
REQUEST		LoginAPI	1702659413680	1702659413754	OK	 
REQUEST		Request_X:VTS_QueryColumn	1702659413756	1702659414461	OK	 
REQUEST		Request_X:VTS_QueryColumn Redirect 1	1702659414462	1702659414865	OK	 
USER	Retrieve order scenario	END	1702659414873
USER	Retrieve order scenario	START	1702659424687
REQUEST		LoginAPI	1702659424685	1702659424745	OK	 
REQUEST		Request_X:VTS_QueryColumn	1702659424747	1702659425377	OK	 
REQUEST		Request_X:VTS_QueryColumn Redirect 1	1702659425378	1702659425660	OK	 
USER	Retrieve order scenario	END	1702659425671
USER	Retrieve order scenario	START	1702659435677
REQUEST		LoginAPI	1702659435675	1702659435729	OK	 
REQUEST		Request_X:VTS_QueryColumn	1702659435731	1702659436438	OK	 
REQUEST		Request_X:VTS_QueryColumn Redirect 1	1702659436439	1702659436761	OK	 
REQUEST		ModifyOrderSyncAPI	1702659436764	1702659436825	KO	j.n.UnknownHostException: pp5eusomapp.ikeadt.com
REQUEST		ModifyOrderSyncAPI	1702659436836	1702659436837	KO	j.n.UnknownHostException: pp5eusomapp.ikeadt.com
REQUEST		ModifyOrderSyncAPI	1702659436845	1702659436845	KO	j.n.UnknownHostException: pp5eusomapp.ikeadt.com
USER	Retrieve order scenario	END	1702659436857
USER	Retrieve order scenario	START	1702659447685
REQUEST		LoginAPI	1702659447683	1702659447740	OK	 
REQUEST		Request_X:VTS_QueryColumn	1702659447741	1702659448459	OK	 
REQUEST		Request_X:VTS_QueryColumn Redirect 1	1702659448460	1702659448861	OK	 
USER	Retrieve order scenario	END	1702659448866
USER	Retrieve order scenario	START	1702659458677
REQUEST		LoginAPI	1702659458675	1702659458739	OK	 
REQUEST		Request_X:VTS_QueryColumn	1702659458741	1702659459715	OK	 
REQUEST		Request_X:VTS_QueryColumn Redirect 1	1702659459716	1702659460058	OK	 
USER	Retrieve order scenario	END	1702659460062
USER	Retrieve order scenario	START	1702659470682
REQUEST		LoginAPI	1702659470679	1702659470739	OK	 
REQUEST		Request_X:VTS_QueryColumn	1702659470741	1702659471389	OK	 
REQUEST		Request_X:VTS_QueryColumn Redirect 1	1702659471390	1702659471676	OK	 
USER	Retrieve order scenario	END	1702659471680
USER	Retrieve order scenario	START	1702659481687
REQUEST		LoginAPI	1702659481685	1702659481739	OK	 
REQUEST		Request_X:VTS_QueryColumn	1702659481741	1702659482342	OK	 
REQUEST		Request_X:VTS_QueryColumn Redirect 1	1702659482343	1702659482624	OK	 
USER	Retrieve order scenario	END	1702659482630
USER	Retrieve order scenario	START	1702659493687
REQUEST		LoginAPI	1702659493686	1702659493737	OK	 
REQUEST		Request_X:VTS_QueryColumn	1702659493740	1702659494467	OK	 
REQUEST		Request_X:VTS_QueryColumn Redirect 1	1702659494468	1702659494745	OK	 
USER	Retrieve order scenario	END	1702659494750
USER	Retrieve order scenario	START	1702659504686
REQUEST		LoginAPI	1702659504685	1702659504729	OK	 
REQUEST		Request_X:VTS_QueryColumn	1702659504731	1702659505402	OK	 
REQUEST		Request_X:VTS_QueryColumn Redirect 1	1702659505402	1702659505791	OK	 
USER	Retrieve order scenario	END	1702659505813
USER	Retrieve order scenario	START	1702659515686
REQUEST		LoginAPI	1702659515685	1702659515732	OK	 
REQUEST		Request_X:VTS_QueryColumn	1702659515733	1702659516552	OK	 
REQUEST		Request_X:VTS_QueryColumn Redirect 1	1702659516552	1702659517161	OK	 
USER	Retrieve order scenario	END	1702659517166
USER	Retrieve order scenario	START	1702659527684
REQUEST		LoginAPI	1702659527684	1702659527735	OK	 
REQUEST		Request_X:VTS_QueryColumn	1702659527736	1702659528428	OK	 
REQUEST		Request_X:VTS_QueryColumn Redirect 1	1702659528429	1702659528735	OK	 
REQUEST		ModifyOrderSyncAPI	1702659528736	1702659528774	KO	j.n.UnknownHostException: pp5eusomapp.ikeadt.com
REQUEST		ModifyOrderSyncAPI	1702659528778	1702659528778	KO	j.n.UnknownHostException: pp5eusomapp.ikeadt.com
REQUEST		ModifyOrderSyncAPI	1702659528782	1702659528782	KO	j.n.UnknownHostException: pp5eusomapp.ikeadt.com
USER	Retrieve order scenario	END	1702659528786
USER	Retrieve order scenario	START	1702659538686
REQUEST		LoginAPI	1702659538684	1702659538743	OK	 
REQUEST		Request_X:VTS_QueryColumn	1702659538744	1702659539389	OK	 
REQUEST		Request_X:VTS_QueryColumn Redirect 1	1702659539389	1702659539670	OK	 
USER	Retrieve order scenario	END	1702659539672
USER	Retrieve order scenario	START	1702659550677
REQUEST		LoginAPI	1702659550676	1702659550722	OK	 
REQUEST		Request_X:VTS_QueryColumn	1702659550724	1702659551299	OK	 
REQUEST		Request_X:VTS_QueryColumn Redirect 1	1702659551300	1702659551592	OK	 
USER	Retrieve order scenario	END	1702659551613
USER	Retrieve order scenario	START	1702659561676
REQUEST		LoginAPI	1702659561675	1702659561723	OK	 
REQUEST		Request_X:VTS_QueryColumn	1702659561725	1702659562346	OK	 
REQUEST		Request_X:VTS_QueryColumn Redirect 1	1702659562346	1702659562625	OK	 
USER	Retrieve order scenario	END	1702659562631
USER	Retrieve order scenario	START	1702659573685
REQUEST		LoginAPI	1702659573683	1702659573737	OK	 
REQUEST		Request_X:VTS_QueryColumn	1702659573738	1702659574300	OK	 
REQUEST		Request_X:VTS_QueryColumn Redirect 1	1702659574301	1702659574608	OK	 
REQUEST		ModifyOrderSyncAPI	1702659574610	1702659574626	KO	j.n.UnknownHostException: pp5eusomapp.ikeadt.com
REQUEST		ModifyOrderSyncAPI	1702659574639	1702659574639	KO	j.n.UnknownHostException: pp5eusomapp.ikeadt.com
REQUEST		ModifyOrderSyncAPI	1702659574647	1702659574648	KO	j.n.UnknownHostException: pp5eusomapp.ikeadt.com
USER	Retrieve order scenario	END	1702659574656
USER	Retrieve order scenario	START	1702659584686
REQUEST		LoginAPI	1702659584685	1702659584733	OK	 
REQUEST		Request_X:VTS_QueryColumn	1702659584734	1702659585316	OK	 
REQUEST		Request_X:VTS_QueryColumn Redirect 1	1702659585317	1702659585693	OK	 
USER	Retrieve order scenario	END	1702659585697
USER	Retrieve order scenario	START	1702659595687
REQUEST		LoginAPI	1702659595686	1702659595740	OK	 
REQUEST		Request_X:VTS_QueryColumn	1702659595741	1702659596524	OK	 
REQUEST		Request_X:VTS_QueryColumn Redirect 1	1702659596525	1702659596864	OK	 
REQUEST		ModifyOrderSyncAPI	1702659596868	1702659596892	KO	j.n.UnknownHostException: pp5eusomapp.ikeadt.com
REQUEST		ModifyOrderSyncAPI	1702659596898	1702659596898	KO	j.n.UnknownHostException: pp5eusomapp.ikeadt.com
REQUEST		ModifyOrderSyncAPI	1702659596910	1702659596910	KO	j.n.UnknownHostException: pp5eusomapp.ikeadt.com
USER	Retrieve order scenario	END	1702659596919
USER	Retrieve order scenario	START	1702659607682
REQUEST		LoginAPI	1702659607679	1702659607744	OK	 
REQUEST		Request_X:VTS_QueryColumn	1702659607746	1702659608291	OK	 
REQUEST		Request_X:VTS_QueryColumn Redirect 1	1702659608292	1702659608570	OK	 
USER	Retrieve order scenario	END	1702659608578
USER	Retrieve order scenario	START	1702659618682
REQUEST		LoginAPI	1702659618681	1702659618729	OK	 
REQUEST		Request_X:VTS_QueryColumn	1702659618730	1702659619281	OK	 
REQUEST		Request_X:VTS_QueryColumn Redirect 1	1702659619281	1702659619568	OK	 
REQUEST		ModifyOrderSyncAPI	1702659619571	1702659619587	KO	j.n.UnknownHostException: pp5eusomapp.ikeadt.com
REQUEST		ModifyOrderSyncAPI	1702659619610	1702659619610	KO	j.n.UnknownHostException: pp5eusomapp.ikeadt.com
REQUEST		ModifyOrderSyncAPI	1702659619616	1702659619616	KO	j.n.UnknownHostException: pp5eusomapp.ikeadt.com
USER	Retrieve order scenario	END	1702659619626
USER	Retrieve order scenario	START	1702659630676
REQUEST		LoginAPI	1702659630675	1702659630729	OK	 
REQUEST		Request_X:VTS_QueryColumn	1702659630730	1702659631341	OK	 
REQUEST		Request_X:VTS_QueryColumn Redirect 1	1702659631341	1702659631740	OK	 
USER	Retrieve order scenario	END	1702659631746
USER	Retrieve order scenario	START	1702659641676
REQUEST		LoginAPI	1702659641674	1702659641736	OK	 
REQUEST		Request_X:VTS_QueryColumn	1702659641738	1702659642300	OK	 
REQUEST		Request_X:VTS_QueryColumn Redirect 1	1702659642301	1702659642610	OK	 
REQUEST		ModifyOrderSyncAPI	1702659642612	1702659642631	KO	j.n.UnknownHostException: pp5eusomapp.ikeadt.com
REQUEST		ModifyOrderSyncAPI	1702659642637	1702659642637	KO	j.n.UnknownHostException: pp5eusomapp.ikeadt.com
REQUEST		ModifyOrderSyncAPI	1702659642646	1702659642646	KO	j.n.UnknownHostException: pp5eusomapp.ikeadt.com
USER	Retrieve order scenario	END	1702659642652
USER	Retrieve order scenario	START	1702659653685
REQUEST		LoginAPI	1702659653685	1702659653730	OK	 
REQUEST		Request_X:VTS_QueryColumn	1702659653732	1702659654402	OK	 
REQUEST		Request_X:VTS_QueryColumn Redirect 1	1702659654403	1702659654686	OK	 
USER	Retrieve order scenario	END	1702659654691
USER	Retrieve order scenario	START	1702659664683
REQUEST		LoginAPI	1702659664681	1702659664771	OK	 
REQUEST		Request_X:VTS_QueryColumn	1702659664772	1702659665326	OK	 
REQUEST		Request_X:VTS_QueryColumn Redirect 1	1702659665326	1702659665609	OK	 
USER	Retrieve order scenario	END	1702659665615
USER	Retrieve order scenario	START	1702659675688
REQUEST		LoginAPI	1702659675686	1702659675737	OK	 
REQUEST		Request_X:VTS_QueryColumn	1702659675738	1702659676399	OK	 
REQUEST		Request_X:VTS_QueryColumn Redirect 1	1702659676400	1702659676732	OK	 
USER	Retrieve order scenario	END	1702659676736
USER	Retrieve order scenario	START	1702659687684
REQUEST		LoginAPI	1702659687683	1702659687716	OK	 
REQUEST		Request_X:VTS_QueryColumn	1702659687716	1702659688317	OK	 
REQUEST		Request_X:VTS_QueryColumn Redirect 1	1702659688317	1702659688636	OK	 
USER	Retrieve order scenario	END	1702659688639
USER	Retrieve order scenario	START	1702659698677
REQUEST		LoginAPI	1702659698676	1702659698720	OK	 
REQUEST		Request_X:VTS_QueryColumn	1702659698721	1702659699597	OK	 
REQUEST		Request_X:VTS_QueryColumn Redirect 1	1702659699598	1702659699952	OK	 
REQUEST		ModifyOrderSyncAPI	1702659699954	1702659699971	KO	j.n.UnknownHostException: pp5eusomapp.ikeadt.com
REQUEST		ModifyOrderSyncAPI	1702659699987	1702659699988	KO	j.n.UnknownHostException: pp5eusomapp.ikeadt.com
REQUEST		ModifyOrderSyncAPI	1702659699991	1702659699991	KO	j.n.UnknownHostException: pp5eusomapp.ikeadt.com
USER	Retrieve order scenario	END	1702659699996
USER	Retrieve order scenario	START	1702659710681
REQUEST		LoginAPI	1702659710680	1702659710725	OK	 
REQUEST		Request_X:VTS_QueryColumn	1702659710726	1702659711398	OK	 
REQUEST		Request_X:VTS_QueryColumn Redirect 1	1702659711399	1702659711729	OK	 
USER	Retrieve order scenario	END	1702659711731
USER	Retrieve order scenario	START	1702659721673
REQUEST		LoginAPI	1702659721673	1702659721717	OK	 
REQUEST		Request_X:VTS_QueryColumn	1702659721718	1702659722337	OK	 
REQUEST		Request_X:VTS_QueryColumn Redirect 1	1702659722338	1702659722620	OK	 
REQUEST		ModifyOrderSyncAPI	1702659722621	1702659722635	KO	j.n.UnknownHostException: pp5eusomapp.ikeadt.com
REQUEST		ModifyOrderSyncAPI	1702659722640	1702659722640	KO	j.n.UnknownHostException: pp5eusomapp.ikeadt.com
REQUEST		ModifyOrderSyncAPI	1702659722643	1702659722644	KO	j.n.UnknownHostException: pp5eusomapp.ikeadt.com
USER	Retrieve order scenario	END	1702659722648
USER	Retrieve order scenario	START	1702659733684
REQUEST		LoginAPI	1702659733683	1702659733735	OK	 
REQUEST		Request_X:VTS_QueryColumn	1702659733737	1702659734411	OK	 
REQUEST		Request_X:VTS_QueryColumn Redirect 1	1702659734412	1702659734690	OK	 
REQUEST		ModifyOrderSyncAPI	1702659734693	1702659734703	KO	j.n.UnknownHostException: pp5eusomapp.ikeadt.com
REQUEST		ModifyOrderSyncAPI	1702659734723	1702659734723	KO	j.n.UnknownHostException: pp5eusomapp.ikeadt.com
REQUEST		ModifyOrderSyncAPI	1702659734730	1702659734730	KO	j.n.UnknownHostException: pp5eusomapp.ikeadt.com
USER	Retrieve order scenario	END	1702659734739
USER	Retrieve order scenario	START	1702659744689
REQUEST		LoginAPI	1702659744688	1702659744765	OK	 
REQUEST		Request_X:VTS_QueryColumn	1702659744767	1702659745398	OK	 
REQUEST		Request_X:VTS_QueryColumn Redirect 1	1702659745399	1702659745708	OK	 
USER	Retrieve order scenario	END	1702659745713
USER	Retrieve order scenario	START	1702659755678
REQUEST		LoginAPI	1702659755677	1702659755719	OK	 
REQUEST		Request_X:VTS_QueryColumn	1702659755720	1702659756267	OK	 
REQUEST		Request_X:VTS_QueryColumn Redirect 1	1702659756268	1702659756539	OK	 
REQUEST		ModifyOrderSyncAPI	1702659756541	1702659756551	KO	j.n.UnknownHostException: pp5eusomapp.ikeadt.com
REQUEST		ModifyOrderSyncAPI	1702659756585	1702659756585	KO	j.n.UnknownHostException: pp5eusomapp.ikeadt.com
REQUEST		ModifyOrderSyncAPI	1702659756594	1702659756594	KO	j.n.UnknownHostException: pp5eusomapp.ikeadt.com
USER	Retrieve order scenario	END	1702659756607
USER	Retrieve order scenario	START	1702659767679
REQUEST		LoginAPI	1702659767679	1702659767725	OK	 
REQUEST		Request_X:VTS_QueryColumn	1702659767726	1702659768348	OK	 
REQUEST		Request_X:VTS_QueryColumn Redirect 1	1702659768348	1702659768648	OK	 
REQUEST		ModifyOrderSyncAPI	1702659768650	1702659768718	KO	j.n.UnknownHostException: pp5eusomapp.ikeadt.com
REQUEST		ModifyOrderSyncAPI	1702659768727	1702659768728	KO	j.n.UnknownHostException: pp5eusomapp.ikeadt.com
REQUEST		ModifyOrderSyncAPI	1702659768741	1702659768741	KO	j.n.UnknownHostException: pp5eusomapp.ikeadt.com
USER	Retrieve order scenario	END	1702659768751
USER	Retrieve order scenario	START	1702659778689
REQUEST		LoginAPI	1702659778687	1702659778745	OK	 
REQUEST		Request_X:VTS_QueryColumn	1702659778747	1702659779351	OK	 
REQUEST		Request_X:VTS_QueryColumn Redirect 1	1702659779352	1702659779714	OK	 
USER	Retrieve order scenario	END	1702659779718
USER	Retrieve order scenario	START	1702659790676
REQUEST		LoginAPI	1702659790675	1702659790755	OK	 
REQUEST		Request_X:VTS_QueryColumn	1702659790756	1702659792411	OK	 
REQUEST		Request_X:VTS_QueryColumn Redirect 1	1702659792412	1702659792721	OK	 
USER	Retrieve order scenario	END	1702659792725
USER	Retrieve order scenario	START	1702659801682
REQUEST		LoginAPI	1702659801681	1702659801729	OK	 
REQUEST		Request_X:VTS_QueryColumn	1702659801731	1702659802352	OK	 
REQUEST		Request_X:VTS_QueryColumn Redirect 1	1702659802353	1702659802631	OK	 
USER	Retrieve order scenario	END	1702659802636
USER	Retrieve order scenario	START	1702659813691
REQUEST		LoginAPI	1702659813688	1702659813766	OK	 
REQUEST		Request_X:VTS_QueryColumn	1702659813768	1702659814319	OK	 
REQUEST		Request_X:VTS_QueryColumn Redirect 1	1702659814320	1702659814594	OK	 
USER	Retrieve order scenario	END	1702659814601
USER	Retrieve order scenario	START	1702659824678
REQUEST		LoginAPI	1702659824677	1702659824730	OK	 
REQUEST		Request_X:VTS_QueryColumn	1702659824732	1702659825279	OK	 
REQUEST		Request_X:VTS_QueryColumn Redirect 1	1702659825280	1702659825617	OK	 
USER	Retrieve order scenario	END	1702659825621
USER	Retrieve order scenario	START	1702659835687
REQUEST		LoginAPI	1702659835686	1702659835738	OK	 
REQUEST		Request_X:VTS_QueryColumn	1702659835739	1702659836463	OK	 
REQUEST		Request_X:VTS_QueryColumn Redirect 1	1702659836463	1702659836744	OK	 
REQUEST		ModifyOrderSyncAPI	1702659836746	1702659836773	KO	j.n.UnknownHostException: pp5eusomapp.ikeadt.com
REQUEST		ModifyOrderSyncAPI	1702659836781	1702659836781	KO	j.n.UnknownHostException: pp5eusomapp.ikeadt.com
REQUEST		ModifyOrderSyncAPI	1702659836791	1702659836792	KO	j.n.UnknownHostException: pp5eusomapp.ikeadt.com
USER	Retrieve order scenario	END	1702659836800
USER	Retrieve order scenario	START	1702659847683
REQUEST		LoginAPI	1702659847681	1702659847731	OK	 
REQUEST		Request_X:VTS_QueryColumn	1702659847732	1702659848344	OK	 
REQUEST		Request_X:VTS_QueryColumn Redirect 1	1702659848345	1702659848621	OK	 
REQUEST		ModifyOrderSyncAPI	1702659848623	1702659848629	KO	j.n.UnknownHostException: pp5eusomapp.ikeadt.com
REQUEST		ModifyOrderSyncAPI	1702659848642	1702659848642	KO	j.n.UnknownHostException: pp5eusomapp.ikeadt.com
REQUEST		ModifyOrderSyncAPI	1702659848649	1702659848649	KO	j.n.UnknownHostException: pp5eusomapp.ikeadt.com
USER	Retrieve order scenario	END	1702659848662
USER	Retrieve order scenario	START	1702659858677
REQUEST		LoginAPI	1702659858676	1702659858719	OK	 
REQUEST		Request_X:VTS_QueryColumn	1702659858720	1702659859280	OK	 
REQUEST		Request_X:VTS_QueryColumn Redirect 1	1702659859281	1702659859659	OK	 
USER	Retrieve order scenario	END	1702659859665
USER	Retrieve order scenario	START	1702659870678
REQUEST		LoginAPI	1702659870676	1702659870740	OK	 
REQUEST		Request_X:VTS_QueryColumn	1702659870741	1702659871370	OK	 
REQUEST		Request_X:VTS_QueryColumn Redirect 1	1702659871370	1702659871645	OK	 
USER	Retrieve order scenario	END	1702659871650
USER	Retrieve order scenario	START	1702659881684
REQUEST		LoginAPI	1702659881682	1702659881735	OK	 
REQUEST		Request_X:VTS_QueryColumn	1702659881736	1702659882378	OK	 
REQUEST		Request_X:VTS_QueryColumn Redirect 1	1702659882378	1702659882691	OK	 
REQUEST		ModifyOrderSyncAPI	1702659882694	1702659882704	KO	j.n.UnknownHostException: pp5eusomapp.ikeadt.com
REQUEST		ModifyOrderSyncAPI	1702659882712	1702659882713	KO	j.n.UnknownHostException: pp5eusomapp.ikeadt.com
REQUEST		ModifyOrderSyncAPI	1702659882723	1702659882723	KO	j.n.UnknownHostException: pp5eusomapp.ikeadt.com
USER	Retrieve order scenario	END	1702659882731
USER	Retrieve order scenario	START	1702659893686
REQUEST		LoginAPI	1702659893685	1702659893732	OK	 
REQUEST		Request_X:VTS_QueryColumn	1702659893733	1702659894507	OK	 
REQUEST		Request_X:VTS_QueryColumn Redirect 1	1702659894508	1702659894786	OK	 
USER	Retrieve order scenario	END	1702659894789
USER	Retrieve order scenario	START	1702659904678
REQUEST		LoginAPI	1702659904676	1702659904723	OK	 
REQUEST		Request_X:VTS_QueryColumn	1702659904725	1702659905337	OK	 
REQUEST		Request_X:VTS_QueryColumn Redirect 1	1702659905337	1702659905632	OK	 
USER	Retrieve order scenario	END	1702659905636
USER	Retrieve order scenario	START	1702659915676
REQUEST		LoginAPI	1702659915674	1702659915726	OK	 
REQUEST		Request_X:VTS_QueryColumn	1702659915727	1702659916297	OK	 
REQUEST		Request_X:VTS_QueryColumn Redirect 1	1702659916297	1702659916570	OK	 
REQUEST		ModifyOrderSyncAPI	1702659916572	1702659916579	KO	j.n.UnknownHostException: pp5eusomapp.ikeadt.com
REQUEST		ModifyOrderSyncAPI	1702659916594	1702659916594	KO	j.n.UnknownHostException: pp5eusomapp.ikeadt.com
REQUEST		ModifyOrderSyncAPI	1702659916605	1702659916605	KO	j.n.UnknownHostException: pp5eusomapp.ikeadt.com
USER	Retrieve order scenario	END	1702659916619
USER	Retrieve order scenario	START	1702659927683
REQUEST		LoginAPI	1702659927682	1702659927737	OK	 
REQUEST		Request_X:VTS_QueryColumn	1702659927738	1702659928393	OK	 
REQUEST		Request_X:VTS_QueryColumn Redirect 1	1702659928393	1702659928669	OK	 
REQUEST		ModifyOrderSyncAPI	1702659928671	1702659928676	KO	j.n.UnknownHostException: pp5eusomapp.ikeadt.com
REQUEST		ModifyOrderSyncAPI	1702659928695	1702659928696	KO	j.n.UnknownHostException: pp5eusomapp.ikeadt.com
REQUEST		ModifyOrderSyncAPI	1702659928703	1702659928703	KO	j.n.UnknownHostException: pp5eusomapp.ikeadt.com
USER	Retrieve order scenario	END	1702659928714
USER	Retrieve order scenario	START	1702659938685
REQUEST		LoginAPI	1702659938685	1702659938727	OK	 
REQUEST		Request_X:VTS_QueryColumn	1702659938728	1702659939655	OK	 
REQUEST		Request_X:VTS_QueryColumn Redirect 1	1702659939656	1702659940269	OK	 
USER	Retrieve order scenario	END	1702659940274
USER	Retrieve order scenario	START	1702659950687
REQUEST		LoginAPI	1702659950685	1702659950762	OK	 
REQUEST		Request_X:VTS_QueryColumn	1702659950763	1702659951468	OK	 
REQUEST		Request_X:VTS_QueryColumn Redirect 1	1702659951469	1702659951749	OK	 
REQUEST		ModifyOrderSyncAPI	1702659951752	1702659951784	KO	j.n.UnknownHostException: pp5eusomapp.ikeadt.com
REQUEST		ModifyOrderSyncAPI	1702659951795	1702659951795	KO	j.n.UnknownHostException: pp5eusomapp.ikeadt.com
REQUEST		ModifyOrderSyncAPI	1702659951808	1702659951808	KO	j.n.UnknownHostException: pp5eusomapp.ikeadt.com
USER	Retrieve order scenario	END	1702659951816
USER	Retrieve order scenario	START	1702659961678
REQUEST		LoginAPI	1702659961677	1702659961726	OK	 
REQUEST		Request_X:VTS_QueryColumn	1702659961728	1702659962295	OK	 
REQUEST		Request_X:VTS_QueryColumn Redirect 1	1702659962296	1702659962694	OK	 
REQUEST		ModifyOrderSyncAPI	1702659962695	1702659962700	KO	j.n.UnknownHostException: pp5eusomapp.ikeadt.com
REQUEST		ModifyOrderSyncAPI	1702659962707	1702659962708	KO	j.n.UnknownHostException: pp5eusomapp.ikeadt.com
REQUEST		ModifyOrderSyncAPI	1702659962716	1702659962716	KO	j.n.UnknownHostException: pp5eusomapp.ikeadt.com
USER	Retrieve order scenario	END	1702659962728
USER	Retrieve order scenario	START	1702659973681
REQUEST		LoginAPI	1702659973681	1702659973741	OK	 
REQUEST		Request_X:VTS_QueryColumn	1702659973743	1702659974301	OK	 
REQUEST		Request_X:VTS_QueryColumn Redirect 1	1702659974302	1702659974580	OK	 
USER	Retrieve order scenario	END	1702659974586
USER	Retrieve order scenario	START	1702659984677
REQUEST		LoginAPI	1702659984675	1702659984715	OK	 
REQUEST		Request_X:VTS_QueryColumn	1702659984715	1702659985264	OK	 
REQUEST		Request_X:VTS_QueryColumn Redirect 1	1702659985264	1702659985604	OK	 
REQUEST		ModifyOrderSyncAPI	1702659985606	1702659985617	KO	j.n.UnknownHostException: pp5eusomapp.ikeadt.com
REQUEST		ModifyOrderSyncAPI	1702659985628	1702659985628	KO	j.n.UnknownHostException: pp5eusomapp.ikeadt.com
REQUEST		ModifyOrderSyncAPI	1702659985645	1702659985645	KO	j.n.UnknownHostException: pp5eusomapp.ikeadt.com
USER	Retrieve order scenario	END	1702659985680
USER	Retrieve order scenario	START	1702659995681
REQUEST		LoginAPI	1702659995680	1702659995733	OK	 
REQUEST		Request_X:VTS_QueryColumn	1702659995734	1702659996358	OK	 
REQUEST		Request_X:VTS_QueryColumn Redirect 1	1702659996358	1702659996631	OK	 
REQUEST		ModifyOrderSyncAPI	1702659996633	1702659996643	KO	j.n.UnknownHostException: pp5eusomapp.ikeadt.com
REQUEST		ModifyOrderSyncAPI	1702659996652	1702659996652	KO	j.n.UnknownHostException: pp5eusomapp.ikeadt.com
REQUEST		ModifyOrderSyncAPI	1702659996662	1702659996662	KO	j.n.UnknownHostException: pp5eusomapp.ikeadt.com
USER	Retrieve order scenario	END	1702659996670
USER	Retrieve order scenario	START	1702660007684
REQUEST		LoginAPI	1702660007683	1702660007733	OK	 
REQUEST		Request_X:VTS_QueryColumn	1702660007735	1702660008289	OK	 
REQUEST		Request_X:VTS_QueryColumn Redirect 1	1702660008290	1702660008573	OK	 
REQUEST		ModifyOrderSyncAPI	1702660008574	1702660008578	KO	j.n.UnknownHostException: pp5eusomapp.ikeadt.com
REQUEST		ModifyOrderSyncAPI	1702660008599	1702660008599	KO	j.n.UnknownHostException: pp5eusomapp.ikeadt.com
REQUEST		ModifyOrderSyncAPI	1702660008607	1702660008607	KO	j.n.UnknownHostException: pp5eusomapp.ikeadt.com
USER	Retrieve order scenario	END	1702660008616
USER	Retrieve order scenario	START	1702660018678
REQUEST		LoginAPI	1702660018676	1702660018720	OK	 
REQUEST		Request_X:VTS_QueryColumn	1702660018721	1702660019289	OK	 
REQUEST		Request_X:VTS_QueryColumn Redirect 1	1702660019290	1702660019574	OK	 
USER	Retrieve order scenario	END	1702660019580
USER	Retrieve order scenario	START	1702660030678
REQUEST		LoginAPI	1702660030676	1702660030759	OK	 
REQUEST		Request_X:VTS_QueryColumn	1702660030761	1702660031347	OK	 
REQUEST		Request_X:VTS_QueryColumn Redirect 1	1702660031348	1702660031643	OK	 
REQUEST		ModifyOrderSyncAPI	1702660031646	1702660031668	KO	j.n.UnknownHostException: pp5eusomapp.ikeadt.com
REQUEST		ModifyOrderSyncAPI	1702660031679	1702660031679	KO	j.n.UnknownHostException: pp5eusomapp.ikeadt.com
REQUEST		ModifyOrderSyncAPI	1702660031690	1702660031690	KO	j.n.UnknownHostException: pp5eusomapp.ikeadt.com
USER	Retrieve order scenario	END	1702660031698
USER	Retrieve order scenario	START	1702660041685
REQUEST		LoginAPI	1702660041684	1702660041747	OK	 
REQUEST		Request_X:VTS_QueryColumn	1702660041748	1702660042301	OK	 
REQUEST		Request_X:VTS_QueryColumn Redirect 1	1702660042301	1702660042686	OK	 
REQUEST		ModifyOrderSyncAPI	1702660042688	1702660042702	KO	j.n.UnknownHostException: pp5eusomapp.ikeadt.com
REQUEST		ModifyOrderSyncAPI	1702660042706	1702660042706	KO	j.n.UnknownHostException: pp5eusomapp.ikeadt.com
REQUEST		ModifyOrderSyncAPI	1702660042719	1702660042719	KO	j.n.UnknownHostException: pp5eusomapp.ikeadt.com
USER	Retrieve order scenario	END	1702660042731
