RUN	VtsTrails.OrderModification	ordermodification	1702543358768	 	3.9.5
USER	Initial Scenario	START	1702543362793
REQUEST		Request_X:VTS_GetColumSize	1702543362789	1702543363413	OK	 
REQUEST		Request_X:VTS_GetColumSize Redirect 1	1702543363420	1702543363720	OK	 
USER	Initial Scenario	END	1702543363774
USER	Retrieve order scenario	START	1702543364944
REQUEST		LoginAPI	1702543364737	1702543364997	OK	 
REQUEST		Request_X:VTS_QueryColumn	1702543365066	1702543365668	OK	 
REQUEST		Request_X:VTS_QueryColumn Redirect 1	1702543365668	1702543366300	OK	 
USER	Retrieve order scenario	END	1702543366318
USER	Retrieve order scenario	START	1702543375739
REQUEST		LoginAPI	1702543375738	1702543375783	OK	 
REQUEST		Request_X:VTS_QueryColumn	1702543375785	1702543376396	OK	 
REQUEST		Request_X:VTS_QueryColumn Redirect 1	1702543376397	1702543376691	OK	 
USER	Retrieve order scenario	END	1702543376697
USER	Retrieve order scenario	START	1702543386726
REQUEST		LoginAPI	1702543386725	1702543386775	OK	 
REQUEST		Request_X:VTS_QueryColumn	1702543386776	1702543387377	OK	 
REQUEST		Request_X:VTS_QueryColumn Redirect 1	1702543387377	1702543387682	OK	 
USER	Retrieve order scenario	END	1702543387686
USER	Retrieve order scenario	START	1702543398729
REQUEST		LoginAPI	1702543398726	1702543398776	OK	 
REQUEST		Request_X:VTS_QueryColumn	1702543398778	1702543399383	OK	 
REQUEST		Request_X:VTS_QueryColumn Redirect 1	1702543399384	1702543399688	OK	 
USER	Retrieve order scenario	END	1702543399698
USER	Retrieve order scenario	START	1702543409732
REQUEST		LoginAPI	1702543409732	1702543409777	OK	 
REQUEST		Request_X:VTS_QueryColumn	1702543409778	1702543410367	OK	 
REQUEST		Request_X:VTS_QueryColumn Redirect 1	1702543410367	1702543410664	OK	 
USER	Retrieve order scenario	END	1702543410668
