RUN	VtsTrails.OrderModification	ordermodification	1702611786027	 	3.9.5
USER	Initial Scenario	START	1702611790357
REQUEST		Request_X:VTS_GetColumSize	1702611790353	1702611791052	OK	 
REQUEST		Request_X:VTS_GetColumSize Redirect 1	1702611791062	1702611791364	OK	 
USER	Initial Scenario	END	1702611791426
USER	Retrieve order scenario	START	1702611792573
REQUEST		LoginAPI	1702611792243	1702611793542	OK	 
REQUEST		Request_X:VTS_QueryColumn	1702611793610	1702611794573	OK	 
REQUEST		Request_X:VTS_QueryColumn Redirect 1	1702611794573	1702611794918	OK	 
USER	Retrieve order scenario	END	1702611794967
USER	Retrieve order scenario	START	1702611803235
REQUEST		LoginAPI	1702611803233	1702611803304	OK	 
REQUEST		Request_X:VTS_QueryColumn	1702611803307	1702611803883	OK	 
REQUEST		Request_X:VTS_QueryColumn Redirect 1	1702611803883	1702611804196	OK	 
USER	Retrieve order scenario	END	1702611804213
USER	Retrieve order scenario	START	1702611814245
REQUEST		LoginAPI	1702611814244	1702611814295	OK	 
REQUEST		Request_X:VTS_QueryColumn	1702611814296	1702611814927	OK	 
REQUEST		Request_X:VTS_QueryColumn Redirect 1	1702611814927	1702611815429	OK	 
USER	Retrieve order scenario	END	1702611815440
USER	Retrieve order scenario	START	1702611826239
REQUEST		LoginAPI	1702611826238	1702611826319	OK	 
REQUEST		Request_X:VTS_QueryColumn	1702611826320	1702611827027	OK	 
REQUEST		Request_X:VTS_QueryColumn Redirect 1	1702611827028	1702611827307	OK	 
USER	Retrieve order scenario	END	1702611827325
USER	Retrieve order scenario	START	1702611837234
REQUEST		LoginAPI	1702611837232	1702611837313	OK	 
REQUEST		Request_X:VTS_QueryColumn	1702611837314	1702611837878	OK	 
REQUEST		Request_X:VTS_QueryColumn Redirect 1	1702611837878	1702611838160	OK	 
USER	Retrieve order scenario	END	1702611838181
