RUN	VtsTrails.GetQueueData	getqueuedata	1699440684638	 	3.9.5
USER	Get Data From VTS	START	1699440689969
REQUEST		Get VTS Data	1699440689731	1699440690540	OK	 
REQUEST		Get VTS Data Redirect 1	1699440690552	1699440690831	OK	 
REQUEST		request testing	1699440691737	1699440691737	OK	 
REQUEST		Post VTS Data	1699440691737	1699440692035	OK	 
REQUEST		Post VTS Data Redirect 1	1699440692035	1699440692314	OK	 
REQUEST		Get VTS Data	1699440693330	1699440693607	OK	 
REQUEST		Get VTS Data Redirect 1	1699440693607	1699440693885	OK	 
REQUEST		request testing	1699440693887	1699440693887	OK	 
REQUEST		Post VTS Data	1699440693887	1699440694166	OK	 
REQUEST		Post VTS Data Redirect 1	1699440694167	1699440694469	OK	 
REQUEST		Get VTS Data	1699440695472	1699440695749	OK	 
REQUEST		Get VTS Data Redirect 1	1699440695749	1699440696024	OK	 
REQUEST		request testing	1699440696025	1699440696025	OK	 
REQUEST		Post VTS Data	1699440696026	1699440696307	OK	 
REQUEST		Post VTS Data Redirect 1	1699440696309	1699440696590	OK	 
REQUEST		Get VTS Data	1699440697600	1699440697877	OK	 
REQUEST		Get VTS Data Redirect 1	1699440697878	1699440698159	OK	 
REQUEST		request testing	1699440698160	1699440698160	OK	 
REQUEST		Post VTS Data	1699440698160	1699440698439	OK	 
REQUEST		Post VTS Data Redirect 1	1699440698439	1699440698713	OK	 
REQUEST		Get VTS Data	1699440699722	1699440699997	OK	 
REQUEST		Get VTS Data Redirect 1	1699440699998	1699440700273	OK	 
REQUEST		request testing	1699440700274	1699440700274	OK	 
REQUEST		Post VTS Data	1699440700275	1699440700552	OK	 
REQUEST		Post VTS Data Redirect 1	1699440700552	1699440700840	OK	 
REQUEST		Get VTS Data	1699440701849	1699440702123	OK	 
REQUEST		Get VTS Data Redirect 1	1699440702125	1699440702407	OK	 
REQUEST		request testing	1699440702410	1699440702410	OK	 
REQUEST		Post VTS Data	1699440702411	1699440702690	OK	 
REQUEST		Post VTS Data Redirect 1	1699440702691	1699440702966	OK	 
REQUEST		Get VTS Data	1699440703971	1699440704245	OK	 
REQUEST		Get VTS Data Redirect 1	1699440704246	1699440704523	OK	 
REQUEST		request testing	1699440704527	1699440704527	OK	 
REQUEST		Post VTS Data	1699440704527	1699440704808	OK	 
REQUEST		Post VTS Data Redirect 1	1699440704809	1699440705084	OK	 
USER	Get Data From VTS	END	1699440706100
