RUN	VtsTrails.GetQueueData	getqueuedata	1701074124677	 	3.9.5
USER	Get Data From VTS	START	1701074130089
REQUEST		Get VTS Data	1701074130085	1701074130706	OK	 
REQUEST		Get VTS Data Redirect 1	1701074130716	1701074131027	OK	 
REQUEST		request testing	1701074132077	1701074132077	OK	 
REQUEST		Post VTS Data	1701074132080	1701074132365	OK	 
REQUEST		Post VTS Data Redirect 1	1701074132365	1701074132650	OK	 
REQUEST		Get VTS Data	1701074133663	1701074133944	OK	 
REQUEST		Get VTS Data Redirect 1	1701074133945	1701074134227	OK	 
REQUEST		request testing	1701074134232	1701074134232	OK	 
REQUEST		Post VTS Data	1701074134233	1701074134525	OK	 
REQUEST		Post VTS Data Redirect 1	1701074134526	1701074134826	OK	 
REQUEST		Get VTS Data	1701074135834	1701074136162	OK	 
REQUEST		Get VTS Data Redirect 1	1701074136163	1701074136454	OK	 
REQUEST		request testing	1701074136457	1701074136457	OK	 
REQUEST		Post VTS Data	1701074136458	1701074136759	OK	 
REQUEST		Post VTS Data Redirect 1	1701074136760	1701074137063	OK	 
REQUEST		Get VTS Data	1701074138073	1701074138381	OK	 
REQUEST		Get VTS Data Redirect 1	1701074138381	1701074138723	OK	 
REQUEST		request testing	1701074138726	1701074138726	OK	 
REQUEST		Post VTS Data	1701074138727	1701074139046	OK	 
REQUEST		Post VTS Data Redirect 1	1701074139047	1701074139528	OK	 
REQUEST		Get VTS Data	1701074140532	1701074140977	OK	 
REQUEST		Get VTS Data Redirect 1	1701074140978	1701074141259	OK	 
REQUEST		request testing	1701074141261	1701074141261	OK	 
REQUEST		Post VTS Data	1701074141261	1701074141627	OK	 
REQUEST		Post VTS Data Redirect 1	1701074141628	1701074141912	OK	 
REQUEST		Get VTS Data	1701074142929	1701074143226	OK	 
REQUEST		Get VTS Data Redirect 1	1701074143227	1701074143511	OK	 
REQUEST		request testing	1701074143514	1701074143514	OK	 
REQUEST		Post VTS Data	1701074143515	1701074143870	OK	 
REQUEST		Post VTS Data Redirect 1	1701074143871	1701074144279	OK	 
REQUEST		Get VTS Data	1701074145286	1701074145586	OK	 
REQUEST		Get VTS Data Redirect 1	1701074145586	1701074145868	OK	 
REQUEST		request testing	1701074145872	1701074145872	OK	 
REQUEST		Post VTS Data	1701074145873	1701074146162	OK	 
REQUEST		Post VTS Data Redirect 1	1701074146162	1701074146446	OK	 
USER	Get Data From VTS	END	1701074147466
