RUN	VtsTrails.GetQueueData	getqueuedata	1699441334279	 	3.9.5
USER	Get Data From VTS	START	1699441339459
REQUEST		Get VTS Data	1699441339423	1699441340026	OK	 
REQUEST		Get VTS Data Redirect 1	1699441340033	1699441340321	OK	 
REQUEST		request testing	1699441341264	1699441341264	OK	 
REQUEST		Post VTS Data	1699441341266	1699441341569	OK	 
REQUEST		Post VTS Data Redirect 1	1699441341570	1699441341867	OK	 
REQUEST		Get VTS Data	1699441342872	1699441343214	OK	 
REQUEST		Get VTS Data Redirect 1	1699441343215	1699441343492	OK	 
REQUEST		request testing	1699441343496	1699441343496	OK	 
REQUEST		Post VTS Data	1699441343497	1699441343790	OK	 
REQUEST		Post VTS Data Redirect 1	1699441343790	1699441344079	OK	 
REQUEST		Get VTS Data	1699441345091	1699441345369	OK	 
REQUEST		Get VTS Data Redirect 1	1699441345370	1699441345655	OK	 
REQUEST		request testing	1699441345658	1699441345658	OK	 
REQUEST		Post VTS Data	1699441345659	1699441345942	OK	 
REQUEST		Post VTS Data Redirect 1	1699441345943	1699441346226	OK	 
REQUEST		Get VTS Data	1699441347228	1699441347511	OK	 
REQUEST		Get VTS Data Redirect 1	1699441347512	1699441347808	OK	 
REQUEST		request testing	1699441347810	1699441347810	OK	 
REQUEST		Post VTS Data	1699441347811	1699441348099	OK	 
REQUEST		Post VTS Data Redirect 1	1699441348100	1699441348381	OK	 
REQUEST		Get VTS Data	1699441349386	1699441349661	OK	 
REQUEST		Get VTS Data Redirect 1	1699441349662	1699441349942	OK	 
REQUEST		request testing	1699441349944	1699441349944	OK	 
REQUEST		Post VTS Data	1699441349946	1699441350250	OK	 
REQUEST		Post VTS Data Redirect 1	1699441350251	1699441350529	OK	 
REQUEST		Get VTS Data	1699441351541	1699441351876	OK	 
REQUEST		Get VTS Data Redirect 1	1699441351876	1699441352156	OK	 
REQUEST		request testing	1699441352158	1699441352158	OK	 
REQUEST		Post VTS Data	1699441352159	1699441352447	OK	 
REQUEST		Post VTS Data Redirect 1	1699441352448	1699441352726	OK	 
REQUEST		Get VTS Data	1699441353730	1699441354003	OK	 
REQUEST		Get VTS Data Redirect 1	1699441354004	1699441354284	OK	 
REQUEST		request testing	1699441354289	1699441354289	OK	 
REQUEST		Post VTS Data	1699441354290	1699441354594	OK	 
REQUEST		Post VTS Data Redirect 1	1699441354595	1699441354871	OK	 
USER	Get Data From VTS	END	1699441355878
