RUN	VtsTrails.GetQueueData	getqueuedata	1699432358205	 	3.9.5
USER	Get Data From VTS	START	1699432363626
REQUEST		Get VTS Data	1699432363518	1699432364248	OK	 
REQUEST		Get VTS Data Redirect 1	1699432364260	1699432364664	OK	 
ERROR	request testing: Failed to build request: j.l.RuntimeException: No attribute named 'enterprise' is defined 	1699432365671
REQUEST		Get VTS Data	1699432366682	1699432367032	OK	 
REQUEST		Get VTS Data Redirect 1	1699432367034	1699432367314	OK	 
ERROR	request testing: Failed to build request: j.l.RuntimeException: No attribute named 'enterprise' is defined 	1699432367319
REQUEST		Get VTS Data	1699432368334	1699432368614	OK	 
REQUEST		Get VTS Data Redirect 1	1699432368615	1699432368895	OK	 
ERROR	request testing: Failed to build request: j.l.RuntimeException: No attribute named 'enterprise' is defined 	1699432368899
REQUEST		Get VTS Data	1699432369909	1699432370489	OK	 
REQUEST		Get VTS Data Redirect 1	1699432370490	1699432370770	OK	 
ERROR	request testing: Failed to build request: j.l.RuntimeException: No attribute named 'enterprise' is defined 	1699432370773
REQUEST		Get VTS Data	1699432371786	1699432372130	OK	 
REQUEST		Get VTS Data Redirect 1	1699432372131	1699432372442	OK	 
ERROR	request testing: Failed to build request: j.l.RuntimeException: No attribute named 'enterprise' is defined 	1699432372444
REQUEST		Get VTS Data	1699432373459	1699432373770	OK	 
REQUEST		Get VTS Data Redirect 1	1699432373771	1699432374189	OK	 
ERROR	request testing: Failed to build request: j.l.RuntimeException: No attribute named 'enterprise' is defined 	1699432374191
REQUEST		Get VTS Data	1699432375205	1699432375523	OK	 
REQUEST		Get VTS Data Redirect 1	1699432375524	1699432375826	OK	 
ERROR	request testing: Failed to build request: j.l.RuntimeException: No attribute named 'enterprise' is defined 	1699432375828
USER	Get Data From VTS	END	1699432376851
