RUN	VtsTrails.GetQueueData	getqueuedata	1699439726443	 	3.9.5
USER	Get Data From VTS	START	1699439732192
REQUEST		Get VTS Data	1699439731931	1699439732778	OK	 
REQUEST		Get VTS Data Redirect 1	1699439732785	1699439733080	OK	 
REQUEST		request testing	1699439733983	1699439733983	OK	 
REQUEST		Post VTS Data	1699439733983	1699439734285	OK	 
REQUEST		Post VTS Data Redirect 1	1699439734285	1699439734566	KO	jsonPath($.data.VTS_Trails).find.exists, found nothing
REQUEST		Get VTS Data	1699439735597	1699439735880	OK	 
REQUEST		Get VTS Data Redirect 1	1699439735881	1699439736161	OK	 
REQUEST		request testing	1699439736164	1699439736164	OK	 
REQUEST		Post VTS Data	1699439736165	1699439736461	OK	 
REQUEST		Post VTS Data Redirect 1	1699439736462	1699439736741	KO	jsonPath($.data.VTS_Trails).find.exists, found nothing
REQUEST		Get VTS Data	1699439737755	1699439738034	OK	 
REQUEST		Get VTS Data Redirect 1	1699439738034	1699439738314	OK	 
REQUEST		request testing	1699439738315	1699439738315	OK	 
REQUEST		Post VTS Data	1699439738316	1699439738613	OK	 
REQUEST		Post VTS Data Redirect 1	1699439738613	1699439739048	KO	jsonPath($.data.VTS_Trails).find.exists, found nothing
REQUEST		Get VTS Data	1699439740054	1699439740350	OK	 
REQUEST		Get VTS Data Redirect 1	1699439740351	1699439740659	OK	 
REQUEST		request testing	1699439740660	1699439740660	OK	 
REQUEST		Post VTS Data	1699439740660	1699439740940	OK	 
REQUEST		Post VTS Data Redirect 1	1699439740940	1699439741223	KO	jsonPath($.data.VTS_Trails).find.exists, found nothing
REQUEST		Get VTS Data	1699439742240	1699439742518	OK	 
REQUEST		Get VTS Data Redirect 1	1699439742519	1699439742809	OK	 
REQUEST		request testing	1699439742810	1699439742810	OK	 
REQUEST		Post VTS Data	1699439742811	1699439743149	OK	 
REQUEST		Post VTS Data Redirect 1	1699439743149	1699439743493	KO	jsonPath($.data.VTS_Trails).find.exists, found nothing
REQUEST		Get VTS Data	1699439744500	1699439744862	OK	 
REQUEST		Get VTS Data Redirect 1	1699439744863	1699439745157	OK	 
REQUEST		request testing	1699439745159	1699439745159	OK	 
REQUEST		Post VTS Data	1699439745160	1699439745444	OK	 
REQUEST		Post VTS Data Redirect 1	1699439745444	1699439745736	KO	jsonPath($.data.VTS_Trails).find.exists, found nothing
REQUEST		Get VTS Data	1699439746742	1699439747022	OK	 
REQUEST		Get VTS Data Redirect 1	1699439747022	1699439747319	OK	 
REQUEST		request testing	1699439747323	1699439747323	OK	 
REQUEST		Post VTS Data	1699439747323	1699439747603	OK	 
REQUEST		Post VTS Data Redirect 1	1699439747603	1699439747893	KO	jsonPath($.data.VTS_Trails).find.exists, found nothing
USER	Get Data From VTS	END	1699439748900
