RUN	VtsTrails.GetQueueData	getqueuedata	1699433724385	 	3.9.5
USER	Get Data From VTS	START	1699433729727
REQUEST		Get VTS Data	1699433729685	1699433730462	OK	 
REQUEST		Get VTS Data Redirect 1	1699433730485	1699433730873	OK	 
REQUEST		request testing	1699433732117	1699433732117	OK	 
REQUEST		Get VTS Data	1699433733135	1699433733523	OK	 
REQUEST		Get VTS Data Redirect 1	1699433733524	1699433733834	OK	 
REQUEST		request testing	1699433733838	1699433733838	OK	 
REQUEST		Get VTS Data	1699433734843	1699433735123	OK	 
REQUEST		Get VTS Data Redirect 1	1699433735124	1699433735467	OK	 
REQUEST		request testing	1699433735469	1699433735469	OK	 
REQUEST		Get VTS Data	1699433736475	1699433736803	OK	 
REQUEST		Get VTS Data Redirect 1	1699433736803	1699433737079	OK	 
REQUEST		request testing	1699433737081	1699433737081	OK	 
REQUEST		Get VTS Data	1699433738088	1699433738444	OK	 
REQUEST		Get VTS Data Redirect 1	1699433738446	1699433738747	OK	 
REQUEST		request testing	1699433738750	1699433738750	OK	 
REQUEST		Get VTS Data	1699433739756	1699433740077	OK	 
REQUEST		Get VTS Data Redirect 1	1699433740079	1699433740393	OK	 
REQUEST		request testing	1699433740395	1699433740395	OK	 
REQUEST		Get VTS Data	1699433741408	1699433741822	OK	 
REQUEST		Get VTS Data Redirect 1	1699433741824	1699433742140	OK	 
REQUEST		request testing	1699433742143	1699433742143	OK	 
USER	Get Data From VTS	END	1699433743161
