RUN	VtsTrails.OrderModification	ordermodification	1703068388302	 	3.9.5
USER	Initial Scenario	START	1703068392475
REQUEST		Request_X:VTS_GetColumSize	1703068392466	1703068402492	KO	i.n.c.ConnectTimeoutException: connection timed out: /9.30.86.192:8888
USER	Initial Scenario	END	1703068402507
USER	Retrieve order scenario	START	1703068403672
REQUEST		LoginAPI	1703068403444	1703068403731	OK	 
ERROR	Request_X:VTS_QueryColumn: Failed to build request: Failed to build request: j.l.NullPointerException 	1703068403819
USER	Retrieve order scenario	END	1703068403837
USER	Retrieve order scenario	START	1703068414437
REQUEST		LoginAPI	1703068414436	1703068414480	OK	 
ERROR	Request_X:VTS_QueryColumn: Failed to build request: Failed to build request: j.l.NullPointerException 	1703068414484
USER	Retrieve order scenario	END	1703068414488
USER	Retrieve order scenario	START	1703068425444
REQUEST		LoginAPI	1703068425443	1703068425490	OK	 
ERROR	Request_X:VTS_QueryColumn: Failed to build request: Failed to build request: j.l.NullPointerException 	1703068425494
USER	Retrieve order scenario	END	1703068425498
USER	Retrieve order scenario	START	1703068437437
REQUEST		LoginAPI	1703068437435	1703068437477	OK	 
ERROR	Request_X:VTS_QueryColumn: Failed to build request: Failed to build request: j.l.NullPointerException 	1703068437480
USER	Retrieve order scenario	END	1703068437485
USER	Retrieve order scenario	START	1703068448439
REQUEST		LoginAPI	1703068448438	1703068448480	OK	 
ERROR	Request_X:VTS_QueryColumn: Failed to build request: Failed to build request: j.l.NullPointerException 	1703068448485
USER	Retrieve order scenario	END	1703068448492
USER	Retrieve order scenario	START	1703068460445
REQUEST		LoginAPI	1703068460443	1703068460487	OK	 
ERROR	Request_X:VTS_QueryColumn: Failed to build request: Failed to build request: j.l.NullPointerException 	1703068460490
USER	Retrieve order scenario	END	1703068460493
USER	Retrieve order scenario	START	1703068471453
REQUEST		LoginAPI	1703068471452	1703068471502	OK	 
ERROR	Request_X:VTS_QueryColumn: Failed to build request: Failed to build request: j.l.NullPointerException 	1703068471505
USER	Retrieve order scenario	END	1703068471509
USER	Retrieve order scenario	START	1703068483440
REQUEST		LoginAPI	1703068483439	1703068483481	OK	 
ERROR	Request_X:VTS_QueryColumn: Failed to build request: Failed to build request: j.l.NullPointerException 	1703068483485
USER	Retrieve order scenario	END	1703068483492
USER	Retrieve order scenario	START	1703068494443
REQUEST		LoginAPI	1703068494442	1703068494491	OK	 
ERROR	Request_X:VTS_QueryColumn: Failed to build request: Failed to build request: j.l.NullPointerException 	1703068494493
USER	Retrieve order scenario	END	1703068494531
USER	Retrieve order scenario	START	1703068505444
REQUEST		LoginAPI	1703068505443	1703068505492	OK	 
ERROR	Request_X:VTS_QueryColumn: Failed to build request: Failed to build request: j.l.NullPointerException 	1703068505495
USER	Retrieve order scenario	END	1703068505503
USER	Retrieve order scenario	START	1703068517447
REQUEST		LoginAPI	1703068517445	1703068517492	OK	 
ERROR	Request_X:VTS_QueryColumn: Failed to build request: Failed to build request: j.l.NullPointerException 	1703068517495
USER	Retrieve order scenario	END	1703068517503
USER	Retrieve order scenario	START	1703068528447
REQUEST		LoginAPI	1703068528445	1703068528490	OK	 
ERROR	Request_X:VTS_QueryColumn: Failed to build request: Failed to build request: j.l.NullPointerException 	1703068528493
USER	Retrieve order scenario	END	1703068528497
USER	Retrieve order scenario	START	1703068540436
REQUEST		LoginAPI	1703068540435	1703068540479	OK	 
ERROR	Request_X:VTS_QueryColumn: Failed to build request: Failed to build request: j.l.NullPointerException 	1703068540482
USER	Retrieve order scenario	END	1703068540487
USER	Retrieve order scenario	START	1703068551443
REQUEST		LoginAPI	1703068551440	1703068551493	OK	 
ERROR	Request_X:VTS_QueryColumn: Failed to build request: Failed to build request: j.l.NullPointerException 	1703068551498
USER	Retrieve order scenario	END	1703068551511
USER	Retrieve order scenario	START	1703068563435
REQUEST		LoginAPI	1703068563435	1703068563475	OK	 
ERROR	Request_X:VTS_QueryColumn: Failed to build request: Failed to build request: j.l.NullPointerException 	1703068563477
USER	Retrieve order scenario	END	1703068563486
USER	Retrieve order scenario	START	1703068574446
REQUEST		LoginAPI	1703068574445	1703068574505	OK	 
ERROR	Request_X:VTS_QueryColumn: Failed to build request: Failed to build request: j.l.NullPointerException 	1703068574507
USER	Retrieve order scenario	END	1703068574518
USER	Retrieve order scenario	START	1703068585445
REQUEST		LoginAPI	1703068585444	1703068585492	OK	 
ERROR	Request_X:VTS_QueryColumn: Failed to build request: Failed to build request: j.l.NullPointerException 	1703068585496
USER	Retrieve order scenario	END	1703068585500
USER	Retrieve order scenario	START	1703068597441
REQUEST		LoginAPI	1703068597440	1703068597490	OK	 
ERROR	Request_X:VTS_QueryColumn: Failed to build request: Failed to build request: j.l.NullPointerException 	1703068597494
USER	Retrieve order scenario	END	1703068597498
USER	Retrieve order scenario	START	1703068608438
REQUEST		LoginAPI	1703068608436	1703068608489	OK	 
ERROR	Request_X:VTS_QueryColumn: Failed to build request: Failed to build request: j.l.NullPointerException 	1703068608492
USER	Retrieve order scenario	END	1703068608496
USER	Retrieve order scenario	START	1703068620447
REQUEST		LoginAPI	1703068620445	1703068620485	OK	 
ERROR	Request_X:VTS_QueryColumn: Failed to build request: Failed to build request: j.l.NullPointerException 	1703068620488
USER	Retrieve order scenario	END	1703068620495
USER	Retrieve order scenario	START	1703068631440
REQUEST		LoginAPI	1703068631439	1703068631479	OK	 
ERROR	Request_X:VTS_QueryColumn: Failed to build request: Failed to build request: j.l.NullPointerException 	1703068631483
USER	Retrieve order scenario	END	1703068631487
USER	Retrieve order scenario	START	1703068643446
REQUEST		LoginAPI	1703068643443	1703068643484	OK	 
ERROR	Request_X:VTS_QueryColumn: Failed to build request: Failed to build request: j.l.NullPointerException 	1703068643489
USER	Retrieve order scenario	END	1703068643495
USER	Retrieve order scenario	START	1703068654439
REQUEST		LoginAPI	1703068654438	1703068654475	OK	 
ERROR	Request_X:VTS_QueryColumn: Failed to build request: Failed to build request: j.l.NullPointerException 	1703068654478
USER	Retrieve order scenario	END	1703068654489
USER	Retrieve order scenario	START	1703068665440
REQUEST		LoginAPI	1703068665439	1703068665485	OK	 
ERROR	Request_X:VTS_QueryColumn: Failed to build request: Failed to build request: j.l.NullPointerException 	1703068665490
USER	Retrieve order scenario	END	1703068665499
USER	Retrieve order scenario	START	1703068677450
REQUEST		LoginAPI	1703068677448	1703068677491	OK	 
ERROR	Request_X:VTS_QueryColumn: Failed to build request: Failed to build request: j.l.NullPointerException 	1703068677498
USER	Retrieve order scenario	END	1703068677510
USER	Retrieve order scenario	START	1703068688445
REQUEST		LoginAPI	1703068688444	1703068688495	OK	 
ERROR	Request_X:VTS_QueryColumn: Failed to build request: Failed to build request: j.l.NullPointerException 	1703068688502
USER	Retrieve order scenario	END	1703068688525
USER	Retrieve order scenario	START	1703068700441
REQUEST		LoginAPI	1703068700440	1703068700504	OK	 
ERROR	Request_X:VTS_QueryColumn: Failed to build request: Failed to build request: j.l.NullPointerException 	1703068700510
USER	Retrieve order scenario	END	1703068700517
USER	Retrieve order scenario	START	1703068711446
REQUEST		LoginAPI	1703068711444	1703068711478	OK	 
ERROR	Request_X:VTS_QueryColumn: Failed to build request: Failed to build request: j.l.NullPointerException 	1703068711484
USER	Retrieve order scenario	END	1703068711491
USER	Retrieve order scenario	START	1703068723450
REQUEST		LoginAPI	1703068723448	1703068723504	OK	 
ERROR	Request_X:VTS_QueryColumn: Failed to build request: Failed to build request: j.l.NullPointerException 	1703068723510
USER	Retrieve order scenario	END	1703068723528
USER	Retrieve order scenario	START	1703068734446
REQUEST		LoginAPI	1703068734445	1703068734499	OK	 
ERROR	Request_X:VTS_QueryColumn: Failed to build request: Failed to build request: j.l.NullPointerException 	1703068734504
USER	Retrieve order scenario	END	1703068734512
USER	Retrieve order scenario	START	1703068745442
REQUEST		LoginAPI	1703068745440	1703068745490	OK	 
ERROR	Request_X:VTS_QueryColumn: Failed to build request: Failed to build request: j.l.NullPointerException 	1703068745495
USER	Retrieve order scenario	END	1703068745503
USER	Retrieve order scenario	START	1703068757441
REQUEST		LoginAPI	1703068757440	1703068757498	OK	 
ERROR	Request_X:VTS_QueryColumn: Failed to build request: Failed to build request: j.l.NullPointerException 	1703068757502
USER	Retrieve order scenario	END	1703068757507
USER	Retrieve order scenario	START	1703068768445
REQUEST		LoginAPI	1703068768444	1703068768522	OK	 
ERROR	Request_X:VTS_QueryColumn: Failed to build request: Failed to build request: j.l.NullPointerException 	1703068768529
USER	Retrieve order scenario	END	1703068768541
USER	Retrieve order scenario	START	1703068780441
REQUEST		LoginAPI	1703068780439	1703068780497	OK	 
ERROR	Request_X:VTS_QueryColumn: Failed to build request: Failed to build request: j.l.NullPointerException 	1703068780503
USER	Retrieve order scenario	END	1703068780523
USER	Retrieve order scenario	START	1703068791446
REQUEST		LoginAPI	1703068791445	1703068791500	OK	 
ERROR	Request_X:VTS_QueryColumn: Failed to build request: Failed to build request: j.l.NullPointerException 	1703068791505
USER	Retrieve order scenario	END	1703068791512
USER	Retrieve order scenario	START	1703068803436
REQUEST		LoginAPI	1703068803435	1703068803477	OK	 
ERROR	Request_X:VTS_QueryColumn: Failed to build request: Failed to build request: j.l.NullPointerException 	1703068803484
USER	Retrieve order scenario	END	1703068803493
USER	Retrieve order scenario	START	1703068814446
REQUEST		LoginAPI	1703068814444	1703068814499	OK	 
ERROR	Request_X:VTS_QueryColumn: Failed to build request: Failed to build request: j.l.NullPointerException 	1703068814505
USER	Retrieve order scenario	END	1703068814513
USER	Retrieve order scenario	START	1703068825447
REQUEST		LoginAPI	1703068825446	1703068825493	OK	 
ERROR	Request_X:VTS_QueryColumn: Failed to build request: Failed to build request: j.l.NullPointerException 	1703068825499
USER	Retrieve order scenario	END	1703068825507
USER	Retrieve order scenario	START	1703068837447
REQUEST		LoginAPI	1703068837446	1703068837500	OK	 
ERROR	Request_X:VTS_QueryColumn: Failed to build request: Failed to build request: j.l.NullPointerException 	1703068837505
USER	Retrieve order scenario	END	1703068837525
USER	Retrieve order scenario	START	1703068848441
REQUEST		LoginAPI	1703068848440	1703068848495	OK	 
ERROR	Request_X:VTS_QueryColumn: Failed to build request: Failed to build request: j.l.NullPointerException 	1703068848501
USER	Retrieve order scenario	END	1703068848526
USER	Retrieve order scenario	START	1703068860440
REQUEST		LoginAPI	1703068860439	1703068860491	OK	 
ERROR	Request_X:VTS_QueryColumn: Failed to build request: Failed to build request: j.l.NullPointerException 	1703068860496
USER	Retrieve order scenario	END	1703068860504
USER	Retrieve order scenario	START	1703068871450
REQUEST		LoginAPI	1703068871448	1703068871498	OK	 
ERROR	Request_X:VTS_QueryColumn: Failed to build request: Failed to build request: j.l.NullPointerException 	1703068871503
USER	Retrieve order scenario	END	1703068871513
USER	Retrieve order scenario	START	1703068883442
REQUEST		LoginAPI	1703068883440	1703068883494	OK	 
ERROR	Request_X:VTS_QueryColumn: Failed to build request: Failed to build request: j.l.NullPointerException 	1703068883501
USER	Retrieve order scenario	END	1703068883521
USER	Retrieve order scenario	START	1703068894439
REQUEST		LoginAPI	1703068894438	1703068894481	OK	 
ERROR	Request_X:VTS_QueryColumn: Failed to build request: Failed to build request: j.l.NullPointerException 	1703068894488
USER	Retrieve order scenario	END	1703068894504
USER	Retrieve order scenario	START	1703068905443
REQUEST		LoginAPI	1703068905442	1703068905487	OK	 
ERROR	Request_X:VTS_QueryColumn: Failed to build request: Failed to build request: j.l.NullPointerException 	1703068905493
USER	Retrieve order scenario	END	1703068905509
USER	Retrieve order scenario	START	1703068917440
REQUEST		LoginAPI	1703068917438	1703068917477	OK	 
ERROR	Request_X:VTS_QueryColumn: Failed to build request: Failed to build request: j.l.NullPointerException 	1703068917482
USER	Retrieve order scenario	END	1703068917489
USER	Retrieve order scenario	START	1703068928435
REQUEST		LoginAPI	1703068928434	1703068928512	OK	 
ERROR	Request_X:VTS_QueryColumn: Failed to build request: Failed to build request: j.l.NullPointerException 	1703068928516
USER	Retrieve order scenario	END	1703068928520
USER	Retrieve order scenario	START	1703068940441
REQUEST		LoginAPI	1703068940441	1703068940480	OK	 
ERROR	Request_X:VTS_QueryColumn: Failed to build request: Failed to build request: j.l.NullPointerException 	1703068940486
USER	Retrieve order scenario	END	1703068940494
USER	Retrieve order scenario	START	1703068951441
REQUEST		LoginAPI	1703068951440	1703068951489	OK	 
ERROR	Request_X:VTS_QueryColumn: Failed to build request: Failed to build request: j.l.NullPointerException 	1703068951495
USER	Retrieve order scenario	END	1703068951503
USER	Retrieve order scenario	START	1703068963447
REQUEST		LoginAPI	1703068963446	1703068963498	OK	 
ERROR	Request_X:VTS_QueryColumn: Failed to build request: Failed to build request: j.l.NullPointerException 	1703068963504
USER	Retrieve order scenario	END	1703068963521
USER	Retrieve order scenario	START	1703068974443
REQUEST		LoginAPI	1703068974442	1703068974493	OK	 
ERROR	Request_X:VTS_QueryColumn: Failed to build request: Failed to build request: j.l.NullPointerException 	1703068974499
USER	Retrieve order scenario	END	1703068974508
USER	Retrieve order scenario	START	1703068985444
REQUEST		LoginAPI	1703068985440	1703068985490	OK	 
ERROR	Request_X:VTS_QueryColumn: Failed to build request: Failed to build request: j.l.NullPointerException 	1703068985495
USER	Retrieve order scenario	END	1703068985511
USER	Retrieve order scenario	START	1703068997441
REQUEST		LoginAPI	1703068997440	1703068997491	OK	 
ERROR	Request_X:VTS_QueryColumn: Failed to build request: Failed to build request: j.l.NullPointerException 	1703068997495
USER	Retrieve order scenario	END	1703068997514
USER	Retrieve order scenario	START	1703069008435
REQUEST		LoginAPI	1703069008434	1703069008479	OK	 
ERROR	Request_X:VTS_QueryColumn: Failed to build request: Failed to build request: j.l.NullPointerException 	1703069008483
USER	Retrieve order scenario	END	1703069008490
USER	Retrieve order scenario	START	1703069020443
REQUEST		LoginAPI	1703069020440	1703069020490	OK	 
ERROR	Request_X:VTS_QueryColumn: Failed to build request: Failed to build request: j.l.NullPointerException 	1703069020495
USER	Retrieve order scenario	END	1703069020512
USER	Retrieve order scenario	START	1703069031444
REQUEST		LoginAPI	1703069031443	1703069031495	OK	 
ERROR	Request_X:VTS_QueryColumn: Failed to build request: Failed to build request: j.l.NullPointerException 	1703069031500
USER	Retrieve order scenario	END	1703069031507
USER	Retrieve order scenario	START	1703069043446
REQUEST		LoginAPI	1703069043445	1703069043501	OK	 
ERROR	Request_X:VTS_QueryColumn: Failed to build request: Failed to build request: j.l.NullPointerException 	1703069043508
USER	Retrieve order scenario	END	1703069043525
USER	Retrieve order scenario	START	1703069054443
REQUEST		LoginAPI	1703069054441	1703069054498	OK	 
ERROR	Request_X:VTS_QueryColumn: Failed to build request: Failed to build request: j.l.NullPointerException 	1703069054505
USER	Retrieve order scenario	END	1703069054514
USER	Retrieve order scenario	START	1703069065437
REQUEST		LoginAPI	1703069065436	1703069065481	OK	 
ERROR	Request_X:VTS_QueryColumn: Failed to build request: Failed to build request: j.l.NullPointerException 	1703069065485
USER	Retrieve order scenario	END	1703069065494
USER	Retrieve order scenario	START	1703069077440
REQUEST		LoginAPI	1703069077439	1703069077500	OK	 
ERROR	Request_X:VTS_QueryColumn: Failed to build request: Failed to build request: j.l.NullPointerException 	1703069077506
USER	Retrieve order scenario	END	1703069077518
USER	Retrieve order scenario	START	1703069088441
REQUEST		LoginAPI	1703069088438	1703069088483	OK	 
ERROR	Request_X:VTS_QueryColumn: Failed to build request: Failed to build request: j.l.NullPointerException 	1703069088490
USER	Retrieve order scenario	END	1703069088499
USER	Retrieve order scenario	START	1703069100448
REQUEST		LoginAPI	1703069100447	1703069100495	OK	 
ERROR	Request_X:VTS_QueryColumn: Failed to build request: Failed to build request: j.l.NullPointerException 	1703069100501
USER	Retrieve order scenario	END	1703069100507
USER	Retrieve order scenario	START	1703069111444
REQUEST		LoginAPI	1703069111444	1703069111492	OK	 
ERROR	Request_X:VTS_QueryColumn: Failed to build request: Failed to build request: j.l.NullPointerException 	1703069111497
USER	Retrieve order scenario	END	1703069111504
