RUN	VtsTrails.GetQueueData	getqueuedata	1699440218274	 	3.9.5
USER	Get Data From VTS	START	1699440223411
REQUEST		Get VTS Data	1699440223384	1699440223984	OK	 
REQUEST		Get VTS Data Redirect 1	1699440223993	1699440224277	OK	 
REQUEST		request testing	1699440225187	1699440225187	OK	 
REQUEST		Post VTS Data	1699440225188	1699440225484	OK	 
REQUEST		Post VTS Data Redirect 1	1699440225485	1699440225767	KO	jsonPath($.data.VTS_Trails).find.exists, found nothing
REQUEST		Get VTS Data	1699440226797	1699440227073	OK	 
REQUEST		Get VTS Data Redirect 1	1699440227074	1699440227349	OK	 
REQUEST		request testing	1699440227351	1699440227351	OK	 
REQUEST		Post VTS Data	1699440227351	1699440227629	OK	 
REQUEST		Post VTS Data Redirect 1	1699440227630	1699440227914	KO	jsonPath($.data.VTS_Trails).find.exists, found nothing
REQUEST		Get VTS Data	1699440228926	1699440229212	OK	 
REQUEST		Get VTS Data Redirect 1	1699440229213	1699440229510	OK	 
REQUEST		request testing	1699440229512	1699440229512	OK	 
REQUEST		Post VTS Data	1699440229512	1699440229793	OK	 
REQUEST		Post VTS Data Redirect 1	1699440229793	1699440230077	KO	jsonPath($.data.VTS_Trails).find.exists, found nothing
REQUEST		Get VTS Data	1699440231086	1699440231378	OK	 
REQUEST		Get VTS Data Redirect 1	1699440231379	1699440231659	OK	 
REQUEST		request testing	1699440231661	1699440231661	OK	 
REQUEST		Post VTS Data	1699440231662	1699440231938	OK	 
REQUEST		Post VTS Data Redirect 1	1699440231939	1699440232241	KO	jsonPath($.data.VTS_Trails).find.exists, found nothing
REQUEST		Get VTS Data	1699440233254	1699440233542	OK	 
REQUEST		Get VTS Data Redirect 1	1699440233542	1699440233820	OK	 
REQUEST		request testing	1699440233822	1699440233822	OK	 
REQUEST		Post VTS Data	1699440233823	1699440234101	OK	 
REQUEST		Post VTS Data Redirect 1	1699440234102	1699440234378	KO	jsonPath($.data.VTS_Trails).find.exists, found nothing
REQUEST		Get VTS Data	1699440235389	1699440235667	OK	 
REQUEST		Get VTS Data Redirect 1	1699440235668	1699440235953	OK	 
REQUEST		request testing	1699440235955	1699440235955	OK	 
REQUEST		Post VTS Data	1699440235955	1699440236238	OK	 
REQUEST		Post VTS Data Redirect 1	1699440236239	1699440236519	KO	jsonPath($.data.VTS_Trails).find.exists, found nothing
REQUEST		Get VTS Data	1699440237537	1699440237824	OK	 
REQUEST		Get VTS Data Redirect 1	1699440237825	1699440238111	OK	 
REQUEST		request testing	1699440238115	1699440238115	OK	 
REQUEST		Post VTS Data	1699440238116	1699440238396	OK	 
REQUEST		Post VTS Data Redirect 1	1699440238396	1699440238674	KO	jsonPath($.data.VTS_Trails).find.exists, found nothing
USER	Get Data From VTS	END	1699440239679
