RUN	VtsTrails.OrderModification	ordermodification	1702618316491	 	3.9.5
USER	Initial Scenario	START	1702618320768
REQUEST		Request_X:VTS_GetColumSize	1702618320762	1702618321333	OK	 
REQUEST		Request_X:VTS_GetColumSize Redirect 1	1702618321344	1702618321628	OK	 
USER	Initial Scenario	END	1702618321689
USER	Retrieve order scenario	START	1702618323042
REQUEST		LoginAPI	1702618322656	1702618323096	OK	 
REQUEST		Request_X:VTS_QueryColumn	1702618323155	1702618323724	OK	 
REQUEST		Request_X:VTS_QueryColumn Redirect 1	1702618323724	1702618324004	OK	 
USER	Retrieve order scenario	END	1702618324034
USER	Retrieve order scenario	START	1702618333655
REQUEST		LoginAPI	1702618333654	1702618333717	OK	 
REQUEST		Request_X:VTS_QueryColumn	1702618333719	1702618334309	OK	 
REQUEST		Request_X:VTS_QueryColumn Redirect 1	1702618334309	1702618334588	OK	 
USER	Retrieve order scenario	END	1702618334591
USER	Retrieve order scenario	START	1702618344647
REQUEST		LoginAPI	1702618344646	1702618344719	OK	 
REQUEST		Request_X:VTS_QueryColumn	1702618344720	1702618345290	OK	 
REQUEST		Request_X:VTS_QueryColumn Redirect 1	1702618345291	1702618345567	OK	 
USER	Retrieve order scenario	END	1702618345578
USER	Retrieve order scenario	START	1702618356651
REQUEST		LoginAPI	1702618356649	1702618356694	OK	 
REQUEST		Request_X:VTS_QueryColumn	1702618356695	1702618357264	OK	 
REQUEST		Request_X:VTS_QueryColumn Redirect 1	1702618357265	1702618357548	OK	 
USER	Retrieve order scenario	END	1702618357555
USER	Retrieve order scenario	START	1702618367651
REQUEST		LoginAPI	1702618367650	1702618367696	OK	 
REQUEST		Request_X:VTS_QueryColumn	1702618367697	1702618368257	OK	 
REQUEST		Request_X:VTS_QueryColumn Redirect 1	1702618368258	1702618368562	OK	 
USER	Retrieve order scenario	END	1702618368572
USER	Retrieve order scenario	START	1702618379653
REQUEST		LoginAPI	1702618379652	1702618379694	OK	 
REQUEST		Request_X:VTS_QueryColumn	1702618379695	1702618380254	OK	 
REQUEST		Request_X:VTS_QueryColumn Redirect 1	1702618380255	1702618380538	OK	 
USER	Retrieve order scenario	END	1702618380541
USER	Retrieve order scenario	START	1702618390654
REQUEST		LoginAPI	1702618390652	1702618390693	OK	 
REQUEST		Request_X:VTS_QueryColumn	1702618390694	1702618391250	OK	 
REQUEST		Request_X:VTS_QueryColumn Redirect 1	1702618391251	1702618391528	OK	 
USER	Retrieve order scenario	END	1702618391531
USER	Retrieve order scenario	START	1702618402656
REQUEST		LoginAPI	1702618402655	1702618402698	OK	 
REQUEST		Request_X:VTS_QueryColumn	1702618402699	1702618403257	OK	 
REQUEST		Request_X:VTS_QueryColumn Redirect 1	1702618403258	1702618403537	OK	 
USER	Retrieve order scenario	END	1702618403541
USER	Retrieve order scenario	START	1702618413663
REQUEST		LoginAPI	1702618413661	1702618413701	OK	 
REQUEST		Request_X:VTS_QueryColumn	1702618413703	1702618414269	OK	 
REQUEST		Request_X:VTS_QueryColumn Redirect 1	1702618414270	1702618414550	OK	 
USER	Retrieve order scenario	END	1702618414555
USER	Retrieve order scenario	START	1702618424657
REQUEST		LoginAPI	1702618424655	1702618424695	OK	 
REQUEST		Request_X:VTS_QueryColumn	1702618424696	1702618426269	OK	 
REQUEST		Request_X:VTS_QueryColumn Redirect 1	1702618426270	1702618426556	OK	 
USER	Retrieve order scenario	END	1702618426561
USER	Retrieve order scenario	START	1702618436653
REQUEST		LoginAPI	1702618436652	1702618436703	OK	 
REQUEST		Request_X:VTS_QueryColumn	1702618436704	1702618437263	OK	 
REQUEST		Request_X:VTS_QueryColumn Redirect 1	1702618437264	1702618437546	OK	 
USER	Retrieve order scenario	END	1702618437581
USER	Retrieve order scenario	START	1702618447648
REQUEST		LoginAPI	1702618447647	1702618447693	OK	 
REQUEST		Request_X:VTS_QueryColumn	1702618447694	1702618448293	OK	 
REQUEST		Request_X:VTS_QueryColumn Redirect 1	1702618448294	1702618448611	OK	 
USER	Retrieve order scenario	END	1702618448613
USER	Retrieve order scenario	START	1702618459660
REQUEST		LoginAPI	1702618459658	1702618459705	OK	 
REQUEST		Request_X:VTS_QueryColumn	1702618459705	1702618460262	OK	 
REQUEST		Request_X:VTS_QueryColumn Redirect 1	1702618460263	1702618460545	OK	 
USER	Retrieve order scenario	END	1702618460547
USER	Retrieve order scenario	START	1702618470658
REQUEST		LoginAPI	1702618470656	1702618470705	OK	 
REQUEST		Request_X:VTS_QueryColumn	1702618470707	1702618471285	OK	 
REQUEST		Request_X:VTS_QueryColumn Redirect 1	1702618471286	1702618471574	OK	 
USER	Retrieve order scenario	END	1702618471577
