RUN	VtsTrails.OrderModification	ordermodification	1702635752918	 	3.9.5
USER	Initial Scenario	START	1702635757191
REQUEST		Request_X:VTS_GetColumSize	1702635757181	1702635757845	OK	 
REQUEST		Request_X:VTS_GetColumSize Redirect 1	1702635757855	1702635758137	OK	 
USER	Initial Scenario	END	1702635758210
USER	Retrieve order scenario	START	1702635759450
REQUEST		LoginAPI	1702635759156	1702635759556	OK	 
REQUEST		Request_X:VTS_QueryColumn	1702635759642	1702635760201	OK	 
REQUEST		Request_X:VTS_QueryColumn Redirect 1	1702635760202	1702635760486	OK	 
USER	Retrieve order scenario	END	1702635760536
USER	Retrieve order scenario	START	1702635770151
REQUEST		LoginAPI	1702635770150	1702635770213	OK	 
REQUEST		Request_X:VTS_QueryColumn	1702635770217	1702635770791	OK	 
REQUEST		Request_X:VTS_QueryColumn Redirect 1	1702635770792	1702635771091	OK	 
USER	Retrieve order scenario	END	1702635771094
USER	Retrieve order scenario	START	1702635781150
REQUEST		LoginAPI	1702635781148	1702635781206	OK	 
REQUEST		Request_X:VTS_QueryColumn	1702635781207	1702635781756	OK	 
REQUEST		Request_X:VTS_QueryColumn Redirect 1	1702635781757	1702635782033	OK	 
USER	Retrieve order scenario	END	1702635782037
USER	Retrieve order scenario	START	1702635793160
REQUEST		LoginAPI	1702635793158	1702635793220	OK	 
REQUEST		Request_X:VTS_QueryColumn	1702635793221	1702635793783	OK	 
REQUEST		Request_X:VTS_QueryColumn Redirect 1	1702635793783	1702635794063	OK	 
USER	Retrieve order scenario	END	1702635794066
USER	Retrieve order scenario	START	1702635804155
REQUEST		LoginAPI	1702635804154	1702635804201	OK	 
REQUEST		Request_X:VTS_QueryColumn	1702635804203	1702635804785	OK	 
REQUEST		Request_X:VTS_QueryColumn Redirect 1	1702635804785	1702635805082	OK	 
USER	Retrieve order scenario	END	1702635805086
USER	Retrieve order scenario	START	1702635816149
REQUEST		LoginAPI	1702635816148	1702635816195	OK	 
REQUEST		Request_X:VTS_QueryColumn	1702635816196	1702635816753	OK	 
REQUEST		Request_X:VTS_QueryColumn Redirect 1	1702635816753	1702635817039	OK	 
USER	Retrieve order scenario	END	1702635817047
USER	Retrieve order scenario	START	1702635827158
REQUEST		LoginAPI	1702635827156	1702635827212	OK	 
REQUEST		Request_X:VTS_QueryColumn	1702635827214	1702635827780	OK	 
REQUEST		Request_X:VTS_QueryColumn Redirect 1	1702635827781	1702635828060	OK	 
USER	Retrieve order scenario	END	1702635828063
USER	Retrieve order scenario	START	1702635839169
REQUEST		LoginAPI	1702635839167	1702635839209	OK	 
REQUEST		Request_X:VTS_QueryColumn	1702635839210	1702635839761	OK	 
REQUEST		Request_X:VTS_QueryColumn Redirect 1	1702635839761	1702635840039	OK	 
USER	Retrieve order scenario	END	1702635840043
USER	Retrieve order scenario	START	1702635850151
REQUEST		LoginAPI	1702635850149	1702635850242	OK	 
REQUEST		Request_X:VTS_QueryColumn	1702635850245	1702635850803	OK	 
REQUEST		Request_X:VTS_QueryColumn Redirect 1	1702635850804	1702635851083	OK	 
USER	Retrieve order scenario	END	1702635851090
USER	Retrieve order scenario	START	1702635861168
REQUEST		LoginAPI	1702635861166	1702635861206	OK	 
REQUEST		Request_X:VTS_QueryColumn	1702635861208	1702635861765	OK	 
REQUEST		Request_X:VTS_QueryColumn Redirect 1	1702635861765	1702635862046	OK	 
REQUEST		CreateOrderSyncAPI	1702635862050	1702635862070	KO	j.n.UnknownHostException: pp5eusomapp.ikeadt.com
REQUEST		CreateOrderSyncAPI	1702635862079	1702635862079	KO	j.n.UnknownHostException: pp5eusomapp.ikeadt.com
REQUEST		CreateOrderSyncAPI	1702635862104	1702635862104	KO	j.n.UnknownHostException: pp5eusomapp.ikeadt.com
USER	Retrieve order scenario	END	1702635862110
USER	Retrieve order scenario	START	1702635873148
REQUEST		LoginAPI	1702635873147	1702635873188	OK	 
REQUEST		Request_X:VTS_QueryColumn	1702635873189	1702635873759	OK	 
REQUEST		Request_X:VTS_QueryColumn Redirect 1	1702635873759	1702635874042	OK	 
USER	Retrieve order scenario	END	1702635874045
USER	Retrieve order scenario	START	1702635884155
REQUEST		LoginAPI	1702635884154	1702635884206	OK	 
REQUEST		Request_X:VTS_QueryColumn	1702635884207	1702635884773	OK	 
REQUEST		Request_X:VTS_QueryColumn Redirect 1	1702635884773	1702635885058	OK	 
REQUEST		CreateOrderSyncAPI	1702635885060	1702635885076	KO	j.n.UnknownHostException: pp5eusomapp.ikeadt.com
REQUEST		CreateOrderSyncAPI	1702635885081	1702635885081	KO	j.n.UnknownHostException: pp5eusomapp.ikeadt.com
REQUEST		CreateOrderSyncAPI	1702635885093	1702635885093	KO	j.n.UnknownHostException: pp5eusomapp.ikeadt.com
USER	Retrieve order scenario	END	1702635885101
USER	Retrieve order scenario	START	1702635896160
REQUEST		LoginAPI	1702635896159	1702635896197	OK	 
REQUEST		Request_X:VTS_QueryColumn	1702635896198	1702635896759	OK	 
REQUEST		Request_X:VTS_QueryColumn Redirect 1	1702635896759	1702635897041	OK	 
USER	Retrieve order scenario	END	1702635897046
USER	Retrieve order scenario	START	1702635907149
REQUEST		LoginAPI	1702635907147	1702635907208	OK	 
REQUEST		Request_X:VTS_QueryColumn	1702635907210	1702635907760	OK	 
REQUEST		Request_X:VTS_QueryColumn Redirect 1	1702635907760	1702635908040	OK	 
USER	Retrieve order scenario	END	1702635908045
USER	Retrieve order scenario	START	1702635919155
REQUEST		LoginAPI	1702635919154	1702635919217	OK	 
REQUEST		Request_X:VTS_QueryColumn	1702635919219	1702635919775	OK	 
REQUEST		Request_X:VTS_QueryColumn Redirect 1	1702635919775	1702635920055	OK	 
USER	Retrieve order scenario	END	1702635920059
USER	Retrieve order scenario	START	1702635930158
REQUEST		LoginAPI	1702635930156	1702635930228	OK	 
REQUEST		Request_X:VTS_QueryColumn	1702635930229	1702635930806	OK	 
REQUEST		Request_X:VTS_QueryColumn Redirect 1	1702635930807	1702635931087	OK	 
REQUEST		CreateOrderSyncAPI	1702635931089	1702635931096	KO	j.n.UnknownHostException: pp5eusomapp.ikeadt.com
REQUEST		CreateOrderSyncAPI	1702635931100	1702635931100	KO	j.n.UnknownHostException: pp5eusomapp.ikeadt.com
REQUEST		CreateOrderSyncAPI	1702635931107	1702635931107	KO	j.n.UnknownHostException: pp5eusomapp.ikeadt.com
USER	Retrieve order scenario	END	1702635931116
USER	Retrieve order scenario	START	1702635941157
REQUEST		LoginAPI	1702635941156	1702635941214	OK	 
REQUEST		Request_X:VTS_QueryColumn	1702635941215	1702635941783	OK	 
REQUEST		Request_X:VTS_QueryColumn Redirect 1	1702635941783	1702635942062	OK	 
USER	Retrieve order scenario	END	1702635942068
USER	Retrieve order scenario	START	1702635953165
REQUEST		LoginAPI	1702635953164	1702635953230	OK	 
REQUEST		Request_X:VTS_QueryColumn	1702635953231	1702635953798	OK	 
REQUEST		Request_X:VTS_QueryColumn Redirect 1	1702635953798	1702635954083	OK	 
USER	Retrieve order scenario	END	1702635954092
USER	Retrieve order scenario	START	1702635964150
REQUEST		LoginAPI	1702635964148	1702635964185	OK	 
REQUEST		Request_X:VTS_QueryColumn	1702635964186	1702635964742	OK	 
REQUEST		Request_X:VTS_QueryColumn Redirect 1	1702635964742	1702635965020	OK	 
USER	Retrieve order scenario	END	1702635965024
USER	Retrieve order scenario	START	1702635976160
REQUEST		LoginAPI	1702635976159	1702635976211	OK	 
REQUEST		Request_X:VTS_QueryColumn	1702635976212	1702635976782	OK	 
REQUEST		Request_X:VTS_QueryColumn Redirect 1	1702635976783	1702635977068	OK	 
REQUEST		CreateOrderSyncAPI	1702635977073	1702635977101	KO	j.n.UnknownHostException: pp5eusomapp.ikeadt.com
REQUEST		CreateOrderSyncAPI	1702635977110	1702635977110	KO	j.n.UnknownHostException: pp5eusomapp.ikeadt.com
REQUEST		CreateOrderSyncAPI	1702635977128	1702635977128	KO	j.n.UnknownHostException: pp5eusomapp.ikeadt.com
USER	Retrieve order scenario	END	1702635977138
USER	Retrieve order scenario	START	1702635987159
REQUEST		LoginAPI	1702635987158	1702635987206	OK	 
REQUEST		Request_X:VTS_QueryColumn	1702635987207	1702635987769	OK	 
REQUEST		Request_X:VTS_QueryColumn Redirect 1	1702635987769	1702635988054	OK	 
REQUEST		CreateOrderSyncAPI	1702635988057	1702635988063	KO	j.n.UnknownHostException: pp5eusomapp.ikeadt.com
REQUEST		CreateOrderSyncAPI	1702635988069	1702635988069	KO	j.n.UnknownHostException: pp5eusomapp.ikeadt.com
REQUEST		CreateOrderSyncAPI	1702635988078	1702635988078	KO	j.n.UnknownHostException: pp5eusomapp.ikeadt.com
USER	Retrieve order scenario	END	1702635988085
USER	Retrieve order scenario	START	1702635999159
REQUEST		LoginAPI	1702635999158	1702635999209	OK	 
REQUEST		Request_X:VTS_QueryColumn	1702635999210	1702635999774	OK	 
REQUEST		Request_X:VTS_QueryColumn Redirect 1	1702635999774	1702636000056	OK	 
USER	Retrieve order scenario	END	1702636000063
USER	Retrieve order scenario	START	1702636010152
REQUEST		LoginAPI	1702636010152	1702636010190	OK	 
REQUEST		Request_X:VTS_QueryColumn	1702636010191	1702636010758	OK	 
REQUEST		Request_X:VTS_QueryColumn Redirect 1	1702636010759	1702636011042	OK	 
REQUEST		CreateOrderSyncAPI	1702636011044	1702636011061	KO	j.n.UnknownHostException: pp5eusomapp.ikeadt.com
REQUEST		CreateOrderSyncAPI	1702636011066	1702636011066	KO	j.n.UnknownHostException: pp5eusomapp.ikeadt.com
REQUEST		CreateOrderSyncAPI	1702636011074	1702636011074	KO	j.n.UnknownHostException: pp5eusomapp.ikeadt.com
USER	Retrieve order scenario	END	1702636011081
USER	Retrieve order scenario	START	1702636021160
REQUEST		LoginAPI	1702636021159	1702636021207	OK	 
REQUEST		Request_X:VTS_QueryColumn	1702636021208	1702636021766	OK	 
REQUEST		Request_X:VTS_QueryColumn Redirect 1	1702636021766	1702636022061	OK	 
REQUEST		CreateOrderSyncAPI	1702636022066	1702636022087	KO	j.n.UnknownHostException: pp5eusomapp.ikeadt.com
REQUEST		CreateOrderSyncAPI	1702636022097	1702636022097	KO	j.n.UnknownHostException: pp5eusomapp.ikeadt.com
REQUEST		CreateOrderSyncAPI	1702636022122	1702636022122	KO	j.n.UnknownHostException: pp5eusomapp.ikeadt.com
USER	Retrieve order scenario	END	1702636022128
USER	Retrieve order scenario	START	1702636033161
REQUEST		LoginAPI	1702636033159	1702636033226	OK	 
REQUEST		Request_X:VTS_QueryColumn	1702636033228	1702636033785	OK	 
REQUEST		Request_X:VTS_QueryColumn Redirect 1	1702636033786	1702636034064	OK	 
REQUEST		CreateOrderSyncAPI	1702636034067	1702636034080	KO	j.n.UnknownHostException: pp5eusomapp.ikeadt.com
REQUEST		CreateOrderSyncAPI	1702636034094	1702636034094	KO	j.n.UnknownHostException: pp5eusomapp.ikeadt.com
REQUEST		CreateOrderSyncAPI	1702636034109	1702636034109	KO	j.n.UnknownHostException: pp5eusomapp.ikeadt.com
USER	Retrieve order scenario	END	1702636034116
USER	Retrieve order scenario	START	1702636044175
REQUEST		LoginAPI	1702636044174	1702636044212	OK	 
REQUEST		Request_X:VTS_QueryColumn	1702636044213	1702636044809	OK	 
REQUEST		Request_X:VTS_QueryColumn Redirect 1	1702636044810	1702636045093	OK	 
USER	Retrieve order scenario	END	1702636045098
USER	Retrieve order scenario	START	1702636056154
REQUEST		LoginAPI	1702636056153	1702636056203	OK	 
REQUEST		Request_X:VTS_QueryColumn	1702636056204	1702636056802	OK	 
REQUEST		Request_X:VTS_QueryColumn Redirect 1	1702636056802	1702636057155	OK	 
USER	Retrieve order scenario	END	1702636057158
USER	Retrieve order scenario	START	1702636067153
REQUEST		LoginAPI	1702636067152	1702636067200	OK	 
REQUEST		Request_X:VTS_QueryColumn	1702636067201	1702636067771	OK	 
REQUEST		Request_X:VTS_QueryColumn Redirect 1	1702636067771	1702636068053	OK	 
USER	Retrieve order scenario	END	1702636068062
USER	Retrieve order scenario	START	1702636079152
REQUEST		LoginAPI	1702636079152	1702636079190	OK	 
REQUEST		Request_X:VTS_QueryColumn	1702636079191	1702636079741	OK	 
REQUEST		Request_X:VTS_QueryColumn Redirect 1	1702636079742	1702636080020	OK	 
REQUEST		CreateOrderSyncAPI	1702636080027	1702636080042	KO	j.n.UnknownHostException: pp5eusomapp.ikeadt.com
REQUEST		CreateOrderSyncAPI	1702636080049	1702636080049	KO	j.n.UnknownHostException: pp5eusomapp.ikeadt.com
REQUEST		CreateOrderSyncAPI	1702636080068	1702636080068	KO	j.n.UnknownHostException: pp5eusomapp.ikeadt.com
USER	Retrieve order scenario	END	1702636080074
USER	Retrieve order scenario	START	1702636090145
REQUEST		LoginAPI	1702636090144	1702636090188	OK	 
REQUEST		Request_X:VTS_QueryColumn	1702636090189	1702636090747	OK	 
REQUEST		Request_X:VTS_QueryColumn Redirect 1	1702636090747	1702636091031	OK	 
USER	Retrieve order scenario	END	1702636091036
USER	Retrieve order scenario	START	1702636101157
REQUEST		LoginAPI	1702636101156	1702636101204	OK	 
REQUEST		Request_X:VTS_QueryColumn	1702636101205	1702636101790	OK	 
REQUEST		Request_X:VTS_QueryColumn Redirect 1	1702636101791	1702636102087	OK	 
USER	Retrieve order scenario	END	1702636102092
USER	Retrieve order scenario	START	1702636113153
REQUEST		LoginAPI	1702636113152	1702636113205	OK	 
REQUEST		Request_X:VTS_QueryColumn	1702636113206	1702636113764	OK	 
REQUEST		Request_X:VTS_QueryColumn Redirect 1	1702636113765	1702636114045	OK	 
REQUEST		CreateOrderSyncAPI	1702636114048	1702636114054	KO	j.n.UnknownHostException: pp5eusomapp.ikeadt.com
REQUEST		CreateOrderSyncAPI	1702636114058	1702636114058	KO	j.n.UnknownHostException: pp5eusomapp.ikeadt.com
REQUEST		CreateOrderSyncAPI	1702636114083	1702636114084	KO	j.n.UnknownHostException: pp5eusomapp.ikeadt.com
USER	Retrieve order scenario	END	1702636114090
USER	Retrieve order scenario	START	1702636124157
REQUEST		LoginAPI	1702636124156	1702636124198	OK	 
REQUEST		Request_X:VTS_QueryColumn	1702636124199	1702636124756	OK	 
REQUEST		Request_X:VTS_QueryColumn Redirect 1	1702636124757	1702636125036	OK	 
REQUEST		CreateOrderSyncAPI	1702636125039	1702636125046	KO	j.n.UnknownHostException: pp5eusomapp.ikeadt.com
REQUEST		CreateOrderSyncAPI	1702636125052	1702636125052	KO	j.n.UnknownHostException: pp5eusomapp.ikeadt.com
REQUEST		CreateOrderSyncAPI	1702636125060	1702636125061	KO	j.n.UnknownHostException: pp5eusomapp.ikeadt.com
USER	Retrieve order scenario	END	1702636125068
USER	Retrieve order scenario	START	1702636136168
REQUEST		LoginAPI	1702636136166	1702636136214	OK	 
REQUEST		Request_X:VTS_QueryColumn	1702636136215	1702636136784	OK	 
REQUEST		Request_X:VTS_QueryColumn Redirect 1	1702636136784	1702636137063	OK	 
USER	Retrieve order scenario	END	1702636137067
USER	Retrieve order scenario	START	1702636147151
REQUEST		LoginAPI	1702636147150	1702636147192	OK	 
REQUEST		Request_X:VTS_QueryColumn	1702636147193	1702636147746	OK	 
REQUEST		Request_X:VTS_QueryColumn Redirect 1	1702636147746	1702636148031	OK	 
USER	Retrieve order scenario	END	1702636148037
USER	Retrieve order scenario	START	1702636159149
REQUEST		LoginAPI	1702636159148	1702636159204	OK	 
REQUEST		Request_X:VTS_QueryColumn	1702636159205	1702636159766	OK	 
REQUEST		Request_X:VTS_QueryColumn Redirect 1	1702636159766	1702636160043	OK	 
REQUEST		CreateOrderSyncAPI	1702636160045	1702636160067	KO	j.n.UnknownHostException: pp5eusomapp.ikeadt.com
REQUEST		CreateOrderSyncAPI	1702636160073	1702636160073	KO	j.n.UnknownHostException: pp5eusomapp.ikeadt.com
REQUEST		CreateOrderSyncAPI	1702636160083	1702636160083	KO	j.n.UnknownHostException: pp5eusomapp.ikeadt.com
USER	Retrieve order scenario	END	1702636160105
USER	Retrieve order scenario	START	1702636170149
REQUEST		LoginAPI	1702636170147	1702636170217	OK	 
REQUEST		Request_X:VTS_QueryColumn	1702636170219	1702636170780	OK	 
REQUEST		Request_X:VTS_QueryColumn Redirect 1	1702636170781	1702636171062	OK	 
USER	Retrieve order scenario	END	1702636171067
USER	Retrieve order scenario	START	1702636181149
REQUEST		LoginAPI	1702636181148	1702636181214	OK	 
REQUEST		Request_X:VTS_QueryColumn	1702636181216	1702636181783	OK	 
REQUEST		Request_X:VTS_QueryColumn Redirect 1	1702636181783	1702636182068	OK	 
REQUEST		CreateOrderSyncAPI	1702636182072	1702636182079	KO	j.n.UnknownHostException: pp5eusomapp.ikeadt.com
REQUEST		CreateOrderSyncAPI	1702636182091	1702636182091	KO	j.n.UnknownHostException: pp5eusomapp.ikeadt.com
REQUEST		CreateOrderSyncAPI	1702636182108	1702636182108	KO	j.n.UnknownHostException: pp5eusomapp.ikeadt.com
USER	Retrieve order scenario	END	1702636182121
USER	Retrieve order scenario	START	1702636193149
REQUEST		LoginAPI	1702636193148	1702636193191	OK	 
REQUEST		Request_X:VTS_QueryColumn	1702636193193	1702636193746	OK	 
REQUEST		Request_X:VTS_QueryColumn Redirect 1	1702636193746	1702636194022	OK	 
USER	Retrieve order scenario	END	1702636194027
USER	Retrieve order scenario	START	1702636204152
REQUEST		LoginAPI	1702636204150	1702636204189	OK	 
REQUEST		Request_X:VTS_QueryColumn	1702636204191	1702636204751	OK	 
REQUEST		Request_X:VTS_QueryColumn Redirect 1	1702636204752	1702636205029	OK	 
USER	Retrieve order scenario	END	1702636205041
USER	Retrieve order scenario	START	1702636216152
REQUEST		LoginAPI	1702636216151	1702636216195	OK	 
REQUEST		Request_X:VTS_QueryColumn	1702636216197	1702636216762	OK	 
REQUEST		Request_X:VTS_QueryColumn Redirect 1	1702636216763	1702636217042	OK	 
REQUEST		CreateOrderSyncAPI	1702636217046	1702636217055	KO	j.n.UnknownHostException: pp5eusomapp.ikeadt.com
REQUEST		CreateOrderSyncAPI	1702636217065	1702636217065	KO	j.n.UnknownHostException: pp5eusomapp.ikeadt.com
REQUEST		CreateOrderSyncAPI	1702636217088	1702636217088	KO	j.n.UnknownHostException: pp5eusomapp.ikeadt.com
USER	Retrieve order scenario	END	1702636217099
USER	Retrieve order scenario	START	1702636227147
REQUEST		LoginAPI	1702636227147	1702636227195	OK	 
REQUEST		Request_X:VTS_QueryColumn	1702636227197	1702636227751	OK	 
REQUEST		Request_X:VTS_QueryColumn Redirect 1	1702636227751	1702636228028	OK	 
USER	Retrieve order scenario	END	1702636228031
USER	Retrieve order scenario	START	1702636239149
REQUEST		LoginAPI	1702636239147	1702636239205	OK	 
REQUEST		Request_X:VTS_QueryColumn	1702636239207	1702636239758	OK	 
REQUEST		Request_X:VTS_QueryColumn Redirect 1	1702636239759	1702636240037	OK	 
REQUEST		CreateOrderSyncAPI	1702636240040	1702636240046	KO	j.n.UnknownHostException: pp5eusomapp.ikeadt.com
REQUEST		CreateOrderSyncAPI	1702636240051	1702636240051	KO	j.n.UnknownHostException: pp5eusomapp.ikeadt.com
REQUEST		CreateOrderSyncAPI	1702636240065	1702636240065	KO	j.n.UnknownHostException: pp5eusomapp.ikeadt.com
USER	Retrieve order scenario	END	1702636240074
USER	Retrieve order scenario	START	1702636250157
REQUEST		LoginAPI	1702636250156	1702636250227	OK	 
REQUEST		Request_X:VTS_QueryColumn	1702636250228	1702636250802	OK	 
REQUEST		Request_X:VTS_QueryColumn Redirect 1	1702636250803	1702636251098	OK	 
USER	Retrieve order scenario	END	1702636251102
USER	Retrieve order scenario	START	1702636261157
REQUEST		LoginAPI	1702636261156	1702636261208	OK	 
REQUEST		Request_X:VTS_QueryColumn	1702636261209	1702636261774	OK	 
REQUEST		Request_X:VTS_QueryColumn Redirect 1	1702636261775	1702636262053	OK	 
USER	Retrieve order scenario	END	1702636262057
USER	Retrieve order scenario	START	1702636273168
REQUEST		LoginAPI	1702636273166	1702636273216	OK	 
REQUEST		Request_X:VTS_QueryColumn	1702636273218	1702636273776	OK	 
REQUEST		Request_X:VTS_QueryColumn Redirect 1	1702636273777	1702636274056	OK	 
USER	Retrieve order scenario	END	1702636274061
USER	Retrieve order scenario	START	1702636284148
REQUEST		LoginAPI	1702636284147	1702636284193	OK	 
REQUEST		Request_X:VTS_QueryColumn	1702636284194	1702636284797	OK	 
REQUEST		Request_X:VTS_QueryColumn Redirect 1	1702636284798	1702636285120	OK	 
REQUEST		CreateOrderSyncAPI	1702636285123	1702636285134	KO	j.n.UnknownHostException: pp5eusomapp.ikeadt.com
REQUEST		CreateOrderSyncAPI	1702636285145	1702636285145	KO	j.n.UnknownHostException: pp5eusomapp.ikeadt.com
REQUEST		CreateOrderSyncAPI	1702636285155	1702636285155	KO	j.n.UnknownHostException: pp5eusomapp.ikeadt.com
USER	Retrieve order scenario	END	1702636285166
USER	Retrieve order scenario	START	1702636296160
REQUEST		LoginAPI	1702636296159	1702636296215	OK	 
REQUEST		Request_X:VTS_QueryColumn	1702636296216	1702636296774	OK	 
REQUEST		Request_X:VTS_QueryColumn Redirect 1	1702636296774	1702636297052	OK	 
USER	Retrieve order scenario	END	1702636297056
USER	Retrieve order scenario	START	1702636307177
REQUEST		LoginAPI	1702636307175	1702636307223	OK	 
REQUEST		Request_X:VTS_QueryColumn	1702636307224	1702636307775	OK	 
REQUEST		Request_X:VTS_QueryColumn Redirect 1	1702636307776	1702636308052	OK	 
USER	Retrieve order scenario	END	1702636308059
USER	Retrieve order scenario	START	1702636319154
REQUEST		LoginAPI	1702636319154	1702636319202	OK	 
REQUEST		Request_X:VTS_QueryColumn	1702636319203	1702636319760	OK	 
REQUEST		Request_X:VTS_QueryColumn Redirect 1	1702636319761	1702636320050	OK	 
USER	Retrieve order scenario	END	1702636320056
USER	Retrieve order scenario	START	1702636330147
REQUEST		LoginAPI	1702636330146	1702636330206	OK	 
REQUEST		Request_X:VTS_QueryColumn	1702636330207	1702636330793	OK	 
REQUEST		Request_X:VTS_QueryColumn Redirect 1	1702636330793	1702636331069	OK	 
USER	Retrieve order scenario	END	1702636331072
USER	Retrieve order scenario	START	1702636341152
REQUEST		LoginAPI	1702636341151	1702636341191	OK	 
REQUEST		Request_X:VTS_QueryColumn	1702636341192	1702636341759	OK	 
REQUEST		Request_X:VTS_QueryColumn Redirect 1	1702636341759	1702636342039	OK	 
USER	Retrieve order scenario	END	1702636342042
USER	Retrieve order scenario	START	1702636353159
REQUEST		LoginAPI	1702636353158	1702636353205	OK	 
REQUEST		Request_X:VTS_QueryColumn	1702636353206	1702636353782	OK	 
REQUEST		Request_X:VTS_QueryColumn Redirect 1	1702636353783	1702636354062	OK	 
USER	Retrieve order scenario	END	1702636354066
USER	Retrieve order scenario	START	1702636364160
REQUEST		LoginAPI	1702636364159	1702636364210	OK	 
REQUEST		Request_X:VTS_QueryColumn	1702636364211	1702636364779	OK	 
REQUEST		Request_X:VTS_QueryColumn Redirect 1	1702636364779	1702636365069	OK	 
USER	Retrieve order scenario	END	1702636365071
USER	Retrieve order scenario	START	1702636376145
REQUEST		LoginAPI	1702636376144	1702636376198	OK	 
REQUEST		Request_X:VTS_QueryColumn	1702636376199	1702636376779	OK	 
REQUEST		Request_X:VTS_QueryColumn Redirect 1	1702636376779	1702636377057	OK	 
USER	Retrieve order scenario	END	1702636377062
USER	Retrieve order scenario	START	1702636387149
REQUEST		LoginAPI	1702636387148	1702636387196	OK	 
REQUEST		Request_X:VTS_QueryColumn	1702636387197	1702636387753	OK	 
REQUEST		Request_X:VTS_QueryColumn Redirect 1	1702636387753	1702636388035	OK	 
USER	Retrieve order scenario	END	1702636388038
USER	Retrieve order scenario	START	1702636399146
REQUEST		LoginAPI	1702636399145	1702636399183	OK	 
REQUEST		Request_X:VTS_QueryColumn	1702636399185	1702636399729	OK	 
REQUEST		Request_X:VTS_QueryColumn Redirect 1	1702636399729	1702636400025	OK	 
USER	Retrieve order scenario	END	1702636400028
USER	Retrieve order scenario	START	1702636410152
REQUEST		LoginAPI	1702636410150	1702636410187	OK	 
REQUEST		Request_X:VTS_QueryColumn	1702636410188	1702636410736	OK	 
REQUEST		Request_X:VTS_QueryColumn Redirect 1	1702636410737	1702636411012	OK	 
REQUEST		CreateOrderSyncAPI	1702636411016	1702636411031	KO	j.n.UnknownHostException: pp5eusomapp.ikeadt.com
REQUEST		CreateOrderSyncAPI	1702636411044	1702636411044	KO	j.n.UnknownHostException: pp5eusomapp.ikeadt.com
REQUEST		CreateOrderSyncAPI	1702636411057	1702636411058	KO	j.n.UnknownHostException: pp5eusomapp.ikeadt.com
USER	Retrieve order scenario	END	1702636411064
USER	Retrieve order scenario	START	1702636421152
REQUEST		LoginAPI	1702636421151	1702636421190	OK	 
REQUEST		Request_X:VTS_QueryColumn	1702636421192	1702636421733	OK	 
REQUEST		Request_X:VTS_QueryColumn Redirect 1	1702636421734	1702636422007	OK	 
REQUEST		CreateOrderSyncAPI	1702636422009	1702636422014	KO	j.n.UnknownHostException: pp5eusomapp.ikeadt.com
REQUEST		CreateOrderSyncAPI	1702636422025	1702636422025	KO	j.n.UnknownHostException: pp5eusomapp.ikeadt.com
REQUEST		CreateOrderSyncAPI	1702636422042	1702636422042	KO	j.n.UnknownHostException: pp5eusomapp.ikeadt.com
USER	Retrieve order scenario	END	1702636422051
USER	Retrieve order scenario	START	1702636433147
REQUEST		LoginAPI	1702636433146	1702636433188	OK	 
REQUEST		Request_X:VTS_QueryColumn	1702636433190	1702636433738	OK	 
REQUEST		Request_X:VTS_QueryColumn Redirect 1	1702636433739	1702636434014	OK	 
USER	Retrieve order scenario	END	1702636434019
USER	Retrieve order scenario	START	1702636444155
REQUEST		LoginAPI	1702636444153	1702636444221	OK	 
REQUEST		Request_X:VTS_QueryColumn	1702636444222	1702636444777	OK	 
REQUEST		Request_X:VTS_QueryColumn Redirect 1	1702636444777	1702636445057	OK	 
USER	Retrieve order scenario	END	1702636445063
USER	Retrieve order scenario	START	1702636456148
REQUEST		LoginAPI	1702636456147	1702636456191	OK	 
REQUEST		Request_X:VTS_QueryColumn	1702636456192	1702636456740	OK	 
REQUEST		Request_X:VTS_QueryColumn Redirect 1	1702636456740	1702636457019	OK	 
USER	Retrieve order scenario	END	1702636457023
USER	Retrieve order scenario	START	1702636467159
REQUEST		LoginAPI	1702636467158	1702636467201	OK	 
REQUEST		Request_X:VTS_QueryColumn	1702636467202	1702636467761	OK	 
REQUEST		Request_X:VTS_QueryColumn Redirect 1	1702636467761	1702636468043	OK	 
USER	Retrieve order scenario	END	1702636468047
