RUN	VtsTrails.GetQueueData	getqueuedata	1699419935717	 	3.9.5
USER	Get Data From VTS	START	1699419941592
REQUEST		Get VTS Data	1699419941259	1699419942472	OK	 
REQUEST		Get VTS Data Redirect 1	1699419942480	1699419942778	OK	 
ERROR	request testing: Failed to build request: j.l.RuntimeException: No attribute named 'enterprise' is defined 	1699419944015
REQUEST		Get VTS Data	1699419945035	1699419945314	OK	 
REQUEST		Get VTS Data Redirect 1	1699419945315	1699419945639	OK	 
ERROR	request testing: Failed to build request: j.l.RuntimeException: No attribute named 'enterprise' is defined 	1699419945642
REQUEST		Get VTS Data	1699419946645	1699419947046	OK	 
REQUEST		Get VTS Data Redirect 1	1699419947047	1699419947378	OK	 
ERROR	request testing: Failed to build request: j.l.RuntimeException: No attribute named 'enterprise' is defined 	1699419947380
REQUEST		Get VTS Data	1699419948386	1699419948709	OK	 
REQUEST		Get VTS Data Redirect 1	1699419948710	1699419949023	OK	 
ERROR	request testing: Failed to build request: j.l.RuntimeException: No attribute named 'enterprise' is defined 	1699419949025
REQUEST		Get VTS Data	1699419950028	1699419950304	OK	 
REQUEST		Get VTS Data Redirect 1	1699419950305	1699419950660	OK	 
ERROR	request testing: Failed to build request: j.l.RuntimeException: No attribute named 'enterprise' is defined 	1699419950664
REQUEST		Get VTS Data	1699419951671	1699419951992	OK	 
REQUEST		Get VTS Data Redirect 1	1699419951994	1699419952397	OK	 
ERROR	request testing: Failed to build request: j.l.RuntimeException: No attribute named 'enterprise' is defined 	1699419952400
REQUEST		Get VTS Data	1699419953413	1699419953693	OK	 
REQUEST		Get VTS Data Redirect 1	1699419953694	1699419954038	OK	 
ERROR	request testing: Failed to build request: j.l.RuntimeException: No attribute named 'enterprise' is defined 	1699419954040
ERROR	request testing: Failed to build request: j.l.RuntimeException: No attribute named 'item_id' is defined 	1699419955050
USER	Get Data From VTS	END	1699419955057
