RUN	VtsTrails.GetQueueData	getqueuedata	1700635146931	 	3.9.5
USER	Get Data From VTS	START	1700635151976
REQUEST		Get VTS Data	1700635151962	1700635152525	OK	 
REQUEST		Get VTS Data Redirect 1	1700635152535	1700635152848	OK	 
REQUEST		request testing	1700635153737	1700635153737	OK	 
REQUEST		Post VTS Data	1700635153739	1700635154020	OK	 
REQUEST		Post VTS Data Redirect 1	1700635154020	1700635154304	OK	 
REQUEST		Get VTS Data	1700635155312	1700635155588	OK	 
REQUEST		Get VTS Data Redirect 1	1700635155588	1700635155916	OK	 
REQUEST		request testing	1700635155919	1700635155919	OK	 
REQUEST		Post VTS Data	1700635155920	1700635156228	OK	 
REQUEST		Post VTS Data Redirect 1	1700635156229	1700635156521	OK	 
REQUEST		Get VTS Data	1700635157524	1700635157797	OK	 
REQUEST		Get VTS Data Redirect 1	1700635157798	1700635158067	OK	 
REQUEST		request testing	1700635158069	1700635158069	OK	 
REQUEST		Post VTS Data	1700635158070	1700635158377	OK	 
REQUEST		Post VTS Data Redirect 1	1700635158378	1700635158662	OK	 
REQUEST		Get VTS Data	1700635159672	1700635159948	OK	 
REQUEST		Get VTS Data Redirect 1	1700635159948	1700635160220	OK	 
REQUEST		request testing	1700635160222	1700635160222	OK	 
REQUEST		Post VTS Data	1700635160223	1700635160502	OK	 
REQUEST		Post VTS Data Redirect 1	1700635160503	1700635160774	OK	 
REQUEST		Get VTS Data	1700635161790	1700635162062	OK	 
REQUEST		Get VTS Data Redirect 1	1700635162063	1700635162334	OK	 
REQUEST		request testing	1700635162336	1700635162336	OK	 
REQUEST		Post VTS Data	1700635162337	1700635162615	OK	 
REQUEST		Post VTS Data Redirect 1	1700635162616	1700635162887	OK	 
REQUEST		Get VTS Data	1700635163898	1700635164243	OK	 
REQUEST		Get VTS Data Redirect 1	1700635164244	1700635164532	OK	 
REQUEST		request testing	1700635164534	1700635164534	OK	 
REQUEST		Post VTS Data	1700635164534	1700635164841	OK	 
REQUEST		Post VTS Data Redirect 1	1700635164842	1700635165150	OK	 
REQUEST		Get VTS Data	1700635166167	1700635166435	OK	 
REQUEST		Get VTS Data Redirect 1	1700635166436	1700635166706	OK	 
REQUEST		request testing	1700635166711	1700635166711	OK	 
REQUEST		Post VTS Data	1700635166712	1700635166984	OK	 
REQUEST		Post VTS Data Redirect 1	1700635166985	1700635167258	OK	 
USER	Get Data From VTS	END	1700635168279
