RUN	VtsTrails.GetQueueData	getqueuedata	1699967294034	 	3.9.5
USER	Get Data From VTS	START	1699967299594
REQUEST		Get VTS Data	1699967299587	1699967300393	OK	 
REQUEST		Get VTS Data Redirect 1	1699967300401	1699967300707	OK	 
REQUEST		request testing	1699967301825	1699967301825	OK	 
REQUEST		Post VTS Data	1699967301830	1699967302113	OK	 
REQUEST		Post VTS Data Redirect 1	1699967302114	1699967302431	OK	 
REQUEST		Get VTS Data	1699967303439	1699967303711	OK	 
REQUEST		Get VTS Data Redirect 1	1699967303711	1699967304096	OK	 
REQUEST		request testing	1699967304099	1699967304099	OK	 
REQUEST		Post VTS Data	1699967304100	1699967304485	OK	 
REQUEST		Post VTS Data Redirect 1	1699967304485	1699967304897	OK	 
REQUEST		Get VTS Data	1699967305903	1699967306197	OK	 
REQUEST		Get VTS Data Redirect 1	1699967306198	1699967306472	OK	 
REQUEST		request testing	1699967306475	1699967306475	OK	 
REQUEST		Post VTS Data	1699967306476	1699967306782	OK	 
REQUEST		Post VTS Data Redirect 1	1699967306783	1699967307145	OK	 
REQUEST		Get VTS Data	1699967308161	1699967308435	OK	 
REQUEST		Get VTS Data Redirect 1	1699967308435	1699967308714	OK	 
REQUEST		request testing	1699967308716	1699967308716	OK	 
REQUEST		Post VTS Data	1699967308717	1699967309010	OK	 
REQUEST		Post VTS Data Redirect 1	1699967309011	1699967309326	OK	 
REQUEST		Get VTS Data	1699967310333	1699967310622	OK	 
REQUEST		Get VTS Data Redirect 1	1699967310623	1699967310899	OK	 
REQUEST		request testing	1699967310902	1699967310902	OK	 
REQUEST		Post VTS Data	1699967310903	1699967311247	OK	 
REQUEST		Post VTS Data Redirect 1	1699967311248	1699967311573	OK	 
REQUEST		Get VTS Data	1699967312578	1699967313244	OK	 
REQUEST		Get VTS Data Redirect 1	1699967313245	1699967313528	OK	 
REQUEST		request testing	1699967313530	1699967313530	OK	 
REQUEST		Post VTS Data	1699967313530	1699967313814	OK	 
REQUEST		Post VTS Data Redirect 1	1699967313815	1699967314109	OK	 
REQUEST		Get VTS Data	1699967315118	1699967315429	OK	 
REQUEST		Get VTS Data Redirect 1	1699967315429	1699967315896	OK	 
REQUEST		request testing	1699967315901	1699967315901	OK	 
REQUEST		Post VTS Data	1699967315902	1699967316198	OK	 
REQUEST		Post VTS Data Redirect 1	1699967316199	1699967316475	OK	 
USER	Get Data From VTS	END	1699967317487
