RUN	VtsTrails.OrderModification	ordermodification	1702543484585	 	3.9.5
USER	Initial Scenario	START	1702543488620
REQUEST		Request_X:VTS_GetColumSize	1702543488613	1702543489194	OK	 
REQUEST		Request_X:VTS_GetColumSize Redirect 1	1702543489203	1702543489492	OK	 
USER	Initial Scenario	END	1702543489551
USER	Retrieve order scenario	START	1702543490770
REQUEST		LoginAPI	1702543490559	1702543490834	OK	 
REQUEST		Request_X:VTS_QueryColumn	1702543490905	1702543491494	OK	 
REQUEST		Request_X:VTS_QueryColumn Redirect 1	1702543491495	1702543491791	OK	 
USER	Retrieve order scenario	END	1702543491817
USER	Retrieve order scenario	START	1702543501566
REQUEST		LoginAPI	1702543501565	1702543501607	OK	 
REQUEST		Request_X:VTS_QueryColumn	1702543501609	1702543502181	OK	 
REQUEST		Request_X:VTS_QueryColumn Redirect 1	1702543502182	1702543502470	OK	 
USER	Retrieve order scenario	END	1702543502476
USER	Retrieve order scenario	START	1702543512564
REQUEST		LoginAPI	1702543512563	1702543512609	OK	 
REQUEST		Request_X:VTS_QueryColumn	1702543512610	1702543513195	OK	 
REQUEST		Request_X:VTS_QueryColumn Redirect 1	1702543513196	1702543513489	OK	 
USER	Retrieve order scenario	END	1702543513493
USER	Retrieve order scenario	START	1702543524561
REQUEST		LoginAPI	1702543524558	1702543524645	OK	 
REQUEST		Request_X:VTS_QueryColumn	1702543524646	1702543525302	OK	 
REQUEST		Request_X:VTS_QueryColumn Redirect 1	1702543525303	1702543525609	OK	 
USER	Retrieve order scenario	END	1702543525612
USER	Retrieve order scenario	START	1702543535557
REQUEST		LoginAPI	1702543535556	1702543535609	OK	 
REQUEST		Request_X:VTS_QueryColumn	1702543535610	1702543536258	OK	 
REQUEST		Request_X:VTS_QueryColumn Redirect 1	1702543536259	1702543536567	OK	 
USER	Retrieve order scenario	END	1702543536575
