RUN	VtsTrails.GetQueueData	getqueuedata	1699444464714	 	3.9.5
USER	Get Data From VTS	START	1699444470512
REQUEST		Get VTS Data	1699444470274	1699444471376	OK	 
REQUEST		Get VTS Data Redirect 1	1699444471385	1699444471782	OK	 
REQUEST		request testing	1699444472795	1699444472795	OK	 
REQUEST		Get VTS Data	1699444473807	1699444474078	OK	 
REQUEST		Get VTS Data Redirect 1	1699444474080	1699444474357	OK	 
REQUEST		request testing	1699444474362	1699444474362	OK	 
REQUEST		Get VTS Data	1699444475375	1699444475774	OK	 
REQUEST		Get VTS Data Redirect 1	1699444475775	1699444476185	OK	 
REQUEST		request testing	1699444476192	1699444476192	OK	 
REQUEST		Get VTS Data	1699444477195	1699444477559	OK	 
REQUEST		Get VTS Data Redirect 1	1699444477560	1699444477830	OK	 
REQUEST		request testing	1699444477837	1699444477837	OK	 
REQUEST		Get VTS Data	1699444478851	1699444479256	OK	 
REQUEST		Get VTS Data Redirect 1	1699444479257	1699444479559	OK	 
REQUEST		request testing	1699444479567	1699444479567	OK	 
REQUEST		Get VTS Data	1699444480579	1699444480893	OK	 
REQUEST		Get VTS Data Redirect 1	1699444480895	1699444481208	OK	 
REQUEST		request testing	1699444481216	1699444481216	OK	 
REQUEST		Get VTS Data	1699444482226	1699444482566	OK	 
REQUEST		Get VTS Data Redirect 1	1699444482567	1699444482845	OK	 
REQUEST		request testing	1699444482851	1699444482851	OK	 
USER	Get Data From VTS	END	1699444483866
