RUN	VtsTrails.GetQueueData	getqueuedata	1700634346222	 	3.9.5
USER	Get Data From VTS	START	1700634351348
REQUEST		Get VTS Data	1700634351344	1700634351902	OK	 
REQUEST		Get VTS Data Redirect 1	1700634351927	1700634352205	OK	 
REQUEST		request testing	1700634353113	1700634353113	OK	 
REQUEST		Post VTS Data	1700634353116	1700634353394	OK	 
REQUEST		Post VTS Data Redirect 1	1700634353395	1700634353671	OK	 
REQUEST		Get VTS Data	1700634354679	1700634355002	OK	 
REQUEST		Get VTS Data Redirect 1	1700634355003	1700634355316	OK	 
REQUEST		request testing	1700634355322	1700634355322	OK	 
REQUEST		Post VTS Data	1700634355323	1700634355620	OK	 
REQUEST		Post VTS Data Redirect 1	1700634355621	1700634355928	OK	 
REQUEST		Get VTS Data	1700634356934	1700634357204	OK	 
REQUEST		Get VTS Data Redirect 1	1700634357206	1700634357483	OK	 
REQUEST		request testing	1700634357486	1700634357486	OK	 
REQUEST		Post VTS Data	1700634357487	1700634357759	OK	 
REQUEST		Post VTS Data Redirect 1	1700634357760	1700634358035	OK	 
REQUEST		Get VTS Data	1700634359052	1700634359320	OK	 
REQUEST		Get VTS Data Redirect 1	1700634359321	1700634359592	OK	 
REQUEST		request testing	1700634359596	1700634359596	OK	 
REQUEST		Post VTS Data	1700634359597	1700634359872	OK	 
REQUEST		Post VTS Data Redirect 1	1700634359874	1700634360154	OK	 
REQUEST		Get VTS Data	1700634361172	1700634361482	OK	 
REQUEST		Get VTS Data Redirect 1	1700634361483	1700634361788	OK	 
REQUEST		request testing	1700634361792	1700634361792	OK	 
REQUEST		Post VTS Data	1700634361793	1700634362093	OK	 
REQUEST		Post VTS Data Redirect 1	1700634362094	1700634362402	OK	 
REQUEST		Get VTS Data	1700634363412	1700634363683	OK	 
REQUEST		Get VTS Data Redirect 1	1700634363685	1700634363957	OK	 
REQUEST		request testing	1700634363961	1700634363961	OK	 
REQUEST		Post VTS Data	1700634363962	1700634364234	OK	 
REQUEST		Post VTS Data Redirect 1	1700634364236	1700634364510	OK	 
REQUEST		Get VTS Data	1700634365514	1700634365791	OK	 
REQUEST		Get VTS Data Redirect 1	1700634365792	1700634366064	OK	 
REQUEST		request testing	1700634366074	1700634366074	OK	 
REQUEST		Post VTS Data	1700634366075	1700634366362	OK	 
REQUEST		Post VTS Data Redirect 1	1700634366363	1700634366637	OK	 
USER	Get Data From VTS	END	1700634367661
