RUN	VtsTrails.GetQueueData	getqueuedata	1699441145598	 	3.9.5
USER	Get Data From VTS	START	1699441150775
REQUEST		Get VTS Data	1699441150765	1699441151362	OK	 
REQUEST		Get VTS Data Redirect 1	1699441151377	1699441151710	OK	 
REQUEST		request testing	1699441152707	1699441152707	OK	 
REQUEST		Post VTS Data	1699441152710	1699441152994	OK	 
REQUEST		Post VTS Data Redirect 1	1699441152995	1699441153353	OK	 
REQUEST		Get VTS Data	1699441154357	1699441154655	OK	 
REQUEST		Get VTS Data Redirect 1	1699441154656	1699441155003	OK	 
REQUEST		request testing	1699441155007	1699441155007	OK	 
REQUEST		Post VTS Data	1699441155007	1699441155296	OK	 
REQUEST		Post VTS Data Redirect 1	1699441155297	1699441155592	OK	 
REQUEST		Get VTS Data	1699441156600	1699441156880	OK	 
REQUEST		Get VTS Data Redirect 1	1699441156881	1699441157229	OK	 
REQUEST		request testing	1699441157232	1699441157232	OK	 
REQUEST		Post VTS Data	1699441157232	1699441157566	OK	 
REQUEST		Post VTS Data Redirect 1	1699441157567	1699441157875	OK	 
REQUEST		Get VTS Data	1699441158883	1699441159177	OK	 
REQUEST		Get VTS Data Redirect 1	1699441159177	1699441159563	OK	 
REQUEST		request testing	1699441159565	1699441159565	OK	 
REQUEST		Post VTS Data	1699441159566	1699441160057	OK	 
REQUEST		Post VTS Data Redirect 1	1699441160058	1699441160375	OK	 
REQUEST		Get VTS Data	1699441161389	1699441161792	OK	 
REQUEST		Get VTS Data Redirect 1	1699441161793	1699441162254	OK	 
REQUEST		request testing	1699441162257	1699441162257	OK	 
REQUEST		Post VTS Data	1699441162257	1699441162572	OK	 
REQUEST		Post VTS Data Redirect 1	1699441162572	1699441162861	OK	 
REQUEST		Get VTS Data	1699441163871	1699441164187	OK	 
REQUEST		Get VTS Data Redirect 1	1699441164188	1699441164471	OK	 
REQUEST		request testing	1699441164473	1699441164473	OK	 
REQUEST		Post VTS Data	1699441164474	1699441164778	OK	 
REQUEST		Post VTS Data Redirect 1	1699441164778	1699441165100	OK	 
REQUEST		Get VTS Data	1699441166102	1699441166393	OK	 
REQUEST		Get VTS Data Redirect 1	1699441166393	1699441166677	OK	 
REQUEST		request testing	1699441166682	1699441166682	OK	 
REQUEST		Post VTS Data	1699441166683	1699441166994	OK	 
REQUEST		Post VTS Data Redirect 1	1699441166995	1699441167308	OK	 
USER	Get Data From VTS	END	1699441168315
