RUN	VtsTrails.OrderModification	ordermodification	1702545805788	 	3.9.5
USER	Initial Scenario	START	1702545809842
REQUEST		Request_X:VTS_GetColumSize	1702545809835	1702545810438	OK	 
REQUEST		Request_X:VTS_GetColumSize Redirect 1	1702545810447	1702545810739	OK	 
USER	Initial Scenario	END	1702545810799
USER	Retrieve order scenario	START	1702545811982
REQUEST		LoginAPI	1702545811784	1702545812033	OK	 
REQUEST		Request_X:VTS_QueryColumn	1702545812114	1702545812789	OK	 
REQUEST		Request_X:VTS_QueryColumn Redirect 1	1702545812789	1702545813097	OK	 
USER	Retrieve order scenario	END	1702545813121
USER	Retrieve order scenario	START	1702545822789
REQUEST		LoginAPI	1702545822787	1702545822840	OK	 
REQUEST		Request_X:VTS_QueryColumn	1702545822842	1702545823402	OK	 
REQUEST		Request_X:VTS_QueryColumn Redirect 1	1702545823403	1702545823746	OK	 
USER	Retrieve order scenario	END	1702545823773
USER	Retrieve order scenario	START	1702545833786
REQUEST		LoginAPI	1702545833784	1702545833839	OK	 
REQUEST		Request_X:VTS_QueryColumn	1702545833840	1702545834436	OK	 
REQUEST		Request_X:VTS_QueryColumn Redirect 1	1702545834437	1702545834726	OK	 
USER	Retrieve order scenario	END	1702545834748
USER	Retrieve order scenario	START	1702545845782
REQUEST		LoginAPI	1702545845779	1702545845838	OK	 
REQUEST		Request_X:VTS_QueryColumn	1702545845840	1702545846461	OK	 
REQUEST		Request_X:VTS_QueryColumn Redirect 1	1702545846462	1702545846785	OK	 
USER	Retrieve order scenario	END	1702545846789
USER	Retrieve order scenario	START	1702545856782
REQUEST		LoginAPI	1702545856781	1702545856825	OK	 
REQUEST		Request_X:VTS_QueryColumn	1702545856826	1702545857434	OK	 
REQUEST		Request_X:VTS_QueryColumn Redirect 1	1702545857435	1702545857721	OK	 
USER	Retrieve order scenario	END	1702545857724
