RUN	VtsTrails.OrderModification	ordermodification	1702630210286	 	3.9.5
USER	Initial Scenario	START	1702630214477
REQUEST		Request_X:VTS_GetColumSize	1702630214473	1702630215290	OK	 
REQUEST		Request_X:VTS_GetColumSize Redirect 1	1702630215300	1702630215580	OK	 
USER	Initial Scenario	END	1702630215633
USER	Retrieve order scenario	START	1702630216646
REQUEST		LoginAPI	1702630216406	1702630216704	OK	 
REQUEST		Request_X:VTS_QueryColumn	1702630216761	1702630217327	OK	 
REQUEST		Request_X:VTS_QueryColumn Redirect 1	1702630217328	1702630217603	OK	 
USER	Retrieve order scenario	END	1702630217632
USER	Retrieve order scenario	START	1702630227404
REQUEST		LoginAPI	1702630227402	1702630227452	OK	 
REQUEST		Request_X:VTS_QueryColumn	1702630227453	1702630228185	OK	 
REQUEST		Request_X:VTS_QueryColumn Redirect 1	1702630228186	1702630228603	OK	 
USER	Retrieve order scenario	END	1702630228631
USER	Retrieve order scenario	START	1702630238407
REQUEST		LoginAPI	1702630238406	1702630238456	OK	 
REQUEST		Request_X:VTS_QueryColumn	1702630238457	1702630239150	OK	 
REQUEST		Request_X:VTS_QueryColumn Redirect 1	1702630239151	1702630239431	OK	 
USER	Retrieve order scenario	END	1702630239435
USER	Retrieve order scenario	START	1702630250399
REQUEST		LoginAPI	1702630250397	1702630250445	OK	 
REQUEST		Request_X:VTS_QueryColumn	1702630250446	1702630251034	OK	 
REQUEST		Request_X:VTS_QueryColumn Redirect 1	1702630251034	1702630251643	OK	 
USER	Retrieve order scenario	END	1702630251656
USER	Retrieve order scenario	START	1702630261397
REQUEST		LoginAPI	1702630261395	1702630261432	OK	 
REQUEST		Request_X:VTS_QueryColumn	1702630261433	1702630262059	OK	 
REQUEST		Request_X:VTS_QueryColumn Redirect 1	1702630262060	1702630262409	OK	 
USER	Retrieve order scenario	END	1702630262415
USER	Retrieve order scenario	START	1702630273401
REQUEST		LoginAPI	1702630273400	1702630273442	OK	 
REQUEST		Request_X:VTS_QueryColumn	1702630273443	1702630274156	OK	 
REQUEST		Request_X:VTS_QueryColumn Redirect 1	1702630274156	1702630274466	OK	 
USER	Retrieve order scenario	END	1702630274469
USER	Retrieve order scenario	START	1702630284402
REQUEST		LoginAPI	1702630284400	1702630284445	OK	 
REQUEST		Request_X:VTS_QueryColumn	1702630284446	1702630285116	OK	 
REQUEST		Request_X:VTS_QueryColumn Redirect 1	1702630285117	1702630285528	OK	 
USER	Retrieve order scenario	END	1702630285538
USER	Retrieve order scenario	START	1702630296399
REQUEST		LoginAPI	1702630296398	1702630296450	OK	 
REQUEST		Request_X:VTS_QueryColumn	1702630296451	1702630297098	OK	 
REQUEST		Request_X:VTS_QueryColumn Redirect 1	1702630297099	1702630297411	OK	 
USER	Retrieve order scenario	END	1702630297414
USER	Retrieve order scenario	START	1702630307408
REQUEST		LoginAPI	1702630307407	1702630307444	OK	 
REQUEST		Request_X:VTS_QueryColumn	1702630307445	1702630308066	OK	 
REQUEST		Request_X:VTS_QueryColumn Redirect 1	1702630308066	1702630308372	OK	 
USER	Retrieve order scenario	END	1702630308378
USER	Retrieve order scenario	START	1702630318410
REQUEST		LoginAPI	1702630318407	1702630318443	OK	 
REQUEST		Request_X:VTS_QueryColumn	1702630318444	1702630319432	OK	 
REQUEST		Request_X:VTS_QueryColumn Redirect 1	1702630319433	1702630319732	OK	 
USER	Retrieve order scenario	END	1702630319738
USER	Retrieve order scenario	START	1702630330409
REQUEST		LoginAPI	1702630330408	1702630330452	OK	 
REQUEST		Request_X:VTS_QueryColumn	1702630330453	1702630331028	OK	 
REQUEST		Request_X:VTS_QueryColumn Redirect 1	1702630331029	1702630331361	OK	 
USER	Retrieve order scenario	END	1702630331365
USER	Retrieve order scenario	START	1702630341409
REQUEST		LoginAPI	1702630341408	1702630341458	OK	 
REQUEST		Request_X:VTS_QueryColumn	1702630341459	1702630342138	OK	 
REQUEST		Request_X:VTS_QueryColumn Redirect 1	1702630342139	1702630342466	OK	 
USER	Retrieve order scenario	END	1702630342472
USER	Retrieve order scenario	START	1702630353400
REQUEST		LoginAPI	1702630353399	1702630353442	OK	 
REQUEST		Request_X:VTS_QueryColumn	1702630353443	1702630354076	OK	 
REQUEST		Request_X:VTS_QueryColumn Redirect 1	1702630354076	1702630354445	OK	 
USER	Retrieve order scenario	END	1702630354449
USER	Retrieve order scenario	START	1702630364409
REQUEST		LoginAPI	1702630364407	1702630364471	OK	 
REQUEST		Request_X:VTS_QueryColumn	1702630364472	1702630365206	OK	 
REQUEST		Request_X:VTS_QueryColumn Redirect 1	1702630365206	1702630365608	OK	 
USER	Retrieve order scenario	END	1702630365612
