RUN	VtsTrails.GetQueueData	getqueuedata	1699432550806	 	3.9.5
USER	Get Data From VTS	START	1699432556337
REQUEST		Get VTS Data	1699432556296	1699432556979	OK	 
REQUEST		Get VTS Data Redirect 1	1699432557000	1699432557286	OK	 
REQUEST		request testing	1699432558425	1699432558425	OK	 
REQUEST		Get VTS Data	1699432559434	1699432559834	OK	 
REQUEST		Get VTS Data Redirect 1	1699432559835	1699432560137	OK	 
REQUEST		request testing	1699432560141	1699432560141	OK	 
REQUEST		Get VTS Data	1699432561154	1699432561671	OK	 
REQUEST		Get VTS Data Redirect 1	1699432561672	1699432561958	OK	 
REQUEST		request testing	1699432561960	1699432561960	OK	 
REQUEST		Get VTS Data	1699432562976	1699432563310	OK	 
REQUEST		Get VTS Data Redirect 1	1699432563311	1699432563620	OK	 
REQUEST		request testing	1699432563623	1699432563623	OK	 
REQUEST		Get VTS Data	1699432564626	1699432564973	OK	 
REQUEST		Get VTS Data Redirect 1	1699432564974	1699432565372	OK	 
REQUEST		request testing	1699432565375	1699432565375	OK	 
REQUEST		Get VTS Data	1699432566385	1699432566665	OK	 
REQUEST		Get VTS Data Redirect 1	1699432566667	1699432567012	OK	 
REQUEST		request testing	1699432567014	1699432567014	OK	 
REQUEST		Get VTS Data	1699432568018	1699432568329	OK	 
REQUEST		Get VTS Data Redirect 1	1699432568330	1699432568740	OK	 
REQUEST		request testing	1699432568742	1699432568742	OK	 
USER	Get Data From VTS	END	1699432569751
