RUN	VtsTrails.OrderModification	ordermodification	1702983692959	 	3.9.5
USER	Initial Scenario	START	1702983697495
REQUEST		Request_X:VTS_GetColumSize	1702983697486	1702983698136	OK	 
REQUEST		Request_X:VTS_GetColumSize Redirect 1	1702983698151	1702983698450	OK	 
USER	Initial Scenario	END	1702983698539
USER	Retrieve order scenario	START	1702983699848
REQUEST		LoginAPI	1702983699451	1702983699980	OK	 
REQUEST		Request_X:VTS_QueryColumn	1702983700097	1702983700710	OK	 
REQUEST		Request_X:VTS_QueryColumn Redirect 1	1702983700711	1702983701002	OK	 
REQUEST		ModifyOrderSyncAPI	1702983701041	1702983701106	KO	j.n.UnknownHostException: pp5eusomapp.ikeadt.com
REQUEST		ModifyOrderSyncAPI	1702983701125	1702983701125	KO	j.n.UnknownHostException: pp5eusomapp.ikeadt.com
REQUEST		ModifyOrderSyncAPI	1702983701136	1702983701136	KO	j.n.UnknownHostException: pp5eusomapp.ikeadt.com
USER	Retrieve order scenario	END	1702983701148
USER	Retrieve order scenario	START	1702983710446
REQUEST		LoginAPI	1702983710445	1702983710522	OK	 
REQUEST		Request_X:VTS_QueryColumn	1702983710525	1702983711102	OK	 
REQUEST		Request_X:VTS_QueryColumn Redirect 1	1702983711104	1702983711386	OK	 
USER	Retrieve order scenario	END	1702983711398
USER	Retrieve order scenario	START	1702983721464
REQUEST		LoginAPI	1702983721461	1702983721587	OK	 
REQUEST		Request_X:VTS_QueryColumn	1702983721590	1702983722179	OK	 
REQUEST		Request_X:VTS_QueryColumn Redirect 1	1702983722180	1702983722480	OK	 
USER	Retrieve order scenario	END	1702983722492
USER	Retrieve order scenario	START	1702983733453
REQUEST		LoginAPI	1702983733449	1702983733603	OK	 
REQUEST		Request_X:VTS_QueryColumn	1702983733607	1702983734176	OK	 
REQUEST		Request_X:VTS_QueryColumn Redirect 1	1702983734177	1702983734453	OK	 
REQUEST		ModifyOrderSyncAPI	1702983734457	1702983734469	KO	j.n.UnknownHostException: pp5eusomapp.ikeadt.com
REQUEST		ModifyOrderSyncAPI	1702983734501	1702983734501	KO	j.n.UnknownHostException: pp5eusomapp.ikeadt.com
REQUEST		ModifyOrderSyncAPI	1702983734530	1702983734530	KO	j.n.UnknownHostException: pp5eusomapp.ikeadt.com
USER	Retrieve order scenario	END	1702983734575
USER	Retrieve order scenario	START	1702983744453
REQUEST		LoginAPI	1702983744451	1702983744514	OK	 
REQUEST		Request_X:VTS_QueryColumn	1702983744516	1702983745095	OK	 
REQUEST		Request_X:VTS_QueryColumn Redirect 1	1702983745096	1702983745382	OK	 
REQUEST		ModifyOrderSyncAPI	1702983745385	1702983745402	KO	j.n.UnknownHostException: pp5eusomapp.ikeadt.com
REQUEST		ModifyOrderSyncAPI	1702983745416	1702983745416	KO	j.n.UnknownHostException: pp5eusomapp.ikeadt.com
REQUEST		ModifyOrderSyncAPI	1702983745436	1702983745436	KO	j.n.UnknownHostException: pp5eusomapp.ikeadt.com
USER	Retrieve order scenario	END	1702983745453
USER	Retrieve order scenario	START	1702983756447
REQUEST		LoginAPI	1702983756445	1702983756525	OK	 
REQUEST		Request_X:VTS_QueryColumn	1702983756527	1702983757077	OK	 
REQUEST		Request_X:VTS_QueryColumn Redirect 1	1702983757079	1702983757372	OK	 
REQUEST		ModifyOrderSyncAPI	1702983757383	1702983757408	KO	j.n.UnknownHostException: pp5eusomapp.ikeadt.com
REQUEST		ModifyOrderSyncAPI	1702983757453	1702983757453	KO	j.n.UnknownHostException: pp5eusomapp.ikeadt.com
REQUEST		ModifyOrderSyncAPI	1702983757476	1702983757476	KO	j.n.UnknownHostException: pp5eusomapp.ikeadt.com
USER	Retrieve order scenario	END	1702983757498
USER	Retrieve order scenario	START	1702983767448
REQUEST		LoginAPI	1702983767445	1702983767518	OK	 
REQUEST		Request_X:VTS_QueryColumn	1702983767521	1702983768082	OK	 
REQUEST		Request_X:VTS_QueryColumn Redirect 1	1702983768082	1702983768367	OK	 
REQUEST		ModifyOrderSyncAPI	1702983768370	1702983768376	KO	j.n.UnknownHostException: pp5eusomapp.ikeadt.com
REQUEST		ModifyOrderSyncAPI	1702983768385	1702983768385	KO	j.n.UnknownHostException: pp5eusomapp.ikeadt.com
REQUEST		ModifyOrderSyncAPI	1702983768400	1702983768400	KO	j.n.UnknownHostException: pp5eusomapp.ikeadt.com
USER	Retrieve order scenario	END	1702983768412
USER	Retrieve order scenario	START	1702983779447
REQUEST		LoginAPI	1702983779444	1702983779547	OK	 
REQUEST		Request_X:VTS_QueryColumn	1702983779551	1702983780154	OK	 
REQUEST		Request_X:VTS_QueryColumn Redirect 1	1702983780155	1702983780436	OK	 
REQUEST		ModifyOrderSyncAPI	1702983780447	1702983780463	KO	j.n.UnknownHostException: pp5eusomapp.ikeadt.com
REQUEST		ModifyOrderSyncAPI	1702983780492	1702983780492	KO	j.n.UnknownHostException: pp5eusomapp.ikeadt.com
REQUEST		ModifyOrderSyncAPI	1702983780547	1702983780548	KO	j.n.UnknownHostException: pp5eusomapp.ikeadt.com
USER	Retrieve order scenario	END	1702983780575
USER	Retrieve order scenario	START	1702983790445
REQUEST		LoginAPI	1702983790441	1702983790564	OK	 
REQUEST		Request_X:VTS_QueryColumn	1702983790567	1702983791226	OK	 
REQUEST		Request_X:VTS_QueryColumn Redirect 1	1702983791228	1702983791510	OK	 
USER	Retrieve order scenario	END	1702983791518
USER	Retrieve order scenario	START	1702983801447
REQUEST		LoginAPI	1702983801445	1702983801523	OK	 
REQUEST		Request_X:VTS_QueryColumn	1702983801525	1702983802083	OK	 
REQUEST		Request_X:VTS_QueryColumn Redirect 1	1702983802084	1702983802363	OK	 
USER	Retrieve order scenario	END	1702983802371
USER	Retrieve order scenario	START	1702983813456
REQUEST		LoginAPI	1702983813454	1702983813541	OK	 
REQUEST		Request_X:VTS_QueryColumn	1702983813543	1702983814114	OK	 
REQUEST		Request_X:VTS_QueryColumn Redirect 1	1702983814115	1702983814397	OK	 
USER	Retrieve order scenario	END	1702983814415
USER	Retrieve order scenario	START	1702983824451
REQUEST		LoginAPI	1702983824448	1702983824568	OK	 
REQUEST		Request_X:VTS_QueryColumn	1702983824571	1702983825150	OK	 
REQUEST		Request_X:VTS_QueryColumn Redirect 1	1702983825150	1702983825440	OK	 
USER	Retrieve order scenario	END	1702983825446
USER	Retrieve order scenario	START	1702983836452
REQUEST		LoginAPI	1702983836450	1702983836517	OK	 
REQUEST		Request_X:VTS_QueryColumn	1702983836518	1702983837079	OK	 
REQUEST		Request_X:VTS_QueryColumn Redirect 1	1702983837079	1702983837358	OK	 
USER	Retrieve order scenario	END	1702983837363
USER	Retrieve order scenario	START	1702983847450
REQUEST		LoginAPI	1702983847449	1702983847497	OK	 
REQUEST		Request_X:VTS_QueryColumn	1702983847498	1702983848053	OK	 
REQUEST		Request_X:VTS_QueryColumn Redirect 1	1702983848054	1702983848356	OK	 
REQUEST		ModifyOrderSyncAPI	1702983848358	1702983848366	KO	j.n.UnknownHostException: pp5eusomapp.ikeadt.com
REQUEST		ModifyOrderSyncAPI	1702983848375	1702983848375	KO	j.n.UnknownHostException: pp5eusomapp.ikeadt.com
REQUEST		ModifyOrderSyncAPI	1702983848383	1702983848383	KO	j.n.UnknownHostException: pp5eusomapp.ikeadt.com
USER	Retrieve order scenario	END	1702983848392
USER	Retrieve order scenario	START	1702983859453
REQUEST		LoginAPI	1702983859452	1702983859519	OK	 
REQUEST		Request_X:VTS_QueryColumn	1702983859520	1702983860075	OK	 
REQUEST		Request_X:VTS_QueryColumn Redirect 1	1702983860075	1702983860351	OK	 
REQUEST		ModifyOrderSyncAPI	1702983860362	1702983860380	KO	j.n.UnknownHostException: pp5eusomapp.ikeadt.com
REQUEST		ModifyOrderSyncAPI	1702983860399	1702983860400	KO	j.n.UnknownHostException: pp5eusomapp.ikeadt.com
REQUEST		ModifyOrderSyncAPI	1702983860414	1702983860414	KO	j.n.UnknownHostException: pp5eusomapp.ikeadt.com
USER	Retrieve order scenario	END	1702983860426
USER	Retrieve order scenario	START	1702983870442
REQUEST		LoginAPI	1702983870441	1702983870481	OK	 
REQUEST		Request_X:VTS_QueryColumn	1702983870482	1702983871048	OK	 
REQUEST		Request_X:VTS_QueryColumn Redirect 1	1702983871048	1702983871360	OK	 
USER	Retrieve order scenario	END	1702983871363
USER	Retrieve order scenario	START	1702983881456
REQUEST		LoginAPI	1702983881455	1702983881494	OK	 
REQUEST		Request_X:VTS_QueryColumn	1702983881495	1702983882052	OK	 
REQUEST		Request_X:VTS_QueryColumn Redirect 1	1702983882052	1702983882343	OK	 
USER	Retrieve order scenario	END	1702983882346
USER	Retrieve order scenario	START	1702983893452
REQUEST		LoginAPI	1702983893451	1702983893496	OK	 
REQUEST		