RUN	VtsTrails.GetQueueData	getqueuedata	1699442257910	 	3.9.5
USER	Get Data From VTS	START	1699442263050
REQUEST		Get VTS Data	1699442263020	1699442263691	OK	 
REQUEST		Get VTS Data Redirect 1	1699442263701	1699442264023	OK	 
REQUEST		request testing	1699442265559	1699442265559	OK	 
REQUEST		Post VTS Data	1699442265562	1699442265860	OK	 
REQUEST		Post VTS Data Redirect 1	1699442265861	1699442266165	OK	 
REQUEST		Get VTS Data	1699442267184	1699442267489	OK	 
REQUEST		Get VTS Data Redirect 1	1699442267489	1699442267801	OK	 
REQUEST		request testing	1699442267804	1699442267804	OK	 
REQUEST		Post VTS Data	1699442267806	1699442268112	OK	 
REQUEST		Post VTS Data Redirect 1	1699442268112	1699442268430	OK	 
REQUEST		Get VTS Data	1699442269448	1699442269828	OK	 
REQUEST		Get VTS Data Redirect 1	1699442269829	1699442270150	OK	 
REQUEST		request testing	1699442270151	1699442270151	OK	 
REQUEST		Post VTS Data	1699442270151	1699442270462	OK	 
REQUEST		Post VTS Data Redirect 1	1699442270462	1699442270784	OK	 
REQUEST		Get VTS Data	1699442271791	1699442272137	OK	 
REQUEST		Get VTS Data Redirect 1	1699442272138	1699442272459	OK	 
REQUEST		request testing	1699442272462	1699442272462	OK	 
REQUEST		Post VTS Data	1699442272463	1699442272779	OK	 
REQUEST		Post VTS Data Redirect 1	1699442272780	1699442273089	OK	 
REQUEST		Get VTS Data	1699442274091	1699442274397	OK	 
REQUEST		Get VTS Data Redirect 1	1699442274397	1699442274700	OK	 
REQUEST		request testing	1699442274701	1699442274701	OK	 
REQUEST		Post VTS Data	1699442274701	1699442274998	OK	 
REQUEST		Post VTS Data Redirect 1	1699442274999	1699442275299	OK	 
REQUEST		Get VTS Data	1699442276311	1699442276607	OK	 
REQUEST		Get VTS Data Redirect 1	1699442276608	1699442276900	OK	 
REQUEST		request testing	1699442276902	1699442276902	OK	 
REQUEST		Post VTS Data	1699442276902	1699442277186	OK	 
REQUEST		Post VTS Data Redirect 1	1699442277187	1699442277474	OK	 
REQUEST		Get VTS Data	1699442278486	1699442278821	OK	 
REQUEST		Get VTS Data Redirect 1	1699442278822	1699442279104	OK	 
REQUEST		request testing	1699442279107	1699442279107	OK	 
REQUEST		Post VTS Data	1699442279107	1699442279386	OK	 
REQUEST		Post VTS Data Redirect 1	1699442279387	1699442279669	OK	 
USER	Get Data From VTS	END	1699442280680
