RUN	VtsTrails.OrderModification	ordermodification	1702544854278	 	3.9.5
USER	Initial Scenario	START	1702544858391
REQUEST		Request_X:VTS_GetColumSize	1702544858387	1702544858983	OK	 
REQUEST		Request_X:VTS_GetColumSize Redirect 1	1702544858991	1702544859307	OK	 
USER	Initial Scenario	END	1702544859359
USER	Retrieve order scenario	START	1702544860485
REQUEST		LoginAPI	1702544860289	1702544860539	OK	 
REQUEST		Request_X:VTS_QueryColumn	1702544860609	1702544861299	OK	 
REQUEST		Request_X:VTS_QueryColumn Redirect 1	1702544861300	1702544861580	OK	 
USER	Retrieve order scenario	END	1702544861636
USER	Retrieve order scenario	START	1702544871285
REQUEST		LoginAPI	1702544871282	1702544871344	OK	 
REQUEST		Request_X:VTS_QueryColumn	1702544871346	1702544872153	OK	 
REQUEST		Request_X:VTS_QueryColumn Redirect 1	1702544872154	1702544872460	OK	 
USER	Retrieve order scenario	END	1702544872467
USER	Retrieve order scenario	START	1702544882282
REQUEST		LoginAPI	1702544882281	1702544882327	OK	 
REQUEST		Request_X:VTS_QueryColumn	1702544882329	1702544882916	OK	 
REQUEST		Request_X:VTS_QueryColumn Redirect 1	1702544882917	1702544883213	OK	 
USER	Retrieve order scenario	END	1702544883218
USER	Retrieve order scenario	START	1702544894281
REQUEST		LoginAPI	1702544894279	1702544894351	OK	 
REQUEST		Request_X:VTS_QueryColumn	1702544894352	1702544894965	OK	 
REQUEST		Request_X:VTS_QueryColumn Redirect 1	1702544894966	1702544895297	OK	 
USER	Retrieve order scenario	END	1702544895301
USER	Retrieve order scenario	START	1702544905270
REQUEST		LoginAPI	1702544905269	1702544905328	OK	 
REQUEST		Request_X:VTS_QueryColumn	1702544905330	1702544905897	OK	 
REQUEST		Request_X:VTS_QueryColumn Redirect 1	1702544905898	1702544906264	OK	 
USER	Retrieve order scenario	END	1702544906269
