RUN	VtsTrails.GetQueueData	getqueuedata	1699439946148	 	3.9.5
USER	Get Data From VTS	START	1699439951245
REQUEST		Get VTS Data	1699439951217	1699439951830	OK	 
REQUEST		Get VTS Data Redirect 1	1699439951836	1699439952124	OK	 
REQUEST		request testing	1699439953115	1699439953115	OK	 
REQUEST		Post VTS Data	1699439953116	1699439953406	OK	 
REQUEST		Post VTS Data Redirect 1	1699439953407	1699439953689	KO	jsonPath($.data.VTS_Trails).find.exists, found nothing
REQUEST		Get VTS Data	1699439954720	1699439955007	OK	 
REQUEST		Get VTS Data Redirect 1	1699439955007	1699439955301	OK	 
REQUEST		request testing	1699439955302	1699439955302	OK	 
REQUEST		Post VTS Data	1699439955302	1699439955606	OK	 
REQUEST		Post VTS Data Redirect 1	1699439955607	1699439955892	KO	jsonPath($.data.VTS_Trails).find.exists, found nothing
REQUEST		Get VTS Data	1699439956896	1699439957176	OK	 
REQUEST		Get VTS Data Redirect 1	1699439957176	1699439957455	OK	 
REQUEST		request testing	1699439957456	1699439957456	OK	 
REQUEST		Post VTS Data	1699439957457	1699439957742	OK	 
REQUEST		Post VTS Data Redirect 1	1699439957742	1699439958021	KO	jsonPath($.data.VTS_Trails).find.exists, found nothing
REQUEST		Get VTS Data	1699439959038	1699439959316	OK	 
REQUEST		Get VTS Data Redirect 1	1699439959317	1699439959600	OK	 
REQUEST		request testing	1699439959601	1699439959601	OK	 
REQUEST		Post VTS Data	1699439959602	1699439959883	OK	 
REQUEST		Post VTS Data Redirect 1	1699439959883	1699439960161	KO	jsonPath($.data.VTS_Trails).find.exists, found nothing
REQUEST		Get VTS Data	1699439961171	1699439961449	OK	 
REQUEST		Get VTS Data Redirect 1	1699439961450	1699439961741	OK	 
REQUEST		request testing	1699439961742	1699439961742	OK	 
REQUEST		Post VTS Data	1699439961742	1699439962123	OK	 
REQUEST		Post VTS Data Redirect 1	1699439962123	1699439962403	KO	jsonPath($.data.VTS_Trails).find.exists, found nothing
REQUEST		Get VTS Data	1699439963413	1699439963691	OK	 
REQUEST		Get VTS Data Redirect 1	1699439963692	1699439963976	OK	 
REQUEST		request testing	1699439963977	1699439963977	OK	 
REQUEST		Post VTS Data	1699439963978	1699439964256	OK	 
REQUEST		Post VTS Data Redirect 1	1699439964256	1699439964537	KO	jsonPath($.data.VTS_Trails).find.exists, found nothing
REQUEST		Get VTS Data	1699439965547	1699439965825	OK	 
REQUEST		Get VTS Data Redirect 1	1699439965825	1699439966113	OK	 
REQUEST		request testing	1699439966118	1699439966118	OK	 
REQUEST		Post VTS Data	1699439966118	1699439966424	OK	 
REQUEST		Post VTS Data Redirect 1	1699439966425	1699439966712	KO	jsonPath($.data.VTS_Trails).find.exists, found nothing
USER	Get Data From VTS	END	1699439967726
