RUN	VtsTrails.OrderModification	ordermodification	1702982955879	 	3.9.5
USER	Initial Scenario	START	1702982961006
REQUEST		Request_X:VTS_GetColumSize	1702982960996	1702982961623	OK	 
REQUEST		Request_X:VTS_GetColumSize Redirect 1	1702982961639	1702982961929	OK	 
USER	Initial Scenario	END	1702982962048
USER	Retrieve order scenario	START	1702982963551
REQUEST		LoginAPI	1702982962971	1702982963740	OK	 
REQUEST		Request_X:VTS_QueryColumn	1702982963900	1702982964501	OK	 
REQUEST		Request_X:VTS_QueryColumn Redirect 1	1702982964502	1702982964791	OK	 
USER	Retrieve order scenario	END	1702982964861
USER	Retrieve order scenario	START	1702982973955
REQUEST		LoginAPI	1702982973954	1702982974031	OK	 
REQUEST		Request_X:VTS_QueryColumn	1702982974033	1702982974626	OK	 
REQUEST		Request_X:VTS_QueryColumn Redirect 1	1702982974627	1702982974967	OK	 
USER	Retrieve order scenario	END	1702982974977
USER	Retrieve order scenario	START	1702982984958
REQUEST		LoginAPI	1702982984956	1702982985023	OK	 
REQUEST		Request_X:VTS_QueryColumn	1702982985025	1702982985638	OK	 
REQUEST		Request_X:VTS_QueryColumn Redirect 1	1702982985639	1702982985936	OK	 
REQUEST		ModifyOrderSyncAPI	1702982985941	1702982985976	KO	j.n.UnknownHostException: pp5eusomapp.ikeadt.com
REQUEST		ModifyOrderSyncAPI	1702982985991	1702982985991	KO	j.n.UnknownHostException: pp5eusomapp.ikeadt.com
REQUEST		ModifyOrderSyncAPI	1702982986001	1702982986001	KO	j.n.UnknownHostException: pp5eusomapp.ikeadt.com
USER	Retrieve order scenario	END	1702982986011
USER	Retrieve order scenario	START	1702982996965
REQUEST		LoginAPI	1702982996961	1702982997086	OK	 
REQUEST		Request_X:VTS_QueryColumn	1702982997088	1702982998700	OK	 
REQUEST		Request_X:VTS_QueryColumn Redirect 1	1702982998701	1702982999011	OK	 
USER	Retrieve order scenario	END	1702982999016
USER	Retrieve order scenario	START	1702983007966
REQUEST		LoginAPI	1702983007965	1702983008025	OK	 
REQUEST		Request_X:VTS_QueryColumn	1702983008026	1702983008577	OK	 
REQUEST		Request_X:VTS_QueryColumn Redirect 1	1702983008577	1702983008988	OK	 
USER	Retrieve order scenario	END	1702983008994
USER	Retrieve order scenario	START	1702983019969
REQUEST		LoginAPI	1702983019967	1702983020023	OK	 
REQUEST		Request_X:VTS_QueryColumn	1702983020024	1702983020690	OK	 
REQUEST		Request_X:VTS_QueryColumn Redirect 1	1702983020691	1702983020967	OK	 
REQUEST		ModifyOrderSyncAPI	1702983020969	1702983020984	KO	j.n.UnknownHostException: pp5eusomapp.ikeadt.com
REQUEST		ModifyOrderSyncAPI	1702983020990	1702983020990	KO	j.n.UnknownHostException: pp5eusomapp.ikeadt.com
REQUEST		ModifyOrderSyncAPI	1702983020998	1702983020998	KO	j.n.UnknownHostException: pp5eusomapp.ikeadt.com
USER	Retrieve order scenario	END	1702983021004
USER	Retrieve order scenario	START	1702983030960
REQUEST		LoginAPI	1702983030959	1702983031018	OK	 
REQUEST		Request_X:VTS_QueryColumn	1702983031019	1702983031639	OK	 
REQUEST		Request_X:VTS_QueryColumn Redirect 1	1702983031640	1702983031997	OK	 
USER	Retrieve order scenario	END	1702983032001
USER	Retrieve order scenario	START	1702983042954
REQUEST		LoginAPI	1702983042953	1702983043028	OK	 
REQUEST		Request_X:VTS_QueryColumn	1702983043030	1702983043636	OK	 
REQUEST		Request_X:VTS_QueryColumn Redirect 1	1702983043636	1702983043986	OK	 
REQUEST		ModifyOrderSyncAPI	1702983043989	1702983044079	KO	j.n.UnknownHostException: pp5eusomapp.ikeadt.com
REQUEST		ModifyOrderSyncAPI	1702983044088	1702983044088	KO	j.n.UnknownHostException: pp5eusomapp.ikeadt.com
REQUEST		ModifyOrderSyncAPI	1702983044103	1702983044103	KO	j.n.UnknownHostException: pp5eusomapp.ikeadt.com
USER	Retrieve order scenario	END	1702983044115
USER	Retrieve order scenario	START	1702983053963
REQUEST		LoginAPI	1702983053962	1702983054013	OK	 
REQUEST		Request_X:VTS_QueryColumn	1702983054014	1702983054682	OK	 
REQUEST		Request_X:VTS_QueryColumn Redirect 1	1702983054683	1702983055029	OK	 
REQUEST		ModifyOrderSyncAPI	1702983055033	1702983055226	KO	j.n.UnknownHostException: pp5eusomapp.ikeadt.com
REQUEST		ModifyOrderSyncAPI	1702983055234	1702983055234	KO	j.n.UnknownHostException: pp5eusomapp.ikeadt.com
REQUEST		ModifyOrderSyncAPI	1702983055242	1702983055242	KO	j.n.UnknownHostException: pp5eusomapp.ikeadt.com
USER	Retrieve order scenario	END	1702983055248
USER	Retrieve order scenario	START	1702983064967
REQUEST		LoginAPI	1702983064966	1702983065019	OK	 
REQUEST		Request_X:VTS_QueryColumn	1702983065020	1702983065692	OK	 
REQUEST		Request_X:VTS_QueryColumn Redirect 1	1702983065693	1702983065998	OK	 
USER	Retrieve order scenario	END	1702983066003
USER	Retrieve order scenario	START	1702983076963
REQUEST		LoginAPI	1702983076962	1702983077010	OK	 
REQUEST		Request_X:VTS_QueryColumn	1702983077011	1702983077573	OK	 
REQUEST		Request_X:VTS_QueryColumn Redirect 1	1702983077574	1702983077866	OK	 
USER	Retrieve order scenario	END	1702983077869
USER	Retrieve order scenario	START	1702983087978
REQUEST		LoginAPI	1702983087976	1702983088030	OK	 
REQUEST		Request_X:VTS_QueryColumn	1702983088031	1702983088599	OK	 
REQUEST		Request_X:VTS_QueryColumn Redirect 1	1702983088600	1702983088915	OK	 
USER	Retrieve order scenario	END	1702983088917
USER	Retrieve order scenario	START	1702983099964
REQUEST		LoginAPI	1702983099963	1702983100019	OK	 
REQUEST		Request_X:VTS_QueryColumn	1702983100020	1702983100625	OK	 
REQUEST		Request_X:VTS_QueryColumn Redirect 1	1702983100626	1702983100916	OK	 
REQUEST		ModifyOrderSyncAPI	1702983100918	1702983100939	KO	j.n.UnknownHostException: pp5eusomapp.ikeadt.com
REQUEST		ModifyOrderSyncAPI	1702983100970	1702983100970	KO	j.n.UnknownHostException: pp5eusomapp.ikeadt.com
REQUEST		ModifyOrderSyncAPI	1702983100978	1702983100978	KO	j.n.UnknownHostException: pp5eusomapp.ikeadt.com
USER	Retrieve order scenario	END	1702983100987
USER	Retrieve order scenario	START	1702983110958
REQUEST		LoginAPI	1702983110955	1702983111013	OK	 
REQUEST		Request_X:VTS_QueryColumn	1702983111014	1702983111558	OK	 
REQUEST		Request_X:VTS_QueryColumn Redirect 1	1702983111559	1702983111860	OK	 
USER	Retrieve order scenario	END	1702983111866
USER	Retrieve order scenario	START	1702983122961
REQUEST		LoginAPI	1702983122960	1702983123012	OK	 
REQUEST		Request_X:VTS_QueryColumn	1702983123013	1702983123608	OK	 
REQUEST		Request_X:VTS_QueryColumn Redirect 1	1702983123609	1702983123908	OK	 
REQUEST		ModifyOrderSyncAPI	1702983123911	1702983123937	KO	j.n.UnknownHostException: pp5eusomapp.ikeadt.com
REQUEST		ModifyOrderSyncAPI	1702983123946	1702983123946	KO	j.n.UnknownHostException: pp5eusomapp.ikeadt.com
REQUEST		ModifyOrderSyncAPI	1702983123960	1702983123960	KO	j.n.UnknownHostException: pp5eusomapp.ikeadt.com
USER	Retrieve order scenario	END	1702983123967
USER	Retrieve order scenario	START	1702983133968
REQUEST		LoginAPI	1702983133967	1702983134015	OK	 
REQUEST		Request_X:VTS_QueryColumn	1702983134016	1702983134604	OK	 
REQUEST		Request_X:VTS_QueryColumn Redirect 1	1702983134605	1702983134939	OK	 
REQUEST		ModifyOrderSyncAPI	1702983134941	1702983134960	KO	j.n.UnknownHostException: pp5eusomapp.ikeadt.com
REQUEST		ModifyOrderSyncAPI	1702983134971	1702983134971	KO	j.n.UnknownHostException: pp5eusomapp.ikeadt.com
REQUEST		ModifyOrderSyncAPI	1702983134981	1702983134981	KO	j.n.UnknownHostException: pp5eusomapp.ikeadt.com
USER	Retrieve order scenario	END	1702983134989
USER	Retrieve order scenario	START	1702983144962
REQUEST		LoginAPI	1702983144961	1702983145009	OK	 
REQUEST		Request_X:VTS_QueryColumn	1702983145011	1702983145560	OK	 
REQUEST		Request_X:VTS_QueryColumn Redirect 1	1702983145560	1702983145834	OK	 
REQUEST		ModifyOrderSyncAPI	1702983145837	1702983145856	KO	j.n.UnknownHostException: pp5eusomapp.ikeadt.com
REQUEST		ModifyOrderSyncAPI	1702983145864	1702983145864	KO	j.n.UnknownHostException: pp5eusomapp.ikeadt.com
REQUEST		ModifyOrderSyncAPI	1702983145873	1702983145873	KO	j.n.UnknownHostException: pp5eusomapp.ikeadt.com
USER	Retrieve order scenario	END	1702983145879
USER	Retrieve order scenario	START	1702983156959
REQUEST		LoginAPI	1702983156959	1702983157010	OK	 
REQUEST		