RUN	VtsTrails.OrderModification	ordermodification	1702545916638	 	3.9.5
USER	Initial Scenario	START	1702545920674
REQUEST		Request_X:VTS_GetColumSize	1702545920668	1702545921336	OK	 
REQUEST		Request_X:VTS_GetColumSize Redirect 1	1702545921345	1702545921642	OK	 
USER	Initial Scenario	END	1702545921698
USER	Retrieve order scenario	START	1702545922839
REQUEST		LoginAPI	1702545922616	1702545922887	OK	 
REQUEST		Request_X:VTS_QueryColumn	1702545922949	1702545923583	OK	 
REQUEST		Request_X:VTS_QueryColumn Redirect 1	1702545923583	1702545923868	OK	 
USER	Retrieve order scenario	END	1702545923916
USER	Retrieve order scenario	START	1702545933615
REQUEST		LoginAPI	1702545933612	1702545933667	OK	 
REQUEST		Request_X:VTS_QueryColumn	1702545933669	1702545934337	OK	 
REQUEST		Request_X:VTS_QueryColumn Redirect 1	1702545934338	1702545934644	OK	 
USER	Retrieve order scenario	END	1702545934650
USER	Retrieve order scenario	START	1702545944606
REQUEST		LoginAPI	1702545944604	1702545944680	OK	 
REQUEST		Request_X:VTS_QueryColumn	1702545944682	1702545945271	OK	 
REQUEST		Request_X:VTS_QueryColumn Redirect 1	1702545945272	1702545945559	OK	 
USER	Retrieve order scenario	END	1702545945567
USER	Retrieve order scenario	START	1702545956612
REQUEST		LoginAPI	1702545956609	1702545956674	OK	 
REQUEST		Request_X:VTS_QueryColumn	1702545956676	1702545957273	OK	 
REQUEST		Request_X:VTS_QueryColumn Redirect 1	1702545957274	1702545957581	OK	 
USER	Retrieve order scenario	END	1702545957587
USER	Retrieve order scenario	START	1702545967606
REQUEST		LoginAPI	1702545967604	1702545967662	OK	 
REQUEST		Request_X:VTS_QueryColumn	1702545967665	1702545968337	OK	 
REQUEST		Request_X:VTS_QueryColumn Redirect 1	1702545968339	1702545968622	OK	 
USER	Retrieve order scenario	END	1702545968628
